[ 2017-10-05T09:56:21+08:00 ] 127.0.0.1 /
INFO: [ app_init ] --START--
INFO: Run Behavior\BuildLiteBehavior [ RunTime:0.000016s ]
INFO: [ app_init ] --END-- [ RunTime:0.001612s ]
INFO: [ app_begin ] --START--
INFO: Run Behavior\ReadHtmlCacheBehavior [ RunTime:0.001234s ]
INFO: [ app_begin ] --END-- [ RunTime:0.001314s ]
ERR: SQLSTATE[HY000] [2002] ”…”⁄¡¨Ω”∑Ω‘⁄“ª∂Œ ±º‰∫Û√ª”–’˝»∑¥∏¥ªÚ¡¨Ω”µƒ÷˜ª˙√ª”–∑¥”¶£¨¡¨Ω”≥¢ ‘ ß∞‹°£


[ 2017-10-05T09:56:58+08:00 ] 127.0.0.1 /
INFO: [ app_init ] --START--
INFO: Run Behavior\BuildLiteBehavior [ RunTime:0.000030s ]
INFO: [ app_init ] --END-- [ RunTime:0.001132s ]
INFO: [ app_begin ] --START--
INFO: Run Behavior\ReadHtmlCacheBehavior [ RunTime:0.000943s ]
INFO: [ app_begin ] --END-- [ RunTime:0.001022s ]
ERR: SQLSTATE[HY000] [2002] ”…”⁄¡¨Ω”∑Ω‘⁄“ª∂Œ ±º‰∫Û√ª”–’˝»∑¥∏¥ªÚ¡¨Ω”µƒ÷˜ª˙√ª”–∑¥”¶£¨¡¨Ω”≥¢ ‘ ß∞‹°£


[ 2017-10-05T09:56:59+08:00 ] 127.0.0.1 /favicon.ico
INFO: [ app_init ] --START--
INFO: Run Behavior\BuildLiteBehavior [ RunTime:0.000011s ]
INFO: [ app_init ] --END-- [ RunTime:0.000501s ]

[ 2017-10-05T09:57:45+08:00 ] 127.0.0.1 /
INFO: [ app_init ] --START--
INFO: Run Behavior\BuildLiteBehavior [ RunTime:0.000017s ]
INFO: [ app_init ] --END-- [ RunTime:0.000601s ]
INFO: [ app_begin ] --START--
INFO: Run Behavior\ReadHtmlCacheBehavior [ RunTime:0.000758s ]
INFO: [ app_begin ] --END-- [ RunTime:0.000818s ]
SQL: SHOW COLUMNS FROM `jx_category` [ RunTime:0.0162s ]
SQL: SELECT * FROM `jx_category`  [ RunTime:0.0005s ]
INFO: [ view_parse ] --START--
INFO: [ template_filter ] --START--
INFO: Run Behavior\ContentReplaceBehavior [ RunTime:0.001153s ]
INFO: [ template_filter ] --END-- [ RunTime:0.001245s ]
INFO: Run Behavior\ParseTemplateBehavior [ RunTime:0.018603s ]
INFO: [ view_parse ] --END-- [ RunTime:0.018653s ]
INFO: [ view_filter ] --START--
INFO: Run Behavior\WriteHtmlCacheBehavior [ RunTime:0.000642s ]
INFO: [ view_filter ] --END-- [ RunTime:0.000686s ]
INFO: [ app_end ] --START--
INFO: Run Behavior\ShowPageTraceBehavior [ RunTime:0.001031s ]
INFO: [ app_end ] --END-- [ RunTime:0.001086s ]

[ 2017-10-05T09:57:57+08:00 ] 127.0.0.1 /category/index
INFO: [ app_init ] --START--
INFO: Run Behavior\BuildLiteBehavior [ RunTime:0.000020s ]
INFO: [ app_init ] --END-- [ RunTime:0.000954s ]
INFO: [ app_begin ] --START--
INFO: Run Behavior\ReadHtmlCacheBehavior [ RunTime:0.001220s ]
INFO: [ app_begin ] --END-- [ RunTime:0.001363s ]
SQL: SHOW COLUMNS FROM `jx_category` [ RunTime:0.0246s ]
SQL: SELECT * FROM `jx_category`  [ RunTime:0.0004s ]
INFO: [ view_parse ] --START--
INFO: [ template_filter ] --START--
INFO: Run Behavior\ContentReplaceBehavior [ RunTime:0.000546s ]
INFO: [ template_filter ] --END-- [ RunTime:0.000601s ]
INFO: Run Behavior\ParseTemplateBehavior [ RunTime:0.013634s ]
INFO: [ view_parse ] --END-- [ RunTime:0.013680s ]
INFO: [ view_filter ] --START--
INFO: Run Behavior\WriteHtmlCacheBehavior [ RunTime:0.000329s ]
INFO: [ view_filter ] --END-- [ RunTime:0.000356s ]
INFO: [ app_end ] --START--
INFO: Run Behavior\ShowPageTraceBehavior [ RunTime:0.000524s ]
INFO: [ app_end ] --END-- [ RunTime:0.000574s ]

[ 2017-10-05T09:57:57+08:00 ] 127.0.0.1 /category/js/jquery-1.8.3.min.js
INFO: [ app_init ] --START--
INFO: Run Behavior\BuildLiteBehavior [ RunTime:0.000012s ]
INFO: [ app_init ] --END-- [ RunTime:0.000557s ]
INFO: [ app_begin ] --START--
INFO: Run Behavior\ReadHtmlCacheBehavior [ RunTime:0.000592s ]
INFO: [ app_begin ] --END-- [ RunTime:0.000643s ]
SQL: SHOW COLUMNS FROM `jx_category` [ RunTime:0.0162s ]
SQL: SELECT * FROM `jx_category`  [ RunTime:0.0006s ]
ERR: ÈùûÊ≥ïÊìç‰Ωú:js

[ 2017-10-05T09:57:57+08:00 ] 127.0.0.1 /category/js/header.js
INFO: [ app_init ] --START--
INFO: Run Behavior\BuildLiteBehavior [ RunTime:0.000010s ]
INFO: [ app_init ] --END-- [ RunTime:0.000501s ]
INFO: [ app_begin ] --START--
INFO: Run Behavior\ReadHtmlCacheBehavior [ RunTime:0.000511s ]
INFO: [ app_begin ] --END-- [ RunTime:0.000555s ]
SQL: SHOW COLUMNS FROM `jx_category` [ RunTime:0.0120s ]
SQL: SELECT * FROM `jx_category`  [ RunTime:0.0003s ]
ERR: ÈùûÊ≥ïÊìç‰Ωú:js

[ 2017-10-05T09:57:57+08:00 ] 127.0.0.1 /category/js/list.js
INFO: [ app_init ] --START--
INFO: Run Behavior\BuildLiteBehavior [ RunTime:0.000010s ]
INFO: [ app_init ] --END-- [ RunTime:0.000377s ]
INFO: [ app_begin ] --START--
INFO: Run Behavior\ReadHtmlCacheBehavior [ RunTime:0.000356s ]
INFO: [ app_begin ] --END-- [ RunTime:0.000388s ]
SQL: SHOW COLUMNS FROM `jx_category` [ RunTime:0.0087s ]
SQL: SELECT * FROM `jx_category`  [ RunTime:0.0004s ]
ERR: ÈùûÊ≥ïÊìç‰Ωú:js

[ 2017-10-05T09:57:57+08:00 ] 127.0.0.1 /category/images/list_hot1.jpg
INFO: [ app_init ] --START--
INFO: Run Behavior\BuildLiteBehavior [ RunTime:0.000007s ]
INFO: [ app_init ] --END-- [ RunTime:0.000335s ]

[ 2017-10-05T09:57:57+08:00 ] 127.0.0.1 /category/images/list_hot2.jpg
INFO: [ app_init ] --START--
INFO: Run Behavior\BuildLiteBehavior [ RunTime:0.000008s ]
INFO: [ app_init ] --END-- [ RunTime:0.000412s ]

[ 2017-10-05T09:57:57+08:00 ] 127.0.0.1 /category/images/list_hot3.jpg
INFO: [ app_init ] --START--
INFO: Run Behavior\BuildLiteBehavior [ RunTime:0.000009s ]
INFO: [ app_init ] --END-- [ RunTime:0.000358s ]

[ 2017-10-05T09:57:57+08:00 ] 127.0.0.1 /category/images/hpG4.jpg
INFO: [ app_init ] --START--
INFO: Run Behavior\BuildLiteBehavior [ RunTime:0.000009s ]
INFO: [ app_init ] --END-- [ RunTime:0.000415s ]

[ 2017-10-05T09:57:57+08:00 ] 127.0.0.1 /category/js/header.js
INFO: [ app_init ] --START--
INFO: Run Behavior\BuildLiteBehavior [ RunTime:0.000008s ]
INFO: [ app_init ] --END-- [ RunTime:0.000353s ]
INFO: [ app_begin ] --START--
INFO: Run Behavior\ReadHtmlCacheBehavior [ RunTime:0.000433s ]
INFO: [ app_begin ] --END-- [ RunTime:0.000471s ]
SQL: SHOW COLUMNS FROM `jx_category` [ RunTime:0.0075s ]
SQL: SELECT * FROM `jx_category`  [ RunTime:0.0003s ]
ERR: ÈùûÊ≥ïÊìç‰Ωú:js

[ 2017-10-05T09:57:57+08:00 ] 127.0.0.1 /category/images/crazy4.jpg
INFO: [ app_init ] --START--
INFO: Run Behavior\BuildLiteBehavior [ RunTime:0.000009s ]
INFO: [ app_init ] --END-- [ RunTime:0.000460s ]

[ 2017-10-05T09:57:57+08:00 ] 127.0.0.1 /category/js/list.js
INFO: [ app_init ] --START--
INFO: Run Behavior\BuildLiteBehavior [ RunTime:0.000008s ]
INFO: [ app_init ] --END-- [ RunTime:0.000325s ]
INFO: [ app_begin ] --START--
INFO: Run Behavior\ReadHtmlCacheBehavior [ RunTime:0.000424s ]
INFO: [ app_begin ] --END-- [ RunTime:0.000461s ]
SQL: SHOW COLUMNS FROM `jx_category` [ RunTime:0.0072s ]
SQL: SELECT * FROM `jx_category`  [ RunTime:0.0003s ]
ERR: ÈùûÊ≥ïÊìç‰Ωú:js

[ 2017-10-05T09:57:57+08:00 ] 127.0.0.1 /category/images/acer4739.jpg
INFO: [ app_init ] --START--
INFO: Run Behavior\BuildLiteBehavior [ RunTime:0.000008s ]
INFO: [ app_init ] --END-- [ RunTime:0.000269s ]

[ 2017-10-05T09:57:57+08:00 ] 127.0.0.1 /category/images/goods1.jpg
INFO: [ app_init ] --START--
INFO: Run Behavior\BuildLiteBehavior [ RunTime:0.000007s ]
INFO: [ app_init ] --END-- [ RunTime:0.000277s ]

[ 2017-10-05T09:57:57+08:00 ] 127.0.0.1 /category/images/goods2.jpg
INFO: [ app_init ] --START--
INFO: Run Behavior\BuildLiteBehavior [ RunTime:0.000007s ]
INFO: [ app_init ] --END-- [ RunTime:0.000259s ]

[ 2017-10-05T09:57:57+08:00 ] 127.0.0.1 /category/images/goods3.jpg
INFO: [ app_init ] --START--
INFO: Run Behavior\BuildLiteBehavior [ RunTime:0.000008s ]
INFO: [ app_init ] --END-- [ RunTime:0.000341s ]

[ 2017-10-05T09:57:57+08:00 ] 127.0.0.1 /category/images/goods4.jpg
INFO: [ app_init ] --START--
INFO: Run Behavior\BuildLiteBehavior [ RunTime:0.000011s ]
INFO: [ app_init ] --END-- [ RunTime:0.000482s ]

[ 2017-10-05T09:57:57+08:00 ] 127.0.0.1 /category/images/goods5.jpg
INFO: [ app_init ] --START--
INFO: Run Behavior\BuildLiteBehavior [ RunTime:0.000007s ]
INFO: [ app_init ] --END-- [ RunTime:0.000258s ]

[ 2017-10-05T09:57:57+08:00 ] 127.0.0.1 /category/images/goods6.jpg
INFO: [ app_init ] --START--
INFO: Run Behavior\BuildLiteBehavior [ RunTime:0.000009s ]
INFO: [ app_init ] --END-- [ RunTime:0.000387s ]

[ 2017-10-05T09:57:57+08:00 ] 127.0.0.1 /category/images/hpG4.jpg
INFO: [ app_init ] --START--
INFO: Run Behavior\BuildLiteBehavior [ RunTime:0.000007s ]
INFO: [ app_init ] --END-- [ RunTime:0.000273s ]

[ 2017-10-05T09:57:57+08:00 ] 127.0.0.1 /category/images/list_hot3.jpg
INFO: [ app_init ] --START--
INFO: Run Behavior\BuildLiteBehavior [ RunTime:0.000007s ]
INFO: [ app_init ] --END-- [ RunTime:0.000269s ]

[ 2017-10-05T09:58:08+08:00 ] 127.0.0.1 /category/index
INFO: [ app_init ] --START--
INFO: Run Behavior\BuildLiteBehavior [ RunTime:0.000030s ]
INFO: [ app_init ] --END-- [ RunTime:0.001562s ]
INFO: [ app_begin ] --START--
INFO: Run Behavior\ReadHtmlCacheBehavior [ RunTime:0.001763s ]
INFO: [ app_begin ] --END-- [ RunTime:0.001913s ]
SQL: SHOW COLUMNS FROM `jx_category` [ RunTime:0.0193s ]
SQL: SELECT * FROM `jx_category`  [ RunTime:0.0005s ]
INFO: [ view_parse ] --START--
INFO: [ template_filter ] --START--
INFO: Run Behavior\ContentReplaceBehavior [ RunTime:0.000195s ]
INFO: [ template_filter ] --END-- [ RunTime:0.000306s ]
INFO: Run Behavior\ParseTemplateBehavior [ RunTime:0.011060s ]
INFO: [ view_parse ] --END-- [ RunTime:0.011112s ]
INFO: [ view_filter ] --START--
INFO: Run Behavior\WriteHtmlCacheBehavior [ RunTime:0.000412s ]
INFO: [ view_filter ] --END-- [ RunTime:0.000450s ]
INFO: [ app_end ] --START--
INFO: Run Behavior\ShowPageTraceBehavior [ RunTime:0.000664s ]
INFO: [ app_end ] --END-- [ RunTime:0.000714s ]

[ 2017-10-05T09:58:08+08:00 ] 127.0.0.1 /category/js/jquery-1.8.3.min.js
INFO: [ app_init ] --START--
INFO: Run Behavior\BuildLiteBehavior [ RunTime:0.000012s ]
INFO: [ app_init ] --END-- [ RunTime:0.000464s ]
INFO: [ app_begin ] --START--
INFO: Run Behavior\ReadHtmlCacheBehavior [ RunTime:0.000579s ]
INFO: [ app_begin ] --END-- [ RunTime:0.000634s ]
SQL: SHOW COLUMNS FROM `jx_category` [ RunTime:0.0118s ]
SQL: SELECT * FROM `jx_category`  [ RunTime:0.0003s ]
ERR: ÈùûÊ≥ïÊìç‰Ωú:js

[ 2017-10-05T09:58:08+08:00 ] 127.0.0.1 /category/js/header.js
INFO: [ app_init ] --START--
INFO: Run Behavior\BuildLiteBehavior [ RunTime:0.000010s ]
INFO: [ app_init ] --END-- [ RunTime:0.000454s ]
INFO: [ app_begin ] --START--
INFO: Run Behavior\ReadHtmlCacheBehavior [ RunTime:0.000564s ]
INFO: [ app_begin ] --END-- [ RunTime:0.000616s ]
SQL: SHOW COLUMNS FROM `jx_category` [ RunTime:0.0113s ]
SQL: SELECT * FROM `jx_category`  [ RunTime:0.0003s ]
ERR: ÈùûÊ≥ïÊìç‰Ωú:js

[ 2017-10-05T09:58:08+08:00 ] 127.0.0.1 /category/js/list.js
INFO: [ app_init ] --START--
INFO: Run Behavior\BuildLiteBehavior [ RunTime:0.000009s ]
INFO: [ app_init ] --END-- [ RunTime:0.000416s ]
INFO: [ app_begin ] --START--
INFO: Run Behavior\ReadHtmlCacheBehavior [ RunTime:0.000494s ]
INFO: [ app_begin ] --END-- [ RunTime:0.000540s ]
SQL: SHOW COLUMNS FROM `jx_category` [ RunTime:0.0128s ]
SQL: SELECT * FROM `jx_category`  [ RunTime:0.0003s ]
ERR: ÈùûÊ≥ïÊìç‰Ωú:js

[ 2017-10-05T09:58:08+08:00 ] 127.0.0.1 /category/images/list_hot1.jpg
INFO: [ app_init ] --START--
INFO: Run Behavior\BuildLiteBehavior [ RunTime:0.000013s ]
INFO: [ app_init ] --END-- [ RunTime:0.000724s ]

[ 2017-10-05T09:58:08+08:00 ] 127.0.0.1 /category/images/list_hot2.jpg
INFO: [ app_init ] --START--
INFO: Run Behavior\BuildLiteBehavior [ RunTime:0.000007s ]
INFO: [ app_init ] --END-- [ RunTime:0.000264s ]

[ 2017-10-05T09:58:08+08:00 ] 127.0.0.1 /category/images/list_hot3.jpg
INFO: [ app_init ] --START--
INFO: Run Behavior\BuildLiteBehavior [ RunTime:0.000012s ]
INFO: [ app_init ] --END-- [ RunTime:0.000460s ]

[ 2017-10-05T09:58:08+08:00 ] 127.0.0.1 /category/images/hpG4.jpg
INFO: [ app_init ] --START--
INFO: Run Behavior\BuildLiteBehavior [ RunTime:0.000007s ]
INFO: [ app_init ] --END-- [ RunTime:0.000287s ]

[ 2017-10-05T09:58:08+08:00 ] 127.0.0.1 /category/images/crazy4.jpg
INFO: [ app_init ] --START--
INFO: Run Behavior\BuildLiteBehavior [ RunTime:0.000010s ]
INFO: [ app_init ] --END-- [ RunTime:0.000484s ]

[ 2017-10-05T09:58:08+08:00 ] 127.0.0.1 /category/images/acer4739.jpg
INFO: [ app_init ] --START--
INFO: Run Behavior\BuildLiteBehavior [ RunTime:0.000011s ]
INFO: [ app_init ] --END-- [ RunTime:0.000611s ]

[ 2017-10-05T09:58:08+08:00 ] 127.0.0.1 /category/images/goods1.jpg
INFO: [ app_init ] --START--
INFO: Run Behavior\BuildLiteBehavior [ RunTime:0.000013s ]
INFO: [ app_init ] --END-- [ RunTime:0.000448s ]

[ 2017-10-05T09:58:08+08:00 ] 127.0.0.1 /category/images/goods2.jpg
INFO: [ app_init ] --START--
INFO: Run Behavior\BuildLiteBehavior [ RunTime:0.000008s ]
INFO: [ app_init ] --END-- [ RunTime:0.000290s ]

[ 2017-10-05T09:58:08+08:00 ] 127.0.0.1 /category/images/goods3.jpg
INFO: [ app_init ] --START--
INFO: Run Behavior\BuildLiteBehavior [ RunTime:0.000007s ]
INFO: [ app_init ] --END-- [ RunTime:0.000336s ]

[ 2017-10-05T09:58:08+08:00 ] 127.0.0.1 /category/images/goods4.jpg
INFO: [ app_init ] --START--
INFO: Run Behavior\BuildLiteBehavior [ RunTime:0.000010s ]
INFO: [ app_init ] --END-- [ RunTime:0.000437s ]

[ 2017-10-05T09:58:08+08:00 ] 127.0.0.1 /category/images/goods5.jpg
INFO: [ app_init ] --START--
INFO: Run Behavior\BuildLiteBehavior [ RunTime:0.000012s ]
INFO: [ app_init ] --END-- [ RunTime:0.000450s ]

[ 2017-10-05T09:58:08+08:00 ] 127.0.0.1 /category/images/goods6.jpg
INFO: [ app_init ] --START--
INFO: Run Behavior\BuildLiteBehavior [ RunTime:0.000022s ]
INFO: [ app_init ] --END-- [ RunTime:0.000856s ]

[ 2017-10-05T10:00:16+08:00 ] 127.0.0.1 /category/index
INFO: [ app_init ] --START--
INFO: Run Behavior\BuildLiteBehavior [ RunTime:0.000031s ]
INFO: [ app_init ] --END-- [ RunTime:0.002036s ]
INFO: [ app_begin ] --START--
INFO: Run Behavior\ReadHtmlCacheBehavior [ RunTime:0.003517s ]
INFO: [ app_begin ] --END-- [ RunTime:0.003642s ]
SQL: SHOW COLUMNS FROM `jx_category` [ RunTime:0.0123s ]
SQL: SELECT * FROM `jx_category`  [ RunTime:0.0006s ]
INFO: [ view_parse ] --START--
INFO: [ template_filter ] --START--
INFO: Run Behavior\ContentReplaceBehavior [ RunTime:0.000105s ]
INFO: [ template_filter ] --END-- [ RunTime:0.000134s ]
INFO: Run Behavior\ParseTemplateBehavior [ RunTime:0.010815s ]
INFO: [ view_parse ] --END-- [ RunTime:0.010880s ]
INFO: [ view_filter ] --START--
INFO: Run Behavior\WriteHtmlCacheBehavior [ RunTime:0.000304s ]
INFO: [ view_filter ] --END-- [ RunTime:0.000326s ]
INFO: [ app_end ] --START--
INFO: Run Behavior\ShowPageTraceBehavior [ RunTime:0.000466s ]
INFO: [ app_end ] --END-- [ RunTime:0.000493s ]

[ 2017-10-05T10:00:16+08:00 ] 127.0.0.1 /category/js/jquery-1.8.3.min.js
INFO: [ app_init ] --START--
INFO: Run Behavior\BuildLiteBehavior [ RunTime:0.000010s ]
INFO: [ app_init ] --END-- [ RunTime:0.000422s ]
INFO: [ app_begin ] --START--
INFO: Run Behavior\ReadHtmlCacheBehavior [ RunTime:0.000544s ]
INFO: [ app_begin ] --END-- [ RunTime:0.000590s ]
SQL: SHOW COLUMNS FROM `jx_category` [ RunTime:0.0113s ]
SQL: SELECT * FROM `jx_category`  [ RunTime:0.0003s ]
ERR: ÈùûÊ≥ïÊìç‰Ωú:js

[ 2017-10-05T10:00:16+08:00 ] 127.0.0.1 /category/js/header.js
INFO: [ app_init ] --START--
INFO: Run Behavior\BuildLiteBehavior [ RunTime:0.000035s ]
INFO: [ app_init ] --END-- [ RunTime:0.001405s ]
INFO: [ app_begin ] --START--
INFO: Run Behavior\ReadHtmlCacheBehavior [ RunTime:0.000535s ]
INFO: [ app_begin ] --END-- [ RunTime:0.000586s ]
SQL: SHOW COLUMNS FROM `jx_category` [ RunTime:0.0160s ]
SQL: SELECT * FROM `jx_category`  [ RunTime:0.0004s ]
ERR: ÈùûÊ≥ïÊìç‰Ωú:js

[ 2017-10-05T10:00:16+08:00 ] 127.0.0.1 /category/js/list.js
INFO: [ app_init ] --START--
INFO: Run Behavior\BuildLiteBehavior [ RunTime:0.000013s ]
INFO: [ app_init ] --END-- [ RunTime:0.000635s ]
INFO: [ app_begin ] --START--
INFO: Run Behavior\ReadHtmlCacheBehavior [ RunTime:0.001105s ]
INFO: [ app_begin ] --END-- [ RunTime:0.001204s ]
SQL: SHOW COLUMNS FROM `jx_category` [ RunTime:0.0130s ]
SQL: SELECT * FROM `jx_category`  [ RunTime:0.0007s ]
ERR: ÈùûÊ≥ïÊìç‰Ωú:js

[ 2017-10-05T10:00:16+08:00 ] 127.0.0.1 /category/images/list_hot1.jpg
INFO: [ app_init ] --START--
INFO: Run Behavior\BuildLiteBehavior [ RunTime:0.000009s ]
INFO: [ app_init ] --END-- [ RunTime:0.000394s ]

[ 2017-10-05T10:00:16+08:00 ] 127.0.0.1 /category/images/list_hot2.jpg
INFO: [ app_init ] --START--
INFO: Run Behavior\BuildLiteBehavior [ RunTime:0.000009s ]
INFO: [ app_init ] --END-- [ RunTime:0.000375s ]

[ 2017-10-05T10:00:16+08:00 ] 127.0.0.1 /category/images/list_hot3.jpg
INFO: [ app_init ] --START--
INFO: Run Behavior\BuildLiteBehavior [ RunTime:0.000010s ]
INFO: [ app_init ] --END-- [ RunTime:0.000531s ]

[ 2017-10-05T10:00:16+08:00 ] 127.0.0.1 /category/images/hpG4.jpg
INFO: [ app_init ] --START--
INFO: Run Behavior\BuildLiteBehavior [ RunTime:0.000012s ]
INFO: [ app_init ] --END-- [ RunTime:0.000444s ]

[ 2017-10-05T10:00:16+08:00 ] 127.0.0.1 /category/images/crazy4.jpg
INFO: [ app_init ] --START--
INFO: Run Behavior\BuildLiteBehavior [ RunTime:0.000011s ]
INFO: [ app_init ] --END-- [ RunTime:0.000421s ]

[ 2017-10-05T10:00:16+08:00 ] 127.0.0.1 /category/images/acer4739.jpg
INFO: [ app_init ] --START--
INFO: Run Behavior\BuildLiteBehavior [ RunTime:0.000009s ]
INFO: [ app_init ] --END-- [ RunTime:0.000441s ]

[ 2017-10-05T10:00:16+08:00 ] 127.0.0.1 /category/images/goods1.jpg
INFO: [ app_init ] --START--
INFO: Run Behavior\BuildLiteBehavior [ RunTime:0.000010s ]
INFO: [ app_init ] --END-- [ RunTime:0.000430s ]

[ 2017-10-05T10:00:16+08:00 ] 127.0.0.1 /category/images/goods2.jpg
INFO: [ app_init ] --START--
INFO: Run Behavior\BuildLiteBehavior [ RunTime:0.000009s ]
INFO: [ app_init ] --END-- [ RunTime:0.000395s ]

[ 2017-10-05T10:00:16+08:00 ] 127.0.0.1 /category/js/header.js
INFO: [ app_init ] --START--
INFO: Run Behavior\BuildLiteBehavior [ RunTime:0.000009s ]
INFO: [ app_init ] --END-- [ RunTime:0.000373s ]
INFO: [ app_begin ] --START--
INFO: Run Behavior\ReadHtmlCacheBehavior [ RunTime:0.000461s ]
INFO: [ app_begin ] --END-- [ RunTime:0.000502s ]
SQL: SHOW COLUMNS FROM `jx_category` [ RunTime:0.0107s ]
SQL: SELECT * FROM `jx_category`  [ RunTime:0.0003s ]
ERR: ÈùûÊ≥ïÊìç‰Ωú:js

[ 2017-10-05T10:00:16+08:00 ] 127.0.0.1 /category/images/goods3.jpg
INFO: [ app_init ] --START--
INFO: Run Behavior\BuildLiteBehavior [ RunTime:0.000010s ]
INFO: [ app_init ] --END-- [ RunTime:0.000399s ]

[ 2017-10-05T10:00:16+08:00 ] 127.0.0.1 /category/js/list.js
INFO: [ app_init ] --START--
INFO: Run Behavior\BuildLiteBehavior [ RunTime:0.000011s ]
INFO: [ app_init ] --END-- [ RunTime:0.000469s ]
INFO: [ app_begin ] --START--
INFO: Run Behavior\ReadHtmlCacheBehavior [ RunTime:0.001146s ]
INFO: [ app_begin ] --END-- [ RunTime:0.001265s ]
SQL: SHOW COLUMNS FROM `jx_category` [ RunTime:0.0163s ]
SQL: SELECT * FROM `jx_category`  [ RunTime:0.0003s ]
ERR: ÈùûÊ≥ïÊìç‰Ωú:js

[ 2017-10-05T10:00:16+08:00 ] 127.0.0.1 /category/images/goods4.jpg
INFO: [ app_init ] --START--
INFO: Run Behavior\BuildLiteBehavior [ RunTime:0.000010s ]
INFO: [ app_init ] --END-- [ RunTime:0.000399s ]

[ 2017-10-05T10:00:17+08:00 ] 127.0.0.1 /category/images/goods5.jpg
INFO: [ app_init ] --START--
INFO: Run Behavior\BuildLiteBehavior [ RunTime:0.000011s ]
INFO: [ app_init ] --END-- [ RunTime:0.000513s ]

[ 2017-10-05T10:00:17+08:00 ] 127.0.0.1 /category/images/goods6.jpg
INFO: [ app_init ] --START--
INFO: Run Behavior\BuildLiteBehavior [ RunTime:0.000011s ]
INFO: [ app_init ] --END-- [ RunTime:0.000450s ]

[ 2017-10-05T10:00:17+08:00 ] 127.0.0.1 /category/images/hpG4.jpg
INFO: [ app_init ] --START--
INFO: Run Behavior\BuildLiteBehavior [ RunTime:0.000009s ]
INFO: [ app_init ] --END-- [ RunTime:0.000401s ]

[ 2017-10-05T10:00:17+08:00 ] 127.0.0.1 /category/images/list_hot3.jpg
INFO: [ app_init ] --START--
INFO: Run Behavior\BuildLiteBehavior [ RunTime:0.000009s ]
INFO: [ app_init ] --END-- [ RunTime:0.000384s ]

[ 2017-10-05T10:01:15+08:00 ] 127.0.0.1 /category/index
INFO: [ app_init ] --START--
INFO: Run Behavior\BuildLiteBehavior [ RunTime:0.000010s ]
INFO: [ app_init ] --END-- [ RunTime:0.001161s ]
INFO: [ app_begin ] --START--
INFO: Run Behavior\ReadHtmlCacheBehavior [ RunTime:0.000415s ]
INFO: [ app_begin ] --END-- [ RunTime:0.000458s ]
SQL: SHOW COLUMNS FROM `jx_category` [ RunTime:0.0161s ]
SQL: SELECT * FROM `jx_category`  [ RunTime:0.0003s ]
INFO: [ view_parse ] --START--
INFO: [ template_filter ] --START--
INFO: Run Behavior\ContentReplaceBehavior [ RunTime:0.000131s ]
INFO: [ template_filter ] --END-- [ RunTime:0.000185s ]
INFO: Run Behavior\ParseTemplateBehavior [ RunTime:0.010572s ]
INFO: [ view_parse ] --END-- [ RunTime:0.010614s ]
INFO: [ view_filter ] --START--
INFO: Run Behavior\WriteHtmlCacheBehavior [ RunTime:0.000343s ]
INFO: [ view_filter ] --END-- [ RunTime:0.000367s ]
INFO: [ app_end ] --START--
INFO: Run Behavior\ShowPageTraceBehavior [ RunTime:0.000432s ]
INFO: [ app_end ] --END-- [ RunTime:0.000462s ]

[ 2017-10-05T10:01:15+08:00 ] 127.0.0.1 /category/js/jquery-1.8.3.min.js
INFO: [ app_init ] --START--
INFO: Run Behavior\BuildLiteBehavior [ RunTime:0.000028s ]
INFO: [ app_init ] --END-- [ RunTime:0.001507s ]
INFO: [ app_begin ] --START--
INFO: Run Behavior\ReadHtmlCacheBehavior [ RunTime:0.001242s ]
INFO: [ app_begin ] --END-- [ RunTime:0.001373s ]
SQL: SHOW COLUMNS FROM `jx_category` [ RunTime:0.0138s ]
SQL: SELECT * FROM `jx_category`  [ RunTime:0.0003s ]
ERR: ÈùûÊ≥ïÊìç‰Ωú:js

[ 2017-10-05T10:01:15+08:00 ] 127.0.0.1 /category/js/header.js
INFO: [ app_init ] --START--
INFO: Run Behavior\BuildLiteBehavior [ RunTime:0.000009s ]
INFO: [ app_init ] --END-- [ RunTime:0.000409s ]
INFO: [ app_begin ] --START--
INFO: Run Behavior\ReadHtmlCacheBehavior [ RunTime:0.000348s ]
INFO: [ app_begin ] --END-- [ RunTime:0.000379s ]
SQL: SHOW COLUMNS FROM `jx_category` [ RunTime:0.0090s ]
SQL: SELECT * FROM `jx_category`  [ RunTime:0.0003s ]
ERR: ÈùûÊ≥ïÊìç‰Ωú:js

[ 2017-10-05T10:01:15+08:00 ] 127.0.0.1 /category/js/list.js
INFO: [ app_init ] --START--
INFO: Run Behavior\BuildLiteBehavior [ RunTime:0.000011s ]
INFO: [ app_init ] --END-- [ RunTime:0.000334s ]
INFO: [ app_begin ] --START--
INFO: Run Behavior\ReadHtmlCacheBehavior [ RunTime:0.000891s ]
INFO: [ app_begin ] --END-- [ RunTime:0.001086s ]
SQL: SHOW COLUMNS FROM `jx_category` [ RunTime:0.0089s ]
SQL: SELECT * FROM `jx_category`  [ RunTime:0.0003s ]
ERR: ÈùûÊ≥ïÊìç‰Ωú:js

[ 2017-10-05T10:01:15+08:00 ] 127.0.0.1 /category/images/list_hot1.jpg
INFO: [ app_init ] --START--
INFO: Run Behavior\BuildLiteBehavior [ RunTime:0.000022s ]
INFO: [ app_init ] --END-- [ RunTime:0.000984s ]

[ 2017-10-05T10:01:15+08:00 ] 127.0.0.1 /category/images/list_hot2.jpg
INFO: [ app_init ] --START--
INFO: Run Behavior\BuildLiteBehavior [ RunTime:0.000008s ]
INFO: [ app_init ] --END-- [ RunTime:0.000373s ]

[ 2017-10-05T10:01:15+08:00 ] 127.0.0.1 /category/images/list_hot3.jpg
INFO: [ app_init ] --START--
INFO: Run Behavior\BuildLiteBehavior [ RunTime:0.000010s ]
INFO: [ app_init ] --END-- [ RunTime:0.000482s ]

[ 2017-10-05T10:01:15+08:00 ] 127.0.0.1 /category/images/hpG4.jpg
INFO: [ app_init ] --START--
INFO: Run Behavior\BuildLiteBehavior [ RunTime:0.000011s ]
INFO: [ app_init ] --END-- [ RunTime:0.000465s ]

[ 2017-10-05T10:01:15+08:00 ] 127.0.0.1 /category/images/crazy4.jpg
INFO: [ app_init ] --START--
INFO: Run Behavior\BuildLiteBehavior [ RunTime:0.000012s ]
INFO: [ app_init ] --END-- [ RunTime:0.000487s ]

[ 2017-10-05T10:01:15+08:00 ] 127.0.0.1 /category/images/acer4739.jpg
INFO: [ app_init ] --START--
INFO: Run Behavior\BuildLiteBehavior [ RunTime:0.000011s ]
INFO: [ app_init ] --END-- [ RunTime:0.000433s ]

[ 2017-10-05T10:01:15+08:00 ] 127.0.0.1 /category/images/goods1.jpg
INFO: [ app_init ] --START--
INFO: Run Behavior\BuildLiteBehavior [ RunTime:0.000011s ]
INFO: [ app_init ] --END-- [ RunTime:0.000458s ]

[ 2017-10-05T10:01:15+08:00 ] 127.0.0.1 /category/js/header.js
INFO: [ app_init ] --START--
INFO: Run Behavior\BuildLiteBehavior [ RunTime:0.000011s ]
INFO: [ app_init ] --END-- [ RunTime:0.000425s ]
INFO: [ app_begin ] --START--
INFO: Run Behavior\ReadHtmlCacheBehavior [ RunTime:0.000535s ]
INFO: [ app_begin ] --END-- [ RunTime:0.000586s ]
SQL: SHOW COLUMNS FROM `jx_category` [ RunTime:0.0125s ]
SQL: SELECT * FROM `jx_category`  [ RunTime:0.0005s ]
ERR: ÈùûÊ≥ïÊìç‰Ωú:js

[ 2017-10-05T10:01:15+08:00 ] 127.0.0.1 /category/images/goods2.jpg
INFO: [ app_init ] --START--
INFO: Run Behavior\BuildLiteBehavior [ RunTime:0.000009s ]
INFO: [ app_init ] --END-- [ RunTime:0.000390s ]

[ 2017-10-05T10:01:15+08:00 ] 127.0.0.1 /category/js/list.js
INFO: [ app_init ] --START--
INFO: Run Behavior\BuildLiteBehavior [ RunTime:0.000008s ]
INFO: [ app_init ] --END-- [ RunTime:0.000288s ]
INFO: [ app_begin ] --START--
INFO: Run Behavior\ReadHtmlCacheBehavior [ RunTime:0.000364s ]
INFO: [ app_begin ] --END-- [ RunTime:0.000397s ]
SQL: SHOW COLUMNS FROM `jx_category` [ RunTime:0.0102s ]
SQL: SELECT * FROM `jx_category`  [ RunTime:0.0007s ]
ERR: ÈùûÊ≥ïÊìç‰Ωú:js

[ 2017-10-05T10:01:15+08:00 ] 127.0.0.1 /category/images/goods3.jpg
INFO: [ app_init ] --START--
INFO: Run Behavior\BuildLiteBehavior [ RunTime:0.000011s ]
INFO: [ app_init ] --END-- [ RunTime:0.000481s ]

[ 2017-10-05T10:01:15+08:00 ] 127.0.0.1 /category/images/goods4.jpg
INFO: [ app_init ] --START--
INFO: Run Behavior\BuildLiteBehavior [ RunTime:0.000014s ]
INFO: [ app_init ] --END-- [ RunTime:0.000534s ]

[ 2017-10-05T10:01:15+08:00 ] 127.0.0.1 /category/images/goods5.jpg
INFO: [ app_init ] --START--
INFO: Run Behavior\BuildLiteBehavior [ RunTime:0.000011s ]
INFO: [ app_init ] --END-- [ RunTime:0.000527s ]

[ 2017-10-05T10:01:15+08:00 ] 127.0.0.1 /category/images/goods6.jpg
INFO: [ app_init ] --START--
INFO: Run Behavior\BuildLiteBehavior [ RunTime:0.000012s ]
INFO: [ app_init ] --END-- [ RunTime:0.000844s ]

[ 2017-10-05T10:01:15+08:00 ] 127.0.0.1 /category/images/hpG4.jpg
INFO: [ app_init ] --START--
INFO: Run Behavior\BuildLiteBehavior [ RunTime:0.000011s ]
INFO: [ app_init ] --END-- [ RunTime:0.000501s ]

[ 2017-10-05T10:01:15+08:00 ] 127.0.0.1 /category/images/list_hot3.jpg
INFO: [ app_init ] --START--
INFO: Run Behavior\BuildLiteBehavior [ RunTime:0.000023s ]
INFO: [ app_init ] --END-- [ RunTime:0.000636s ]

[ 2017-10-05T10:01:37+08:00 ] 127.0.0.1 /category/images/list_hot1.jpg
INFO: [ app_init ] --START--
INFO: Run Behavior\BuildLiteBehavior [ RunTime:0.000013s ]
INFO: [ app_init ] --END-- [ RunTime:0.000518s ]

[ 2017-10-05T10:03:17+08:00 ] 127.0.0.1 /category/index
INFO: [ app_init ] --START--
INFO: Run Behavior\BuildLiteBehavior [ RunTime:0.000028s ]
INFO: [ app_init ] --END-- [ RunTime:0.001675s ]
INFO: [ app_begin ] --START--
INFO: Run Behavior\ReadHtmlCacheBehavior [ RunTime:0.001672s ]
INFO: [ app_begin ] --END-- [ RunTime:0.001788s ]
SQL: SHOW COLUMNS FROM `jx_category` [ RunTime:0.0116s ]
SQL: SELECT * FROM `jx_category`  [ RunTime:0.0003s ]
INFO: [ view_parse ] --START--
INFO: [ template_filter ] --START--
INFO: Run Behavior\ContentReplaceBehavior [ RunTime:0.000145s ]
INFO: [ template_filter ] --END-- [ RunTime:0.000207s ]
INFO: Run Behavior\ParseTemplateBehavior [ RunTime:0.014197s ]
INFO: [ view_parse ] --END-- [ RunTime:0.014232s ]
INFO: [ view_filter ] --START--
INFO: Run Behavior\WriteHtmlCacheBehavior [ RunTime:0.000278s ]
INFO: [ view_filter ] --END-- [ RunTime:0.000301s ]
INFO: [ app_end ] --START--
INFO: Run Behavior\ShowPageTraceBehavior [ RunTime:0.000461s ]
INFO: [ app_end ] --END-- [ RunTime:0.000488s ]

[ 2017-10-05T10:03:17+08:00 ] 127.0.0.1 /category/js/jquery-1.8.3.min.js
INFO: [ app_init ] --START--
INFO: Run Behavior\BuildLiteBehavior [ RunTime:0.000012s ]
INFO: [ app_init ] --END-- [ RunTime:0.000447s ]
INFO: [ app_begin ] --START--
INFO: Run Behavior\ReadHtmlCacheBehavior [ RunTime:0.000569s ]
INFO: [ app_begin ] --END-- [ RunTime:0.000634s ]
SQL: SHOW COLUMNS FROM `jx_category` [ RunTime:0.0166s ]
SQL: SELECT * FROM `jx_category`  [ RunTime:0.0007s ]
ERR: ÈùûÊ≥ïÊìç‰Ωú:js

[ 2017-10-05T10:03:17+08:00 ] 127.0.0.1 /category/js/header.js
INFO: [ app_init ] --START--
INFO: Run Behavior\BuildLiteBehavior [ RunTime:0.000012s ]
INFO: [ app_init ] --END-- [ RunTime:0.000411s ]
INFO: [ app_begin ] --START--
INFO: Run Behavior\ReadHtmlCacheBehavior [ RunTime:0.000691s ]
INFO: [ app_begin ] --END-- [ RunTime:0.000752s ]
SQL: SHOW COLUMNS FROM `jx_category` [ RunTime:0.0095s ]
SQL: SELECT * FROM `jx_category`  [ RunTime:0.0007s ]
ERR: ÈùûÊ≥ïÊìç‰Ωú:js

[ 2017-10-05T10:03:17+08:00 ] 127.0.0.1 /category/js/list.js
INFO: [ app_init ] --START--
INFO: Run Behavior\BuildLiteBehavior [ RunTime:0.000007s ]
INFO: [ app_init ] --END-- [ RunTime:0.000288s ]
INFO: [ app_begin ] --START--
INFO: Run Behavior\ReadHtmlCacheBehavior [ RunTime:0.000354s ]
INFO: [ app_begin ] --END-- [ RunTime:0.000383s ]
SQL: SHOW COLUMNS FROM `jx_category` [ RunTime:0.0106s ]
SQL: SELECT * FROM `jx_category`  [ RunTime:0.0003s ]
ERR: ÈùûÊ≥ïÊìç‰Ωú:js

[ 2017-10-05T10:03:17+08:00 ] 127.0.0.1 /category/images/list_hot1.jpg
INFO: [ app_init ] --START--
INFO: Run Behavior\BuildLiteBehavior [ RunTime:0.000011s ]
INFO: [ app_init ] --END-- [ RunTime:0.000442s ]

[ 2017-10-05T10:03:17+08:00 ] 127.0.0.1 /category/images/list_hot2.jpg
INFO: [ app_init ] --START--
INFO: Run Behavior\BuildLiteBehavior [ RunTime:0.000007s ]
INFO: [ app_init ] --END-- [ RunTime:0.000290s ]

[ 2017-10-05T10:03:17+08:00 ] 127.0.0.1 /category/images/list_hot3.jpg
INFO: [ app_init ] --START--
INFO: Run Behavior\BuildLiteBehavior [ RunTime:0.000012s ]
INFO: [ app_init ] --END-- [ RunTime:0.001174s ]

[ 2017-10-05T10:03:17+08:00 ] 127.0.0.1 /category/images/hpG4.jpg
INFO: [ app_init ] --START--
INFO: Run Behavior\BuildLiteBehavior [ RunTime:0.000024s ]
INFO: [ app_init ] --END-- [ RunTime:0.000644s ]

[ 2017-10-05T10:03:18+08:00 ] 127.0.0.1 /category/images/crazy4.jpg
INFO: [ app_init ] --START--
INFO: Run Behavior\BuildLiteBehavior [ RunTime:0.000011s ]
INFO: [ app_init ] --END-- [ RunTime:0.000483s ]

[ 2017-10-05T10:03:18+08:00 ] 127.0.0.1 /category/images/acer4739.jpg
INFO: [ app_init ] --START--
INFO: Run Behavior\BuildLiteBehavior [ RunTime:0.000012s ]
INFO: [ app_init ] --END-- [ RunTime:0.000650s ]

[ 2017-10-05T10:03:18+08:00 ] 127.0.0.1 /category/images/goods1.jpg
INFO: [ app_init ] --START--
INFO: Run Behavior\BuildLiteBehavior [ RunTime:0.000010s ]
INFO: [ app_init ] --END-- [ RunTime:0.000446s ]

[ 2017-10-05T10:03:18+08:00 ] 127.0.0.1 /category/images/goods2.jpg
INFO: [ app_init ] --START--
INFO: Run Behavior\BuildLiteBehavior [ RunTime:0.000028s ]
INFO: [ app_init ] --END-- [ RunTime:0.001055s ]

[ 2017-10-05T10:03:18+08:00 ] 127.0.0.1 /category/js/header.js
INFO: [ app_init ] --START--
INFO: Run Behavior\BuildLiteBehavior [ RunTime:0.000008s ]
INFO: [ app_init ] --END-- [ RunTime:0.000406s ]
INFO: [ app_begin ] --START--
INFO: Run Behavior\ReadHtmlCacheBehavior [ RunTime:0.000405s ]
INFO: [ app_begin ] --END-- [ RunTime:0.000441s ]
SQL: SHOW COLUMNS FROM `jx_category` [ RunTime:0.0109s ]
SQL: SELECT * FROM `jx_category`  [ RunTime:0.0003s ]
ERR: ÈùûÊ≥ïÊìç‰Ωú:js

[ 2017-10-05T10:03:18+08:00 ] 127.0.0.1 /category/images/goods3.jpg
INFO: [ app_init ] --START--
INFO: Run Behavior\BuildLiteBehavior [ RunTime:0.000007s ]
INFO: [ app_init ] --END-- [ RunTime:0.000281s ]

[ 2017-10-05T10:03:18+08:00 ] 127.0.0.1 /category/js/list.js
INFO: [ app_init ] --START--
INFO: Run Behavior\BuildLiteBehavior [ RunTime:0.000007s ]
INFO: [ app_init ] --END-- [ RunTime:0.000255s ]
INFO: [ app_begin ] --START--
INFO: Run Behavior\ReadHtmlCacheBehavior [ RunTime:0.000341s ]
INFO: [ app_begin ] --END-- [ RunTime:0.000369s ]
SQL: SHOW COLUMNS FROM `jx_category` [ RunTime:0.0113s ]
SQL: SELECT * FROM `jx_category`  [ RunTime:0.0009s ]
ERR: ÈùûÊ≥ïÊìç‰Ωú:js

[ 2017-10-05T10:03:18+08:00 ] 127.0.0.1 /category/images/goods4.jpg
INFO: [ app_init ] --START--
INFO: Run Behavior\BuildLiteBehavior [ RunTime:0.000014s ]
INFO: [ app_init ] --END-- [ RunTime:0.000536s ]

[ 2017-10-05T10:03:18+08:00 ] 127.0.0.1 /category/images/goods5.jpg
INFO: [ app_init ] --START--
INFO: Run Behavior\BuildLiteBehavior [ RunTime:0.000011s ]
INFO: [ app_init ] --END-- [ RunTime:0.000587s ]

[ 2017-10-05T10:03:18+08:00 ] 127.0.0.1 /category/images/goods6.jpg
INFO: [ app_init ] --START--
INFO: Run Behavior\BuildLiteBehavior [ RunTime:0.000013s ]
INFO: [ app_init ] --END-- [ RunTime:0.000528s ]

[ 2017-10-05T10:03:18+08:00 ] 127.0.0.1 /category/images/hpG4.jpg
INFO: [ app_init ] --START--
INFO: Run Behavior\BuildLiteBehavior [ RunTime:0.000015s ]
INFO: [ app_init ] --END-- [ RunTime:0.000400s ]

[ 2017-10-05T10:03:18+08:00 ] 127.0.0.1 /category/images/list_hot3.jpg
INFO: [ app_init ] --START--
INFO: Run Behavior\BuildLiteBehavior [ RunTime:0.000029s ]
INFO: [ app_init ] --END-- [ RunTime:0.001338s ]

[ 2017-10-05T10:03:59+08:00 ] 127.0.0.1 /
INFO: [ app_init ] --START--
INFO: Run Behavior\BuildLiteBehavior [ RunTime:0.000046s ]
INFO: [ app_init ] --END-- [ RunTime:0.001689s ]
INFO: [ app_begin ] --START--
INFO: Run Behavior\ReadHtmlCacheBehavior [ RunTime:0.001738s ]
INFO: [ app_begin ] --END-- [ RunTime:0.001888s ]
SQL: SHOW COLUMNS FROM `jx_category` [ RunTime:0.0213s ]
SQL: SELECT * FROM `jx_category`  [ RunTime:0.0004s ]
INFO: [ view_parse ] --START--
INFO: [ template_filter ] --START--
INFO: Run Behavior\ContentReplaceBehavior [ RunTime:0.000203s ]
INFO: [ template_filter ] --END-- [ RunTime:0.000256s ]
INFO: Run Behavior\ParseTemplateBehavior [ RunTime:0.015593s ]
INFO: [ view_parse ] --END-- [ RunTime:0.015653s ]
INFO: [ view_filter ] --START--
INFO: Run Behavior\WriteHtmlCacheBehavior [ RunTime:0.000625s ]
INFO: [ view_filter ] --END-- [ RunTime:0.000705s ]
INFO: [ app_end ] --START--
INFO: Run Behavior\ShowPageTraceBehavior [ RunTime:0.000737s ]
INFO: [ app_end ] --END-- [ RunTime:0.000805s ]

[ 2017-10-05T10:05:04+08:00 ] 127.0.0.1 /
INFO: [ app_init ] --START--
INFO: Run Behavior\BuildLiteBehavior [ RunTime:0.000024s ]
INFO: [ app_init ] --END-- [ RunTime:0.001199s ]
INFO: [ app_begin ] --START--
INFO: Run Behavior\ReadHtmlCacheBehavior [ RunTime:0.001049s ]
INFO: [ app_begin ] --END-- [ RunTime:0.001139s ]
SQL: SHOW COLUMNS FROM `jx_category` [ RunTime:0.0219s ]
SQL: SELECT * FROM `jx_category`  [ RunTime:0.0004s ]
INFO: [ view_parse ] --START--
INFO: [ template_filter ] --START--
INFO: Run Behavior\ContentReplaceBehavior [ RunTime:0.000266s ]
INFO: [ template_filter ] --END-- [ RunTime:0.000318s ]
INFO: Run Behavior\ParseTemplateBehavior [ RunTime:0.014727s ]
INFO: [ view_parse ] --END-- [ RunTime:0.014773s ]
INFO: [ view_filter ] --START--
INFO: Run Behavior\WriteHtmlCacheBehavior [ RunTime:0.000364s ]
INFO: [ view_filter ] --END-- [ RunTime:0.000399s ]
INFO: [ app_end ] --START--
INFO: Run Behavior\ShowPageTraceBehavior [ RunTime:0.000633s ]
INFO: [ app_end ] --END-- [ RunTime:0.000677s ]

[ 2017-10-05T10:05:04+08:00 ] 127.0.0.1 /%7B$Think.conf./Public/resources/Home/js/jquery-1.8.3.min.js
INFO: [ app_init ] --START--
INFO: Run Behavior\BuildLiteBehavior [ RunTime:0.000031s ]
INFO: [ app_init ] --END-- [ RunTime:0.001397s ]
INFO: [ app_begin ] --START--
INFO: Run Behavior\ReadHtmlCacheBehavior [ RunTime:0.000906s ]
INFO: [ app_begin ] --END-- [ RunTime:0.001028s ]
ERR: Êó†Ê≥ïÂä†ËΩΩÊéßÂà∂Âô®:{$Think.conf

[ 2017-10-05T10:05:09+08:00 ] 127.0.0.1 /c
INFO: [ app_init ] --START--
INFO: Run Behavior\BuildLiteBehavior [ RunTime:0.000012s ]
INFO: [ app_init ] --END-- [ RunTime:0.000492s ]
INFO: [ app_begin ] --START--
INFO: Run Behavior\ReadHtmlCacheBehavior [ RunTime:0.000950s ]
INFO: [ app_begin ] --END-- [ RunTime:0.001007s ]
ERR: Êó†Ê≥ïÂä†ËΩΩÊéßÂà∂Âô®:C

[ 2017-10-05T10:05:17+08:00 ] 127.0.0.1 /category/index
INFO: [ app_init ] --START--
INFO: Run Behavior\BuildLiteBehavior [ RunTime:0.000025s ]
INFO: [ app_init ] --END-- [ RunTime:0.001254s ]
INFO: [ app_begin ] --START--
INFO: Run Behavior\ReadHtmlCacheBehavior [ RunTime:0.001641s ]
INFO: [ app_begin ] --END-- [ RunTime:0.001778s ]
SQL: SHOW COLUMNS FROM `jx_category` [ RunTime:0.0312s ]
SQL: SELECT * FROM `jx_category`  [ RunTime:0.0007s ]
INFO: [ view_parse ] --START--
INFO: [ template_filter ] --START--
INFO: Run Behavior\ContentReplaceBehavior [ RunTime:0.000215s ]
INFO: [ template_filter ] --END-- [ RunTime:0.000311s ]
INFO: Run Behavior\ParseTemplateBehavior [ RunTime:0.017845s ]
INFO: [ view_parse ] --END-- [ RunTime:0.017930s ]
INFO: [ view_filter ] --START--
INFO: Run Behavior\WriteHtmlCacheBehavior [ RunTime:0.000588s ]
INFO: [ view_filter ] --END-- [ RunTime:0.000649s ]
INFO: [ app_end ] --START--
INFO: Run Behavior\ShowPageTraceBehavior [ RunTime:0.001758s ]
INFO: [ app_end ] --END-- [ RunTime:0.001857s ]

[ 2017-10-05T10:05:17+08:00 ] 127.0.0.1 /category/js/jquery-1.8.3.min.js
INFO: [ app_init ] --START--
INFO: Run Behavior\BuildLiteBehavior [ RunTime:0.000013s ]
INFO: [ app_init ] --END-- [ RunTime:0.000568s ]
INFO: [ app_begin ] --START--
INFO: Run Behavior\ReadHtmlCacheBehavior [ RunTime:0.000679s ]
INFO: [ app_begin ] --END-- [ RunTime:0.000739s ]
SQL: SHOW COLUMNS FROM `jx_category` [ RunTime:0.0156s ]
SQL: SELECT * FROM `jx_category`  [ RunTime:0.0008s ]
ERR: ÈùûÊ≥ïÊìç‰Ωú:js

[ 2017-10-05T10:05:17+08:00 ] 127.0.0.1 /category/js/header.js
INFO: [ app_init ] --START--
INFO: Run Behavior\BuildLiteBehavior [ RunTime:0.000028s ]
INFO: [ app_init ] --END-- [ RunTime:0.001214s ]
INFO: [ app_begin ] --START--
INFO: Run Behavior\ReadHtmlCacheBehavior [ RunTime:0.000563s ]
INFO: [ app_begin ] --END-- [ RunTime:0.000612s ]
SQL: SHOW COLUMNS FROM `jx_category` [ RunTime:0.0143s ]
SQL: SELECT * FROM `jx_category`  [ RunTime:0.0003s ]
ERR: ÈùûÊ≥ïÊìç‰Ωú:js

[ 2017-10-05T10:05:17+08:00 ] 127.0.0.1 /category/js/list.js
INFO: [ app_init ] --START--
INFO: Run Behavior\BuildLiteBehavior [ RunTime:0.000029s ]
INFO: [ app_init ] --END-- [ RunTime:0.000927s ]
INFO: [ app_begin ] --START--
INFO: Run Behavior\ReadHtmlCacheBehavior [ RunTime:0.001310s ]
INFO: [ app_begin ] --END-- [ RunTime:0.001368s ]
SQL: SHOW COLUMNS FROM `jx_category` [ RunTime:0.0155s ]
SQL: SELECT * FROM `jx_category`  [ RunTime:0.0003s ]
ERR: ÈùûÊ≥ïÊìç‰Ωú:js

[ 2017-10-05T10:05:17+08:00 ] 127.0.0.1 /category/images/list_hot1.jpg
INFO: [ app_init ] --START--
INFO: Run Behavior\BuildLiteBehavior [ RunTime:0.000007s ]
INFO: [ app_init ] --END-- [ RunTime:0.000266s ]

[ 2017-10-05T10:05:17+08:00 ] 127.0.0.1 /category/images/list_hot2.jpg
INFO: [ app_init ] --START--
INFO: Run Behavior\BuildLiteBehavior [ RunTime:0.000009s ]
INFO: [ app_init ] --END-- [ RunTime:0.000373s ]

[ 2017-10-05T10:05:17+08:00 ] 127.0.0.1 /category/images/list_hot3.jpg
INFO: [ app_init ] --START--
INFO: Run Behavior\BuildLiteBehavior [ RunTime:0.000011s ]
INFO: [ app_init ] --END-- [ RunTime:0.000395s ]

[ 2017-10-05T10:05:17+08:00 ] 127.0.0.1 /category/images/hpG4.jpg
INFO: [ app_init ] --START--
INFO: Run Behavior\BuildLiteBehavior [ RunTime:0.000012s ]
INFO: [ app_init ] --END-- [ RunTime:0.000464s ]

[ 2017-10-05T10:05:17+08:00 ] 127.0.0.1 /category/images/crazy4.jpg
INFO: [ app_init ] --START--
INFO: Run Behavior\BuildLiteBehavior [ RunTime:0.000010s ]
INFO: [ app_init ] --END-- [ RunTime:0.000446s ]

[ 2017-10-05T10:05:17+08:00 ] 127.0.0.1 /category/images/acer4739.jpg
INFO: [ app_init ] --START--
INFO: Run Behavior\BuildLiteBehavior [ RunTime:0.000009s ]
INFO: [ app_init ] --END-- [ RunTime:0.000379s ]

[ 2017-10-05T10:05:17+08:00 ] 127.0.0.1 /category/images/goods1.jpg
INFO: [ app_init ] --START--
INFO: Run Behavior\BuildLiteBehavior [ RunTime:0.000014s ]
INFO: [ app_init ] --END-- [ RunTime:0.001341s ]

[ 2017-10-05T10:05:17+08:00 ] 127.0.0.1 /category/images/goods2.jpg
INFO: [ app_init ] --START--
INFO: Run Behavior\BuildLiteBehavior [ RunTime:0.000013s ]
INFO: [ app_init ] --END-- [ RunTime:0.000558s ]

[ 2017-10-05T10:05:17+08:00 ] 127.0.0.1 /category/images/goods3.jpg
INFO: [ app_init ] --START--
INFO: Run Behavior\BuildLiteBehavior [ RunTime:0.000010s ]
INFO: [ app_init ] --END-- [ RunTime:0.000496s ]

[ 2017-10-05T10:05:17+08:00 ] 127.0.0.1 /category/js/header.js
INFO: [ app_init ] --START--
INFO: Run Behavior\BuildLiteBehavior [ RunTime:0.000012s ]
INFO: [ app_init ] --END-- [ RunTime:0.000451s ]
INFO: [ app_begin ] --START--
INFO: Run Behavior\ReadHtmlCacheBehavior [ RunTime:0.000618s ]
INFO: [ app_begin ] --END-- [ RunTime:0.000672s ]
SQL: SHOW COLUMNS FROM `jx_category` [ RunTime:0.0136s ]
SQL: SELECT * FROM `jx_category`  [ RunTime:0.0003s ]
ERR: ÈùûÊ≥ïÊìç‰Ωú:js

[ 2017-10-05T10:05:17+08:00 ] 127.0.0.1 /category/images/goods4.jpg
INFO: [ app_init ] --START--
INFO: Run Behavior\BuildLiteBehavior [ RunTime:0.000014s ]
INFO: [ app_init ] --END-- [ RunTime:0.000382s ]

[ 2017-10-05T10:05:17+08:00 ] 127.0.0.1 /category/js/list.js
INFO: [ app_init ] --START--
INFO: Run Behavior\BuildLiteBehavior [ RunTime:0.000007s ]
INFO: [ app_init ] --END-- [ RunTime:0.000288s ]
INFO: [ app_begin ] --START--
INFO: Run Behavior\ReadHtmlCacheBehavior [ RunTime:0.000342s ]
INFO: [ app_begin ] --END-- [ RunTime:0.000372s ]
SQL: SHOW COLUMNS FROM `jx_category` [ RunTime:0.0089s ]
SQL: SELECT * FROM `jx_category`  [ RunTime:0.0003s ]
ERR: ÈùûÊ≥ïÊìç‰Ωú:js

[ 2017-10-05T10:05:17+08:00 ] 127.0.0.1 /category/images/goods5.jpg
INFO: [ app_init ] --START--
INFO: Run Behavior\BuildLiteBehavior [ RunTime:0.000010s ]
INFO: [ app_init ] --END-- [ RunTime:0.000438s ]

[ 2017-10-05T10:05:17+08:00 ] 127.0.0.1 /category/images/goods6.jpg
INFO: [ app_init ] --START--
INFO: Run Behavior\BuildLiteBehavior [ RunTime:0.000028s ]
INFO: [ app_init ] --END-- [ RunTime:0.000734s ]

[ 2017-10-05T10:05:17+08:00 ] 127.0.0.1 /category/images/hpG4.jpg
INFO: [ app_init ] --START--
INFO: Run Behavior\BuildLiteBehavior [ RunTime:0.000011s ]
INFO: [ app_init ] --END-- [ RunTime:0.000451s ]

[ 2017-10-05T10:05:17+08:00 ] 127.0.0.1 /category/images/list_hot3.jpg
INFO: [ app_init ] --START--
INFO: Run Behavior\BuildLiteBehavior [ RunTime:0.000010s ]
INFO: [ app_init ] --END-- [ RunTime:0.000374s ]

[ 2017-10-05T10:05:38+08:00 ] 127.0.0.1 /category/index
INFO: [ app_init ] --START--
INFO: Run Behavior\BuildLiteBehavior [ RunTime:0.000030s ]
INFO: [ app_init ] --END-- [ RunTime:0.002996s ]
INFO: [ app_begin ] --START--
INFO: Run Behavior\ReadHtmlCacheBehavior [ RunTime:0.002157s ]
INFO: [ app_begin ] --END-- [ RunTime:0.002310s ]
SQL: SHOW COLUMNS FROM `jx_category` [ RunTime:0.0150s ]
SQL: SELECT * FROM `jx_category`  [ RunTime:0.0009s ]
INFO: [ view_parse ] --START--
INFO: [ template_filter ] --START--
INFO: Run Behavior\ContentReplaceBehavior [ RunTime:0.000186s ]
INFO: [ template_filter ] --END-- [ RunTime:0.000295s ]
INFO: Run Behavior\ParseTemplateBehavior [ RunTime:0.012845s ]
INFO: [ view_parse ] --END-- [ RunTime:0.012891s ]
INFO: [ view_filter ] --START--
INFO: Run Behavior\WriteHtmlCacheBehavior [ RunTime:0.000563s ]
INFO: [ view_filter ] --END-- [ RunTime:0.000601s ]
INFO: [ app_end ] --START--
INFO: Run Behavior\ShowPageTraceBehavior [ RunTime:0.000689s ]
INFO: [ app_end ] --END-- [ RunTime:0.000731s ]

[ 2017-10-05T10:05:38+08:00 ] 127.0.0.1 /category/js/jquery-1.8.3.min.js
INFO: [ app_init ] --START--
INFO: Run Behavior\BuildLiteBehavior [ RunTime:0.000013s ]
INFO: [ app_init ] --END-- [ RunTime:0.000505s ]
INFO: [ app_begin ] --START--
INFO: Run Behavior\ReadHtmlCacheBehavior [ RunTime:0.000621s ]
INFO: [ app_begin ] --END-- [ RunTime:0.000689s ]
SQL: SHOW COLUMNS FROM `jx_category` [ RunTime:0.0148s ]
SQL: SELECT * FROM `jx_category`  [ RunTime:0.0007s ]
ERR: ÈùûÊ≥ïÊìç‰Ωú:js

[ 2017-10-05T10:05:39+08:00 ] 127.0.0.1 /category/js/header.js
INFO: [ app_init ] --START--
INFO: Run Behavior\BuildLiteBehavior [ RunTime:0.000010s ]
INFO: [ app_init ] --END-- [ RunTime:0.000418s ]
INFO: [ app_begin ] --START--
INFO: Run Behavior\ReadHtmlCacheBehavior [ RunTime:0.000394s ]
INFO: [ app_begin ] --END-- [ RunTime:0.000430s ]
SQL: SHOW COLUMNS FROM `jx_category` [ RunTime:0.0123s ]
SQL: SELECT * FROM `jx_category`  [ RunTime:0.0003s ]
ERR: ÈùûÊ≥ïÊìç‰Ωú:js

[ 2017-10-05T10:05:39+08:00 ] 127.0.0.1 /category/js/list.js
INFO: [ app_init ] --START--
INFO: Run Behavior\BuildLiteBehavior [ RunTime:0.000009s ]
INFO: [ app_init ] --END-- [ RunTime:0.000364s ]
INFO: [ app_begin ] --START--
INFO: Run Behavior\ReadHtmlCacheBehavior [ RunTime:0.000453s ]
INFO: [ app_begin ] --END-- [ RunTime:0.000490s ]
SQL: SHOW COLUMNS FROM `jx_category` [ RunTime:0.0134s ]
SQL: SELECT * FROM `jx_category`  [ RunTime:0.0003s ]
ERR: ÈùûÊ≥ïÊìç‰Ωú:js

[ 2017-10-05T10:05:39+08:00 ] 127.0.0.1 /category/images/list_hot1.jpg
INFO: [ app_init ] --START--
INFO: Run Behavior\BuildLiteBehavior [ RunTime:0.000009s ]
INFO: [ app_init ] --END-- [ RunTime:0.000478s ]

[ 2017-10-05T10:05:39+08:00 ] 127.0.0.1 /category/images/list_hot2.jpg
INFO: [ app_init ] --START--
INFO: Run Behavior\BuildLiteBehavior [ RunTime:0.000010s ]
INFO: [ app_init ] --END-- [ RunTime:0.000557s ]

[ 2017-10-05T10:05:39+08:00 ] 127.0.0.1 /category/images/list_hot3.jpg
INFO: [ app_init ] --START--
INFO: Run Behavior\BuildLiteBehavior [ RunTime:0.000011s ]
INFO: [ app_init ] --END-- [ RunTime:0.000475s ]

[ 2017-10-05T10:05:39+08:00 ] 127.0.0.1 /category/images/hpG4.jpg
INFO: [ app_init ] --START--
INFO: Run Behavior\BuildLiteBehavior [ RunTime:0.000011s ]
INFO: [ app_init ] --END-- [ RunTime:0.000477s ]

[ 2017-10-05T10:05:39+08:00 ] 127.0.0.1 /category/images/crazy4.jpg
INFO: [ app_init ] --START--
INFO: Run Behavior\BuildLiteBehavior [ RunTime:0.000023s ]
INFO: [ app_init ] --END-- [ RunTime:0.002620s ]

[ 2017-10-05T10:05:39+08:00 ] 127.0.0.1 /category/images/acer4739.jpg
INFO: [ app_init ] --START--
INFO: Run Behavior\BuildLiteBehavior [ RunTime:0.000011s ]
INFO: [ app_init ] --END-- [ RunTime:0.000426s ]

[ 2017-10-05T10:05:39+08:00 ] 127.0.0.1 /category/images/goods1.jpg
INFO: [ app_init ] --START--
INFO: Run Behavior\BuildLiteBehavior [ RunTime:0.000015s ]
INFO: [ app_init ] --END-- [ RunTime:0.000455s ]

[ 2017-10-05T10:05:39+08:00 ] 127.0.0.1 /category/js/header.js
INFO: [ app_init ] --START--
INFO: Run Behavior\BuildLiteBehavior [ RunTime:0.000012s ]
INFO: [ app_init ] --END-- [ RunTime:0.000462s ]
INFO: [ app_begin ] --START--
INFO: Run Behavior\ReadHtmlCacheBehavior [ RunTime:0.000557s ]
INFO: [ app_begin ] --END-- [ RunTime:0.000613s ]
SQL: SHOW COLUMNS FROM `jx_category` [ RunTime:0.0151s ]
SQL: SELECT * FROM `jx_category`  [ RunTime:0.0003s ]
ERR: ÈùûÊ≥ïÊìç‰Ωú:js

[ 2017-10-05T10:05:39+08:00 ] 127.0.0.1 /category/images/goods2.jpg
INFO: [ app_init ] --START--
INFO: Run Behavior\BuildLiteBehavior [ RunTime:0.000010s ]
INFO: [ app_init ] --END-- [ RunTime:0.000487s ]

[ 2017-10-05T10:05:39+08:00 ] 127.0.0.1 /category/js/list.js
INFO: [ app_init ] --START--
INFO: Run Behavior\BuildLiteBehavior [ RunTime:0.000007s ]
INFO: [ app_init ] --END-- [ RunTime:0.000316s ]
INFO: [ app_begin ] --START--
INFO: Run Behavior\ReadHtmlCacheBehavior [ RunTime:0.000376s ]
INFO: [ app_begin ] --END-- [ RunTime:0.000419s ]
SQL: SHOW COLUMNS FROM `jx_category` [ RunTime:0.0126s ]
SQL: SELECT * FROM `jx_category`  [ RunTime:0.0004s ]
ERR: ÈùûÊ≥ïÊìç‰Ωú:js

[ 2017-10-05T10:05:39+08:00 ] 127.0.0.1 /category/images/goods3.jpg
INFO: [ app_init ] --START--
INFO: Run Behavior\BuildLiteBehavior [ RunTime:0.000012s ]
INFO: [ app_init ] --END-- [ RunTime:0.000587s ]

[ 2017-10-05T10:05:39+08:00 ] 127.0.0.1 /category/images/goods4.jpg
INFO: [ app_init ] --START--
INFO: Run Behavior\BuildLiteBehavior [ RunTime:0.000011s ]
INFO: [ app_init ] --END-- [ RunTime:0.000432s ]

[ 2017-10-05T10:05:39+08:00 ] 127.0.0.1 /category/images/goods5.jpg
INFO: [ app_init ] --START--
INFO: Run Behavior\BuildLiteBehavior [ RunTime:0.000019s ]
INFO: [ app_init ] --END-- [ RunTime:0.000394s ]

[ 2017-10-05T10:05:39+08:00 ] 127.0.0.1 /category/images/goods6.jpg
INFO: [ app_init ] --START--
INFO: Run Behavior\BuildLiteBehavior [ RunTime:0.000037s ]
INFO: [ app_init ] --END-- [ RunTime:0.000797s ]

[ 2017-10-05T10:05:39+08:00 ] 127.0.0.1 /category/images/hpG4.jpg
INFO: [ app_init ] --START--
INFO: Run Behavior\BuildLiteBehavior [ RunTime:0.000009s ]
INFO: [ app_init ] --END-- [ RunTime:0.000394s ]

[ 2017-10-05T10:05:39+08:00 ] 127.0.0.1 /category/images/list_hot3.jpg
INFO: [ app_init ] --START--
INFO: Run Behavior\BuildLiteBehavior [ RunTime:0.000012s ]
INFO: [ app_init ] --END-- [ RunTime:0.000499s ]

[ 2017-10-05T12:16:48+08:00 ] 127.0.0.1 /
INFO: [ app_init ] --START--
INFO: Run Behavior\BuildLiteBehavior [ RunTime:0.000009s ]
INFO: [ app_init ] --END-- [ RunTime:0.000568s ]
INFO: [ app_begin ] --START--
INFO: Run Behavior\ReadHtmlCacheBehavior [ RunTime:0.000886s ]
INFO: [ app_begin ] --END-- [ RunTime:0.000956s ]
SQL: SHOW COLUMNS FROM `jx_category` [ RunTime:0.0125s ]
SQL: SELECT * FROM `jx_category`  [ RunTime:0.0005s ]
INFO: [ view_parse ] --START--
INFO: [ template_filter ] --START--
INFO: Run Behavior\ContentReplaceBehavior [ RunTime:0.000158s ]
INFO: [ template_filter ] --END-- [ RunTime:0.000196s ]
INFO: Run Behavior\ParseTemplateBehavior [ RunTime:0.013437s ]
INFO: [ view_parse ] --END-- [ RunTime:0.013474s ]
INFO: [ view_filter ] --START--
INFO: Run Behavior\WriteHtmlCacheBehavior [ RunTime:0.000329s ]
INFO: [ view_filter ] --END-- [ RunTime:0.000354s ]
INFO: [ app_end ] --START--
INFO: Run Behavior\ShowPageTraceBehavior [ RunTime:0.000567s ]
INFO: [ app_end ] --END-- [ RunTime:0.000604s ]

[ 2017-10-05T21:40:29+08:00 ] 127.0.0.1 /
INFO: [ app_init ] --START--
INFO: Run Behavior\BuildLiteBehavior [ RunTime:0.000022s ]
INFO: [ app_init ] --END-- [ RunTime:0.001362s ]
INFO: [ app_begin ] --START--
INFO: Run Behavior\ReadHtmlCacheBehavior [ RunTime:0.001615s ]
INFO: [ app_begin ] --END-- [ RunTime:0.001779s ]
SQL: SHOW COLUMNS FROM `jx_category` [ RunTime:0.0246s ]
SQL: SELECT * FROM `jx_category`  [ RunTime:0.0006s ]
SQL: SELECT * FROM `jx_goods` WHERE `isdel` = 1 AND `is_hot` = 1 LIMIT 5   [ RunTime:0.0033s ]
SQL: SELECT * FROM `jx_goods` WHERE `isdel` = 1 AND `is_new` = 1 LIMIT 5   [ RunTime:0.0005s ]
SQL: SELECT * FROM `jx_goods` WHERE `isdel` = 1 AND `is_rec` = 1 LIMIT 5   [ RunTime:0.0005s ]
INFO: [ view_parse ] --START--
INFO: [ template_filter ] --START--
INFO: Run Behavior\ContentReplaceBehavior [ RunTime:0.000286s ]
INFO: [ template_filter ] --END-- [ RunTime:0.000338s ]
NOTIC: [8] Undefined variable: goods_thumb D:\web\new_tpshop\App\Runtime\Cache\Home\91b3e39c136338f90b09dba9f9d80e1e.php Á¨¨ 365 Ë°å.
NOTIC: [8] Undefined variable: goods_thumb D:\web\new_tpshop\App\Runtime\Cache\Home\91b3e39c136338f90b09dba9f9d80e1e.php Á¨¨ 365 Ë°å.
NOTIC: [8] Undefined variable: goods_thumb D:\web\new_tpshop\App\Runtime\Cache\Home\91b3e39c136338f90b09dba9f9d80e1e.php Á¨¨ 365 Ë°å.
NOTIC: [8] Undefined variable: goods_thumb D:\web\new_tpshop\App\Runtime\Cache\Home\91b3e39c136338f90b09dba9f9d80e1e.php Á¨¨ 365 Ë°å.
NOTIC: [8] Undefined variable: goods_thumb D:\web\new_tpshop\App\Runtime\Cache\Home\91b3e39c136338f90b09dba9f9d80e1e.php Á¨¨ 365 Ë°å.
NOTIC: [8] Undefined variable: goods_thumb D:\web\new_tpshop\App\Runtime\Cache\Home\91b3e39c136338f90b09dba9f9d80e1e.php Á¨¨ 379 Ë°å.
NOTIC: [8] Undefined variable: goods_thumb D:\web\new_tpshop\App\Runtime\Cache\Home\91b3e39c136338f90b09dba9f9d80e1e.php Á¨¨ 379 Ë°å.
NOTIC: [8] Undefined variable: goods_thumb D:\web\new_tpshop\App\Runtime\Cache\Home\91b3e39c136338f90b09dba9f9d80e1e.php Á¨¨ 379 Ë°å.
NOTIC: [8] Undefined variable: goods_thumb D:\web\new_tpshop\App\Runtime\Cache\Home\91b3e39c136338f90b09dba9f9d80e1e.php Á¨¨ 379 Ë°å.
NOTIC: [8] Undefined variable: goods_thumb D:\web\new_tpshop\App\Runtime\Cache\Home\91b3e39c136338f90b09dba9f9d80e1e.php Á¨¨ 379 Ë°å.
NOTIC: [8] Undefined variable: goods_thumb D:\web\new_tpshop\App\Runtime\Cache\Home\91b3e39c136338f90b09dba9f9d80e1e.php Á¨¨ 393 Ë°å.
NOTIC: [8] Undefined variable: goods_thumb D:\web\new_tpshop\App\Runtime\Cache\Home\91b3e39c136338f90b09dba9f9d80e1e.php Á¨¨ 393 Ë°å.
NOTIC: [8] Undefined variable: goods_thumb D:\web\new_tpshop\App\Runtime\Cache\Home\91b3e39c136338f90b09dba9f9d80e1e.php Á¨¨ 393 Ë°å.
NOTIC: [8] Undefined variable: goods_thumb D:\web\new_tpshop\App\Runtime\Cache\Home\91b3e39c136338f90b09dba9f9d80e1e.php Á¨¨ 393 Ë°å.
NOTIC: [8] Undefined variable: goods_thumb D:\web\new_tpshop\App\Runtime\Cache\Home\91b3e39c136338f90b09dba9f9d80e1e.php Á¨¨ 393 Ë°å.
INFO: Run Behavior\ParseTemplateBehavior [ RunTime:0.024011s ]
INFO: [ view_parse ] --END-- [ RunTime:0.024100s ]
INFO: [ view_filter ] --START--
INFO: Run Behavior\WriteHtmlCacheBehavior [ RunTime:0.000624s ]
INFO: [ view_filter ] --END-- [ RunTime:0.000661s ]
INFO: [ app_end ] --START--
INFO: Run Behavior\ShowPageTraceBehavior [ RunTime:0.000799s ]
INFO: [ app_end ] --END-- [ RunTime:0.000846s ]

[ 2017-10-05T21:47:18+08:00 ] 127.0.0.1 /
INFO: [ app_init ] --START--
INFO: Run Behavior\BuildLiteBehavior [ RunTime:0.000011s ]
INFO: [ app_init ] --END-- [ RunTime:0.000522s ]
INFO: [ app_begin ] --START--
INFO: Run Behavior\ReadHtmlCacheBehavior [ RunTime:0.000981s ]
INFO: [ app_begin ] --END-- [ RunTime:0.001032s ]
SQL: SHOW COLUMNS FROM `jx_category` [ RunTime:0.0161s ]
SQL: SELECT * FROM `jx_category`  [ RunTime:0.0003s ]
SQL: SELECT * FROM `jx_goods` WHERE `isdel` = 1 AND `is_hot` = 1 LIMIT 5   [ RunTime:0.0006s ]
SQL: SELECT * FROM `jx_goods` WHERE `isdel` = 1 AND `is_new` = 1 LIMIT 5   [ RunTime:0.0004s ]
SQL: SELECT * FROM `jx_goods` WHERE `isdel` = 1 AND `is_rec` = 1 LIMIT 5   [ RunTime:0.0004s ]
INFO: [ view_parse ] --START--
INFO: [ template_filter ] --START--
INFO: Run Behavior\ContentReplaceBehavior [ RunTime:0.000191s ]
INFO: [ template_filter ] --END-- [ RunTime:0.000227s ]
NOTIC: [8] Undefined variable: goods_thumb D:\web\new_tpshop\App\Runtime\Cache\Home\91b3e39c136338f90b09dba9f9d80e1e.php Á¨¨ 365 Ë°å.
NOTIC: [8] Undefined variable: goods_thumb D:\web\new_tpshop\App\Runtime\Cache\Home\91b3e39c136338f90b09dba9f9d80e1e.php Á¨¨ 365 Ë°å.
NOTIC: [8] Undefined variable: goods_thumb D:\web\new_tpshop\App\Runtime\Cache\Home\91b3e39c136338f90b09dba9f9d80e1e.php Á¨¨ 365 Ë°å.
NOTIC: [8] Undefined variable: goods_thumb D:\web\new_tpshop\App\Runtime\Cache\Home\91b3e39c136338f90b09dba9f9d80e1e.php Á¨¨ 365 Ë°å.
NOTIC: [8] Undefined variable: goods_thumb D:\web\new_tpshop\App\Runtime\Cache\Home\91b3e39c136338f90b09dba9f9d80e1e.php Á¨¨ 365 Ë°å.
NOTIC: [8] Undefined variable: goods_thumb D:\web\new_tpshop\App\Runtime\Cache\Home\91b3e39c136338f90b09dba9f9d80e1e.php Á¨¨ 379 Ë°å.
NOTIC: [8] Undefined variable: goods_thumb D:\web\new_tpshop\App\Runtime\Cache\Home\91b3e39c136338f90b09dba9f9d80e1e.php Á¨¨ 379 Ë°å.
NOTIC: [8] Undefined variable: goods_thumb D:\web\new_tpshop\App\Runtime\Cache\Home\91b3e39c136338f90b09dba9f9d80e1e.php Á¨¨ 379 Ë°å.
NOTIC: [8] Undefined variable: goods_thumb D:\web\new_tpshop\App\Runtime\Cache\Home\91b3e39c136338f90b09dba9f9d80e1e.php Á¨¨ 379 Ë°å.
NOTIC: [8] Undefined variable: goods_thumb D:\web\new_tpshop\App\Runtime\Cache\Home\91b3e39c136338f90b09dba9f9d80e1e.php Á¨¨ 379 Ë°å.
INFO: Run Behavior\ParseTemplateBehavior [ RunTime:0.016813s ]
INFO: [ view_parse ] --END-- [ RunTime:0.016843s ]
INFO: [ view_filter ] --START--
INFO: Run Behavior\WriteHtmlCacheBehavior [ RunTime:0.000379s ]
INFO: [ view_filter ] --END-- [ RunTime:0.000407s ]
INFO: [ app_end ] --START--
INFO: Run Behavior\ShowPageTraceBehavior [ RunTime:0.001464s ]
INFO: [ app_end ] --END-- [ RunTime:0.001578s ]

[ 2017-10-05T21:47:18+08:00 ] 127.0.0.1 /Uploads/2017-09-08/thumb_59b213af5cb17.jpg
INFO: [ app_init ] --START--
INFO: Run Behavior\BuildLiteBehavior [ RunTime:0.000011s ]
INFO: [ app_init ] --END-- [ RunTime:0.000485s ]

[ 2017-10-05T21:47:18+08:00 ] 127.0.0.1 /Uploads/2017-09-08/thumb_59b233d831787.jpg
INFO: [ app_init ] --START--
INFO: Run Behavior\BuildLiteBehavior [ RunTime:0.000118s ]
INFO: [ app_init ] --END-- [ RunTime:0.001644s ]

[ 2017-10-05T21:47:18+08:00 ] 127.0.0.1 /Uploads/2017-09-08/thumb_59b233ea2dcf9.jpg
INFO: [ app_init ] --START--
INFO: Run Behavior\BuildLiteBehavior [ RunTime:0.000019s ]
INFO: [ app_init ] --END-- [ RunTime:0.000851s ]

[ 2017-10-05T21:47:18+08:00 ] 127.0.0.1 /Uploads/2017-09-08/thumb_59b2351074854.jpg
INFO: [ app_init ] --START--
INFO: Run Behavior\BuildLiteBehavior [ RunTime:0.000013s ]
INFO: [ app_init ] --END-- [ RunTime:0.000293s ]

[ 2017-10-05T21:47:27+08:00 ] 127.0.0.1 /
INFO: [ app_init ] --START--
INFO: Run Behavior\BuildLiteBehavior [ RunTime:0.000026s ]
INFO: [ app_init ] --END-- [ RunTime:0.001383s ]
INFO: [ app_begin ] --START--
INFO: Run Behavior\ReadHtmlCacheBehavior [ RunTime:0.001505s ]
INFO: [ app_begin ] --END-- [ RunTime:0.001637s ]
SQL: SHOW COLUMNS FROM `jx_category` [ RunTime:0.0264s ]
SQL: SELECT * FROM `jx_category`  [ RunTime:0.0005s ]
SQL: SELECT * FROM `jx_goods` WHERE `isdel` = 1 AND `is_hot` = 1 LIMIT 5   [ RunTime:0.0009s ]
SQL: SELECT * FROM `jx_goods` WHERE `isdel` = 1 AND `is_new` = 1 LIMIT 5   [ RunTime:0.0007s ]
SQL: SELECT * FROM `jx_goods` WHERE `isdel` = 1 AND `is_rec` = 1 LIMIT 5   [ RunTime:0.0006s ]
INFO: [ view_parse ] --START--
INFO: [ template_filter ] --START--
INFO: Run Behavior\ContentReplaceBehavior [ RunTime:0.000231s ]
INFO: [ template_filter ] --END-- [ RunTime:0.000283s ]
NOTIC: [8] Undefined variable: goods_thumb D:\web\new_tpshop\App\Runtime\Cache\Home\91b3e39c136338f90b09dba9f9d80e1e.php Á¨¨ 365 Ë°å.
NOTIC: [8] Undefined variable: goods_thumb D:\web\new_tpshop\App\Runtime\Cache\Home\91b3e39c136338f90b09dba9f9d80e1e.php Á¨¨ 365 Ë°å.
NOTIC: [8] Undefined variable: goods_thumb D:\web\new_tpshop\App\Runtime\Cache\Home\91b3e39c136338f90b09dba9f9d80e1e.php Á¨¨ 365 Ë°å.
NOTIC: [8] Undefined variable: goods_thumb D:\web\new_tpshop\App\Runtime\Cache\Home\91b3e39c136338f90b09dba9f9d80e1e.php Á¨¨ 365 Ë°å.
NOTIC: [8] Undefined variable: goods_thumb D:\web\new_tpshop\App\Runtime\Cache\Home\91b3e39c136338f90b09dba9f9d80e1e.php Á¨¨ 365 Ë°å.
NOTIC: [8] Undefined variable: goods_thumb D:\web\new_tpshop\App\Runtime\Cache\Home\91b3e39c136338f90b09dba9f9d80e1e.php Á¨¨ 379 Ë°å.
NOTIC: [8] Undefined variable: goods_thumb D:\web\new_tpshop\App\Runtime\Cache\Home\91b3e39c136338f90b09dba9f9d80e1e.php Á¨¨ 379 Ë°å.
NOTIC: [8] Undefined variable: goods_thumb D:\web\new_tpshop\App\Runtime\Cache\Home\91b3e39c136338f90b09dba9f9d80e1e.php Á¨¨ 379 Ë°å.
NOTIC: [8] Undefined variable: goods_thumb D:\web\new_tpshop\App\Runtime\Cache\Home\91b3e39c136338f90b09dba9f9d80e1e.php Á¨¨ 379 Ë°å.
NOTIC: [8] Undefined variable: goods_thumb D:\web\new_tpshop\App\Runtime\Cache\Home\91b3e39c136338f90b09dba9f9d80e1e.php Á¨¨ 379 Ë°å.
INFO: Run Behavior\ParseTemplateBehavior [ RunTime:0.014786s ]
INFO: [ view_parse ] --END-- [ RunTime:0.014823s ]
INFO: [ view_filter ] --START--
INFO: Run Behavior\WriteHtmlCacheBehavior [ RunTime:0.000424s ]
INFO: [ view_filter ] --END-- [ RunTime:0.000468s ]
INFO: [ app_end ] --START--
INFO: Run Behavior\ShowPageTraceBehavior [ RunTime:0.000543s ]
INFO: [ app_end ] --END-- [ RunTime:0.000581s ]

[ 2017-10-05T21:47:27+08:00 ] 127.0.0.1 /Uploads/2017-09-08/thumb_59b213af5cb17.jpg
INFO: [ app_init ] --START--
INFO: Run Behavior\BuildLiteBehavior [ RunTime:0.000011s ]
INFO: [ app_init ] --END-- [ RunTime:0.000441s ]

[ 2017-10-05T21:47:27+08:00 ] 127.0.0.1 /Uploads/2017-09-08/thumb_59b233d831787.jpg
INFO: [ app_init ] --START--
INFO: Run Behavior\BuildLiteBehavior [ RunTime:0.000009s ]
INFO: [ app_init ] --END-- [ RunTime:0.000406s ]

[ 2017-10-05T21:47:27+08:00 ] 127.0.0.1 /Uploads/2017-09-08/thumb_59b233ea2dcf9.jpg
INFO: [ app_init ] --START--
INFO: Run Behavior\BuildLiteBehavior [ RunTime:0.000027s ]
INFO: [ app_init ] --END-- [ RunTime:0.000769s ]

[ 2017-10-05T21:47:27+08:00 ] 127.0.0.1 /Uploads/2017-09-08/thumb_59b2351074854.jpg
INFO: [ app_init ] --START--
INFO: Run Behavior\BuildLiteBehavior [ RunTime:0.000010s ]
INFO: [ app_init ] --END-- [ RunTime:0.000403s ]

[ 2017-10-05T21:48:09+08:00 ] 127.0.0.1 /
INFO: [ app_init ] --START--
INFO: Run Behavior\BuildLiteBehavior [ RunTime:0.000024s ]
INFO: [ app_init ] --END-- [ RunTime:0.001001s ]
INFO: [ app_begin ] --START--
INFO: Run Behavior\ReadHtmlCacheBehavior [ RunTime:0.001199s ]
INFO: [ app_begin ] --END-- [ RunTime:0.001299s ]
SQL: SHOW COLUMNS FROM `jx_category` [ RunTime:0.0275s ]
SQL: SELECT * FROM `jx_category`  [ RunTime:0.0004s ]
SQL: SELECT * FROM `jx_goods` WHERE `isdel` = 1 AND `is_hot` = 1 LIMIT 5   [ RunTime:0.0007s ]
SQL: SELECT * FROM `jx_goods` WHERE `isdel` = 1 AND `is_new` = 1 LIMIT 5   [ RunTime:0.0005s ]
SQL: SELECT * FROM `jx_goods` WHERE `isdel` = 1 AND `is_rec` = 1 LIMIT 5   [ RunTime:0.0004s ]
INFO: [ view_parse ] --START--
INFO: [ template_filter ] --START--
INFO: Run Behavior\ContentReplaceBehavior [ RunTime:0.000210s ]
INFO: [ template_filter ] --END-- [ RunTime:0.000275s ]
INFO: Run Behavior\ParseTemplateBehavior [ RunTime:0.015613s ]
INFO: [ view_parse ] --END-- [ RunTime:0.015654s ]
INFO: [ view_filter ] --START--
INFO: Run Behavior\WriteHtmlCacheBehavior [ RunTime:0.000296s ]
INFO: [ view_filter ] --END-- [ RunTime:0.000321s ]
INFO: [ app_end ] --START--
INFO: Run Behavior\ShowPageTraceBehavior [ RunTime:0.000447s ]
INFO: [ app_end ] --END-- [ RunTime:0.000477s ]

[ 2017-10-05T21:48:09+08:00 ] 127.0.0.1 /Uploads/2017-09-08/thumb_59b213af5cb17.jpg
INFO: [ app_init ] --START--
INFO: Run Behavior\BuildLiteBehavior [ RunTime:0.000012s ]
INFO: [ app_init ] --END-- [ RunTime:0.000454s ]

[ 2017-10-05T21:48:09+08:00 ] 127.0.0.1 /Uploads/2017-09-08/thumb_59b233d831787.jpg
INFO: [ app_init ] --START--
INFO: Run Behavior\BuildLiteBehavior [ RunTime:0.000009s ]
INFO: [ app_init ] --END-- [ RunTime:0.000385s ]

[ 2017-10-05T21:48:09+08:00 ] 127.0.0.1 /Uploads/2017-09-08/thumb_59b233ea2dcf9.jpg
INFO: [ app_init ] --START--
INFO: Run Behavior\BuildLiteBehavior [ RunTime:0.000009s ]
INFO: [ app_init ] --END-- [ RunTime:0.000371s ]

[ 2017-10-05T21:48:09+08:00 ] 127.0.0.1 /Uploads/2017-09-08/thumb_59b2351074854.jpg
INFO: [ app_init ] --START--
INFO: Run Behavior\BuildLiteBehavior [ RunTime:0.000017s ]
INFO: [ app_init ] --END-- [ RunTime:0.000620s ]

[ 2017-10-05T21:48:09+08:00 ] 127.0.0.1 /Uploads/2017-09-08/thumb_59b233d831787.jpg
INFO: [ app_init ] --START--
INFO: Run Behavior\BuildLiteBehavior [ RunTime:0.000010s ]
INFO: [ app_init ] --END-- [ RunTime:0.000425s ]

[ 2017-10-05T21:48:09+08:00 ] 127.0.0.1 /Uploads/2017-09-08/thumb_59b233ea2dcf9.jpg
INFO: [ app_init ] --START--
INFO: Run Behavior\BuildLiteBehavior [ RunTime:0.000010s ]
INFO: [ app_init ] --END-- [ RunTime:0.000405s ]

[ 2017-10-05T21:48:09+08:00 ] 127.0.0.1 /Uploads/2017-09-08/thumb_59b2351074854.jpg
INFO: [ app_init ] --START--
INFO: Run Behavior\BuildLiteBehavior [ RunTime:0.000009s ]
INFO: [ app_init ] --END-- [ RunTime:0.000356s ]

[ 2017-10-05T21:48:09+08:00 ] 127.0.0.1 /Uploads/2017-09-08/thumb_59b213af5cb17.jpg
INFO: [ app_init ] --START--
INFO: Run Behavior\BuildLiteBehavior [ RunTime:0.000007s ]
INFO: [ app_init ] --END-- [ RunTime:0.000258s ]

[ 2017-10-05T21:54:03+08:00 ] 127.0.0.1 /
INFO: [ app_init ] --START--
INFO: Run Behavior\BuildLiteBehavior [ RunTime:0.000009s ]
INFO: [ app_init ] --END-- [ RunTime:0.000344s ]
INFO: [ app_begin ] --START--
INFO: Run Behavior\ReadHtmlCacheBehavior [ RunTime:0.000701s ]
INFO: [ app_begin ] --END-- [ RunTime:0.000744s ]
SQL: SHOW COLUMNS FROM `jx_category` [ RunTime:0.0077s ]
SQL: SELECT * FROM `jx_category`  [ RunTime:0.0003s ]
SQL: SELECT * FROM `jx_goods` WHERE `isdel` = 1 AND `is_hot` = 1 LIMIT 5   [ RunTime:0.0004s ]
SQL: SELECT * FROM `jx_goods` WHERE `isdel` = 1 AND `is_new` = 1 LIMIT 5   [ RunTime:0.0003s ]
SQL: SELECT * FROM `jx_goods` WHERE `isdel` = 1 AND `is_rec` = 1 LIMIT 5   [ RunTime:0.0003s ]
INFO: [ view_parse ] --START--
INFO: [ template_filter ] --START--
INFO: Run Behavior\ContentReplaceBehavior [ RunTime:0.000151s ]
INFO: [ template_filter ] --END-- [ RunTime:0.000184s ]
INFO: Run Behavior\ParseTemplateBehavior [ RunTime:0.010694s ]
INFO: [ view_parse ] --END-- [ RunTime:0.010721s ]
INFO: [ view_filter ] --START--
INFO: Run Behavior\WriteHtmlCacheBehavior [ RunTime:0.000655s ]
INFO: [ view_filter ] --END-- [ RunTime:0.000686s ]
INFO: [ app_end ] --START--
INFO: Run Behavior\ShowPageTraceBehavior [ RunTime:0.000680s ]
INFO: [ app_end ] --END-- [ RunTime:0.000708s ]

[ 2017-10-05T21:54:03+08:00 ] 127.0.0.1 /Uploads/2017-09-08/thumb_59b213af5cb17.jpg
INFO: [ app_init ] --START--
INFO: Run Behavior\BuildLiteBehavior [ RunTime:0.000014s ]
INFO: [ app_init ] --END-- [ RunTime:0.000715s ]

[ 2017-10-05T21:54:03+08:00 ] 127.0.0.1 /Uploads/2017-09-08/thumb_59b233d831787.jpg
INFO: [ app_init ] --START--
INFO: Run Behavior\BuildLiteBehavior [ RunTime:0.000009s ]
INFO: [ app_init ] --END-- [ RunTime:0.000514s ]

[ 2017-10-05T21:54:03+08:00 ] 127.0.0.1 /Uploads/2017-09-08/thumb_59b233ea2dcf9.jpg
INFO: [ app_init ] --START--
INFO: Run Behavior\BuildLiteBehavior [ RunTime:0.000011s ]
INFO: [ app_init ] --END-- [ RunTime:0.000558s ]

[ 2017-10-05T21:54:03+08:00 ] 127.0.0.1 /Uploads/2017-09-08/thumb_59b2351074854.jpg
INFO: [ app_init ] --START--
INFO: Run Behavior\BuildLiteBehavior [ RunTime:0.000009s ]
INFO: [ app_init ] --END-- [ RunTime:0.000495s ]

[ 2017-10-05T21:54:03+08:00 ] 127.0.0.1 /Uploads/2017-09-08/thumb_59b233d831787.jpg
INFO: [ app_init ] --START--
INFO: Run Behavior\BuildLiteBehavior [ RunTime:0.000007s ]
INFO: [ app_init ] --END-- [ RunTime:0.000353s ]

[ 2017-10-05T21:54:03+08:00 ] 127.0.0.1 /Uploads/2017-09-08/thumb_59b233ea2dcf9.jpg
INFO: [ app_init ] --START--
INFO: Run Behavior\BuildLiteBehavior [ RunTime:0.000008s ]
INFO: [ app_init ] --END-- [ RunTime:0.000390s ]

[ 2017-10-05T21:54:03+08:00 ] 127.0.0.1 /Uploads/2017-09-08/thumb_59b213af5cb17.jpg
INFO: [ app_init ] --START--
INFO: Run Behavior\BuildLiteBehavior [ RunTime:0.000009s ]
INFO: [ app_init ] --END-- [ RunTime:0.000448s ]

[ 2017-10-05T21:54:17+08:00 ] 127.0.0.1 /Goods/index/goods_id/55.html
INFO: [ app_init ] --START--
INFO: Run Behavior\BuildLiteBehavior [ RunTime:0.000023s ]
INFO: [ app_init ] --END-- [ RunTime:0.001286s ]
INFO: [ app_begin ] --START--
INFO: Run Behavior\ReadHtmlCacheBehavior [ RunTime:0.002318s ]
INFO: [ app_begin ] --END-- [ RunTime:0.002422s ]
SQL: SHOW COLUMNS FROM `jx_category` [ RunTime:0.0196s ]
SQL: SELECT * FROM `jx_category`  [ RunTime:0.0006s ]
SQL: SELECT * FROM `jx_goods` WHERE `isdel` = 1 AND `id` = 55 LIMIT 1   [ RunTime:0.0008s ]
SQL: SHOW COLUMNS FROM `jx_goods_img` [ RunTime:0.0166s ]
SQL: SELECT * FROM `jx_goods_img` WHERE `goods_id` = 55  [ RunTime:0.0004s ]
SQL: SHOW COLUMNS FROM `jx_goods_attr` [ RunTime:0.0192s ]
SQL: SELECT a.*,b.attr_name,b.attr_type FROM jx_goods_attr a left join jx_attribute b on a.attr_id=b.id  WHERE a.goods_id = 55  [ RunTime:0.0007s ]
INFO: [ view_parse ] --START--
INFO: [ template_filter ] --START--
INFO: Run Behavior\ContentReplaceBehavior [ RunTime:0.000331s ]
INFO: [ template_filter ] --END-- [ RunTime:0.000390s ]
NOTIC: [8] Undefined offset: 0 D:\web\new_tpshop\App\Runtime\Cache\Home\87af2d4b492c651ae1e9a3042e753ad6.php Á¨¨ 326 Ë°å.
NOTIC: [8] Undefined offset: 0 D:\web\new_tpshop\App\Runtime\Cache\Home\87af2d4b492c651ae1e9a3042e753ad6.php Á¨¨ 327 Ë°å.
INFO: Run Behavior\ParseTemplateBehavior [ RunTime:0.026351s ]
INFO: [ view_parse ] --END-- [ RunTime:0.026408s ]
INFO: [ view_filter ] --START--
INFO: Run Behavior\WriteHtmlCacheBehavior [ RunTime:0.001383s ]
INFO: [ view_filter ] --END-- [ RunTime:0.001446s ]
INFO: [ app_end ] --START--
INFO: Run Behavior\ShowPageTraceBehavior [ RunTime:0.002919s ]
INFO: [ app_end ] --END-- [ RunTime:0.003031s ]

[ 2017-10-05T21:54:17+08:00 ] 127.0.0.1 /
INFO: [ app_init ] --START--
INFO: Run Behavior\BuildLiteBehavior [ RunTime:0.000012s ]
INFO: [ app_init ] --END-- [ RunTime:0.000695s ]
INFO: [ app_begin ] --START--
INFO: Run Behavior\ReadHtmlCacheBehavior [ RunTime:0.001242s ]
INFO: [ app_begin ] --END-- [ RunTime:0.001313s ]
SQL: SHOW COLUMNS FROM `jx_category` [ RunTime:0.0186s ]
SQL: SELECT * FROM `jx_category`  [ RunTime:0.0003s ]
SQL: SELECT * FROM `jx_goods` WHERE `isdel` = 1 AND `is_hot` = 1 LIMIT 5   [ RunTime:0.0011s ]
SQL: SELECT * FROM `jx_goods` WHERE `isdel` = 1 AND `is_new` = 1 LIMIT 5   [ RunTime:0.0005s ]
SQL: SELECT * FROM `jx_goods` WHERE `isdel` = 1 AND `is_rec` = 1 LIMIT 5   [ RunTime:0.0004s ]
INFO: [ view_parse ] --START--
INFO: [ template_filter ] --START--
INFO: Run Behavior\ContentReplaceBehavior [ RunTime:0.000169s ]
INFO: [ template_filter ] --END-- [ RunTime:0.000201s ]
INFO: Run Behavior\ParseTemplateBehavior [ RunTime:0.012190s ]
INFO: [ view_parse ] --END-- [ RunTime:0.012262s ]
INFO: [ view_filter ] --START--
INFO: Run Behavior\WriteHtmlCacheBehavior [ RunTime:0.001450s ]
INFO: [ view_filter ] --END-- [ RunTime:0.001521s ]
INFO: [ app_end ] --START--
INFO: Run Behavior\ShowPageTraceBehavior [ RunTime:0.001391s ]
INFO: [ app_end ] --END-- [ RunTime:0.001459s ]

[ 2017-10-05T21:54:18+08:00 ] 127.0.0.1 /Public/resources/Home/images/zoomloader.gif
INFO: [ app_init ] --START--
INFO: Run Behavior\BuildLiteBehavior [ RunTime:0.000008s ]
INFO: [ app_init ] --END-- [ RunTime:0.000326s ]

[ 2017-10-05T21:54:25+08:00 ] 127.0.0.1 /Goods/index/goods_id/60.html
INFO: [ app_init ] --START--
INFO: Run Behavior\BuildLiteBehavior [ RunTime:0.000010s ]
INFO: [ app_init ] --END-- [ RunTime:0.000484s ]
INFO: [ app_begin ] --START--
INFO: Run Behavior\ReadHtmlCacheBehavior [ RunTime:0.000556s ]
INFO: [ app_begin ] --END-- [ RunTime:0.000584s ]
SQL: SHOW COLUMNS FROM `jx_category` [ RunTime:0.0075s ]
SQL: SELECT * FROM `jx_category`  [ RunTime:0.0003s ]
SQL: SELECT * FROM `jx_goods` WHERE `isdel` = 1 AND `id` = 60 LIMIT 1   [ RunTime:0.0004s ]
SQL: SHOW COLUMNS FROM `jx_goods_img` [ RunTime:0.0080s ]
SQL: SELECT * FROM `jx_goods_img` WHERE `goods_id` = 60  [ RunTime:0.0002s ]
SQL: SHOW COLUMNS FROM `jx_goods_attr` [ RunTime:0.0075s ]
SQL: SELECT a.*,b.attr_name,b.attr_type FROM jx_goods_attr a left join jx_attribute b on a.attr_id=b.id  WHERE a.goods_id = 60  [ RunTime:0.0004s ]
INFO: [ view_parse ] --START--
INFO: [ template_filter ] --START--
INFO: Run Behavior\ContentReplaceBehavior [ RunTime:0.000141s ]
INFO: [ template_filter ] --END-- [ RunTime:0.000169s ]
INFO: Run Behavior\ParseTemplateBehavior [ RunTime:0.011629s ]
INFO: [ view_parse ] --END-- [ RunTime:0.011659s ]
INFO: [ view_filter ] --START--
INFO: Run Behavior\WriteHtmlCacheBehavior [ RunTime:0.000488s ]
INFO: [ view_filter ] --END-- [ RunTime:0.000509s ]
INFO: [ app_end ] --START--
INFO: Run Behavior\ShowPageTraceBehavior [ RunTime:0.000636s ]
INFO: [ app_end ] --END-- [ RunTime:0.000661s ]

[ 2017-10-05T21:54:26+08:00 ] 127.0.0.1 /Public/resources/Home/images/zoomloader.gif
INFO: [ app_init ] --START--
INFO: Run Behavior\BuildLiteBehavior [ RunTime:0.000010s ]
INFO: [ app_init ] --END-- [ RunTime:0.000361s ]

