[ 2017-11-07T15:08:20+08:00 ] 192.168.101.1 /
INFO: [ app_init ] --START--
INFO: Run Behavior\BuildLiteBehavior [ RunTime:0.000009s ]
INFO: [ app_init ] --END-- [ RunTime:0.000741s ]
INFO: [ app_begin ] --START--
INFO: Run Behavior\ReadHtmlCacheBehavior [ RunTime:0.001123s ]
INFO: [ app_begin ] --END-- [ RunTime:0.001153s ]
SQL: SHOW COLUMNS FROM `jx_category` [ RunTime:0.0006s ]
SQL: SELECT * FROM `jx_category`  [ RunTime:0.0001s ]
SQL: SELECT * FROM `jx_goods` WHERE `isdel` = 1 AND `is_hot` = 1 ORDER BY id desc LIMIT 5   [ RunTime:0.0002s ]
SQL: SELECT * FROM `jx_goods` WHERE `isdel` = 1 AND `is_new` = 1 ORDER BY id desc LIMIT 5   [ RunTime:0.0001s ]
SQL: SELECT * FROM `jx_goods` WHERE `isdel` = 1 AND `is_rec` = 1 ORDER BY id desc LIMIT 5   [ RunTime:0.0001s ]
SQL: SELECT * FROM `jx_goods` WHERE ( is_sale=1 AND cx_price>0 AND start <1510038500 AND end > 1510038500 ) LIMIT 5   [ RunTime:0.0002s ]
SQL: SELECT * FROM `jx_category`  [ RunTime:0.0001s ]
SQL: SELECT * FROM `jx_category`  [ RunTime:0.0001s ]
SQL: SHOW COLUMNS FROM `jx_goods` [ RunTime:0.0005s ]
SQL: SELECT * FROM `jx_goods` WHERE ( is_sale=1 and cate_id in (8,9,12,7) ) LIMIT 8   [ RunTime:0.0001s ]
SQL: SELECT * FROM `jx_category`  [ RunTime:0.0001s ]
SQL: SELECT * FROM `jx_goods` WHERE ( is_sale=1 and cate_id in (13,10) ) LIMIT 8   [ RunTime:0.0001s ]
SQL: SELECT * FROM `jx_category`  [ RunTime:0.0001s ]
SQL: SELECT * FROM `jx_goods` WHERE ( is_sale=1 and cate_id in (11) ) LIMIT 8   [ RunTime:0.0001s ]
INFO: [ view_parse ] --START--
INFO: [ template_filter ] --START--
INFO: Run Behavior\ContentReplaceBehavior [ RunTime:0.000581s ]
INFO: [ template_filter ] --END-- [ RunTime:0.000602s ]
INFO: Run Behavior\ParseTemplateBehavior [ RunTime:0.024724s ]
INFO: [ view_parse ] --END-- [ RunTime:0.024760s ]
INFO: [ view_filter ] --START--
INFO: Run Behavior\WriteHtmlCacheBehavior [ RunTime:0.001490s ]
INFO: [ view_filter ] --END-- [ RunTime:0.001520s ]
INFO: [ app_end ] --START--
INFO: Run Behavior\ShowPageTraceBehavior [ RunTime:0.001518s ]
INFO: [ app_end ] --END-- [ RunTime:0.001549s ]

