[ 2017-09-26T21:07:08+08:00 ] 127.0.0.1 /Admin
INFO: [ app_init ] --START--
INFO: Run Behavior\BuildLiteBehavior [ RunTime:0.000024s ]
INFO: [ app_init ] --END-- [ RunTime:0.001313s ]
INFO: [ app_begin ] --START--
INFO: Run Behavior\ReadHtmlCacheBehavior [ RunTime:0.001376s ]
INFO: [ app_begin ] --END-- [ RunTime:0.001442s ]
INFO: [ view_parse ] --START--
INFO: [ template_filter ] --START--
INFO: Run Behavior\ContentReplaceBehavior [ RunTime:0.001082s ]
INFO: [ template_filter ] --END-- [ RunTime:0.001143s ]
INFO: Run Behavior\ParseTemplateBehavior [ RunTime:0.012557s ]
INFO: [ view_parse ] --END-- [ RunTime:0.012617s ]
INFO: [ view_filter ] --START--
INFO: Run Behavior\WriteHtmlCacheBehavior [ RunTime:0.002490s ]
INFO: [ view_filter ] --END-- [ RunTime:0.002616s ]

[ 2017-09-26T21:07:11+08:00 ] 127.0.0.1 /Admin/Login/login.html
INFO: [ app_init ] --START--
INFO: Run Behavior\BuildLiteBehavior [ RunTime:0.000027s ]
INFO: [ app_init ] --END-- [ RunTime:0.000737s ]
INFO: [ app_begin ] --START--
INFO: Run Behavior\ReadHtmlCacheBehavior [ RunTime:0.001541s ]
INFO: [ app_begin ] --END-- [ RunTime:0.001655s ]
INFO: [ view_parse ] --START--
INFO: [ template_filter ] --START--
INFO: Run Behavior\ContentReplaceBehavior [ RunTime:0.000043s ]
INFO: [ template_filter ] --END-- [ RunTime:0.000091s ]
INFO: Run Behavior\ParseTemplateBehavior [ RunTime:0.005964s ]
INFO: [ view_parse ] --END-- [ RunTime:0.006054s ]
INFO: [ view_filter ] --START--
INFO: Run Behavior\WriteHtmlCacheBehavior [ RunTime:0.000289s ]
INFO: [ view_filter ] --END-- [ RunTime:0.000326s ]
INFO: [ app_end ] --START--
INFO: Run Behavior\ShowPageTraceBehavior [ RunTime:0.000839s ]
INFO: [ app_end ] --END-- [ RunTime:0.000874s ]

[ 2017-09-26T21:07:11+08:00 ] 127.0.0.1 /Admin/Login/verify.html
INFO: [ app_init ] --START--
INFO: Run Behavior\BuildLiteBehavior [ RunTime:0.000010s ]
INFO: [ app_init ] --END-- [ RunTime:0.000437s ]
INFO: [ app_begin ] --START--
INFO: Run Behavior\ReadHtmlCacheBehavior [ RunTime:0.000615s ]
INFO: [ app_begin ] --END-- [ RunTime:0.000673s ]
INFO: [ app_end ] --START--
INFO: Run Behavior\ShowPageTraceBehavior [ RunTime:0.000698s ]
INFO: [ app_end ] --END-- [ RunTime:0.000794s ]

[ 2017-09-26T21:07:21+08:00 ] 127.0.0.1 /Admin/Login/login.html
INFO: [ app_init ] --START--
INFO: Run Behavior\BuildLiteBehavior [ RunTime:0.000013s ]
INFO: [ app_init ] --END-- [ RunTime:0.000498s ]
INFO: [ app_begin ] --START--
INFO: Run Behavior\ReadHtmlCacheBehavior [ RunTime:0.000863s ]
INFO: [ app_begin ] --END-- [ RunTime:0.000938s ]
SQL: SHOW COLUMNS FROM `jx_admin` [ RunTime:0.0127s ]
SQL: SELECT * FROM `jx_admin` WHERE `username` = 'zhangxiaorui' LIMIT 1   [ RunTime:0.0012s ]
INFO: [ view_parse ] --START--
INFO: [ template_filter ] --START--
INFO: Run Behavior\ContentReplaceBehavior [ RunTime:0.000039s ]
INFO: [ template_filter ] --END-- [ RunTime:0.000094s ]
INFO: Run Behavior\ParseTemplateBehavior [ RunTime:0.008064s ]
INFO: [ view_parse ] --END-- [ RunTime:0.008120s ]
INFO: [ view_filter ] --START--
INFO: Run Behavior\WriteHtmlCacheBehavior [ RunTime:0.000362s ]
INFO: [ view_filter ] --END-- [ RunTime:0.000401s ]
INFO: [ app_end ] --START--
INFO: Run Behavior\ShowPageTraceBehavior [ RunTime:0.000613s ]
INFO: [ app_end ] --END-- [ RunTime:0.000658s ]

[ 2017-09-26T21:07:23+08:00 ] 127.0.0.1 /Admin/index/index.html
INFO: [ app_init ] --START--
INFO: Run Behavior\BuildLiteBehavior [ RunTime:0.000036s ]
INFO: [ app_init ] --END-- [ RunTime:0.001832s ]
INFO: [ app_begin ] --START--
INFO: Run Behavior\ReadHtmlCacheBehavior [ RunTime:0.000591s ]
INFO: [ app_begin ] --END-- [ RunTime:0.000648s ]
INFO: [ view_parse ] --START--
INFO: [ template_filter ] --START--
INFO: Run Behavior\ContentReplaceBehavior [ RunTime:0.000061s ]
INFO: [ template_filter ] --END-- [ RunTime:0.000194s ]
INFO: Run Behavior\ParseTemplateBehavior [ RunTime:0.008109s ]
INFO: [ view_parse ] --END-- [ RunTime:0.008153s ]
INFO: [ view_filter ] --START--
INFO: Run Behavior\WriteHtmlCacheBehavior [ RunTime:0.000253s ]
INFO: [ view_filter ] --END-- [ RunTime:0.000276s ]
INFO: [ app_end ] --START--
INFO: Run Behavior\ShowPageTraceBehavior [ RunTime:0.000494s ]
INFO: [ app_end ] --END-- [ RunTime:0.000539s ]

[ 2017-09-26T21:07:23+08:00 ] 127.0.0.1 /Admin/Index/top.html
INFO: [ app_init ] --START--
INFO: Run Behavior\BuildLiteBehavior [ RunTime:0.000013s ]
INFO: [ app_init ] --END-- [ RunTime:0.000571s ]
INFO: [ app_begin ] --START--
INFO: Run Behavior\ReadHtmlCacheBehavior [ RunTime:0.000567s ]
INFO: [ app_begin ] --END-- [ RunTime:0.000647s ]
INFO: [ view_parse ] --START--
INFO: [ template_filter ] --START--
INFO: Run Behavior\ContentReplaceBehavior [ RunTime:0.000048s ]
INFO: [ template_filter ] --END-- [ RunTime:0.000099s ]
INFO: Run Behavior\ParseTemplateBehavior [ RunTime:0.006956s ]
INFO: [ view_parse ] --END-- [ RunTime:0.007026s ]
INFO: [ view_filter ] --START--
INFO: Run Behavior\WriteHtmlCacheBehavior [ RunTime:0.001285s ]
INFO: [ view_filter ] --END-- [ RunTime:0.001432s ]
INFO: [ app_end ] --START--
INFO: Run Behavior\ShowPageTraceBehavior [ RunTime:0.001285s ]
INFO: [ app_end ] --END-- [ RunTime:0.001369s ]

[ 2017-09-26T21:07:23+08:00 ] 127.0.0.1 /Admin/Index/menu.html
INFO: [ app_init ] --START--
INFO: Run Behavior\BuildLiteBehavior [ RunTime:0.000011s ]
INFO: [ app_init ] --END-- [ RunTime:0.000454s ]
INFO: [ app_begin ] --START--
INFO: Run Behavior\ReadHtmlCacheBehavior [ RunTime:0.000588s ]
INFO: [ app_begin ] --END-- [ RunTime:0.000642s ]
INFO: [ view_parse ] --START--
INFO: [ template_filter ] --START--
INFO: Run Behavior\ContentReplaceBehavior [ RunTime:0.000107s ]
INFO: [ template_filter ] --END-- [ RunTime:0.000175s ]
INFO: Run Behavior\ParseTemplateBehavior [ RunTime:0.010888s ]
INFO: [ view_parse ] --END-- [ RunTime:0.010943s ]
INFO: [ view_filter ] --START--
INFO: Run Behavior\WriteHtmlCacheBehavior [ RunTime:0.000401s ]
INFO: [ view_filter ] --END-- [ RunTime:0.000444s ]
INFO: [ app_end ] --START--
INFO: Run Behavior\ShowPageTraceBehavior [ RunTime:0.000668s ]
INFO: [ app_end ] --END-- [ RunTime:0.000718s ]

[ 2017-09-26T21:07:23+08:00 ] 127.0.0.1 /Admin/Index/main.html
INFO: [ app_init ] --START--
INFO: Run Behavior\BuildLiteBehavior [ RunTime:0.000011s ]
INFO: [ app_init ] --END-- [ RunTime:0.000496s ]
INFO: [ app_begin ] --START--
INFO: Run Behavior\ReadHtmlCacheBehavior [ RunTime:0.000663s ]
INFO: [ app_begin ] --END-- [ RunTime:0.000724s ]
INFO: [ view_parse ] --START--
INFO: [ template_filter ] --START--
INFO: Run Behavior\ContentReplaceBehavior [ RunTime:0.000071s ]
INFO: [ template_filter ] --END-- [ RunTime:0.000136s ]
INFO: Run Behavior\ParseTemplateBehavior [ RunTime:0.011335s ]
INFO: [ view_parse ] --END-- [ RunTime:0.011411s ]
INFO: [ view_filter ] --START--
INFO: Run Behavior\WriteHtmlCacheBehavior [ RunTime:0.000689s ]
INFO: [ view_filter ] --END-- [ RunTime:0.000736s ]
INFO: [ app_end ] --START--
INFO: Run Behavior\ShowPageTraceBehavior [ RunTime:0.003105s ]
INFO: [ app_end ] --END-- [ RunTime:0.003221s ]

[ 2017-09-26T21:07:26+08:00 ] 127.0.0.1 /admin/goods/goodsList.html
INFO: [ app_init ] --START--
INFO: Run Behavior\BuildLiteBehavior [ RunTime:0.000017s ]
INFO: [ app_init ] --END-- [ RunTime:0.000611s ]
INFO: [ app_begin ] --START--
INFO: Run Behavior\ReadHtmlCacheBehavior [ RunTime:0.000540s ]
INFO: [ app_begin ] --END-- [ RunTime:0.000592s ]
SQL: SHOW COLUMNS FROM `jx_category` [ RunTime:0.0106s ]
SQL: SELECT * FROM `jx_category`  [ RunTime:0.0005s ]
SQL: SELECT COUNT(*) AS tp_count FROM `jx_goods` WHERE ( isdel=1 ) LIMIT 1   [ RunTime:0.0038s ]
SQL: SELECT * FROM `jx_goods` WHERE ( isdel=1 ) LIMIT 0,5   [ RunTime:0.0007s ]
INFO: [ view_parse ] --START--
INFO: [ template_filter ] --START--
INFO: Run Behavior\ContentReplaceBehavior [ RunTime:0.000085s ]
INFO: [ template_filter ] --END-- [ RunTime:0.000187s ]
NOTIC: [8] Undefined index: cate_id D:\web\new_tpshop\App\Runtime\Cache\Admin\8fff98f1c85a99ba893b50f23831a1d9.php 第 29 行.
NOTIC: [8] Undefined index: cate_id D:\web\new_tpshop\App\Runtime\Cache\Admin\8fff98f1c85a99ba893b50f23831a1d9.php 第 29 行.
NOTIC: [8] Undefined index: cate_id D:\web\new_tpshop\App\Runtime\Cache\Admin\8fff98f1c85a99ba893b50f23831a1d9.php 第 29 行.
NOTIC: [8] Undefined index: cate_id D:\web\new_tpshop\App\Runtime\Cache\Admin\8fff98f1c85a99ba893b50f23831a1d9.php 第 29 行.
NOTIC: [8] Undefined index: cate_id D:\web\new_tpshop\App\Runtime\Cache\Admin\8fff98f1c85a99ba893b50f23831a1d9.php 第 29 行.
NOTIC: [8] Undefined index: cate_id D:\web\new_tpshop\App\Runtime\Cache\Admin\8fff98f1c85a99ba893b50f23831a1d9.php 第 29 行.
NOTIC: [8] Undefined index: intro_type D:\web\new_tpshop\App\Runtime\Cache\Admin\8fff98f1c85a99ba893b50f23831a1d9.php 第 35 行.
NOTIC: [8] Undefined index: intro_type D:\web\new_tpshop\App\Runtime\Cache\Admin\8fff98f1c85a99ba893b50f23831a1d9.php 第 36 行.
NOTIC: [8] Undefined index: intro_type D:\web\new_tpshop\App\Runtime\Cache\Admin\8fff98f1c85a99ba893b50f23831a1d9.php 第 37 行.
NOTIC: [8] Undefined index: is_sale D:\web\new_tpshop\App\Runtime\Cache\Admin\8fff98f1c85a99ba893b50f23831a1d9.php 第 42 行.
NOTIC: [8] Undefined index: is_sale D:\web\new_tpshop\App\Runtime\Cache\Admin\8fff98f1c85a99ba893b50f23831a1d9.php 第 43 行.
NOTIC: [8] Undefined index: keyword D:\web\new_tpshop\App\Runtime\Cache\Admin\8fff98f1c85a99ba893b50f23831a1d9.php 第 46 行.
INFO: Run Behavior\ParseTemplateBehavior [ RunTime:0.010368s ]
INFO: [ view_parse ] --END-- [ RunTime:0.010419s ]
INFO: [ view_filter ] --START--
INFO: Run Behavior\WriteHtmlCacheBehavior [ RunTime:0.000254s ]
INFO: [ view_filter ] --END-- [ RunTime:0.000278s ]
INFO: [ app_end ] --START--
INFO: Run Behavior\ShowPageTraceBehavior [ RunTime:0.000592s ]
INFO: [ app_end ] --END-- [ RunTime:0.000636s ]

[ 2017-09-26T21:07:29+08:00 ] 127.0.0.1 /admin/goods/goodsList.html?cate_id=10&intro_type=0&is_sale=0&keyword=
INFO: [ app_init ] --START--
INFO: Run Behavior\BuildLiteBehavior [ RunTime:0.000011s ]
INFO: [ app_init ] --END-- [ RunTime:0.000528s ]
INFO: [ app_begin ] --START--
INFO: Run Behavior\ReadHtmlCacheBehavior [ RunTime:0.000657s ]
INFO: [ app_begin ] --END-- [ RunTime:0.000711s ]
SQL: SHOW COLUMNS FROM `jx_category` [ RunTime:0.0085s ]
SQL: SELECT * FROM `jx_category`  [ RunTime:0.0003s ]
SQL: SELECT * FROM `jx_category`  [ RunTime:0.0003s ]
SQL: SHOW COLUMNS FROM `jx_goods_cate` [ RunTime:0.0085s ]
SQL: SELECT * FROM `jx_goods_cate` WHERE ( cate_id IN (10) ) GROUP BY goods_id  [ RunTime:0.0006s ]
NOTIC: [8] Undefined variable: goodsIds D:\web\new_tpshop\App\Admin\Model\GoodsModel.class.php 第 130 行.
SQL: SELECT COUNT(*) AS tp_count FROM `jx_goods` WHERE ( isdel=1 AND cate_id IN(10) ) LIMIT 1   [ RunTime:0.0002s ]
SQL: SELECT * FROM `jx_goods` WHERE ( isdel=1 AND cate_id IN(10) ) LIMIT 0,5   [ RunTime:0.0004s ]
INFO: [ view_parse ] --START--
INFO: [ template_filter ] --START--
INFO: Run Behavior\ContentReplaceBehavior [ RunTime:0.000073s ]
INFO: [ template_filter ] --END-- [ RunTime:0.000122s ]
INFO: Run Behavior\ParseTemplateBehavior [ RunTime:0.007564s ]
INFO: [ view_parse ] --END-- [ RunTime:0.007606s ]
INFO: [ view_filter ] --START--
INFO: Run Behavior\WriteHtmlCacheBehavior [ RunTime:0.000391s ]
INFO: [ view_filter ] --END-- [ RunTime:0.000435s ]
INFO: [ app_end ] --START--
INFO: Run Behavior\ShowPageTraceBehavior [ RunTime:0.001112s ]
INFO: [ app_end ] --END-- [ RunTime:0.001152s ]

[ 2017-09-26T21:07:32+08:00 ] 127.0.0.1 /admin/goods/goodsList.html?cate_id=8&intro_type=0&is_sale=0&keyword=
INFO: [ app_init ] --START--
INFO: Run Behavior\BuildLiteBehavior [ RunTime:0.000011s ]
INFO: [ app_init ] --END-- [ RunTime:0.000501s ]
INFO: [ app_begin ] --START--
INFO: Run Behavior\ReadHtmlCacheBehavior [ RunTime:0.000813s ]
INFO: [ app_begin ] --END-- [ RunTime:0.000888s ]
SQL: SHOW COLUMNS FROM `jx_category` [ RunTime:0.0075s ]
SQL: SELECT * FROM `jx_category`  [ RunTime:0.0004s ]
SQL: SELECT * FROM `jx_category`  [ RunTime:0.0003s ]
SQL: SHOW COLUMNS FROM `jx_goods_cate` [ RunTime:0.0078s ]
SQL: SELECT * FROM `jx_goods_cate` WHERE ( cate_id IN (9,10,8) ) GROUP BY goods_id  [ RunTime:0.0029s ]
NOTIC: [8] Undefined variable: goodsIds D:\web\new_tpshop\App\Admin\Model\GoodsModel.class.php 第 130 行.
SQL: SELECT COUNT(*) AS tp_count FROM `jx_goods` WHERE ( isdel=1 AND cate_id IN(9,10,8) ) LIMIT 1   [ RunTime:0.0005s ]
SQL: SELECT * FROM `jx_goods` WHERE ( isdel=1 AND cate_id IN(9,10,8) ) LIMIT 0,5   [ RunTime:0.0006s ]
INFO: [ view_parse ] --START--
INFO: [ template_filter ] --START--
INFO: Run Behavior\ContentReplaceBehavior [ RunTime:0.000071s ]
INFO: [ template_filter ] --END-- [ RunTime:0.000122s ]
INFO: Run Behavior\ParseTemplateBehavior [ RunTime:0.009975s ]
INFO: [ view_parse ] --END-- [ RunTime:0.010029s ]
INFO: [ view_filter ] --START--
INFO: Run Behavior\WriteHtmlCacheBehavior [ RunTime:0.000439s ]
INFO: [ view_filter ] --END-- [ RunTime:0.000488s ]
INFO: [ app_end ] --START--
INFO: Run Behavior\ShowPageTraceBehavior [ RunTime:0.000683s ]
INFO: [ app_end ] --END-- [ RunTime:0.000731s ]

[ 2017-09-26T21:07:35+08:00 ] 127.0.0.1 /admin/goods/goodsList.html?cate_id=8&intro_type=is_rec&is_sale=0&keyword=
INFO: [ app_init ] --START--
INFO: Run Behavior\BuildLiteBehavior [ RunTime:0.000013s ]
INFO: [ app_init ] --END-- [ RunTime:0.000473s ]
INFO: [ app_begin ] --START--
INFO: Run Behavior\ReadHtmlCacheBehavior [ RunTime:0.000674s ]
INFO: [ app_begin ] --END-- [ RunTime:0.000736s ]
SQL: SHOW COLUMNS FROM `jx_category` [ RunTime:0.0067s ]
SQL: SELECT * FROM `jx_category`  [ RunTime:0.0004s ]
SQL: SELECT * FROM `jx_category`  [ RunTime:0.0003s ]
SQL: SHOW COLUMNS FROM `jx_goods_cate` [ RunTime:0.0081s ]
SQL: SELECT * FROM `jx_goods_cate` WHERE ( cate_id IN (9,10,8) ) GROUP BY goods_id  [ RunTime:0.0006s ]
NOTIC: [8] Undefined variable: goodsIds D:\web\new_tpshop\App\Admin\Model\GoodsModel.class.php 第 130 行.
SQL: SELECT COUNT(*) AS tp_count FROM `jx_goods` WHERE ( isdel=1 AND cate_id IN(9,10,8) ) LIMIT 1   [ RunTime:0.0003s ]
SQL: SELECT * FROM `jx_goods` WHERE ( isdel=1 AND cate_id IN(9,10,8) ) LIMIT 0,5   [ RunTime:0.0005s ]
INFO: [ view_parse ] --START--
INFO: [ template_filter ] --START--
INFO: Run Behavior\ContentReplaceBehavior [ RunTime:0.000076s ]
INFO: [ template_filter ] --END-- [ RunTime:0.000136s ]
INFO: Run Behavior\ParseTemplateBehavior [ RunTime:0.008781s ]
INFO: [ view_parse ] --END-- [ RunTime:0.008832s ]
INFO: [ view_filter ] --START--
INFO: Run Behavior\WriteHtmlCacheBehavior [ RunTime:0.000397s ]
INFO: [ view_filter ] --END-- [ RunTime:0.000445s ]
INFO: [ app_end ] --START--
INFO: Run Behavior\ShowPageTraceBehavior [ RunTime:0.000639s ]
INFO: [ app_end ] --END-- [ RunTime:0.000719s ]

[ 2017-09-26T22:34:29+08:00 ] 127.0.0.1 /admin/goods/goodsList.html?cate_id=8&intro_type=is_rec&is_sale=0&keyword=%E6%89%8B%E6%9C%BA
INFO: [ app_init ] --START--
INFO: Run Behavior\BuildLiteBehavior [ RunTime:0.000034s ]
INFO: [ app_init ] --END-- [ RunTime:0.000859s ]
INFO: [ app_begin ] --START--
INFO: Run Behavior\ReadHtmlCacheBehavior [ RunTime:0.000739s ]
INFO: [ app_begin ] --END-- [ RunTime:0.000777s ]
SQL: SHOW COLUMNS FROM `jx_category` [ RunTime:0.0149s ]
SQL: SELECT * FROM `jx_category`  [ RunTime:0.0006s ]
SQL: SELECT * FROM `jx_category`  [ RunTime:0.0004s ]
SQL: SHOW COLUMNS FROM `jx_goods_cate` [ RunTime:0.0147s ]
SQL: SELECT * FROM `jx_goods_cate` WHERE ( cate_id IN (9,10,8) ) GROUP BY goods_id  [ RunTime:0.0013s ]
NOTIC: [8] Undefined variable: goodsIds D:\web\new_tpshop\App\Admin\Model\GoodsModel.class.php 第 130 行.
SQL: SELECT COUNT(*) AS tp_count FROM `jx_goods` WHERE ( isdel=1 AND cate_id IN(9,10,8) ) LIMIT 1   [ RunTime:0.0009s ]
SQL: SELECT * FROM `jx_goods` WHERE ( isdel=1 AND cate_id IN(9,10,8) ) LIMIT 0,5   [ RunTime:0.0006s ]
INFO: [ view_parse ] --START--
INFO: [ template_filter ] --START--
INFO: Run Behavior\ContentReplaceBehavior [ RunTime:0.000143s ]
INFO: [ template_filter ] --END-- [ RunTime:0.000182s ]
INFO: Run Behavior\ParseTemplateBehavior [ RunTime:0.011828s ]
INFO: [ view_parse ] --END-- [ RunTime:0.011943s ]
INFO: [ view_filter ] --START--
INFO: Run Behavior\WriteHtmlCacheBehavior [ RunTime:0.000423s ]
INFO: [ view_filter ] --END-- [ RunTime:0.000453s ]
INFO: [ app_end ] --START--
INFO: Run Behavior\ShowPageTraceBehavior [ RunTime:0.000609s ]
INFO: [ app_end ] --END-- [ RunTime:0.000643s ]

[ 2017-09-26T22:34:30+08:00 ] 127.0.0.1 /admin/goods/goodsList.html?cate_id=8&intro_type=is_rec&is_sale=0&keyword=%E6%89%8B%E6%9C%BA
INFO: [ app_init ] --START--
INFO: Run Behavior\BuildLiteBehavior [ RunTime:0.000015s ]
INFO: [ app_init ] --END-- [ RunTime:0.000749s ]
INFO: [ app_begin ] --START--
INFO: Run Behavior\ReadHtmlCacheBehavior [ RunTime:0.001344s ]
INFO: [ app_begin ] --END-- [ RunTime:0.001445s ]
SQL: SHOW COLUMNS FROM `jx_category` [ RunTime:0.0193s ]
SQL: SELECT * FROM `jx_category`  [ RunTime:0.0005s ]
SQL: SELECT * FROM `jx_category`  [ RunTime:0.0005s ]
SQL: SHOW COLUMNS FROM `jx_goods_cate` [ RunTime:0.0200s ]
SQL: SELECT * FROM `jx_goods_cate` WHERE ( cate_id IN (9,10,8) ) GROUP BY goods_id  [ RunTime:0.0016s ]
NOTIC: [8] Undefined variable: goodsIds D:\web\new_tpshop\App\Admin\Model\GoodsModel.class.php 第 130 行.
SQL: SELECT COUNT(*) AS tp_count FROM `jx_goods` WHERE ( isdel=1 AND cate_id IN(9,10,8) ) LIMIT 1   [ RunTime:0.0005s ]
SQL: SELECT * FROM `jx_goods` WHERE ( isdel=1 AND cate_id IN(9,10,8) ) LIMIT 0,5   [ RunTime:0.0007s ]
INFO: [ view_parse ] --START--
INFO: [ template_filter ] --START--
INFO: Run Behavior\ContentReplaceBehavior [ RunTime:0.000110s ]
INFO: [ template_filter ] --END-- [ RunTime:0.000169s ]
INFO: Run Behavior\ParseTemplateBehavior [ RunTime:0.015901s ]
INFO: [ view_parse ] --END-- [ RunTime:0.015961s ]
INFO: [ view_filter ] --START--
INFO: Run Behavior\WriteHtmlCacheBehavior [ RunTime:0.000462s ]
INFO: [ view_filter ] --END-- [ RunTime:0.000507s ]
INFO: [ app_end ] --START--
INFO: Run Behavior\ShowPageTraceBehavior [ RunTime:0.001006s ]
INFO: [ app_end ] --END-- [ RunTime:0.001071s ]

[ 2017-09-26T22:34:31+08:00 ] 127.0.0.1 /admin/goods/goodsList.html?cate_id=8&intro_type=is_rec&is_sale=0&keyword=%E6%89%8B%E6%9C%BA
INFO: [ app_init ] --START--
INFO: Run Behavior\BuildLiteBehavior [ RunTime:0.000025s ]
INFO: [ app_init ] --END-- [ RunTime:0.001200s ]
INFO: [ app_begin ] --START--
INFO: Run Behavior\ReadHtmlCacheBehavior [ RunTime:0.001336s ]
INFO: [ app_begin ] --END-- [ RunTime:0.001451s ]
SQL: SHOW COLUMNS FROM `jx_category` [ RunTime:0.0219s ]
SQL: SELECT * FROM `jx_category`  [ RunTime:0.0004s ]
SQL: SELECT * FROM `jx_category`  [ RunTime:0.0004s ]
SQL: SHOW COLUMNS FROM `jx_goods_cate` [ RunTime:0.0165s ]
SQL: SELECT * FROM `jx_goods_cate` WHERE ( cate_id IN (9,10,8) ) GROUP BY goods_id  [ RunTime:0.0013s ]
NOTIC: [8] Undefined variable: goodsIds D:\web\new_tpshop\App\Admin\Model\GoodsModel.class.php 第 130 行.
SQL: SELECT COUNT(*) AS tp_count FROM `jx_goods` WHERE ( isdel=1 AND cate_id IN(9,10,8) ) LIMIT 1   [ RunTime:0.0004s ]
SQL: SELECT * FROM `jx_goods` WHERE ( isdel=1 AND cate_id IN(9,10,8) ) LIMIT 0,5   [ RunTime:0.0006s ]
INFO: [ view_parse ] --START--
INFO: [ template_filter ] --START--
INFO: Run Behavior\ContentReplaceBehavior [ RunTime:0.000084s ]
INFO: [ template_filter ] --END-- [ RunTime:0.000131s ]
INFO: Run Behavior\ParseTemplateBehavior [ RunTime:0.010255s ]
INFO: [ view_parse ] --END-- [ RunTime:0.010303s ]
INFO: [ view_filter ] --START--
INFO: Run Behavior\WriteHtmlCacheBehavior [ RunTime:0.000352s ]
INFO: [ view_filter ] --END-- [ RunTime:0.000386s ]
INFO: [ app_end ] --START--
INFO: Run Behavior\ShowPageTraceBehavior [ RunTime:0.000589s ]
INFO: [ app_end ] --END-- [ RunTime:0.000626s ]

