[ 2017-10-07T09:36:00+08:00 ] 127.0.0.1 /Admin/goods/goodsadd
INFO: [ app_init ] --START--
INFO: Run Behavior\BuildLiteBehavior [ RunTime:0.000013s ]
INFO: [ app_init ] --END-- [ RunTime:0.001957s ]
INFO: [ app_begin ] --START--
INFO: Run Behavior\ReadHtmlCacheBehavior [ RunTime:0.000790s ]
INFO: [ app_begin ] --END-- [ RunTime:0.000829s ]
ERR: syntax error, unexpected '}'

[ 2017-10-07T09:38:08+08:00 ] 127.0.0.1 /Admin/goods/goodsadd
INFO: [ app_init ] --START--
INFO: Run Behavior\BuildLiteBehavior [ RunTime:0.000008s ]
INFO: [ app_init ] --END-- [ RunTime:0.000445s ]
INFO: [ app_begin ] --START--
INFO: Run Behavior\ReadHtmlCacheBehavior [ RunTime:0.000643s ]
INFO: [ app_begin ] --END-- [ RunTime:0.000680s ]
INFO: [ view_parse ] --START--
INFO: [ template_filter ] --START--
INFO: Run Behavior\ContentReplaceBehavior [ RunTime:0.002325s ]
INFO: [ template_filter ] --END-- [ RunTime:0.002369s ]
INFO: Run Behavior\ParseTemplateBehavior [ RunTime:0.011329s ]
INFO: [ view_parse ] --END-- [ RunTime:0.011375s ]
INFO: [ view_filter ] --START--
INFO: Run Behavior\WriteHtmlCacheBehavior [ RunTime:0.000605s ]
INFO: [ view_filter ] --END-- [ RunTime:0.000635s ]

[ 2017-10-07T09:38:11+08:00 ] 127.0.0.1 /Admin/Login/login.html
INFO: [ app_init ] --START--
INFO: Run Behavior\BuildLiteBehavior [ RunTime:0.000029s ]
INFO: [ app_init ] --END-- [ RunTime:0.001039s ]
INFO: [ app_begin ] --START--
INFO: Run Behavior\ReadHtmlCacheBehavior [ RunTime:0.001157s ]
INFO: [ app_begin ] --END-- [ RunTime:0.001290s ]
INFO: [ view_parse ] --START--
INFO: [ template_filter ] --START--
INFO: Run Behavior\ContentReplaceBehavior [ RunTime:0.000094s ]
INFO: [ template_filter ] --END-- [ RunTime:0.000192s ]
INFO: Run Behavior\ParseTemplateBehavior [ RunTime:0.012398s ]
INFO: [ view_parse ] --END-- [ RunTime:0.012583s ]
INFO: [ view_filter ] --START--
INFO: Run Behavior\WriteHtmlCacheBehavior [ RunTime:0.000877s ]
INFO: [ view_filter ] --END-- [ RunTime:0.000952s ]
INFO: [ app_end ] --START--
INFO: Run Behavior\ShowPageTraceBehavior [ RunTime:0.001843s ]
INFO: [ app_end ] --END-- [ RunTime:0.001916s ]

[ 2017-10-07T09:38:12+08:00 ] 127.0.0.1 /Admin/Login/verify.html
INFO: [ app_init ] --START--
INFO: Run Behavior\BuildLiteBehavior [ RunTime:0.000009s ]
INFO: [ app_init ] --END-- [ RunTime:0.000397s ]
INFO: [ app_begin ] --START--
INFO: Run Behavior\ReadHtmlCacheBehavior [ RunTime:0.000545s ]
INFO: [ app_begin ] --END-- [ RunTime:0.000610s ]
INFO: [ app_end ] --START--
INFO: Run Behavior\ShowPageTraceBehavior [ RunTime:0.000511s ]
INFO: [ app_end ] --END-- [ RunTime:0.000565s ]

[ 2017-10-07T09:38:22+08:00 ] 127.0.0.1 /Admin/Login/login.html
INFO: [ app_init ] --START--
INFO: Run Behavior\BuildLiteBehavior [ RunTime:0.000023s ]
INFO: [ app_init ] --END-- [ RunTime:0.001010s ]
INFO: [ app_begin ] --START--
INFO: Run Behavior\ReadHtmlCacheBehavior [ RunTime:0.001038s ]
INFO: [ app_begin ] --END-- [ RunTime:0.001126s ]
INFO: [ view_parse ] --START--
INFO: [ template_filter ] --START--
INFO: Run Behavior\ContentReplaceBehavior [ RunTime:0.000101s ]
INFO: [ template_filter ] --END-- [ RunTime:0.000208s ]
INFO: Run Behavior\ParseTemplateBehavior [ RunTime:0.013155s ]
INFO: [ view_parse ] --END-- [ RunTime:0.013240s ]
INFO: [ view_filter ] --START--
INFO: Run Behavior\WriteHtmlCacheBehavior [ RunTime:0.000656s ]
INFO: [ view_filter ] --END-- [ RunTime:0.000739s ]
INFO: [ app_end ] --START--
INFO: Run Behavior\ShowPageTraceBehavior [ RunTime:0.001077s ]
INFO: [ app_end ] --END-- [ RunTime:0.001148s ]

[ 2017-10-07T09:38:22+08:00 ] 127.0.0.1 /Admin/Login/verify.html
INFO: [ app_init ] --START--
INFO: Run Behavior\BuildLiteBehavior [ RunTime:0.000037s ]
INFO: [ app_init ] --END-- [ RunTime:0.000563s ]
INFO: [ app_begin ] --START--
INFO: Run Behavior\ReadHtmlCacheBehavior [ RunTime:0.000605s ]
INFO: [ app_begin ] --END-- [ RunTime:0.000694s ]
INFO: [ app_end ] --START--
INFO: Run Behavior\ShowPageTraceBehavior [ RunTime:0.001198s ]
INFO: [ app_end ] --END-- [ RunTime:0.001302s ]

[ 2017-10-07T09:38:50+08:00 ] 127.0.0.1 /Admin/Login/login.html
INFO: [ app_init ] --START--
INFO: Run Behavior\BuildLiteBehavior [ RunTime:0.000024s ]
INFO: [ app_init ] --END-- [ RunTime:0.000971s ]
INFO: [ app_begin ] --START--
INFO: Run Behavior\ReadHtmlCacheBehavior [ RunTime:0.001231s ]
INFO: [ app_begin ] --END-- [ RunTime:0.001327s ]
INFO: [ view_parse ] --START--
INFO: [ template_filter ] --START--
INFO: Run Behavior\ContentReplaceBehavior [ RunTime:0.000098s ]
INFO: [ template_filter ] --END-- [ RunTime:0.000188s ]
INFO: Run Behavior\ParseTemplateBehavior [ RunTime:0.015767s ]
INFO: [ view_parse ] --END-- [ RunTime:0.015906s ]
INFO: [ view_filter ] --START--
INFO: Run Behavior\WriteHtmlCacheBehavior [ RunTime:0.000923s ]
INFO: [ view_filter ] --END-- [ RunTime:0.001017s ]
INFO: [ app_end ] --START--
INFO: Run Behavior\ShowPageTraceBehavior [ RunTime:0.001349s ]
INFO: [ app_end ] --END-- [ RunTime:0.001457s ]

[ 2017-10-07T09:38:50+08:00 ] 127.0.0.1 /Admin/Login/verify.html
INFO: [ app_init ] --START--
INFO: Run Behavior\BuildLiteBehavior [ RunTime:0.000007s ]
INFO: [ app_init ] --END-- [ RunTime:0.000276s ]
INFO: [ app_begin ] --START--
INFO: Run Behavior\ReadHtmlCacheBehavior [ RunTime:0.001133s ]
INFO: [ app_begin ] --END-- [ RunTime:0.001225s ]
INFO: [ app_end ] --START--
INFO: Run Behavior\ShowPageTraceBehavior [ RunTime:0.000768s ]
INFO: [ app_end ] --END-- [ RunTime:0.000838s ]

[ 2017-10-07T09:39:14+08:00 ] 127.0.0.1 /Admin/Login/login.html
INFO: [ app_init ] --START--
INFO: Run Behavior\BuildLiteBehavior [ RunTime:0.000012s ]
INFO: [ app_init ] --END-- [ RunTime:0.000483s ]
INFO: [ app_begin ] --START--
INFO: Run Behavior\ReadHtmlCacheBehavior [ RunTime:0.000642s ]
INFO: [ app_begin ] --END-- [ RunTime:0.000718s ]
INFO: [ view_parse ] --START--
INFO: [ template_filter ] --START--
INFO: Run Behavior\ContentReplaceBehavior [ RunTime:0.000045s ]
INFO: [ template_filter ] --END-- [ RunTime:0.000093s ]
INFO: Run Behavior\ParseTemplateBehavior [ RunTime:0.005427s ]
INFO: [ view_parse ] --END-- [ RunTime:0.005465s ]
INFO: [ view_filter ] --START--
INFO: Run Behavior\WriteHtmlCacheBehavior [ RunTime:0.000218s ]
INFO: [ view_filter ] --END-- [ RunTime:0.000240s ]
INFO: [ app_end ] --START--
INFO: Run Behavior\ShowPageTraceBehavior [ RunTime:0.000364s ]
INFO: [ app_end ] --END-- [ RunTime:0.000387s ]

[ 2017-10-07T09:39:14+08:00 ] 127.0.0.1 /Admin/Login/verify.html
INFO: [ app_init ] --START--
INFO: Run Behavior\BuildLiteBehavior [ RunTime:0.000011s ]
INFO: [ app_init ] --END-- [ RunTime:0.000465s ]
INFO: [ app_begin ] --START--
INFO: Run Behavior\ReadHtmlCacheBehavior [ RunTime:0.000600s ]
INFO: [ app_begin ] --END-- [ RunTime:0.000656s ]
INFO: [ app_end ] --START--
INFO: Run Behavior\ShowPageTraceBehavior [ RunTime:0.000859s ]
INFO: [ app_end ] --END-- [ RunTime:0.001011s ]

[ 2017-10-07T09:39:27+08:00 ] 127.0.0.1 /Admin/Login/login.html
INFO: [ app_init ] --START--
INFO: Run Behavior\BuildLiteBehavior [ RunTime:0.000019s ]
INFO: [ app_init ] --END-- [ RunTime:0.000844s ]
INFO: [ app_begin ] --START--
INFO: Run Behavior\ReadHtmlCacheBehavior [ RunTime:0.001037s ]
INFO: [ app_begin ] --END-- [ RunTime:0.001120s ]
INFO: [ view_parse ] --START--
INFO: [ template_filter ] --START--
INFO: Run Behavior\ContentReplaceBehavior [ RunTime:0.000112s ]
INFO: [ template_filter ] --END-- [ RunTime:0.000270s ]
INFO: Run Behavior\ParseTemplateBehavior [ RunTime:0.014474s ]
INFO: [ view_parse ] --END-- [ RunTime:0.014553s ]
INFO: [ view_filter ] --START--
INFO: Run Behavior\WriteHtmlCacheBehavior [ RunTime:0.000561s ]
INFO: [ view_filter ] --END-- [ RunTime:0.000618s ]
INFO: [ app_end ] --START--
INFO: Run Behavior\ShowPageTraceBehavior [ RunTime:0.001219s ]
INFO: [ app_end ] --END-- [ RunTime:0.001301s ]

[ 2017-10-07T09:39:27+08:00 ] 127.0.0.1 /Admin/Login/verify.html
INFO: [ app_init ] --START--
INFO: Run Behavior\BuildLiteBehavior [ RunTime:0.000033s ]
INFO: [ app_init ] --END-- [ RunTime:0.001141s ]
INFO: [ app_begin ] --START--
INFO: Run Behavior\ReadHtmlCacheBehavior [ RunTime:0.001867s ]
INFO: [ app_begin ] --END-- [ RunTime:0.001965s ]
INFO: [ app_end ] --START--
INFO: Run Behavior\ShowPageTraceBehavior [ RunTime:0.000786s ]
INFO: [ app_end ] --END-- [ RunTime:0.000884s ]

[ 2017-10-07T09:39:31+08:00 ] 127.0.0.1 /Admin/login/verify
INFO: [ app_init ] --START--
INFO: Run Behavior\BuildLiteBehavior [ RunTime:0.000019s ]
INFO: [ app_init ] --END-- [ RunTime:0.000821s ]
INFO: [ app_begin ] --START--
INFO: Run Behavior\ReadHtmlCacheBehavior [ RunTime:0.000981s ]
INFO: [ app_begin ] --END-- [ RunTime:0.001063s ]
INFO: [ app_end ] --START--
INFO: Run Behavior\ShowPageTraceBehavior [ RunTime:0.001307s ]
INFO: [ app_end ] --END-- [ RunTime:0.001433s ]

[ 2017-10-07T09:39:44+08:00 ] 127.0.0.1 /Admin/login/verify
INFO: [ app_init ] --START--
INFO: Run Behavior\BuildLiteBehavior [ RunTime:0.000041s ]
INFO: [ app_init ] --END-- [ RunTime:0.001498s ]
INFO: [ app_begin ] --START--
INFO: Run Behavior\ReadHtmlCacheBehavior [ RunTime:0.001506s ]
INFO: [ app_begin ] --END-- [ RunTime:0.001613s ]
INFO: [ app_end ] --START--
INFO: Run Behavior\ShowPageTraceBehavior [ RunTime:0.003733s ]
INFO: [ app_end ] --END-- [ RunTime:0.003927s ]

[ 2017-10-07T09:40:20+08:00 ] 127.0.0.1 /Admin/login/verify
INFO: [ app_init ] --START--
INFO: Run Behavior\BuildLiteBehavior [ RunTime:0.000023s ]
INFO: [ app_init ] --END-- [ RunTime:0.001143s ]
INFO: [ app_begin ] --START--
INFO: Run Behavior\ReadHtmlCacheBehavior [ RunTime:0.001413s ]
INFO: [ app_begin ] --END-- [ RunTime:0.001524s ]
NOTIC: [2] Cannot modify header information - headers already sent by (output started at D:\web\new_tpshop\App\Admin\Controller\LoginController.class.php:47) D:\web\new_tpshop\ThinkPHP\Library\Think\Verify.class.php 第 178 行.
NOTIC: [2] Cannot modify header information - headers already sent by (output started at D:\web\new_tpshop\App\Admin\Controller\LoginController.class.php:47) D:\web\new_tpshop\ThinkPHP\Library\Think\Verify.class.php 第 179 行.
NOTIC: [2] Cannot modify header information - headers already sent by (output started at D:\web\new_tpshop\App\Admin\Controller\LoginController.class.php:47) D:\web\new_tpshop\ThinkPHP\Library\Think\Verify.class.php 第 180 行.
NOTIC: [2] Cannot modify header information - headers already sent by (output started at D:\web\new_tpshop\App\Admin\Controller\LoginController.class.php:47) D:\web\new_tpshop\ThinkPHP\Library\Think\Verify.class.php 第 181 行.
INFO: [ app_end ] --START--
INFO: Run Behavior\ShowPageTraceBehavior [ RunTime:0.001625s ]
INFO: [ app_end ] --END-- [ RunTime:0.001878s ]

[ 2017-10-07T09:40:52+08:00 ] 127.0.0.1 /Admin/login/verify
INFO: [ app_init ] --START--
INFO: Run Behavior\BuildLiteBehavior [ RunTime:0.000008s ]
INFO: [ app_init ] --END-- [ RunTime:0.000357s ]
INFO: [ app_begin ] --START--
INFO: Run Behavior\ReadHtmlCacheBehavior [ RunTime:0.000534s ]
INFO: [ app_begin ] --END-- [ RunTime:0.000600s ]
INFO: [ app_end ] --START--
INFO: Run Behavior\ShowPageTraceBehavior [ RunTime:0.000818s ]
INFO: [ app_end ] --END-- [ RunTime:0.000883s ]

[ 2017-10-07T09:41:02+08:00 ] 127.0.0.1 /Admin/login/verify
INFO: [ app_init ] --START--
INFO: Run Behavior\BuildLiteBehavior [ RunTime:0.000031s ]
INFO: [ app_init ] --END-- [ RunTime:0.001303s ]
INFO: [ app_begin ] --START--
INFO: Run Behavior\ReadHtmlCacheBehavior [ RunTime:0.001273s ]
INFO: [ app_begin ] --END-- [ RunTime:0.001393s ]
INFO: [ app_end ] --START--
INFO: Run Behavior\ShowPageTraceBehavior [ RunTime:0.001517s ]
INFO: [ app_end ] --END-- [ RunTime:0.001697s ]

[ 2017-10-07T09:41:39+08:00 ] 127.0.0.1 /Admin/login/verify
INFO: [ app_init ] --START--
INFO: Run Behavior\BuildLiteBehavior [ RunTime:0.000039s ]
INFO: [ app_init ] --END-- [ RunTime:0.001320s ]
INFO: [ app_begin ] --START--
INFO: Run Behavior\ReadHtmlCacheBehavior [ RunTime:0.002797s ]
INFO: [ app_begin ] --END-- [ RunTime:0.002938s ]
INFO: [ app_end ] --START--
INFO: Run Behavior\ShowPageTraceBehavior [ RunTime:0.001536s ]
INFO: [ app_end ] --END-- [ RunTime:0.001646s ]

[ 2017-10-07T09:41:52+08:00 ] 127.0.0.1 /Admin/login/verify
INFO: [ app_init ] --START--
INFO: Run Behavior\BuildLiteBehavior [ RunTime:0.000007s ]
INFO: [ app_init ] --END-- [ RunTime:0.000256s ]
INFO: [ app_begin ] --START--
INFO: Run Behavior\ReadHtmlCacheBehavior [ RunTime:0.000329s ]
INFO: [ app_begin ] --END-- [ RunTime:0.000364s ]
INFO: [ app_end ] --START--
INFO: Run Behavior\ShowPageTraceBehavior [ RunTime:0.000444s ]
INFO: [ app_end ] --END-- [ RunTime:0.000483s ]

[ 2017-10-07T09:41:56+08:00 ] 127.0.0.1 /Admin/login/
INFO: [ app_init ] --START--
INFO: Run Behavior\BuildLiteBehavior [ RunTime:0.000027s ]
INFO: [ app_init ] --END-- [ RunTime:0.001193s ]
INFO: [ app_begin ] --START--
INFO: Run Behavior\ReadHtmlCacheBehavior [ RunTime:0.001928s ]
INFO: [ app_begin ] --END-- [ RunTime:0.002074s ]
ERR: 非法操作:index

[ 2017-10-07T09:41:59+08:00 ] 127.0.0.1 /Admin/login/login
INFO: [ app_init ] --START--
INFO: Run Behavior\BuildLiteBehavior [ RunTime:0.000014s ]
INFO: [ app_init ] --END-- [ RunTime:0.000719s ]
INFO: [ app_begin ] --START--
INFO: Run Behavior\ReadHtmlCacheBehavior [ RunTime:0.000789s ]
INFO: [ app_begin ] --END-- [ RunTime:0.000851s ]
INFO: [ view_parse ] --START--
INFO: [ template_filter ] --START--
INFO: Run Behavior\ContentReplaceBehavior [ RunTime:0.000103s ]
INFO: [ template_filter ] --END-- [ RunTime:0.000148s ]
INFO: Run Behavior\ParseTemplateBehavior [ RunTime:0.010848s ]
INFO: [ view_parse ] --END-- [ RunTime:0.010903s ]
INFO: [ view_filter ] --START--
INFO: Run Behavior\WriteHtmlCacheBehavior [ RunTime:0.000375s ]
INFO: [ view_filter ] --END-- [ RunTime:0.000403s ]
INFO: [ app_end ] --START--
INFO: Run Behavior\ShowPageTraceBehavior [ RunTime:0.000438s ]
INFO: [ app_end ] --END-- [ RunTime:0.000472s ]

[ 2017-10-07T09:41:59+08:00 ] 127.0.0.1 /Admin/Login/verify.html
INFO: [ app_init ] --START--
INFO: Run Behavior\BuildLiteBehavior [ RunTime:0.000011s ]
INFO: [ app_init ] --END-- [ RunTime:0.000454s ]
INFO: [ app_begin ] --START--
INFO: Run Behavior\ReadHtmlCacheBehavior [ RunTime:0.000742s ]
INFO: [ app_begin ] --END-- [ RunTime:0.000799s ]
INFO: [ app_end ] --START--
INFO: Run Behavior\ShowPageTraceBehavior [ RunTime:0.001679s ]
INFO: [ app_end ] --END-- [ RunTime:0.001808s ]

[ 2017-10-07T09:42:09+08:00 ] 127.0.0.1 /Admin/login/login
INFO: [ app_init ] --START--
INFO: Run Behavior\BuildLiteBehavior [ RunTime:0.000013s ]
INFO: [ app_init ] --END-- [ RunTime:0.000517s ]
INFO: [ app_begin ] --START--
INFO: Run Behavior\ReadHtmlCacheBehavior [ RunTime:0.000744s ]
INFO: [ app_begin ] --END-- [ RunTime:0.000817s ]
SQL: SHOW COLUMNS FROM `jx_admin` [ RunTime:0.0159s ]
SQL: SELECT * FROM `jx_admin` WHERE `username` = 'zhangxiaorui' LIMIT 1   [ RunTime:0.0006s ]
INFO: [ view_parse ] --START--
INFO: [ template_filter ] --START--
INFO: Run Behavior\ContentReplaceBehavior [ RunTime:0.000062s ]
INFO: [ template_filter ] --END-- [ RunTime:0.000132s ]
INFO: Run Behavior\ParseTemplateBehavior [ RunTime:0.008063s ]
INFO: [ view_parse ] --END-- [ RunTime:0.008130s ]
INFO: [ view_filter ] --START--
INFO: Run Behavior\WriteHtmlCacheBehavior [ RunTime:0.000493s ]
INFO: [ view_filter ] --END-- [ RunTime:0.000547s ]
INFO: [ app_end ] --START--
INFO: Run Behavior\ShowPageTraceBehavior [ RunTime:0.000877s ]
INFO: [ app_end ] --END-- [ RunTime:0.000935s ]

[ 2017-10-07T09:42:10+08:00 ] 127.0.0.1 /Admin/index/index.html
INFO: [ app_init ] --START--
INFO: Run Behavior\BuildLiteBehavior [ RunTime:0.000023s ]
INFO: [ app_init ] --END-- [ RunTime:0.001061s ]
INFO: [ app_begin ] --START--
INFO: Run Behavior\ReadHtmlCacheBehavior [ RunTime:0.000958s ]
INFO: [ app_begin ] --END-- [ RunTime:0.001037s ]
INFO: [ view_parse ] --START--
INFO: [ template_filter ] --START--
INFO: Run Behavior\ContentReplaceBehavior [ RunTime:0.000050s ]
INFO: [ template_filter ] --END-- [ RunTime:0.000133s ]
INFO: Run Behavior\ParseTemplateBehavior [ RunTime:0.011712s ]
INFO: [ view_parse ] --END-- [ RunTime:0.011808s ]
INFO: [ view_filter ] --START--
INFO: Run Behavior\WriteHtmlCacheBehavior [ RunTime:0.000623s ]
INFO: [ view_filter ] --END-- [ RunTime:0.000677s ]
INFO: [ app_end ] --START--
INFO: Run Behavior\ShowPageTraceBehavior [ RunTime:0.000919s ]
INFO: [ app_end ] --END-- [ RunTime:0.000980s ]

[ 2017-10-07T09:42:10+08:00 ] 127.0.0.1 /Admin/Index/top.html
INFO: [ app_init ] --START--
INFO: Run Behavior\BuildLiteBehavior [ RunTime:0.000007s ]
INFO: [ app_init ] --END-- [ RunTime:0.000352s ]
INFO: [ app_begin ] --START--
INFO: Run Behavior\ReadHtmlCacheBehavior [ RunTime:0.000362s ]
INFO: [ app_begin ] --END-- [ RunTime:0.000395s ]
INFO: [ view_parse ] --START--
INFO: [ template_filter ] --START--
INFO: Run Behavior\ContentReplaceBehavior [ RunTime:0.000037s ]
INFO: [ template_filter ] --END-- [ RunTime:0.000080s ]
INFO: Run Behavior\ParseTemplateBehavior [ RunTime:0.006691s ]
INFO: [ view_parse ] --END-- [ RunTime:0.006742s ]
INFO: [ view_filter ] --START--
INFO: Run Behavior\WriteHtmlCacheBehavior [ RunTime:0.000302s ]
INFO: [ view_filter ] --END-- [ RunTime:0.000335s ]
INFO: [ app_end ] --START--
INFO: Run Behavior\ShowPageTraceBehavior [ RunTime:0.000479s ]
INFO: [ app_end ] --END-- [ RunTime:0.000513s ]

[ 2017-10-07T09:42:10+08:00 ] 127.0.0.1 /Admin/Index/menu.html
INFO: [ app_init ] --START--
INFO: Run Behavior\BuildLiteBehavior [ RunTime:0.000010s ]
INFO: [ app_init ] --END-- [ RunTime:0.000514s ]
INFO: [ app_begin ] --START--
INFO: Run Behavior\ReadHtmlCacheBehavior [ RunTime:0.000360s ]
INFO: [ app_begin ] --END-- [ RunTime:0.000398s ]
INFO: [ view_parse ] --START--
INFO: [ template_filter ] --START--
INFO: Run Behavior\ContentReplaceBehavior [ RunTime:0.000078s ]
INFO: [ template_filter ] --END-- [ RunTime:0.000133s ]
INFO: Run Behavior\ParseTemplateBehavior [ RunTime:0.015207s ]
INFO: [ view_parse ] --END-- [ RunTime:0.015253s ]
INFO: [ view_filter ] --START--
INFO: Run Behavior\WriteHtmlCacheBehavior [ RunTime:0.000307s ]
INFO: [ view_filter ] --END-- [ RunTime:0.000342s ]
INFO: [ app_end ] --START--
INFO: Run Behavior\ShowPageTraceBehavior [ RunTime:0.000743s ]
INFO: [ app_end ] --END-- [ RunTime:0.000800s ]

[ 2017-10-07T09:42:10+08:00 ] 127.0.0.1 /Admin/Index/main.html
INFO: [ app_init ] --START--
INFO: Run Behavior\BuildLiteBehavior [ RunTime:0.000015s ]
INFO: [ app_init ] --END-- [ RunTime:0.001402s ]
INFO: [ app_begin ] --START--
INFO: Run Behavior\ReadHtmlCacheBehavior [ RunTime:0.000362s ]
INFO: [ app_begin ] --END-- [ RunTime:0.000396s ]
INFO: [ view_parse ] --START--
INFO: [ template_filter ] --START--
INFO: Run Behavior\ContentReplaceBehavior [ RunTime:0.000049s ]
INFO: [ template_filter ] --END-- [ RunTime:0.000100s ]
INFO: Run Behavior\ParseTemplateBehavior [ RunTime:0.006828s ]
INFO: [ view_parse ] --END-- [ RunTime:0.006872s ]
INFO: [ view_filter ] --START--
INFO: Run Behavior\WriteHtmlCacheBehavior [ RunTime:0.000284s ]
INFO: [ view_filter ] --END-- [ RunTime:0.000317s ]
INFO: [ app_end ] --START--
INFO: Run Behavior\ShowPageTraceBehavior [ RunTime:0.000466s ]
INFO: [ app_end ] --END-- [ RunTime:0.000498s ]

[ 2017-10-07T09:42:12+08:00 ] 127.0.0.1 /admin/goods/goodsAdd.html
INFO: [ app_init ] --START--
INFO: Run Behavior\BuildLiteBehavior [ RunTime:0.000030s ]
INFO: [ app_init ] --END-- [ RunTime:0.001444s ]
INFO: [ app_begin ] --START--
INFO: Run Behavior\ReadHtmlCacheBehavior [ RunTime:0.001214s ]
INFO: [ app_begin ] --END-- [ RunTime:0.001311s ]
SQL: SHOW COLUMNS FROM `jx_type` [ RunTime:0.0278s ]
SQL: SELECT * FROM `jx_type`  [ RunTime:0.0006s ]
SQL: SHOW COLUMNS FROM `jx_category` [ RunTime:0.0294s ]
SQL: SELECT * FROM `jx_category`  [ RunTime:0.0006s ]
INFO: [ view_parse ] --START--
INFO: [ template_filter ] --START--
INFO: Run Behavior\ContentReplaceBehavior [ RunTime:0.000231s ]
INFO: [ template_filter ] --END-- [ RunTime:0.000319s ]
NOTIC: [8] Undefined index: level D:\web\new_tpshop\App\Runtime\Cache\Admin\2d581302f585c48a2c4e59b4371bb019.php 第 131 行.
NOTIC: [8] Undefined index: level D:\web\new_tpshop\App\Runtime\Cache\Admin\2d581302f585c48a2c4e59b4371bb019.php 第 131 行.
NOTIC: [8] Undefined index: level D:\web\new_tpshop\App\Runtime\Cache\Admin\2d581302f585c48a2c4e59b4371bb019.php 第 131 行.
NOTIC: [8] Undefined index: level D:\web\new_tpshop\App\Runtime\Cache\Admin\2d581302f585c48a2c4e59b4371bb019.php 第 131 行.
NOTIC: [8] Undefined index: level D:\web\new_tpshop\App\Runtime\Cache\Admin\2d581302f585c48a2c4e59b4371bb019.php 第 131 行.
INFO: Run Behavior\ParseTemplateBehavior [ RunTime:0.020570s ]
INFO: [ view_parse ] --END-- [ RunTime:0.020667s ]
INFO: [ view_filter ] --START--
INFO: Run Behavior\WriteHtmlCacheBehavior [ RunTime:0.000768s ]
INFO: [ view_filter ] --END-- [ RunTime:0.000840s ]

[ 2017-10-07T09:56:48+08:00 ] 127.0.0.1 /admin/goods/goodsAdd.html
INFO: [ app_init ] --START--
INFO: Run Behavior\BuildLiteBehavior [ RunTime:0.000093s ]
INFO: [ app_init ] --END-- [ RunTime:0.002530s ]
INFO: [ app_begin ] --START--
INFO: Run Behavior\ReadHtmlCacheBehavior [ RunTime:0.001347s ]
INFO: [ app_begin ] --END-- [ RunTime:0.001434s ]
SQL: SHOW COLUMNS FROM `jx_type` [ RunTime:0.0166s ]
SQL: SELECT * FROM `jx_type`  [ RunTime:0.0008s ]
SQL: SHOW COLUMNS FROM `jx_category` [ RunTime:0.0097s ]
SQL: SELECT * FROM `jx_category`  [ RunTime:0.0004s ]
INFO: [ view_parse ] --START--
INFO: [ template_filter ] --START--
INFO: Run Behavior\ContentReplaceBehavior [ RunTime:0.000324s ]
INFO: [ template_filter ] --END-- [ RunTime:0.000372s ]
NOTIC: [8] Undefined index: level D:\web\new_tpshop\App\Runtime\Cache\Admin\2d581302f585c48a2c4e59b4371bb019.php 第 131 行.
NOTIC: [8] Undefined index: level D:\web\new_tpshop\App\Runtime\Cache\Admin\2d581302f585c48a2c4e59b4371bb019.php 第 131 行.
NOTIC: [8] Undefined index: level D:\web\new_tpshop\App\Runtime\Cache\Admin\2d581302f585c48a2c4e59b4371bb019.php 第 131 行.
NOTIC: [8] Undefined index: level D:\web\new_tpshop\App\Runtime\Cache\Admin\2d581302f585c48a2c4e59b4371bb019.php 第 131 行.
NOTIC: [8] Undefined index: level D:\web\new_tpshop\App\Runtime\Cache\Admin\2d581302f585c48a2c4e59b4371bb019.php 第 131 行.
INFO: Run Behavior\ParseTemplateBehavior [ RunTime:0.009970s ]
INFO: [ view_parse ] --END-- [ RunTime:0.009996s ]
INFO: [ view_filter ] --START--
INFO: Run Behavior\WriteHtmlCacheBehavior [ RunTime:0.000316s ]
INFO: [ view_filter ] --END-- [ RunTime:0.000344s ]

[ 2017-10-07T09:56:48+08:00 ] 127.0.0.1 /admin/goods/goodsList.html
INFO: [ app_init ] --START--
INFO: Run Behavior\BuildLiteBehavior [ RunTime:0.000009s ]
INFO: [ app_init ] --END-- [ RunTime:0.000342s ]
INFO: [ app_begin ] --START--
INFO: Run Behavior\ReadHtmlCacheBehavior [ RunTime:0.000414s ]
INFO: [ app_begin ] --END-- [ RunTime:0.000450s ]
SQL: SHOW COLUMNS FROM `jx_category` [ RunTime:0.0101s ]
SQL: SELECT * FROM `jx_category`  [ RunTime:0.0003s ]
SQL: SELECT COUNT(*) AS tp_count FROM `jx_goods` WHERE ( isdel=1 ) LIMIT 1   [ RunTime:0.0048s ]
SQL: SELECT * FROM `jx_goods` WHERE ( isdel=1 ) LIMIT 0,5   [ RunTime:0.0005s ]
INFO: [ view_parse ] --START--
INFO: [ template_filter ] --START--
INFO: Run Behavior\ContentReplaceBehavior [ RunTime:0.000047s ]
INFO: [ template_filter ] --END-- [ RunTime:0.000075s ]
NOTIC: [8] Undefined index: cate_id D:\web\new_tpshop\App\Runtime\Cache\Admin\8fff98f1c85a99ba893b50f23831a1d9.php 第 29 行.
NOTIC: [8] Undefined index: cate_id D:\web\new_tpshop\App\Runtime\Cache\Admin\8fff98f1c85a99ba893b50f23831a1d9.php 第 29 行.
NOTIC: [8] Undefined index: cate_id D:\web\new_tpshop\App\Runtime\Cache\Admin\8fff98f1c85a99ba893b50f23831a1d9.php 第 29 行.
NOTIC: [8] Undefined index: cate_id D:\web\new_tpshop\App\Runtime\Cache\Admin\8fff98f1c85a99ba893b50f23831a1d9.php 第 29 行.
NOTIC: [8] Undefined index: cate_id D:\web\new_tpshop\App\Runtime\Cache\Admin\8fff98f1c85a99ba893b50f23831a1d9.php 第 29 行.
NOTIC: [8] Undefined index: cate_id D:\web\new_tpshop\App\Runtime\Cache\Admin\8fff98f1c85a99ba893b50f23831a1d9.php 第 29 行.
NOTIC: [8] Undefined index: intro_type D:\web\new_tpshop\App\Runtime\Cache\Admin\8fff98f1c85a99ba893b50f23831a1d9.php 第 35 行.
NOTIC: [8] Undefined index: intro_type D:\web\new_tpshop\App\Runtime\Cache\Admin\8fff98f1c85a99ba893b50f23831a1d9.php 第 36 行.
NOTIC: [8] Undefined index: intro_type D:\web\new_tpshop\App\Runtime\Cache\Admin\8fff98f1c85a99ba893b50f23831a1d9.php 第 37 行.
NOTIC: [8] Undefined index: is_sale D:\web\new_tpshop\App\Runtime\Cache\Admin\8fff98f1c85a99ba893b50f23831a1d9.php 第 42 行.
NOTIC: [8] Undefined index: is_sale D:\web\new_tpshop\App\Runtime\Cache\Admin\8fff98f1c85a99ba893b50f23831a1d9.php 第 43 行.
NOTIC: [8] Undefined index: keyword D:\web\new_tpshop\App\Runtime\Cache\Admin\8fff98f1c85a99ba893b50f23831a1d9.php 第 46 行.
INFO: Run Behavior\ParseTemplateBehavior [ RunTime:0.006808s ]
INFO: [ view_parse ] --END-- [ RunTime:0.006832s ]
INFO: [ view_filter ] --START--
INFO: Run Behavior\WriteHtmlCacheBehavior [ RunTime:0.000209s ]
INFO: [ view_filter ] --END-- [ RunTime:0.000229s ]
INFO: [ app_end ] --START--
INFO: Run Behavior\ShowPageTraceBehavior [ RunTime:0.000440s ]
INFO: [ app_end ] --END-- [ RunTime:0.000465s ]

[ 2017-10-07T09:56:50+08:00 ] 127.0.0.1 /Admin/Goods/goodsEdit/goods_id/55.html
INFO: [ app_init ] --START--
INFO: Run Behavior\BuildLiteBehavior [ RunTime:0.000027s ]
INFO: [ app_init ] --END-- [ RunTime:0.001211s ]
INFO: [ app_begin ] --START--
INFO: Run Behavior\ReadHtmlCacheBehavior [ RunTime:0.001119s ]
INFO: [ app_begin ] --END-- [ RunTime:0.001217s ]
SQL: SELECT * FROM `jx_goods` WHERE `id` = 55 LIMIT 1   [ RunTime:0.0013s ]
SQL: SHOW COLUMNS FROM `jx_category` [ RunTime:0.0247s ]
SQL: SELECT * FROM `jx_category`  [ RunTime:0.0005s ]
SQL: SHOW COLUMNS FROM `jx_goods_cate` [ RunTime:0.0255s ]
SQL: SELECT * FROM `jx_goods_cate` WHERE ( goods_id=55 )  [ RunTime:0.0004s ]
SQL: SHOW COLUMNS FROM `jx_type` [ RunTime:0.0142s ]
SQL: SELECT * FROM `jx_type`  [ RunTime:0.0003s ]
SQL: SHOW COLUMNS FROM `jx_goods_attr` [ RunTime:0.0118s ]
SQL: SELECT ga.*,attr.attr_name,attr.attr_type,attr.attr_input_type,attr.attr_value FROM jx_goods_attr ga left join jx_attribute as attr on ga.attr_id=attr.id  WHERE ( ga.goods_id=55 )  [ RunTime:0.0017s ]
SQL: SHOW COLUMNS FROM `jx_goods_img` [ RunTime:0.0082s ]
SQL: SELECT `id`,`goods_thumb` FROM `jx_goods_img` WHERE `goods_id` = 55  [ RunTime:0.0002s ]
INFO: [ view_parse ] --START--
INFO: [ template_filter ] --START--
INFO: Run Behavior\ContentReplaceBehavior [ RunTime:0.000086s ]
INFO: [ template_filter ] --END-- [ RunTime:0.000114s ]
INFO: Run Behavior\ParseTemplateBehavior [ RunTime:0.008078s ]
INFO: [ view_parse ] --END-- [ RunTime:0.008106s ]
INFO: [ view_filter ] --START--
INFO: Run Behavior\WriteHtmlCacheBehavior [ RunTime:0.000203s ]
INFO: [ view_filter ] --END-- [ RunTime:0.000225s ]
INFO: [ app_end ] --START--
INFO: Run Behavior\ShowPageTraceBehavior [ RunTime:0.000365s ]
INFO: [ app_end ] --END-- [ RunTime:0.000392s ]

[ 2017-10-07T10:10:27+08:00 ] 127.0.0.1 /admin/goods/goodsAdd.html
INFO: [ app_init ] --START--
INFO: Run Behavior\BuildLiteBehavior [ RunTime:0.000007s ]
INFO: [ app_init ] --END-- [ RunTime:0.000270s ]
INFO: [ app_begin ] --START--
INFO: Run Behavior\ReadHtmlCacheBehavior [ RunTime:0.000343s ]
INFO: [ app_begin ] --END-- [ RunTime:0.000378s ]
SQL: SHOW COLUMNS FROM `jx_type` [ RunTime:0.0080s ]
SQL: SELECT * FROM `jx_type`  [ RunTime:0.0003s ]
SQL: SHOW COLUMNS FROM `jx_category` [ RunTime:0.0094s ]
SQL: SELECT * FROM `jx_category`  [ RunTime:0.0003s ]
INFO: [ view_parse ] --START--
INFO: [ template_filter ] --START--
INFO: Run Behavior\ContentReplaceBehavior [ RunTime:0.000153s ]
INFO: [ template_filter ] --END-- [ RunTime:0.000198s ]
NOTIC: [8] Undefined index: level D:\web\new_tpshop\App\Runtime\Cache\Admin\2d581302f585c48a2c4e59b4371bb019.php 第 131 行.
NOTIC: [8] Undefined index: level D:\web\new_tpshop\App\Runtime\Cache\Admin\2d581302f585c48a2c4e59b4371bb019.php 第 131 行.
NOTIC: [8] Undefined index: level D:\web\new_tpshop\App\Runtime\Cache\Admin\2d581302f585c48a2c4e59b4371bb019.php 第 131 行.
NOTIC: [8] Undefined index: level D:\web\new_tpshop\App\Runtime\Cache\Admin\2d581302f585c48a2c4e59b4371bb019.php 第 131 行.
NOTIC: [8] Undefined index: level D:\web\new_tpshop\App\Runtime\Cache\Admin\2d581302f585c48a2c4e59b4371bb019.php 第 131 行.
INFO: Run Behavior\ParseTemplateBehavior [ RunTime:0.009214s ]
INFO: [ view_parse ] --END-- [ RunTime:0.009252s ]
INFO: [ view_filter ] --START--
INFO: Run Behavior\WriteHtmlCacheBehavior [ RunTime:0.000344s ]
INFO: [ view_filter ] --END-- [ RunTime:0.000376s ]

[ 2017-10-07T10:11:47+08:00 ] 127.0.0.1 /Admin/Goods/showAttr.html
INFO: [ app_init ] --START--
INFO: Run Behavior\BuildLiteBehavior [ RunTime:0.000017s ]
INFO: [ app_init ] --END-- [ RunTime:0.001097s ]
INFO: [ app_begin ] --START--
INFO: Run Behavior\ReadHtmlCacheBehavior [ RunTime:0.001170s ]
INFO: [ app_begin ] --END-- [ RunTime:0.001229s ]
SQL: SELECT * FROM `jx_attribute` WHERE `type_id` = 5  [ RunTime:0.0006s ]
INFO: [ view_parse ] --START--
INFO: [ template_filter ] --START--
INFO: Run Behavior\ContentReplaceBehavior [ RunTime:0.000025s ]
INFO: [ template_filter ] --END-- [ RunTime:0.000052s ]
INFO: Run Behavior\ParseTemplateBehavior [ RunTime:0.006685s ]
INFO: [ view_parse ] --END-- [ RunTime:0.006720s ]
INFO: [ view_filter ] --START--
INFO: Run Behavior\WriteHtmlCacheBehavior [ RunTime:0.000536s ]
INFO: [ view_filter ] --END-- [ RunTime:0.000560s ]
INFO: [ app_end ] --START--
INFO: Run Behavior\ShowPageTraceBehavior [ RunTime:0.000654s ]
INFO: [ app_end ] --END-- [ RunTime:0.000676s ]

[ 2017-10-07T10:12:30+08:00 ] 127.0.0.1 /admin/goods/goodsAdd.html
INFO: [ app_init ] --START--
INFO: Run Behavior\BuildLiteBehavior [ RunTime:0.000020s ]
INFO: [ app_init ] --END-- [ RunTime:0.001085s ]
INFO: [ app_begin ] --START--
INFO: Run Behavior\ReadHtmlCacheBehavior [ RunTime:0.001844s ]
INFO: [ app_begin ] --END-- [ RunTime:0.001948s ]
NOTIC: [8] Undefined index: validate D:\web\new_tpshop\ThinkPHP\Library\Think\Model.class.php 第 1185 行.
NOTIC: [8] Undefined index: auto D:\web\new_tpshop\ThinkPHP\Library\Think\Model.class.php 第 1128 行.
NOTIC: [8] Undefined index: start_time D:\web\new_tpshop\App\Admin\Model\GoodsModel.class.php 第 43 行.
NOTIC: [2] call_user_func() expects parameter 1 to be a valid callback, no array or string given D:\web\new_tpshop\ThinkPHP\Library\Think\Upload.class.php 第 170 行.
SQL: INSERT INTO `jx_goods` (`goods_name`,`goods_sn`,`cate_id`,`shop_price`,`cx_price`,`start`,`end`,`is_sale`,`is_hot`,`is_new`,`is_rec`,`market_price`,`type_id`,`goods_body`,`addtime`,`goods_img`,`goods_thumb`) VALUES ('促销测试1','tpshop59d8380e2be3c','1','1111','1000','','2017-10-16 00:00:00','1','1','1','1','2345','5','&lt;p&gt;&lt;img src=&quot;/ueditor/php/upload/image/20171007/1507342301.jpg&quot; title=&quot;1507342301.jpg&quot; alt=&quot;desc3.jpg&quot;/&gt;&lt;/p&gt;','1507342350','Uploads/2017-10-07/59d8380e2f475.jpg','Uploads/2017-10-07/thumb_59d8380e2f475.jpg') [ RunTime:0.0071s ]
SQL: SHOW COLUMNS FROM `jx_goods_cate` [ RunTime:0.0210s ]
SQL: INSERT INTO `jx_goods_cate` (`goods_id`,`cate_id`) VALUES ('61','6'),('61','7') [ RunTime:0.0051s ]
SQL: SHOW COLUMNS FROM `jx_goods_attr` [ RunTime:0.0176s ]
SQL: INSERT INTO `jx_goods_attr` (`goods_id`,`attr_id`,`attr_values`) VALUES ('61','7','骁龙810'),('61','8','5.5'),('61','8','4.4'),('61','9','白色'),('61','9','金色'),('61','10','5000'),('61','11','苹果(ios)'),('61','12','3GB'),('61','13','64'),('61','14','1280×720（HD）') [ RunTime:0.0049s ]
NOTIC: [2] call_user_func() expects parameter 1 to be a valid callback, no array or string given D:\web\new_tpshop\ThinkPHP\Library\Think\Upload.class.php 第 170 行.
NOTIC: [2] call_user_func() expects parameter 1 to be a valid callback, no array or string given D:\web\new_tpshop\ThinkPHP\Library\Think\Upload.class.php 第 170 行.
NOTIC: [2] call_user_func() expects parameter 1 to be a valid callback, no array or string given D:\web\new_tpshop\ThinkPHP\Library\Think\Upload.class.php 第 170 行.
SQL: SHOW COLUMNS FROM `jx_goods_img` [ RunTime:0.0082s ]
SQL: INSERT INTO `jx_goods_img` (`goods_id`,`goods_img`,`goods_thumb`) VALUES ('61','Uploads/2017-10-07/59d8380e4930e.jpg','Uploads/2017-10-07/thumb_59d8380e4930e.jpg'),('61','Uploads/2017-10-07/59d8380e4c0b8.jpg','Uploads/2017-10-07/thumb_59d8380e4c0b8.jpg'),('61','Uploads/2017-10-07/59d8380e4fa97.jpg','Uploads/2017-10-07/thumb_59d8380e4fa97.jpg') [ RunTime:0.0041s ]
INFO: [ view_parse ] --START--
INFO: [ template_filter ] --START--
INFO: Run Behavior\ContentReplaceBehavior [ RunTime:0.000025s ]
INFO: [ template_filter ] --END-- [ RunTime:0.000055s ]
INFO: Run Behavior\ParseTemplateBehavior [ RunTime:0.005276s ]
INFO: [ view_parse ] --END-- [ RunTime:0.005324s ]
INFO: [ view_filter ] --START--
INFO: Run Behavior\WriteHtmlCacheBehavior [ RunTime:0.000490s ]
INFO: [ view_filter ] --END-- [ RunTime:0.000516s ]
INFO: [ app_end ] --START--
INFO: Run Behavior\ShowPageTraceBehavior [ RunTime:0.000631s ]
INFO: [ app_end ] --END-- [ RunTime:0.000655s ]

[ 2017-10-07T10:12:31+08:00 ] 127.0.0.1 /Admin/Goods/goodsList.html
INFO: [ app_init ] --START--
INFO: Run Behavior\BuildLiteBehavior [ RunTime:0.000022s ]
INFO: [ app_init ] --END-- [ RunTime:0.001287s ]
INFO: [ app_begin ] --START--
INFO: Run Behavior\ReadHtmlCacheBehavior [ RunTime:0.002869s ]
INFO: [ app_begin ] --END-- [ RunTime:0.003038s ]
SQL: SHOW COLUMNS FROM `jx_category` [ RunTime:0.0173s ]
SQL: SELECT * FROM `jx_category`  [ RunTime:0.0005s ]
SQL: SELECT COUNT(*) AS tp_count FROM `jx_goods` WHERE ( isdel=1 ) LIMIT 1   [ RunTime:0.0005s ]
SQL: SELECT * FROM `jx_goods` WHERE ( isdel=1 ) LIMIT 0,5   [ RunTime:0.0009s ]
INFO: [ view_parse ] --START--
INFO: [ template_filter ] --START--
INFO: Run Behavior\ContentReplaceBehavior [ RunTime:0.000111s ]
INFO: [ template_filter ] --END-- [ RunTime:0.000179s ]
NOTIC: [8] Undefined index: cate_id D:\web\new_tpshop\App\Runtime\Cache\Admin\8fff98f1c85a99ba893b50f23831a1d9.php 第 29 行.
NOTIC: [8] Undefined index: cate_id D:\web\new_tpshop\App\Runtime\Cache\Admin\8fff98f1c85a99ba893b50f23831a1d9.php 第 29 行.
NOTIC: [8] Undefined index: cate_id D:\web\new_tpshop\App\Runtime\Cache\Admin\8fff98f1c85a99ba893b50f23831a1d9.php 第 29 行.
NOTIC: [8] Undefined index: cate_id D:\web\new_tpshop\App\Runtime\Cache\Admin\8fff98f1c85a99ba893b50f23831a1d9.php 第 29 行.
NOTIC: [8] Undefined index: cate_id D:\web\new_tpshop\App\Runtime\Cache\Admin\8fff98f1c85a99ba893b50f23831a1d9.php 第 29 行.
NOTIC: [8] Undefined index: cate_id D:\web\new_tpshop\App\Runtime\Cache\Admin\8fff98f1c85a99ba893b50f23831a1d9.php 第 29 行.
NOTIC: [8] Undefined index: intro_type D:\web\new_tpshop\App\Runtime\Cache\Admin\8fff98f1c85a99ba893b50f23831a1d9.php 第 35 行.
NOTIC: [8] Undefined index: intro_type D:\web\new_tpshop\App\Runtime\Cache\Admin\8fff98f1c85a99ba893b50f23831a1d9.php 第 36 行.
NOTIC: [8] Undefined index: intro_type D:\web\new_tpshop\App\Runtime\Cache\Admin\8fff98f1c85a99ba893b50f23831a1d9.php 第 37 行.
NOTIC: [8] Undefined index: is_sale D:\web\new_tpshop\App\Runtime\Cache\Admin\8fff98f1c85a99ba893b50f23831a1d9.php 第 42 行.
NOTIC: [8] Undefined index: is_sale D:\web\new_tpshop\App\Runtime\Cache\Admin\8fff98f1c85a99ba893b50f23831a1d9.php 第 43 行.
NOTIC: [8] Undefined index: keyword D:\web\new_tpshop\App\Runtime\Cache\Admin\8fff98f1c85a99ba893b50f23831a1d9.php 第 46 行.
INFO: Run Behavior\ParseTemplateBehavior [ RunTime:0.017898s ]
INFO: [ view_parse ] --END-- [ RunTime:0.017946s ]
INFO: [ view_filter ] --START--
INFO: Run Behavior\WriteHtmlCacheBehavior [ RunTime:0.001031s ]
INFO: [ view_filter ] --END-- [ RunTime:0.001076s ]
INFO: [ app_end ] --START--
INFO: Run Behavior\ShowPageTraceBehavior [ RunTime:0.001787s ]
INFO: [ app_end ] --END-- [ RunTime:0.001848s ]

[ 2017-10-07T10:14:12+08:00 ] 127.0.0.1 /admin/goods/goodsAdd.html
INFO: [ app_init ] --START--
INFO: Run Behavior\BuildLiteBehavior [ RunTime:0.000021s ]
INFO: [ app_init ] --END-- [ RunTime:0.001226s ]
INFO: [ app_begin ] --START--
INFO: Run Behavior\ReadHtmlCacheBehavior [ RunTime:0.001926s ]
INFO: [ app_begin ] --END-- [ RunTime:0.002021s ]
SQL: SHOW COLUMNS FROM `jx_type` [ RunTime:0.0172s ]
SQL: SELECT * FROM `jx_type`  [ RunTime:0.0003s ]
SQL: SHOW COLUMNS FROM `jx_category` [ RunTime:0.0159s ]
SQL: SELECT * FROM `jx_category`  [ RunTime:0.0004s ]
INFO: [ view_parse ] --START--
INFO: [ template_filter ] --START--
INFO: Run Behavior\ContentReplaceBehavior [ RunTime:0.000110s ]
INFO: [ template_filter ] --END-- [ RunTime:0.000167s ]
NOTIC: [8] Undefined index: level D:\web\new_tpshop\App\Runtime\Cache\Admin\2d581302f585c48a2c4e59b4371bb019.php 第 131 行.
NOTIC: [8] Undefined index: level D:\web\new_tpshop\App\Runtime\Cache\Admin\2d581302f585c48a2c4e59b4371bb019.php 第 131 行.
NOTIC: [8] Undefined index: level D:\web\new_tpshop\App\Runtime\Cache\Admin\2d581302f585c48a2c4e59b4371bb019.php 第 131 行.
NOTIC: [8] Undefined index: level D:\web\new_tpshop\App\Runtime\Cache\Admin\2d581302f585c48a2c4e59b4371bb019.php 第 131 行.
NOTIC: [8] Undefined index: level D:\web\new_tpshop\App\Runtime\Cache\Admin\2d581302f585c48a2c4e59b4371bb019.php 第 131 行.
INFO: Run Behavior\ParseTemplateBehavior [ RunTime:0.010673s ]
INFO: [ view_parse ] --END-- [ RunTime:0.010709s ]
INFO: [ view_filter ] --START--
INFO: Run Behavior\WriteHtmlCacheBehavior [ RunTime:0.000670s ]
INFO: [ view_filter ] --END-- [ RunTime:0.000708s ]

[ 2017-10-07T10:14:53+08:00 ] 127.0.0.1 /admin/goods/goodsAdd.html
INFO: [ app_init ] --START--
INFO: Run Behavior\BuildLiteBehavior [ RunTime:0.000010s ]
INFO: [ app_init ] --END-- [ RunTime:0.000531s ]
INFO: [ app_begin ] --START--
INFO: Run Behavior\ReadHtmlCacheBehavior [ RunTime:0.001042s ]
INFO: [ app_begin ] --END-- [ RunTime:0.001096s ]
NOTIC: [8] Undefined index: validate D:\web\new_tpshop\ThinkPHP\Library\Think\Model.class.php 第 1185 行.
NOTIC: [8] Undefined index: auto D:\web\new_tpshop\ThinkPHP\Library\Think\Model.class.php 第 1128 行.

[ 2017-10-07T10:15:21+08:00 ] 127.0.0.1 /Admin/index/index.html
INFO: [ app_init ] --START--
INFO: Run Behavior\BuildLiteBehavior [ RunTime:0.000008s ]
INFO: [ app_init ] --END-- [ RunTime:0.000344s ]
INFO: [ app_begin ] --START--
INFO: Run Behavior\ReadHtmlCacheBehavior [ RunTime:0.000574s ]
INFO: [ app_begin ] --END-- [ RunTime:0.000602s ]
INFO: [ view_parse ] --START--
INFO: [ template_filter ] --START--
INFO: Run Behavior\ContentReplaceBehavior [ RunTime:0.000020s ]
INFO: [ template_filter ] --END-- [ RunTime:0.000051s ]
INFO: Run Behavior\ParseTemplateBehavior [ RunTime:0.005564s ]
INFO: [ view_parse ] --END-- [ RunTime:0.005603s ]
INFO: [ view_filter ] --START--
INFO: Run Behavior\WriteHtmlCacheBehavior [ RunTime:0.000468s ]
INFO: [ view_filter ] --END-- [ RunTime:0.000491s ]
INFO: [ app_end ] --START--
INFO: Run Behavior\ShowPageTraceBehavior [ RunTime:0.000670s ]
INFO: [ app_end ] --END-- [ RunTime:0.000696s ]

[ 2017-10-07T10:15:21+08:00 ] 127.0.0.1 /Admin/Index/top.html
INFO: [ app_init ] --START--
INFO: Run Behavior\BuildLiteBehavior [ RunTime:0.000012s ]
INFO: [ app_init ] --END-- [ RunTime:0.000513s ]
INFO: [ app_begin ] --START--
INFO: Run Behavior\ReadHtmlCacheBehavior [ RunTime:0.000785s ]
INFO: [ app_begin ] --END-- [ RunTime:0.000838s ]
INFO: [ view_parse ] --START--
INFO: [ template_filter ] --START--
INFO: Run Behavior\ContentReplaceBehavior [ RunTime:0.000048s ]
INFO: [ template_filter ] --END-- [ RunTime:0.000102s ]
INFO: Run Behavior\ParseTemplateBehavior [ RunTime:0.006160s ]
INFO: [ view_parse ] --END-- [ RunTime:0.006212s ]
INFO: [ view_filter ] --START--
INFO: Run Behavior\WriteHtmlCacheBehavior [ RunTime:0.000626s ]
INFO: [ view_filter ] --END-- [ RunTime:0.000678s ]
INFO: [ app_end ] --START--
INFO: Run Behavior\ShowPageTraceBehavior [ RunTime:0.000621s ]
INFO: [ app_end ] --END-- [ RunTime:0.000668s ]

[ 2017-10-07T10:15:21+08:00 ] 127.0.0.1 /Admin/Index/menu.html
INFO: [ app_init ] --START--
INFO: Run Behavior\BuildLiteBehavior [ RunTime:0.000022s ]
INFO: [ app_init ] --END-- [ RunTime:0.001004s ]
INFO: [ app_begin ] --START--
INFO: Run Behavior\ReadHtmlCacheBehavior [ RunTime:0.000834s ]
INFO: [ app_begin ] --END-- [ RunTime:0.000883s ]
INFO: [ view_parse ] --START--
INFO: [ template_filter ] --START--
INFO: Run Behavior\ContentReplaceBehavior [ RunTime:0.000072s ]
INFO: [ template_filter ] --END-- [ RunTime:0.000114s ]
INFO: Run Behavior\ParseTemplateBehavior [ RunTime:0.007744s ]
INFO: [ view_parse ] --END-- [ RunTime:0.007784s ]
INFO: [ view_filter ] --START--
INFO: Run Behavior\WriteHtmlCacheBehavior [ RunTime:0.000672s ]
INFO: [ view_filter ] --END-- [ RunTime:0.000705s ]
INFO: [ app_end ] --START--
INFO: Run Behavior\ShowPageTraceBehavior [ RunTime:0.000991s ]
INFO: [ app_end ] --END-- [ RunTime:0.001039s ]

[ 2017-10-07T10:15:21+08:00 ] 127.0.0.1 /Admin/Index/main.html
INFO: [ app_init ] --START--
INFO: Run Behavior\BuildLiteBehavior [ RunTime:0.000010s ]
INFO: [ app_init ] --END-- [ RunTime:0.000377s ]
INFO: [ app_begin ] --START--
INFO: Run Behavior\ReadHtmlCacheBehavior [ RunTime:0.000844s ]
INFO: [ app_begin ] --END-- [ RunTime:0.000914s ]
INFO: [ view_parse ] --START--
INFO: [ template_filter ] --START--
INFO: Run Behavior\ContentReplaceBehavior [ RunTime:0.000046s ]
INFO: [ template_filter ] --END-- [ RunTime:0.000090s ]
INFO: Run Behavior\ParseTemplateBehavior [ RunTime:0.007882s ]
INFO: [ view_parse ] --END-- [ RunTime:0.007942s ]
INFO: [ view_filter ] --START--
INFO: Run Behavior\WriteHtmlCacheBehavior [ RunTime:0.000653s ]
INFO: [ view_filter ] --END-- [ RunTime:0.000684s ]
INFO: [ app_end ] --START--
INFO: Run Behavior\ShowPageTraceBehavior [ RunTime:0.000638s ]
INFO: [ app_end ] --END-- [ RunTime:0.000665s ]

[ 2017-10-07T10:15:23+08:00 ] 127.0.0.1 /admin/goods/goodsAdd.html
INFO: [ app_init ] --START--
INFO: Run Behavior\BuildLiteBehavior [ RunTime:0.000021s ]
INFO: [ app_init ] --END-- [ RunTime:0.001189s ]
INFO: [ app_begin ] --START--
INFO: Run Behavior\ReadHtmlCacheBehavior [ RunTime:0.002782s ]
INFO: [ app_begin ] --END-- [ RunTime:0.002890s ]
SQL: SHOW COLUMNS FROM `jx_type` [ RunTime:0.0261s ]
SQL: SELECT * FROM `jx_type`  [ RunTime:0.0003s ]
SQL: SHOW COLUMNS FROM `jx_category` [ RunTime:0.0103s ]
SQL: SELECT * FROM `jx_category`  [ RunTime:0.0003s ]
INFO: [ view_parse ] --START--
INFO: [ template_filter ] --START--
INFO: Run Behavior\ContentReplaceBehavior [ RunTime:0.000078s ]
INFO: [ template_filter ] --END-- [ RunTime:0.000125s ]
NOTIC: [8] Undefined index: level D:\web\new_tpshop\App\Runtime\Cache\Admin\2d581302f585c48a2c4e59b4371bb019.php 第 131 行.
NOTIC: [8] Undefined index: level D:\web\new_tpshop\App\Runtime\Cache\Admin\2d581302f585c48a2c4e59b4371bb019.php 第 131 行.
NOTIC: [8] Undefined index: level D:\web\new_tpshop\App\Runtime\Cache\Admin\2d581302f585c48a2c4e59b4371bb019.php 第 131 行.
NOTIC: [8] Undefined index: level D:\web\new_tpshop\App\Runtime\Cache\Admin\2d581302f585c48a2c4e59b4371bb019.php 第 131 行.
NOTIC: [8] Undefined index: level D:\web\new_tpshop\App\Runtime\Cache\Admin\2d581302f585c48a2c4e59b4371bb019.php 第 131 行.
INFO: Run Behavior\ParseTemplateBehavior [ RunTime:0.010720s ]
INFO: [ view_parse ] --END-- [ RunTime:0.010754s ]
INFO: [ view_filter ] --START--
INFO: Run Behavior\WriteHtmlCacheBehavior [ RunTime:0.002433s ]
INFO: [ view_filter ] --END-- [ RunTime:0.002469s ]

[ 2017-10-07T10:15:29+08:00 ] 127.0.0.1 /admin/goods/goodsAdd.html
INFO: [ app_init ] --START--
INFO: Run Behavior\BuildLiteBehavior [ RunTime:0.000025s ]
INFO: [ app_init ] --END-- [ RunTime:0.001541s ]
INFO: [ app_begin ] --START--
INFO: Run Behavior\ReadHtmlCacheBehavior [ RunTime:0.002962s ]
INFO: [ app_begin ] --END-- [ RunTime:0.003097s ]
SQL: SHOW COLUMNS FROM `jx_type` [ RunTime:0.0165s ]
SQL: SELECT * FROM `jx_type`  [ RunTime:0.0004s ]
SQL: SHOW COLUMNS FROM `jx_category` [ RunTime:0.0211s ]
SQL: SELECT * FROM `jx_category`  [ RunTime:0.0005s ]
INFO: [ view_parse ] --START--
INFO: [ template_filter ] --START--
INFO: Run Behavior\ContentReplaceBehavior [ RunTime:0.000183s ]
INFO: [ template_filter ] --END-- [ RunTime:0.000248s ]
NOTIC: [8] Undefined index: level D:\web\new_tpshop\App\Runtime\Cache\Admin\2d581302f585c48a2c4e59b4371bb019.php 第 131 行.
NOTIC: [8] Undefined index: level D:\web\new_tpshop\App\Runtime\Cache\Admin\2d581302f585c48a2c4e59b4371bb019.php 第 131 行.
NOTIC: [8] Undefined index: level D:\web\new_tpshop\App\Runtime\Cache\Admin\2d581302f585c48a2c4e59b4371bb019.php 第 131 行.
NOTIC: [8] Undefined index: level D:\web\new_tpshop\App\Runtime\Cache\Admin\2d581302f585c48a2c4e59b4371bb019.php 第 131 行.
NOTIC: [8] Undefined index: level D:\web\new_tpshop\App\Runtime\Cache\Admin\2d581302f585c48a2c4e59b4371bb019.php 第 131 行.
INFO: Run Behavior\ParseTemplateBehavior [ RunTime:0.015787s ]
INFO: [ view_parse ] --END-- [ RunTime:0.015840s ]
INFO: [ view_filter ] --START--
INFO: Run Behavior\WriteHtmlCacheBehavior [ RunTime:0.001218s ]
INFO: [ view_filter ] --END-- [ RunTime:0.001282s ]

[ 2017-10-07T10:16:11+08:00 ] 127.0.0.1 /admin/goods/goodsAdd.html
INFO: [ app_init ] --START--
INFO: Run Behavior\BuildLiteBehavior [ RunTime:0.000013s ]
INFO: [ app_init ] --END-- [ RunTime:0.000536s ]
INFO: [ app_begin ] --START--
INFO: Run Behavior\ReadHtmlCacheBehavior [ RunTime:0.000905s ]
INFO: [ app_begin ] --END-- [ RunTime:0.000964s ]
NOTIC: [8] Undefined index: validate D:\web\new_tpshop\ThinkPHP\Library\Think\Model.class.php 第 1185 行.
NOTIC: [8] Undefined index: auto D:\web\new_tpshop\ThinkPHP\Library\Think\Model.class.php 第 1128 行.

[ 2017-10-07T10:16:49+08:00 ] 127.0.0.1 /admin/goods/goodsAdd.html
INFO: [ app_init ] --START--
INFO: Run Behavior\BuildLiteBehavior [ RunTime:0.000022s ]
INFO: [ app_init ] --END-- [ RunTime:0.001238s ]
INFO: [ app_begin ] --START--
INFO: Run Behavior\ReadHtmlCacheBehavior [ RunTime:0.003128s ]
INFO: [ app_begin ] --END-- [ RunTime:0.003317s ]
NOTIC: [8] Undefined index: validate D:\web\new_tpshop\ThinkPHP\Library\Think\Model.class.php 第 1185 行.
NOTIC: [8] Undefined index: auto D:\web\new_tpshop\ThinkPHP\Library\Think\Model.class.php 第 1128 行.

[ 2017-10-07T10:17:17+08:00 ] 127.0.0.1 /admin/goods/goodsAdd.html
INFO: [ app_init ] --START--
INFO: Run Behavior\BuildLiteBehavior [ RunTime:0.000022s ]
INFO: [ app_init ] --END-- [ RunTime:0.001239s ]
INFO: [ app_begin ] --START--
INFO: Run Behavior\ReadHtmlCacheBehavior [ RunTime:0.002446s ]
INFO: [ app_begin ] --END-- [ RunTime:0.002575s ]
NOTIC: [8] Undefined index: validate D:\web\new_tpshop\ThinkPHP\Library\Think\Model.class.php 第 1185 行.
NOTIC: [8] Undefined index: auto D:\web\new_tpshop\ThinkPHP\Library\Think\Model.class.php 第 1128 行.

[ 2017-10-07T10:17:26+08:00 ] 127.0.0.1 /admin/goods/goodsAdd.html
INFO: [ app_init ] --START--
INFO: Run Behavior\BuildLiteBehavior [ RunTime:0.000027s ]
INFO: [ app_init ] --END-- [ RunTime:0.002837s ]
INFO: [ app_begin ] --START--
INFO: Run Behavior\ReadHtmlCacheBehavior [ RunTime:0.001985s ]
INFO: [ app_begin ] --END-- [ RunTime:0.002100s ]
NOTIC: [8] Undefined index: validate D:\web\new_tpshop\ThinkPHP\Library\Think\Model.class.php 第 1185 行.
NOTIC: [8] Undefined index: auto D:\web\new_tpshop\ThinkPHP\Library\Think\Model.class.php 第 1128 行.
ERR: 1048:Column 'goods_img' cannot be null
 [ SQL语句 ] : INSERT INTO `jx_goods` (`goods_name`,`goods_sn`,`cate_id`,`shop_price`,`cx_price`,`start`,`end`,`is_sale`,`is_hot`,`is_new`,`is_rec`,`market_price`,`type_id`,`addtime`,`goods_img`,`goods_thumb`) VALUES ('会员测试7','tpshop59d83936e702d','1','1111','1000','1507219200','1508083200','1','1','1','1','2345','','1507342646',NULL,NULL)
ERR: 1048:Column 'goods_img' cannot be null
 [ SQL语句 ] : INSERT INTO `jx_goods` (`goods_name`,`goods_sn`,`cate_id`,`shop_price`,`cx_price`,`start`,`end`,`is_sale`,`is_hot`,`is_new`,`is_rec`,`market_price`,`type_id`,`addtime`,`goods_img`,`goods_thumb`) VALUES ('会员测试7','tpshop59d83936e702d','1','1111','1000','1507219200','1508083200','1','1','1','1','2345','','1507342646',NULL,NULL)

[ 2017-10-07T10:17:33+08:00 ] 127.0.0.1 /admin/goods/goodsAdd.html
INFO: [ app_init ] --START--
INFO: Run Behavior\BuildLiteBehavior [ RunTime:0.000010s ]
INFO: [ app_init ] --END-- [ RunTime:0.000524s ]
INFO: [ app_begin ] --START--
INFO: Run Behavior\ReadHtmlCacheBehavior [ RunTime:0.000896s ]
INFO: [ app_begin ] --END-- [ RunTime:0.000940s ]
SQL: SHOW COLUMNS FROM `jx_type` [ RunTime:0.0126s ]
SQL: SELECT * FROM `jx_type`  [ RunTime:0.0003s ]
SQL: SHOW COLUMNS FROM `jx_category` [ RunTime:0.0103s ]
SQL: SELECT * FROM `jx_category`  [ RunTime:0.0003s ]
INFO: [ view_parse ] --START--
INFO: [ template_filter ] --START--
INFO: Run Behavior\ContentReplaceBehavior [ RunTime:0.000071s ]
INFO: [ template_filter ] --END-- [ RunTime:0.000101s ]
NOTIC: [8] Undefined index: level D:\web\new_tpshop\App\Runtime\Cache\Admin\2d581302f585c48a2c4e59b4371bb019.php 第 131 行.
NOTIC: [8] Undefined index: level D:\web\new_tpshop\App\Runtime\Cache\Admin\2d581302f585c48a2c4e59b4371bb019.php 第 131 行.
NOTIC: [8] Undefined index: level D:\web\new_tpshop\App\Runtime\Cache\Admin\2d581302f585c48a2c4e59b4371bb019.php 第 131 行.
NOTIC: [8] Undefined index: level D:\web\new_tpshop\App\Runtime\Cache\Admin\2d581302f585c48a2c4e59b4371bb019.php 第 131 行.
NOTIC: [8] Undefined index: level D:\web\new_tpshop\App\Runtime\Cache\Admin\2d581302f585c48a2c4e59b4371bb019.php 第 131 行.
INFO: Run Behavior\ParseTemplateBehavior [ RunTime:0.006527s ]
INFO: [ view_parse ] --END-- [ RunTime:0.006550s ]
INFO: [ view_filter ] --START--
INFO: Run Behavior\WriteHtmlCacheBehavior [ RunTime:0.000472s ]
INFO: [ view_filter ] --END-- [ RunTime:0.000492s ]

[ 2017-10-07T10:17:42+08:00 ] 127.0.0.1 /Admin/Goods/showAttr.html
INFO: [ app_init ] --START--
INFO: Run Behavior\BuildLiteBehavior [ RunTime:0.000026s ]
INFO: [ app_init ] --END-- [ RunTime:0.001372s ]
INFO: [ app_begin ] --START--
INFO: Run Behavior\ReadHtmlCacheBehavior [ RunTime:0.002804s ]
INFO: [ app_begin ] --END-- [ RunTime:0.002910s ]
SQL: SELECT * FROM `jx_attribute` WHERE `type_id` = 1  [ RunTime:0.0009s ]
INFO: [ view_parse ] --START--
INFO: [ template_filter ] --START--
INFO: Run Behavior\ContentReplaceBehavior [ RunTime:0.000078s ]
INFO: [ template_filter ] --END-- [ RunTime:0.000157s ]
INFO: Run Behavior\ParseTemplateBehavior [ RunTime:0.020890s ]
INFO: [ view_parse ] --END-- [ RunTime:0.021001s ]
INFO: [ view_filter ] --START--
INFO: Run Behavior\WriteHtmlCacheBehavior [ RunTime:0.001913s ]
INFO: [ view_filter ] --END-- [ RunTime:0.002011s ]
INFO: [ app_end ] --START--
INFO: Run Behavior\ShowPageTraceBehavior [ RunTime:0.003910s ]
INFO: [ app_end ] --END-- [ RunTime:0.004004s ]

[ 2017-10-07T10:17:48+08:00 ] 127.0.0.1 /admin/goods/goodsAdd.html
INFO: [ app_init ] --START--
INFO: Run Behavior\BuildLiteBehavior [ RunTime:0.000009s ]
INFO: [ app_init ] --END-- [ RunTime:0.000498s ]
INFO: [ app_begin ] --START--
INFO: Run Behavior\ReadHtmlCacheBehavior [ RunTime:0.000764s ]
INFO: [ app_begin ] --END-- [ RunTime:0.000801s ]
NOTIC: [8] Undefined index: validate D:\web\new_tpshop\ThinkPHP\Library\Think\Model.class.php 第 1185 行.
NOTIC: [8] Undefined index: auto D:\web\new_tpshop\ThinkPHP\Library\Think\Model.class.php 第 1128 行.
ERR: 1048:Column 'goods_img' cannot be null
 [ SQL语句 ] : INSERT INTO `jx_goods` (`goods_name`,`goods_sn`,`cate_id`,`shop_price`,`cx_price`,`start`,`end`,`is_sale`,`is_hot`,`is_new`,`is_rec`,`market_price`,`type_id`,`addtime`,`goods_img`,`goods_thumb`) VALUES ('会员测试7','tpshop59d8394c8a8a9','1','1111','1000','1507219200','1508083200','1','1','1','1','2345','1','1507342668',NULL,NULL)
ERR: 1048:Column 'goods_img' cannot be null
 [ SQL语句 ] : INSERT INTO `jx_goods` (`goods_name`,`goods_sn`,`cate_id`,`shop_price`,`cx_price`,`start`,`end`,`is_sale`,`is_hot`,`is_new`,`is_rec`,`market_price`,`type_id`,`addtime`,`goods_img`,`goods_thumb`) VALUES ('会员测试7','tpshop59d8394c8a8a9','1','1111','1000','1507219200','1508083200','1','1','1','1','2345','1','1507342668',NULL,NULL)

[ 2017-10-07T10:17:58+08:00 ] 127.0.0.1 /admin/goods/goodsAdd.html
INFO: [ app_init ] --START--
INFO: Run Behavior\BuildLiteBehavior [ RunTime:0.000035s ]
INFO: [ app_init ] --END-- [ RunTime:0.001651s ]
INFO: [ app_begin ] --START--
INFO: Run Behavior\ReadHtmlCacheBehavior [ RunTime:0.004095s ]
INFO: [ app_begin ] --END-- [ RunTime:0.004267s ]
NOTIC: [8] Undefined index: validate D:\web\new_tpshop\ThinkPHP\Library\Think\Model.class.php 第 1185 行.
NOTIC: [8] Undefined index: auto D:\web\new_tpshop\ThinkPHP\Library\Think\Model.class.php 第 1128 行.
ERR: 1048:Column 'goods_img' cannot be null
 [ SQL语句 ] : INSERT INTO `jx_goods` (`goods_name`,`goods_sn`,`cate_id`,`shop_price`,`cx_price`,`start`,`end`,`is_sale`,`is_hot`,`is_new`,`is_rec`,`market_price`,`type_id`,`addtime`,`goods_img`,`goods_thumb`) VALUES ('会员测试70','tpshop59d83956e3d96','1','1111','1000','1507219200','1508083200','1','1','1','1','2345','1','1507342678',NULL,NULL)
ERR: 1048:Column 'goods_img' cannot be null
 [ SQL语句 ] : INSERT INTO `jx_goods` (`goods_name`,`goods_sn`,`cate_id`,`shop_price`,`cx_price`,`start`,`end`,`is_sale`,`is_hot`,`is_new`,`is_rec`,`market_price`,`type_id`,`addtime`,`goods_img`,`goods_thumb`) VALUES ('会员测试70','tpshop59d83956e3d96','1','1111','1000','1507219200','1508083200','1','1','1','1','2345','1','1507342678',NULL,NULL)

[ 2017-10-07T10:18:12+08:00 ] 127.0.0.1 /admin/goods/goodsAdd.html
INFO: [ app_init ] --START--
INFO: Run Behavior\BuildLiteBehavior [ RunTime:0.000014s ]
INFO: [ app_init ] --END-- [ RunTime:0.000719s ]
INFO: [ app_begin ] --START--
INFO: Run Behavior\ReadHtmlCacheBehavior [ RunTime:0.001218s ]
INFO: [ app_begin ] --END-- [ RunTime:0.001285s ]
NOTIC: [8] Undefined index: validate D:\web\new_tpshop\ThinkPHP\Library\Think\Model.class.php 第 1185 行.
NOTIC: [8] Undefined index: auto D:\web\new_tpshop\ThinkPHP\Library\Think\Model.class.php 第 1128 行.
NOTIC: [2] call_user_func() expects parameter 1 to be a valid callback, no array or string given D:\web\new_tpshop\ThinkPHP\Library\Think\Upload.class.php 第 170 行.
SQL: INSERT INTO `jx_goods` (`goods_name`,`goods_sn`,`cate_id`,`shop_price`,`cx_price`,`start`,`end`,`is_sale`,`is_hot`,`is_new`,`is_rec`,`market_price`,`type_id`,`addtime`,`goods_img`,`goods_thumb`) VALUES ('会员测试70','tpshop59d83964b85d1','1','1111','1000','1507219200','1508083200','1','1','1','1','2345','1','1507342692','Uploads/2017-10-07/59d83964b9f9d.jpg','Uploads/2017-10-07/thumb_59d83964b9f9d.jpg') [ RunTime:0.0052s ]
SQL: SHOW COLUMNS FROM `jx_goods_cate` [ RunTime:0.0153s ]
SQL: INSERT INTO `jx_goods_cate` (`goods_id`,`cate_id`) VALUES ('62','1') [ RunTime:0.0043s ]
SQL: SHOW COLUMNS FROM `jx_goods_attr` [ RunTime:0.0157s ]
NOTIC: [2] Invalid argument supplied for foreach() D:\web\new_tpshop\App\Admin\Model\GoodsAttrModel.class.php 第 20 行.
NOTIC: [8] Undefined variable: attrList D:\web\new_tpshop\App\Admin\Model\GoodsAttrModel.class.php 第 30 行.
NOTIC: [2] Invalid argument supplied for foreach() D:\web\new_tpshop\App\Admin\Model\GoodsModel.class.php 第 104 行.
NOTIC: [8] Undefined variable: ImgInfo D:\web\new_tpshop\App\Admin\Model\GoodsModel.class.php 第 116 行.
INFO: [ view_parse ] --START--
INFO: [ template_filter ] --START--
INFO: Run Behavior\ContentReplaceBehavior [ RunTime:0.000050s ]
INFO: [ template_filter ] --END-- [ RunTime:0.000106s ]
INFO: Run Behavior\ParseTemplateBehavior [ RunTime:0.009781s ]
INFO: [ view_parse ] --END-- [ RunTime:0.009860s ]
INFO: [ view_filter ] --START--
INFO: Run Behavior\WriteHtmlCacheBehavior [ RunTime:0.000962s ]
INFO: [ view_filter ] --END-- [ RunTime:0.001008s ]
INFO: [ app_end ] --START--
INFO: Run Behavior\ShowPageTraceBehavior [ RunTime:0.001261s ]
INFO: [ app_end ] --END-- [ RunTime:0.001309s ]

[ 2017-10-07T10:18:14+08:00 ] 127.0.0.1 /Admin/Goods/goodsList.html
INFO: [ app_init ] --START--
INFO: Run Behavior\BuildLiteBehavior [ RunTime:0.000076s ]
INFO: [ app_init ] --END-- [ RunTime:0.006045s ]
INFO: [ app_begin ] --START--
INFO: Run Behavior\ReadHtmlCacheBehavior [ RunTime:0.002508s ]
INFO: [ app_begin ] --END-- [ RunTime:0.002683s ]
SQL: SHOW COLUMNS FROM `jx_category` [ RunTime:0.0099s ]
SQL: SELECT * FROM `jx_category`  [ RunTime:0.0003s ]
SQL: SELECT COUNT(*) AS tp_count FROM `jx_goods` WHERE ( isdel=1 ) LIMIT 1   [ RunTime:0.0003s ]
SQL: SELECT * FROM `jx_goods` WHERE ( isdel=1 ) LIMIT 0,5   [ RunTime:0.0005s ]
INFO: [ view_parse ] --START--
INFO: [ template_filter ] --START--
INFO: Run Behavior\ContentReplaceBehavior [ RunTime:0.000076s ]
INFO: [ template_filter ] --END-- [ RunTime:0.000134s ]
NOTIC: [8] Undefined index: cate_id D:\web\new_tpshop\App\Runtime\Cache\Admin\8fff98f1c85a99ba893b50f23831a1d9.php 第 29 行.
NOTIC: [8] Undefined index: cate_id D:\web\new_tpshop\App\Runtime\Cache\Admin\8fff98f1c85a99ba893b50f23831a1d9.php 第 29 行.
NOTIC: [8] Undefined index: cate_id D:\web\new_tpshop\App\Runtime\Cache\Admin\8fff98f1c85a99ba893b50f23831a1d9.php 第 29 行.
NOTIC: [8] Undefined index: cate_id D:\web\new_tpshop\App\Runtime\Cache\Admin\8fff98f1c85a99ba893b50f23831a1d9.php 第 29 行.
NOTIC: [8] Undefined index: cate_id D:\web\new_tpshop\App\Runtime\Cache\Admin\8fff98f1c85a99ba893b50f23831a1d9.php 第 29 行.
NOTIC: [8] Undefined index: cate_id D:\web\new_tpshop\App\Runtime\Cache\Admin\8fff98f1c85a99ba893b50f23831a1d9.php 第 29 行.
NOTIC: [8] Undefined index: intro_type D:\web\new_tpshop\App\Runtime\Cache\Admin\8fff98f1c85a99ba893b50f23831a1d9.php 第 35 行.
NOTIC: [8] Undefined index: intro_type D:\web\new_tpshop\App\Runtime\Cache\Admin\8fff98f1c85a99ba893b50f23831a1d9.php 第 36 行.
NOTIC: [8] Undefined index: intro_type D:\web\new_tpshop\App\Runtime\Cache\Admin\8fff98f1c85a99ba893b50f23831a1d9.php 第 37 行.
NOTIC: [8] Undefined index: is_sale D:\web\new_tpshop\App\Runtime\Cache\Admin\8fff98f1c85a99ba893b50f23831a1d9.php 第 42 行.
NOTIC: [8] Undefined index: is_sale D:\web\new_tpshop\App\Runtime\Cache\Admin\8fff98f1c85a99ba893b50f23831a1d9.php 第 43 行.
NOTIC: [8] Undefined index: keyword D:\web\new_tpshop\App\Runtime\Cache\Admin\8fff98f1c85a99ba893b50f23831a1d9.php 第 46 行.
INFO: Run Behavior\ParseTemplateBehavior [ RunTime:0.012446s ]
INFO: [ view_parse ] --END-- [ RunTime:0.012477s ]
INFO: [ view_filter ] --START--
INFO: Run Behavior\WriteHtmlCacheBehavior [ RunTime:0.000640s ]
INFO: [ view_filter ] --END-- [ RunTime:0.000669s ]
INFO: [ app_end ] --START--
INFO: Run Behavior\ShowPageTraceBehavior [ RunTime:0.000779s ]
INFO: [ app_end ] --END-- [ RunTime:0.000816s ]

[ 2017-10-07T11:10:55+08:00 ] 127.0.0.1 /Admin/Goods/goodsList.html
INFO: [ app_init ] --START--
INFO: Run Behavior\BuildLiteBehavior [ RunTime:0.000023s ]
INFO: [ app_init ] --END-- [ RunTime:0.001276s ]
INFO: [ app_begin ] --START--
INFO: Run Behavior\ReadHtmlCacheBehavior [ RunTime:0.001867s ]
INFO: [ app_begin ] --END-- [ RunTime:0.001964s ]
SQL: SHOW COLUMNS FROM `jx_category` [ RunTime:0.0100s ]
SQL: SELECT * FROM `jx_category`  [ RunTime:0.0003s ]
SQL: SELECT COUNT(*) AS tp_count FROM `jx_goods` WHERE ( isdel=1 ) LIMIT 1   [ RunTime:0.0003s ]
SQL: SELECT * FROM `jx_goods` WHERE ( isdel=1 ) LIMIT 0,5   [ RunTime:0.0006s ]
INFO: [ view_parse ] --START--
INFO: [ template_filter ] --START--
INFO: Run Behavior\ContentReplaceBehavior [ RunTime:0.000056s ]
INFO: [ template_filter ] --END-- [ RunTime:0.000085s ]
NOTIC: [8] Undefined index: cate_id D:\web\new_tpshop\App\Runtime\Cache\Admin\8fff98f1c85a99ba893b50f23831a1d9.php 第 29 行.
NOTIC: [8] Undefined index: cate_id D:\web\new_tpshop\App\Runtime\Cache\Admin\8fff98f1c85a99ba893b50f23831a1d9.php 第 29 行.
NOTIC: [8] Undefined index: cate_id D:\web\new_tpshop\App\Runtime\Cache\Admin\8fff98f1c85a99ba893b50f23831a1d9.php 第 29 行.
NOTIC: [8] Undefined index: cate_id D:\web\new_tpshop\App\Runtime\Cache\Admin\8fff98f1c85a99ba893b50f23831a1d9.php 第 29 行.
NOTIC: [8] Undefined index: cate_id D:\web\new_tpshop\App\Runtime\Cache\Admin\8fff98f1c85a99ba893b50f23831a1d9.php 第 29 行.
NOTIC: [8] Undefined index: cate_id D:\web\new_tpshop\App\Runtime\Cache\Admin\8fff98f1c85a99ba893b50f23831a1d9.php 第 29 行.
NOTIC: [8] Undefined index: intro_type D:\web\new_tpshop\App\Runtime\Cache\Admin\8fff98f1c85a99ba893b50f23831a1d9.php 第 35 行.
NOTIC: [8] Undefined index: intro_type D:\web\new_tpshop\App\Runtime\Cache\Admin\8fff98f1c85a99ba893b50f23831a1d9.php 第 36 行.
NOTIC: [8] Undefined index: intro_type D:\web\new_tpshop\App\Runtime\Cache\Admin\8fff98f1c85a99ba893b50f23831a1d9.php 第 37 行.
NOTIC: [8] Undefined index: is_sale D:\web\new_tpshop\App\Runtime\Cache\Admin\8fff98f1c85a99ba893b50f23831a1d9.php 第 42 行.
NOTIC: [8] Undefined index: is_sale D:\web\new_tpshop\App\Runtime\Cache\Admin\8fff98f1c85a99ba893b50f23831a1d9.php 第 43 行.
NOTIC: [8] Undefined index: keyword D:\web\new_tpshop\App\Runtime\Cache\Admin\8fff98f1c85a99ba893b50f23831a1d9.php 第 46 行.
INFO: Run Behavior\ParseTemplateBehavior [ RunTime:0.008392s ]
INFO: [ view_parse ] --END-- [ RunTime:0.008426s ]
INFO: [ view_filter ] --START--
INFO: Run Behavior\WriteHtmlCacheBehavior [ RunTime:0.000771s ]
INFO: [ view_filter ] --END-- [ RunTime:0.000814s ]
INFO: [ app_end ] --START--
INFO: Run Behavior\ShowPageTraceBehavior [ RunTime:0.001070s ]
INFO: [ app_end ] --END-- [ RunTime:0.001118s ]

[ 2017-10-07T15:14:11+08:00 ] 127.0.0.1 /Admin/goods/goodsadd
INFO: [ app_init ] --START--
INFO: Run Behavior\BuildLiteBehavior [ RunTime:0.000010s ]
INFO: [ app_init ] --END-- [ RunTime:0.000501s ]
INFO: [ app_begin ] --START--
INFO: Run Behavior\ReadHtmlCacheBehavior [ RunTime:0.001468s ]
INFO: [ app_begin ] --END-- [ RunTime:0.001607s ]
INFO: [ view_parse ] --START--
INFO: [ template_filter ] --START--
INFO: Run Behavior\ContentReplaceBehavior [ RunTime:0.000992s ]
INFO: [ template_filter ] --END-- [ RunTime:0.001095s ]
INFO: Run Behavior\ParseTemplateBehavior [ RunTime:0.022370s ]
INFO: [ view_parse ] --END-- [ RunTime:0.022431s ]
INFO: [ view_filter ] --START--
INFO: Run Behavior\WriteHtmlCacheBehavior [ RunTime:0.000839s ]
INFO: [ view_filter ] --END-- [ RunTime:0.000912s ]

[ 2017-10-07T15:14:15+08:00 ] 127.0.0.1 /Admin/Login/login.html
INFO: [ app_init ] --START--
INFO: Run Behavior\BuildLiteBehavior [ RunTime:0.000015s ]
INFO: [ app_init ] --END-- [ RunTime:0.000651s ]
INFO: [ app_begin ] --START--
INFO: Run Behavior\ReadHtmlCacheBehavior [ RunTime:0.000697s ]
INFO: [ app_begin ] --END-- [ RunTime:0.000761s ]
INFO: [ view_parse ] --START--
INFO: [ template_filter ] --START--
INFO: Run Behavior\ContentReplaceBehavior [ RunTime:0.000031s ]
INFO: [ template_filter ] --END-- [ RunTime:0.000060s ]
INFO: Run Behavior\ParseTemplateBehavior [ RunTime:0.004573s ]
INFO: [ view_parse ] --END-- [ RunTime:0.004611s ]
INFO: [ view_filter ] --START--
INFO: Run Behavior\WriteHtmlCacheBehavior [ RunTime:0.000267s ]
INFO: [ view_filter ] --END-- [ RunTime:0.000292s ]
INFO: [ app_end ] --START--
INFO: Run Behavior\ShowPageTraceBehavior [ RunTime:0.000820s ]
INFO: [ app_end ] --END-- [ RunTime:0.000856s ]

[ 2017-10-07T15:14:15+08:00 ] 127.0.0.1 /Admin/Login/verify.html
INFO: [ app_init ] --START--
INFO: Run Behavior\BuildLiteBehavior [ RunTime:0.000012s ]
INFO: [ app_init ] --END-- [ RunTime:0.000583s ]
INFO: [ app_begin ] --START--
INFO: Run Behavior\ReadHtmlCacheBehavior [ RunTime:0.000541s ]
INFO: [ app_begin ] --END-- [ RunTime:0.000591s ]
INFO: [ app_end ] --START--
INFO: Run Behavior\ShowPageTraceBehavior [ RunTime:0.000748s ]
INFO: [ app_end ] --END-- [ RunTime:0.000853s ]

[ 2017-10-07T15:14:30+08:00 ] 127.0.0.1 /Admin/Login/login.html
INFO: [ app_init ] --START--
INFO: Run Behavior\BuildLiteBehavior [ RunTime:0.000023s ]
INFO: [ app_init ] --END-- [ RunTime:0.000889s ]
INFO: [ app_begin ] --START--
INFO: Run Behavior\ReadHtmlCacheBehavior [ RunTime:0.000479s ]
INFO: [ app_begin ] --END-- [ RunTime:0.000528s ]
SQL: SHOW COLUMNS FROM `jx_admin` [ RunTime:0.0138s ]
SQL: SELECT * FROM `jx_admin` WHERE `username` = 'zhangxiaorui' LIMIT 1   [ RunTime:0.0009s ]
INFO: [ view_parse ] --START--
INFO: [ template_filter ] --START--
INFO: Run Behavior\ContentReplaceBehavior [ RunTime:0.000055s ]
INFO: [ template_filter ] --END-- [ RunTime:0.000115s ]
INFO: Run Behavior\ParseTemplateBehavior [ RunTime:0.007081s ]
INFO: [ view_parse ] --END-- [ RunTime:0.007130s ]
INFO: [ view_filter ] --START--
INFO: Run Behavior\WriteHtmlCacheBehavior [ RunTime:0.000277s ]
INFO: [ view_filter ] --END-- [ RunTime:0.000305s ]
INFO: [ app_end ] --START--
INFO: Run Behavior\ShowPageTraceBehavior [ RunTime:0.000447s ]
INFO: [ app_end ] --END-- [ RunTime:0.000475s ]

[ 2017-10-07T15:14:31+08:00 ] 127.0.0.1 /Admin/index/index.html
INFO: [ app_init ] --START--
INFO: Run Behavior\BuildLiteBehavior [ RunTime:0.000018s ]
INFO: [ app_init ] --END-- [ RunTime:0.000841s ]
INFO: [ app_begin ] --START--
INFO: Run Behavior\ReadHtmlCacheBehavior [ RunTime:0.001100s ]
INFO: [ app_begin ] --END-- [ RunTime:0.001200s ]
INFO: [ view_parse ] --START--
INFO: [ template_filter ] --START--
INFO: Run Behavior\ContentReplaceBehavior [ RunTime:0.000043s ]
INFO: [ template_filter ] --END-- [ RunTime:0.000113s ]
INFO: Run Behavior\ParseTemplateBehavior [ RunTime:0.010638s ]
INFO: [ view_parse ] --END-- [ RunTime:0.010712s ]
INFO: [ view_filter ] --START--
INFO: Run Behavior\WriteHtmlCacheBehavior [ RunTime:0.000482s ]
INFO: [ view_filter ] --END-- [ RunTime:0.000531s ]
INFO: [ app_end ] --START--
INFO: Run Behavior\ShowPageTraceBehavior [ RunTime:0.000871s ]
INFO: [ app_end ] --END-- [ RunTime:0.000929s ]

[ 2017-10-07T15:14:31+08:00 ] 127.0.0.1 /Admin/Index/top.html
INFO: [ app_init ] --START--
INFO: Run Behavior\BuildLiteBehavior [ RunTime:0.000012s ]
INFO: [ app_init ] --END-- [ RunTime:0.000473s ]
INFO: [ app_begin ] --START--
INFO: Run Behavior\ReadHtmlCacheBehavior [ RunTime:0.000538s ]
INFO: [ app_begin ] --END-- [ RunTime:0.000593s ]
INFO: [ view_parse ] --START--
INFO: [ template_filter ] --START--
INFO: Run Behavior\ContentReplaceBehavior [ RunTime:0.000049s ]
INFO: [ template_filter ] --END-- [ RunTime:0.000100s ]
INFO: Run Behavior\ParseTemplateBehavior [ RunTime:0.007821s ]
INFO: [ view_parse ] --END-- [ RunTime:0.007878s ]
INFO: [ view_filter ] --START--
INFO: Run Behavior\WriteHtmlCacheBehavior [ RunTime:0.000577s ]
INFO: [ view_filter ] --END-- [ RunTime:0.000631s ]
INFO: [ app_end ] --START--
INFO: Run Behavior\ShowPageTraceBehavior [ RunTime:0.001126s ]
INFO: [ app_end ] --END-- [ RunTime:0.001183s ]

[ 2017-10-07T15:14:31+08:00 ] 127.0.0.1 /Admin/Index/main.html
INFO: [ app_init ] --START--
INFO: Run Behavior\BuildLiteBehavior [ RunTime:0.000028s ]
INFO: [ app_init ] --END-- [ RunTime:0.001389s ]
INFO: [ app_begin ] --START--
INFO: Run Behavior\ReadHtmlCacheBehavior [ RunTime:0.000485s ]
INFO: [ app_begin ] --END-- [ RunTime:0.000529s ]
INFO: [ view_parse ] --START--
INFO: [ template_filter ] --START--
INFO: Run Behavior\ContentReplaceBehavior [ RunTime:0.000052s ]
INFO: [ template_filter ] --END-- [ RunTime:0.000211s ]
INFO: Run Behavior\ParseTemplateBehavior [ RunTime:0.008820s ]
INFO: [ view_parse ] --END-- [ RunTime:0.008939s ]
INFO: [ view_filter ] --START--
INFO: Run Behavior\WriteHtmlCacheBehavior [ RunTime:0.000848s ]
INFO: [ view_filter ] --END-- [ RunTime:0.000949s ]
INFO: [ app_end ] --START--
INFO: Run Behavior\ShowPageTraceBehavior [ RunTime:0.000975s ]
INFO: [ app_end ] --END-- [ RunTime:0.001087s ]

[ 2017-10-07T15:14:31+08:00 ] 127.0.0.1 /Admin/Index/menu.html
INFO: [ app_init ] --START--
INFO: Run Behavior\BuildLiteBehavior [ RunTime:0.000009s ]
INFO: [ app_init ] --END-- [ RunTime:0.001458s ]
INFO: [ app_begin ] --START--
INFO: Run Behavior\ReadHtmlCacheBehavior [ RunTime:0.000472s ]
INFO: [ app_begin ] --END-- [ RunTime:0.000514s ]
INFO: [ view_parse ] --START--
INFO: [ template_filter ] --START--
INFO: Run Behavior\ContentReplaceBehavior [ RunTime:0.000082s ]
INFO: [ template_filter ] --END-- [ RunTime:0.000155s ]
INFO: Run Behavior\ParseTemplateBehavior [ RunTime:0.013347s ]
INFO: [ view_parse ] --END-- [ RunTime:0.013395s ]
INFO: [ view_filter ] --START--
INFO: Run Behavior\WriteHtmlCacheBehavior [ RunTime:0.000397s ]
INFO: [ view_filter ] --END-- [ RunTime:0.000435s ]
INFO: [ app_end ] --START--
INFO: Run Behavior\ShowPageTraceBehavior [ RunTime:0.000583s ]
INFO: [ app_end ] --END-- [ RunTime:0.000644s ]

[ 2017-10-07T15:14:35+08:00 ] 127.0.0.1 /admin/category/cateadd.html
INFO: [ app_init ] --START--
INFO: Run Behavior\BuildLiteBehavior [ RunTime:0.000009s ]
INFO: [ app_init ] --END-- [ RunTime:0.000403s ]
INFO: [ app_begin ] --START--
INFO: Run Behavior\ReadHtmlCacheBehavior [ RunTime:0.000500s ]
INFO: [ app_begin ] --END-- [ RunTime:0.000542s ]
SQL: SHOW COLUMNS FROM `jx_category` [ RunTime:0.0119s ]
SQL: SELECT * FROM `jx_category`  [ RunTime:0.0004s ]
INFO: [ view_parse ] --START--
INFO: [ template_filter ] --START--
INFO: Run Behavior\ContentReplaceBehavior [ RunTime:0.000107s ]
INFO: [ template_filter ] --END-- [ RunTime:0.000231s ]
INFO: Run Behavior\ParseTemplateBehavior [ RunTime:0.011286s ]
INFO: [ view_parse ] --END-- [ RunTime:0.011368s ]
INFO: [ view_filter ] --START--
INFO: Run Behavior\WriteHtmlCacheBehavior [ RunTime:0.000989s ]
INFO: [ view_filter ] --END-- [ RunTime:0.001043s ]
INFO: [ app_end ] --START--
INFO: Run Behavior\ShowPageTraceBehavior [ RunTime:0.000652s ]
INFO: [ app_end ] --END-- [ RunTime:0.000696s ]

[ 2017-10-07T15:14:49+08:00 ] 127.0.0.1 /admin/category/cateadd.html
INFO: [ app_init ] --START--
INFO: Run Behavior\BuildLiteBehavior [ RunTime:0.000009s ]
INFO: [ app_init ] --END-- [ RunTime:0.000342s ]
INFO: [ app_begin ] --START--
INFO: Run Behavior\ReadHtmlCacheBehavior [ RunTime:0.000409s ]
INFO: [ app_begin ] --END-- [ RunTime:0.000447s ]
SQL: SHOW COLUMNS FROM `jx_category` [ RunTime:0.0089s ]
NOTIC: [8] Undefined index: validate D:\web\new_tpshop\ThinkPHP\Library\Think\Model.class.php 第 1185 行.
NOTIC: [8] Undefined index: auto D:\web\new_tpshop\ThinkPHP\Library\Think\Model.class.php 第 1128 行.
SQL: INSERT INTO `jx_category` (`cname`,`parent_id`,`isrec`) VALUES ('苹果手机','1','1') [ RunTime:0.0047s ]
INFO: [ view_parse ] --START--
INFO: [ template_filter ] --START--
INFO: Run Behavior\ContentReplaceBehavior [ RunTime:0.000034s ]
INFO: [ template_filter ] --END-- [ RunTime:0.000075s ]
INFO: Run Behavior\ParseTemplateBehavior [ RunTime:0.006162s ]
INFO: [ view_parse ] --END-- [ RunTime:0.006257s ]
INFO: [ view_filter ] --START--
INFO: Run Behavior\WriteHtmlCacheBehavior [ RunTime:0.000787s ]
INFO: [ view_filter ] --END-- [ RunTime:0.000852s ]
INFO: [ app_end ] --START--
INFO: Run Behavior\ShowPageTraceBehavior [ RunTime:0.000853s ]
INFO: [ app_end ] --END-- [ RunTime:0.000891s ]

[ 2017-10-07T15:14:50+08:00 ] 127.0.0.1 /admin/category/cateadd.html
INFO: [ app_init ] --START--
INFO: Run Behavior\BuildLiteBehavior [ RunTime:0.000014s ]
INFO: [ app_init ] --END-- [ RunTime:0.000531s ]
INFO: [ app_begin ] --START--
INFO: Run Behavior\ReadHtmlCacheBehavior [ RunTime:0.000699s ]
INFO: [ app_begin ] --END-- [ RunTime:0.000765s ]
SQL: SHOW COLUMNS FROM `jx_category` [ RunTime:0.0119s ]
SQL: SELECT * FROM `jx_category`  [ RunTime:0.0004s ]
INFO: [ view_parse ] --START--
INFO: [ template_filter ] --START--
INFO: Run Behavior\ContentReplaceBehavior [ RunTime:0.000096s ]
INFO: [ template_filter ] --END-- [ RunTime:0.000198s ]
INFO: Run Behavior\ParseTemplateBehavior [ RunTime:0.011730s ]
INFO: [ view_parse ] --END-- [ RunTime:0.011804s ]
INFO: [ view_filter ] --START--
INFO: Run Behavior\WriteHtmlCacheBehavior [ RunTime:0.000528s ]
INFO: [ view_filter ] --END-- [ RunTime:0.000577s ]
INFO: [ app_end ] --START--
INFO: Run Behavior\ShowPageTraceBehavior [ RunTime:0.000702s ]
INFO: [ app_end ] --END-- [ RunTime:0.000738s ]

[ 2017-10-07T15:14:52+08:00 ] 127.0.0.1 /Admin/Category/cateList.html
INFO: [ app_init ] --START--
INFO: Run Behavior\BuildLiteBehavior [ RunTime:0.000006s ]
INFO: [ app_init ] --END-- [ RunTime:0.000243s ]
INFO: [ app_begin ] --START--
INFO: Run Behavior\ReadHtmlCacheBehavior [ RunTime:0.000301s ]
INFO: [ app_begin ] --END-- [ RunTime:0.000327s ]
SQL: SHOW COLUMNS FROM `jx_category` [ RunTime:0.0103s ]
SQL: SELECT * FROM `jx_category`  [ RunTime:0.0007s ]
INFO: [ view_parse ] --START--
INFO: [ template_filter ] --START--
INFO: Run Behavior\ContentReplaceBehavior [ RunTime:0.000034s ]
INFO: [ template_filter ] --END-- [ RunTime:0.000066s ]
INFO: Run Behavior\ParseTemplateBehavior [ RunTime:0.008617s ]
INFO: [ view_parse ] --END-- [ RunTime:0.008664s ]
INFO: [ view_filter ] --START--
INFO: Run Behavior\WriteHtmlCacheBehavior [ RunTime:0.000357s ]
INFO: [ view_filter ] --END-- [ RunTime:0.000389s ]
INFO: [ app_end ] --START--
INFO: Run Behavior\ShowPageTraceBehavior [ RunTime:0.000549s ]
INFO: [ app_end ] --END-- [ RunTime:0.000583s ]

[ 2017-10-07T16:46:40+08:00 ] 127.0.0.1 /admin/goods/goodsList.html
INFO: [ app_init ] --START--
INFO: Run Behavior\BuildLiteBehavior [ RunTime:0.000009s ]
INFO: [ app_init ] --END-- [ RunTime:0.000377s ]
INFO: [ app_begin ] --START--
INFO: Run Behavior\ReadHtmlCacheBehavior [ RunTime:0.000470s ]
INFO: [ app_begin ] --END-- [ RunTime:0.000514s ]
SQL: SHOW COLUMNS FROM `jx_category` [ RunTime:0.0108s ]
SQL: SELECT * FROM `jx_category`  [ RunTime:0.0003s ]
SQL: SELECT COUNT(*) AS tp_count FROM `jx_goods` WHERE ( isdel=1 ) LIMIT 1   [ RunTime:0.0008s ]
SQL: SELECT * FROM `jx_goods` WHERE ( isdel=1 ) LIMIT 0,5   [ RunTime:0.0007s ]
INFO: [ view_parse ] --START--
INFO: [ template_filter ] --START--
INFO: Run Behavior\ContentReplaceBehavior [ RunTime:0.000080s ]
INFO: [ template_filter ] --END-- [ RunTime:0.000133s ]
NOTIC: [8] Undefined index: cate_id D:\web\new_tpshop\App\Runtime\Cache\Admin\8fff98f1c85a99ba893b50f23831a1d9.php 第 29 行.
NOTIC: [8] Undefined index: cate_id D:\web\new_tpshop\App\Runtime\Cache\Admin\8fff98f1c85a99ba893b50f23831a1d9.php 第 29 行.
NOTIC: [8] Undefined index: cate_id D:\web\new_tpshop\App\Runtime\Cache\Admin\8fff98f1c85a99ba893b50f23831a1d9.php 第 29 行.
NOTIC: [8] Undefined index: cate_id D:\web\new_tpshop\App\Runtime\Cache\Admin\8fff98f1c85a99ba893b50f23831a1d9.php 第 29 行.
NOTIC: [8] Undefined index: cate_id D:\web\new_tpshop\App\Runtime\Cache\Admin\8fff98f1c85a99ba893b50f23831a1d9.php 第 29 行.
NOTIC: [8] Undefined index: cate_id D:\web\new_tpshop\App\Runtime\Cache\Admin\8fff98f1c85a99ba893b50f23831a1d9.php 第 29 行.
NOTIC: [8] Undefined index: cate_id D:\web\new_tpshop\App\Runtime\Cache\Admin\8fff98f1c85a99ba893b50f23831a1d9.php 第 29 行.
NOTIC: [8] Undefined index: intro_type D:\web\new_tpshop\App\Runtime\Cache\Admin\8fff98f1c85a99ba893b50f23831a1d9.php 第 35 行.
NOTIC: [8] Undefined index: intro_type D:\web\new_tpshop\App\Runtime\Cache\Admin\8fff98f1c85a99ba893b50f23831a1d9.php 第 36 行.
NOTIC: [8] Undefined index: intro_type D:\web\new_tpshop\App\Runtime\Cache\Admin\8fff98f1c85a99ba893b50f23831a1d9.php 第 37 行.
NOTIC: [8] Undefined index: is_sale D:\web\new_tpshop\App\Runtime\Cache\Admin\8fff98f1c85a99ba893b50f23831a1d9.php 第 42 行.
NOTIC: [8] Undefined index: is_sale D:\web\new_tpshop\App\Runtime\Cache\Admin\8fff98f1c85a99ba893b50f23831a1d9.php 第 43 行.
NOTIC: [8] Undefined index: keyword D:\web\new_tpshop\App\Runtime\Cache\Admin\8fff98f1c85a99ba893b50f23831a1d9.php 第 46 行.
INFO: Run Behavior\ParseTemplateBehavior [ RunTime:0.032175s ]
INFO: [ view_parse ] --END-- [ RunTime:0.032256s ]
INFO: [ view_filter ] --START--
INFO: Run Behavior\WriteHtmlCacheBehavior [ RunTime:0.000434s ]
INFO: [ view_filter ] --END-- [ RunTime:0.000477s ]
INFO: [ app_end ] --START--
INFO: Run Behavior\ShowPageTraceBehavior [ RunTime:0.001809s ]
INFO: [ app_end ] --END-- [ RunTime:0.001868s ]

[ 2017-10-07T16:46:41+08:00 ] 127.0.0.1 /Admin/Goods/setNumber/goods_id/55.html
INFO: [ app_init ] --START--
INFO: Run Behavior\BuildLiteBehavior [ RunTime:0.000012s ]
INFO: [ app_init ] --END-- [ RunTime:0.000502s ]
INFO: [ app_begin ] --START--
INFO: Run Behavior\ReadHtmlCacheBehavior [ RunTime:0.000767s ]
INFO: [ app_begin ] --END-- [ RunTime:0.000831s ]
SQL: SHOW COLUMNS FROM `jx_goods_attr` [ RunTime:0.0125s ]
SQL: SELECT ga.*,attr.attr_name,attr.attr_type,attr.attr_value,attr.attr_input_type FROM jx_goods_attr ga left join jx_attribute  as attr on  ga.attr_id = attr.id  WHERE ( attr.attr_type =2 and ga.goods_id=55 )  [ RunTime:0.0010s ]
SQL: SHOW COLUMNS FROM `jx_goods_number` [ RunTime:0.0134s ]
SQL: SELECT * FROM `jx_goods_number` WHERE `goods_id` = 55  [ RunTime:0.0003s ]
INFO: [ view_parse ] --START--
INFO: [ template_filter ] --START--
INFO: Run Behavior\ContentReplaceBehavior [ RunTime:0.000039s ]
INFO: [ template_filter ] --END-- [ RunTime:0.000069s ]
INFO: Run Behavior\ParseTemplateBehavior [ RunTime:0.006787s ]
INFO: [ view_parse ] --END-- [ RunTime:0.006822s ]
INFO: [ view_filter ] --START--
INFO: Run Behavior\WriteHtmlCacheBehavior [ RunTime:0.000211s ]
INFO: [ view_filter ] --END-- [ RunTime:0.000233s ]
INFO: [ app_end ] --START--
INFO: Run Behavior\ShowPageTraceBehavior [ RunTime:0.000328s ]
INFO: [ app_end ] --END-- [ RunTime:0.000348s ]

[ 2017-10-07T21:39:21+08:00 ] 127.0.0.1 /Admin/goods/goodsadd
INFO: [ app_init ] --START--
INFO: Run Behavior\BuildLiteBehavior [ RunTime:0.000011s ]
INFO: [ app_init ] --END-- [ RunTime:0.000269s ]
INFO: [ app_begin ] --START--
INFO: Run Behavior\ReadHtmlCacheBehavior [ RunTime:0.000311s ]
INFO: [ app_begin ] --END-- [ RunTime:0.000336s ]
SQL: SHOW COLUMNS FROM `jx_type` [ RunTime:0.0076s ]
SQL: SELECT * FROM `jx_type`  [ RunTime:0.0003s ]
SQL: SHOW COLUMNS FROM `jx_category` [ RunTime:0.0082s ]
SQL: SELECT * FROM `jx_category`  [ RunTime:0.0003s ]
INFO: [ view_parse ] --START--
INFO: [ template_filter ] --START--
INFO: Run Behavior\ContentReplaceBehavior [ RunTime:0.000074s ]
INFO: [ template_filter ] --END-- [ RunTime:0.000107s ]
NOTIC: [8] Undefined index: level D:\web\new_tpshop\App\Runtime\Cache\Admin\fe98645aa5fadc0c22035a7a5141d794.php 第 131 行.
NOTIC: [8] Undefined index: level D:\web\new_tpshop\App\Runtime\Cache\Admin\fe98645aa5fadc0c22035a7a5141d794.php 第 131 行.
NOTIC: [8] Undefined index: level D:\web\new_tpshop\App\Runtime\Cache\Admin\fe98645aa5fadc0c22035a7a5141d794.php 第 131 行.
NOTIC: [8] Undefined index: level D:\web\new_tpshop\App\Runtime\Cache\Admin\fe98645aa5fadc0c22035a7a5141d794.php 第 131 行.
NOTIC: [8] Undefined index: level D:\web\new_tpshop\App\Runtime\Cache\Admin\fe98645aa5fadc0c22035a7a5141d794.php 第 131 行.
INFO: Run Behavior\ParseTemplateBehavior [ RunTime:0.007303s ]
INFO: [ view_parse ] --END-- [ RunTime:0.007326s ]
INFO: [ view_filter ] --START--
INFO: Run Behavior\WriteHtmlCacheBehavior [ RunTime:0.000206s ]
INFO: [ view_filter ] --END-- [ RunTime:0.000226s ]

[ 2017-10-07T21:40:57+08:00 ] 127.0.0.1 /Admin/Goods/showAttr.html
INFO: [ app_init ] --START--
INFO: Run Behavior\BuildLiteBehavior [ RunTime:0.000014s ]
INFO: [ app_init ] --END-- [ RunTime:0.000801s ]
INFO: [ app_begin ] --START--
INFO: Run Behavior\ReadHtmlCacheBehavior [ RunTime:0.000868s ]
INFO: [ app_begin ] --END-- [ RunTime:0.000946s ]
SQL: SELECT * FROM `jx_attribute` WHERE `type_id` = 5  [ RunTime:0.0010s ]
INFO: [ view_parse ] --START--
INFO: [ template_filter ] --START--
INFO: Run Behavior\ContentReplaceBehavior [ RunTime:0.000037s ]
INFO: [ template_filter ] --END-- [ RunTime:0.000074s ]
INFO: Run Behavior\ParseTemplateBehavior [ RunTime:0.010178s ]
INFO: [ view_parse ] --END-- [ RunTime:0.010232s ]
INFO: [ view_filter ] --START--
INFO: Run Behavior\WriteHtmlCacheBehavior [ RunTime:0.000533s ]
INFO: [ view_filter ] --END-- [ RunTime:0.000563s ]
INFO: [ app_end ] --START--
INFO: Run Behavior\ShowPageTraceBehavior [ RunTime:0.000738s ]
INFO: [ app_end ] --END-- [ RunTime:0.000769s ]

[ 2017-10-07T21:41:30+08:00 ] 127.0.0.1 /Admin/goods/goodsadd
INFO: [ app_init ] --START--
INFO: Run Behavior\BuildLiteBehavior [ RunTime:0.000008s ]
INFO: [ app_init ] --END-- [ RunTime:0.000448s ]
INFO: [ app_begin ] --START--
INFO: Run Behavior\ReadHtmlCacheBehavior [ RunTime:0.000612s ]
INFO: [ app_begin ] --END-- [ RunTime:0.000650s ]
NOTIC: [8] Undefined index: validate D:\web\new_tpshop\ThinkPHP\Library\Think\Model.class.php 第 1185 行.
NOTIC: [8] Undefined index: auto D:\web\new_tpshop\ThinkPHP\Library\Think\Model.class.php 第 1128 行.
NOTIC: [2] call_user_func() expects parameter 1 to be a valid callback, no array or string given D:\web\new_tpshop\ThinkPHP\Library\Think\Upload.class.php 第 170 行.
SQL: INSERT INTO `jx_goods` (`goods_name`,`goods_sn`,`cate_id`,`shop_price`,`cx_price`,`start`,`end`,`is_sale`,`is_hot`,`is_rec`,`market_price`,`type_id`,`goods_body`,`addtime`,`goods_img`,`goods_thumb`) VALUES ('华为 HUAWEI 麦芒 6 全网通 4GB+64GB版 流光金 移动联通电信4G手机 双卡双待','tpshop59d8d98abf57d','6','1234','1000','','','1','1','1','2345','5','&lt;p&gt;&lt;img src=&quot;/ueditor/php/upload/image/20171007/1507383645.jpg&quot; title=&quot;1507383645.jpg&quot; alt=&quot;desc3.jpg&quot;/&gt;&lt;/p&gt;','1507383690','Uploads/2017-10-07/59d8d98ac098b.jpg','Uploads/2017-10-07/thumb_59d8d98ac098b.jpg') [ RunTime:0.0046s ]
SQL: SHOW COLUMNS FROM `jx_goods_cate` [ RunTime:0.0101s ]
SQL: INSERT INTO `jx_goods_cate` (`goods_id`,`cate_id`) VALUES ('63','1') [ RunTime:0.0040s ]
SQL: SHOW COLUMNS FROM `jx_goods_attr` [ RunTime:0.0085s ]
SQL: INSERT INTO `jx_goods_attr` (`goods_id`,`attr_id`,`attr_values`) VALUES ('63','7','骁龙810'),('63','8','5.5'),('63','8',''),('63','9','银色'),('63','9','金色'),('63','10','5000'),('63','11','安卓（Android）'),('63','12','3GB'),('63','13','64'),('63','14','1280×720（HD）') [ RunTime:0.0039s ]
NOTIC: [2] call_user_func() expects parameter 1 to be a valid callback, no array or string given D:\web\new_tpshop\ThinkPHP\Library\Think\Upload.class.php 第 170 行.
NOTIC: [2] call_user_func() expects parameter 1 to be a valid callback, no array or string given D:\web\new_tpshop\ThinkPHP\Library\Think\Upload.class.php 第 170 行.
SQL: SHOW COLUMNS FROM `jx_goods_img` [ RunTime:0.0086s ]
SQL: INSERT INTO `jx_goods_img` (`goods_id`,`goods_img`,`goods_thumb`) VALUES ('63','Uploads/2017-10-07/59d8d98acdba0.jpg','Uploads/2017-10-07/thumb_59d8d98acdba0.jpg'),('63','Uploads/2017-10-07/59d8d98acefc0.jpg','Uploads/2017-10-07/thumb_59d8d98acefc0.jpg') [ RunTime:0.0043s ]
INFO: [ view_parse ] --START--
INFO: [ template_filter ] --START--
INFO: Run Behavior\ContentReplaceBehavior [ RunTime:0.000025s ]
INFO: [ template_filter ] --END-- [ RunTime:0.000058s ]
INFO: Run Behavior\ParseTemplateBehavior [ RunTime:0.005729s ]
INFO: [ view_parse ] --END-- [ RunTime:0.005765s ]
INFO: [ view_filter ] --START--
INFO: Run Behavior\WriteHtmlCacheBehavior [ RunTime:0.000320s ]
INFO: [ view_filter ] --END-- [ RunTime:0.000341s ]
INFO: [ app_end ] --START--
INFO: Run Behavior\ShowPageTraceBehavior [ RunTime:0.000457s ]
INFO: [ app_end ] --END-- [ RunTime:0.000477s ]

[ 2017-10-07T21:41:32+08:00 ] 127.0.0.1 /Admin/Goods/goodsList.html
INFO: [ app_init ] --START--
INFO: Run Behavior\BuildLiteBehavior [ RunTime:0.000023s ]
INFO: [ app_init ] --END-- [ RunTime:0.001442s ]
INFO: [ app_begin ] --START--
INFO: Run Behavior\ReadHtmlCacheBehavior [ RunTime:0.002049s ]
INFO: [ app_begin ] --END-- [ RunTime:0.002166s ]
SQL: SHOW COLUMNS FROM `jx_category` [ RunTime:0.0306s ]
SQL: SELECT * FROM `jx_category`  [ RunTime:0.0009s ]
SQL: SELECT COUNT(*) AS tp_count FROM `jx_goods` WHERE ( isdel=1 ) LIMIT 1   [ RunTime:0.0008s ]
SQL: SELECT * FROM `jx_goods` WHERE ( isdel=1 ) LIMIT 0,5   [ RunTime:0.0015s ]
INFO: [ view_parse ] --START--
INFO: [ template_filter ] --START--
INFO: Run Behavior\ContentReplaceBehavior [ RunTime:0.000171s ]
INFO: [ template_filter ] --END-- [ RunTime:0.000267s ]
NOTIC: [8] Undefined index: cate_id D:\web\new_tpshop\App\Runtime\Cache\Admin\8fff98f1c85a99ba893b50f23831a1d9.php 第 29 行.
NOTIC: [8] Undefined index: cate_id D:\web\new_tpshop\App\Runtime\Cache\Admin\8fff98f1c85a99ba893b50f23831a1d9.php 第 29 行.
NOTIC: [8] Undefined index: cate_id D:\web\new_tpshop\App\Runtime\Cache\Admin\8fff98f1c85a99ba893b50f23831a1d9.php 第 29 行.
NOTIC: [8] Undefined index: cate_id D:\web\new_tpshop\App\Runtime\Cache\Admin\8fff98f1c85a99ba893b50f23831a1d9.php 第 29 行.
NOTIC: [8] Undefined index: cate_id D:\web\new_tpshop\App\Runtime\Cache\Admin\8fff98f1c85a99ba893b50f23831a1d9.php 第 29 行.
NOTIC: [8] Undefined index: cate_id D:\web\new_tpshop\App\Runtime\Cache\Admin\8fff98f1c85a99ba893b50f23831a1d9.php 第 29 行.
NOTIC: [8] Undefined index: cate_id D:\web\new_tpshop\App\Runtime\Cache\Admin\8fff98f1c85a99ba893b50f23831a1d9.php 第 29 行.
NOTIC: [8] Undefined index: intro_type D:\web\new_tpshop\App\Runtime\Cache\Admin\8fff98f1c85a99ba893b50f23831a1d9.php 第 35 行.
NOTIC: [8] Undefined index: intro_type D:\web\new_tpshop\App\Runtime\Cache\Admin\8fff98f1c85a99ba893b50f23831a1d9.php 第 36 行.
NOTIC: [8] Undefined index: intro_type D:\web\new_tpshop\App\Runtime\Cache\Admin\8fff98f1c85a99ba893b50f23831a1d9.php 第 37 行.
NOTIC: [8] Undefined index: is_sale D:\web\new_tpshop\App\Runtime\Cache\Admin\8fff98f1c85a99ba893b50f23831a1d9.php 第 42 行.
NOTIC: [8] Undefined index: is_sale D:\web\new_tpshop\App\Runtime\Cache\Admin\8fff98f1c85a99ba893b50f23831a1d9.php 第 43 行.
NOTIC: [8] Undefined index: keyword D:\web\new_tpshop\App\Runtime\Cache\Admin\8fff98f1c85a99ba893b50f23831a1d9.php 第 46 行.
INFO: Run Behavior\ParseTemplateBehavior [ RunTime:0.030803s ]
INFO: [ view_parse ] --END-- [ RunTime:0.030888s ]
INFO: [ view_filter ] --START--
INFO: Run Behavior\WriteHtmlCacheBehavior [ RunTime:0.001192s ]
INFO: [ view_filter ] --END-- [ RunTime:0.001262s ]
INFO: [ app_end ] --START--
INFO: Run Behavior\ShowPageTraceBehavior [ RunTime:0.001795s ]
INFO: [ app_end ] --END-- [ RunTime:0.001899s ]

[ 2017-10-07T21:41:36+08:00 ] 127.0.0.1 /Admin/Goods/goodsList/p/2.html
INFO: [ app_init ] --START--
INFO: Run Behavior\BuildLiteBehavior [ RunTime:0.000020s ]
INFO: [ app_init ] --END-- [ RunTime:0.001200s ]
INFO: [ app_begin ] --START--
INFO: Run Behavior\ReadHtmlCacheBehavior [ RunTime:0.001493s ]
INFO: [ app_begin ] --END-- [ RunTime:0.001587s ]
SQL: SHOW COLUMNS FROM `jx_category` [ RunTime:0.0287s ]
SQL: SELECT * FROM `jx_category`  [ RunTime:0.0005s ]
SQL: SELECT COUNT(*) AS tp_count FROM `jx_goods` WHERE ( isdel=1 ) LIMIT 1   [ RunTime:0.0005s ]
SQL: SELECT * FROM `jx_goods` WHERE ( isdel=1 ) LIMIT 5,5   [ RunTime:0.0009s ]
INFO: [ view_parse ] --START--
INFO: [ template_filter ] --START--
INFO: Run Behavior\ContentReplaceBehavior [ RunTime:0.000106s ]
INFO: [ template_filter ] --END-- [ RunTime:0.000166s ]
NOTIC: [8] Undefined index: cate_id D:\web\new_tpshop\App\Runtime\Cache\Admin\8fff98f1c85a99ba893b50f23831a1d9.php 第 29 行.
NOTIC: [8] Undefined index: cate_id D:\web\new_tpshop\App\Runtime\Cache\Admin\8fff98f1c85a99ba893b50f23831a1d9.php 第 29 行.
NOTIC: [8] Undefined index: cate_id D:\web\new_tpshop\App\Runtime\Cache\Admin\8fff98f1c85a99ba893b50f23831a1d9.php 第 29 行.
NOTIC: [8] Undefined index: cate_id D:\web\new_tpshop\App\Runtime\Cache\Admin\8fff98f1c85a99ba893b50f23831a1d9.php 第 29 行.
NOTIC: [8] Undefined index: cate_id D:\web\new_tpshop\App\Runtime\Cache\Admin\8fff98f1c85a99ba893b50f23831a1d9.php 第 29 行.
NOTIC: [8] Undefined index: cate_id D:\web\new_tpshop\App\Runtime\Cache\Admin\8fff98f1c85a99ba893b50f23831a1d9.php 第 29 行.
NOTIC: [8] Undefined index: cate_id D:\web\new_tpshop\App\Runtime\Cache\Admin\8fff98f1c85a99ba893b50f23831a1d9.php 第 29 行.
NOTIC: [8] Undefined index: intro_type D:\web\new_tpshop\App\Runtime\Cache\Admin\8fff98f1c85a99ba893b50f23831a1d9.php 第 35 行.
NOTIC: [8] Undefined index: intro_type D:\web\new_tpshop\App\Runtime\Cache\Admin\8fff98f1c85a99ba893b50f23831a1d9.php 第 36 行.
NOTIC: [8] Undefined index: intro_type D:\web\new_tpshop\App\Runtime\Cache\Admin\8fff98f1c85a99ba893b50f23831a1d9.php 第 37 行.
NOTIC: [8] Undefined index: is_sale D:\web\new_tpshop\App\Runtime\Cache\Admin\8fff98f1c85a99ba893b50f23831a1d9.php 第 42 行.
NOTIC: [8] Undefined index: is_sale D:\web\new_tpshop\App\Runtime\Cache\Admin\8fff98f1c85a99ba893b50f23831a1d9.php 第 43 行.
NOTIC: [8] Undefined index: keyword D:\web\new_tpshop\App\Runtime\Cache\Admin\8fff98f1c85a99ba893b50f23831a1d9.php 第 46 行.
INFO: Run Behavior\ParseTemplateBehavior [ RunTime:0.017077s ]
INFO: [ view_parse ] --END-- [ RunTime:0.017129s ]
INFO: [ view_filter ] --START--
INFO: Run Behavior\WriteHtmlCacheBehavior [ RunTime:0.000790s ]
INFO: [ view_filter ] --END-- [ RunTime:0.000839s ]
INFO: [ app_end ] --START--
INFO: Run Behavior\ShowPageTraceBehavior [ RunTime:0.001147s ]
INFO: [ app_end ] --END-- [ RunTime:0.001207s ]

