[ 2017-10-05T21:49:27+08:00 ] 127.0.0.1 /admin/goods/goodsAdd.html
INFO: [ app_init ] --START--
INFO: Run Behavior\BuildLiteBehavior [ RunTime:0.000017s ]
INFO: [ app_init ] --END-- [ RunTime:0.001647s ]
INFO: [ app_begin ] --START--
INFO: Run Behavior\ReadHtmlCacheBehavior [ RunTime:0.000923s ]
INFO: [ app_begin ] --END-- [ RunTime:0.000996s ]
INFO: [ view_parse ] --START--
INFO: [ template_filter ] --START--
INFO: Run Behavior\ContentReplaceBehavior [ RunTime:0.000297s ]
INFO: [ template_filter ] --END-- [ RunTime:0.000369s ]
INFO: Run Behavior\ParseTemplateBehavior [ RunTime:0.011101s ]
INFO: [ view_parse ] --END-- [ RunTime:0.011175s ]
INFO: [ view_filter ] --START--
INFO: Run Behavior\WriteHtmlCacheBehavior [ RunTime:0.000454s ]
INFO: [ view_filter ] --END-- [ RunTime:0.000485s ]

[ 2017-10-05T21:49:30+08:00 ] 127.0.0.1 /Admin/Login/login.html
INFO: [ app_init ] --START--
INFO: Run Behavior\BuildLiteBehavior [ RunTime:0.000035s ]
INFO: [ app_init ] --END-- [ RunTime:0.001571s ]
INFO: [ app_begin ] --START--
INFO: Run Behavior\ReadHtmlCacheBehavior [ RunTime:0.004331s ]
INFO: [ app_begin ] --END-- [ RunTime:0.004587s ]
INFO: [ view_parse ] --START--
INFO: [ template_filter ] --START--
INFO: Run Behavior\ContentReplaceBehavior [ RunTime:0.000112s ]
INFO: [ template_filter ] --END-- [ RunTime:0.000234s ]
INFO: Run Behavior\ParseTemplateBehavior [ RunTime:0.015028s ]
INFO: [ view_parse ] --END-- [ RunTime:0.015131s ]
INFO: [ view_filter ] --START--
INFO: Run Behavior\WriteHtmlCacheBehavior [ RunTime:0.000846s ]
INFO: [ view_filter ] --END-- [ RunTime:0.000946s ]
INFO: [ app_end ] --START--
INFO: Run Behavior\ShowPageTraceBehavior [ RunTime:0.001967s ]
INFO: [ app_end ] --END-- [ RunTime:0.002097s ]

[ 2017-10-05T21:49:30+08:00 ] 127.0.0.1 /Admin/Login/verify.html
INFO: [ app_init ] --START--
INFO: Run Behavior\BuildLiteBehavior [ RunTime:0.000014s ]
INFO: [ app_init ] --END-- [ RunTime:0.000569s ]
INFO: [ app_begin ] --START--
INFO: Run Behavior\ReadHtmlCacheBehavior [ RunTime:0.000699s ]
INFO: [ app_begin ] --END-- [ RunTime:0.000764s ]
INFO: [ app_end ] --START--
INFO: Run Behavior\ShowPageTraceBehavior [ RunTime:0.000521s ]
INFO: [ app_end ] --END-- [ RunTime:0.000573s ]

[ 2017-10-05T21:50:07+08:00 ] 127.0.0.1 /Admin/Login/login.html
INFO: [ app_init ] --START--
INFO: Run Behavior\BuildLiteBehavior [ RunTime:0.000022s ]
INFO: [ app_init ] --END-- [ RunTime:0.000960s ]
INFO: [ app_begin ] --START--
INFO: Run Behavior\ReadHtmlCacheBehavior [ RunTime:0.003935s ]
INFO: [ app_begin ] --END-- [ RunTime:0.004173s ]
SQL: SHOW COLUMNS FROM `jx_admin` [ RunTime:0.0189s ]
SQL: SELECT * FROM `jx_admin` WHERE `username` = 'zhangxiaorui' LIMIT 1   [ RunTime:0.0007s ]
INFO: [ view_parse ] --START--
INFO: [ template_filter ] --START--
INFO: Run Behavior\ContentReplaceBehavior [ RunTime:0.000034s ]
INFO: [ template_filter ] --END-- [ RunTime:0.000078s ]
INFO: Run Behavior\ParseTemplateBehavior [ RunTime:0.007122s ]
INFO: [ view_parse ] --END-- [ RunTime:0.007195s ]
INFO: [ view_filter ] --START--
INFO: Run Behavior\WriteHtmlCacheBehavior [ RunTime:0.000248s ]
INFO: [ view_filter ] --END-- [ RunTime:0.000279s ]
INFO: [ app_end ] --START--
INFO: Run Behavior\ShowPageTraceBehavior [ RunTime:0.000631s ]
INFO: [ app_end ] --END-- [ RunTime:0.000678s ]

[ 2017-10-05T21:50:09+08:00 ] 127.0.0.1 /Admin/index/index.html
INFO: [ app_init ] --START--
INFO: Run Behavior\BuildLiteBehavior [ RunTime:0.000019s ]
INFO: [ app_init ] --END-- [ RunTime:0.000950s ]
INFO: [ app_begin ] --START--
INFO: Run Behavior\ReadHtmlCacheBehavior [ RunTime:0.001001s ]
INFO: [ app_begin ] --END-- [ RunTime:0.001084s ]
NOTIC: [8] unserialize(): Error at offset 0 of 3605 bytes D:\web\new_tpshop\ThinkPHP\Library\Think\Cache\Driver\File.class.php 第 104 行.
NOTIC: [8] Use of undefined constant AdminRole - assumed 'AdminRole' D:\web\new_tpshop\App\Admin\Controller\CommonController.class.php 第 32 行.
SQL: SHOW COLUMNS FROM `jx_admin_role` [ RunTime:0.0271s ]
SQL: SELECT * FROM `jx_admin_role` WHERE `admin_id` = 15 LIMIT 1   [ RunTime:0.0006s ]
SQL: SHOW COLUMNS FROM `jx_rule` [ RunTime:0.0263s ]
SQL: SELECT * FROM `jx_rule`  [ RunTime:0.0009s ]
INFO: [ view_parse ] --START--
INFO: [ template_filter ] --START--
INFO: Run Behavior\ContentReplaceBehavior [ RunTime:0.000059s ]
INFO: [ template_filter ] --END-- [ RunTime:0.000148s ]
INFO: Run Behavior\ParseTemplateBehavior [ RunTime:0.012544s ]
INFO: [ view_parse ] --END-- [ RunTime:0.012705s ]
INFO: [ view_filter ] --START--
INFO: Run Behavior\WriteHtmlCacheBehavior [ RunTime:0.001120s ]
INFO: [ view_filter ] --END-- [ RunTime:0.001210s ]
INFO: [ app_end ] --START--
INFO: Run Behavior\ShowPageTraceBehavior [ RunTime:0.002641s ]
INFO: [ app_end ] --END-- [ RunTime:0.002755s ]

[ 2017-10-05T21:50:09+08:00 ] 127.0.0.1 /Admin/Index/top.html
INFO: [ app_init ] --START--
INFO: Run Behavior\BuildLiteBehavior [ RunTime:0.000007s ]
INFO: [ app_init ] --END-- [ RunTime:0.000260s ]
INFO: [ app_begin ] --START--
INFO: Run Behavior\ReadHtmlCacheBehavior [ RunTime:0.000308s ]
INFO: [ app_begin ] --END-- [ RunTime:0.000336s ]
INFO: [ view_parse ] --START--
INFO: [ template_filter ] --START--
INFO: Run Behavior\ContentReplaceBehavior [ RunTime:0.000036s ]
INFO: [ template_filter ] --END-- [ RunTime:0.000075s ]
INFO: Run Behavior\ParseTemplateBehavior [ RunTime:0.004973s ]
INFO: [ view_parse ] --END-- [ RunTime:0.005010s ]
INFO: [ view_filter ] --START--
INFO: Run Behavior\WriteHtmlCacheBehavior [ RunTime:0.000220s ]
INFO: [ view_filter ] --END-- [ RunTime:0.000240s ]
INFO: [ app_end ] --START--
INFO: Run Behavior\ShowPageTraceBehavior [ RunTime:0.000331s ]
INFO: [ app_end ] --END-- [ RunTime:0.000354s ]

[ 2017-10-05T21:50:09+08:00 ] 127.0.0.1 /Admin/Index/menu.html
INFO: [ app_init ] --START--
INFO: Run Behavior\BuildLiteBehavior [ RunTime:0.000008s ]
INFO: [ app_init ] --END-- [ RunTime:0.000294s ]
INFO: [ app_begin ] --START--
INFO: Run Behavior\ReadHtmlCacheBehavior [ RunTime:0.000359s ]
INFO: [ app_begin ] --END-- [ RunTime:0.000390s ]
INFO: [ view_parse ] --START--
INFO: [ template_filter ] --START--
INFO: Run Behavior\ContentReplaceBehavior [ RunTime:0.000116s ]
INFO: [ template_filter ] --END-- [ RunTime:0.000197s ]
INFO: Run Behavior\ParseTemplateBehavior [ RunTime:0.008616s ]
INFO: [ view_parse ] --END-- [ RunTime:0.008664s ]
INFO: [ view_filter ] --START--
INFO: Run Behavior\WriteHtmlCacheBehavior [ RunTime:0.000258s ]
INFO: [ view_filter ] --END-- [ RunTime:0.000280s ]
INFO: [ app_end ] --START--
INFO: Run Behavior\ShowPageTraceBehavior [ RunTime:0.000427s ]
INFO: [ app_end ] --END-- [ RunTime:0.000460s ]

[ 2017-10-05T21:50:09+08:00 ] 127.0.0.1 /Admin/Index/main.html
INFO: [ app_init ] --START--
INFO: Run Behavior\BuildLiteBehavior [ RunTime:0.000012s ]
INFO: [ app_init ] --END-- [ RunTime:0.000281s ]
INFO: [ app_begin ] --START--
INFO: Run Behavior\ReadHtmlCacheBehavior [ RunTime:0.000331s ]
INFO: [ app_begin ] --END-- [ RunTime:0.000357s ]
INFO: [ view_parse ] --START--
INFO: [ template_filter ] --START--
INFO: Run Behavior\ContentReplaceBehavior [ RunTime:0.000037s ]
INFO: [ template_filter ] --END-- [ RunTime:0.000070s ]
INFO: Run Behavior\ParseTemplateBehavior [ RunTime:0.004381s ]
INFO: [ view_parse ] --END-- [ RunTime:0.004431s ]
INFO: [ view_filter ] --START--
INFO: Run Behavior\WriteHtmlCacheBehavior [ RunTime:0.000364s ]
INFO: [ view_filter ] --END-- [ RunTime:0.000403s ]
INFO: [ app_end ] --START--
INFO: Run Behavior\ShowPageTraceBehavior [ RunTime:0.000557s ]
INFO: [ app_end ] --END-- [ RunTime:0.000597s ]

[ 2017-10-05T21:50:13+08:00 ] 127.0.0.1 /admin/goods/goodsAdd.html
INFO: [ app_init ] --START--
INFO: Run Behavior\BuildLiteBehavior [ RunTime:0.000006s ]
INFO: [ app_init ] --END-- [ RunTime:0.000239s ]
INFO: [ app_begin ] --START--
INFO: Run Behavior\ReadHtmlCacheBehavior [ RunTime:0.000303s ]
INFO: [ app_begin ] --END-- [ RunTime:0.000329s ]
SQL: SHOW COLUMNS FROM `jx_type` [ RunTime:0.0095s ]
SQL: SELECT * FROM `jx_type`  [ RunTime:0.0002s ]
SQL: SHOW COLUMNS FROM `jx_category` [ RunTime:0.0081s ]
SQL: SELECT * FROM `jx_category`  [ RunTime:0.0003s ]
INFO: [ view_parse ] --START--
INFO: [ template_filter ] --START--
INFO: Run Behavior\ContentReplaceBehavior [ RunTime:0.000066s ]
INFO: [ template_filter ] --END-- [ RunTime:0.000099s ]
NOTIC: [8] Undefined index: level D:\web\new_tpshop\App\Runtime\Cache\Admin\2d581302f585c48a2c4e59b4371bb019.php 第 123 行.
NOTIC: [8] Undefined index: level D:\web\new_tpshop\App\Runtime\Cache\Admin\2d581302f585c48a2c4e59b4371bb019.php 第 123 行.
NOTIC: [8] Undefined index: level D:\web\new_tpshop\App\Runtime\Cache\Admin\2d581302f585c48a2c4e59b4371bb019.php 第 123 行.
NOTIC: [8] Undefined index: level D:\web\new_tpshop\App\Runtime\Cache\Admin\2d581302f585c48a2c4e59b4371bb019.php 第 123 行.
NOTIC: [8] Undefined index: level D:\web\new_tpshop\App\Runtime\Cache\Admin\2d581302f585c48a2c4e59b4371bb019.php 第 123 行.
INFO: Run Behavior\ParseTemplateBehavior [ RunTime:0.005955s ]
INFO: [ view_parse ] --END-- [ RunTime:0.005981s ]
INFO: [ view_filter ] --START--
INFO: Run Behavior\WriteHtmlCacheBehavior [ RunTime:0.000199s ]
INFO: [ view_filter ] --END-- [ RunTime:0.000219s ]

[ 2017-10-05T21:50:57+08:00 ] 127.0.0.1 /Admin/index/index.html
INFO: [ app_init ] --START--
INFO: Run Behavior\BuildLiteBehavior [ RunTime:0.000023s ]
INFO: [ app_init ] --END-- [ RunTime:0.001096s ]
INFO: [ app_begin ] --START--
INFO: Run Behavior\ReadHtmlCacheBehavior [ RunTime:0.001152s ]
INFO: [ app_begin ] --END-- [ RunTime:0.001248s ]
INFO: [ view_parse ] --START--
INFO: [ template_filter ] --START--
INFO: Run Behavior\ContentReplaceBehavior [ RunTime:0.000067s ]
INFO: [ template_filter ] --END-- [ RunTime:0.000203s ]
INFO: Run Behavior\ParseTemplateBehavior [ RunTime:0.022042s ]
INFO: [ view_parse ] --END-- [ RunTime:0.022159s ]
INFO: [ view_filter ] --START--
INFO: Run Behavior\WriteHtmlCacheBehavior [ RunTime:0.000704s ]
INFO: [ view_filter ] --END-- [ RunTime:0.000776s ]
INFO: [ app_end ] --START--
INFO: Run Behavior\ShowPageTraceBehavior [ RunTime:0.001209s ]
INFO: [ app_end ] --END-- [ RunTime:0.001288s ]

[ 2017-10-05T21:50:58+08:00 ] 127.0.0.1 /Admin/Index/top.html
INFO: [ app_init ] --START--
INFO: Run Behavior\BuildLiteBehavior [ RunTime:0.000010s ]
INFO: [ app_init ] --END-- [ RunTime:0.000410s ]
INFO: [ app_begin ] --START--
INFO: Run Behavior\ReadHtmlCacheBehavior [ RunTime:0.000955s ]
INFO: [ app_begin ] --END-- [ RunTime:0.001011s ]
INFO: [ view_parse ] --START--
INFO: [ template_filter ] --START--
INFO: Run Behavior\ContentReplaceBehavior [ RunTime:0.000035s ]
INFO: [ template_filter ] --END-- [ RunTime:0.000070s ]
INFO: Run Behavior\ParseTemplateBehavior [ RunTime:0.005200s ]
INFO: [ view_parse ] --END-- [ RunTime:0.005240s ]
INFO: [ view_filter ] --START--
INFO: Run Behavior\WriteHtmlCacheBehavior [ RunTime:0.000254s ]
INFO: [ view_filter ] --END-- [ RunTime:0.000277s ]
INFO: [ app_end ] --START--
INFO: Run Behavior\ShowPageTraceBehavior [ RunTime:0.000346s ]
INFO: [ app_end ] --END-- [ RunTime:0.000367s ]

[ 2017-10-05T21:50:58+08:00 ] 127.0.0.1 /Admin/Index/menu.html
INFO: [ app_init ] --START--
INFO: Run Behavior\BuildLiteBehavior [ RunTime:0.000009s ]
INFO: [ app_init ] --END-- [ RunTime:0.000380s ]
INFO: [ app_begin ] --START--
INFO: Run Behavior\ReadHtmlCacheBehavior [ RunTime:0.000475s ]
INFO: [ app_begin ] --END-- [ RunTime:0.000522s ]
INFO: [ view_parse ] --START--
INFO: [ template_filter ] --START--
INFO: Run Behavior\ContentReplaceBehavior [ RunTime:0.000075s ]
INFO: [ template_filter ] --END-- [ RunTime:0.000121s ]
INFO: Run Behavior\ParseTemplateBehavior [ RunTime:0.006648s ]
INFO: [ view_parse ] --END-- [ RunTime:0.006682s ]
INFO: [ view_filter ] --START--
INFO: Run Behavior\WriteHtmlCacheBehavior [ RunTime:0.000259s ]
INFO: [ view_filter ] --END-- [ RunTime:0.000281s ]
INFO: [ app_end ] --START--
INFO: Run Behavior\ShowPageTraceBehavior [ RunTime:0.000405s ]
INFO: [ app_end ] --END-- [ RunTime:0.000434s ]

[ 2017-10-05T21:50:58+08:00 ] 127.0.0.1 /Admin/Index/main.html
INFO: [ app_init ] --START--
INFO: Run Behavior\BuildLiteBehavior [ RunTime:0.000007s ]
INFO: [ app_init ] --END-- [ RunTime:0.000282s ]
INFO: [ app_begin ] --START--
INFO: Run Behavior\ReadHtmlCacheBehavior [ RunTime:0.000366s ]
INFO: [ app_begin ] --END-- [ RunTime:0.000396s ]
INFO: [ view_parse ] --START--
INFO: [ template_filter ] --START--
INFO: Run Behavior\ContentReplaceBehavior [ RunTime:0.000039s ]
INFO: [ template_filter ] --END-- [ RunTime:0.000073s ]
INFO: Run Behavior\ParseTemplateBehavior [ RunTime:0.005513s ]
INFO: [ view_parse ] --END-- [ RunTime:0.005573s ]
INFO: [ view_filter ] --START--
INFO: Run Behavior\WriteHtmlCacheBehavior [ RunTime:0.000210s ]
INFO: [ view_filter ] --END-- [ RunTime:0.000232s ]
INFO: [ app_end ] --START--
INFO: Run Behavior\ShowPageTraceBehavior [ RunTime:0.000363s ]
INFO: [ app_end ] --END-- [ RunTime:0.000386s ]

[ 2017-10-05T21:50:59+08:00 ] 127.0.0.1 /admin/goods/goodsAdd.html
INFO: [ app_init ] --START--
INFO: Run Behavior\BuildLiteBehavior [ RunTime:0.000020s ]
INFO: [ app_init ] --END-- [ RunTime:0.000877s ]
INFO: [ app_begin ] --START--
INFO: Run Behavior\ReadHtmlCacheBehavior [ RunTime:0.001086s ]
INFO: [ app_begin ] --END-- [ RunTime:0.001173s ]
SQL: SHOW COLUMNS FROM `jx_type` [ RunTime:0.0263s ]
SQL: SELECT * FROM `jx_type`  [ RunTime:0.0006s ]
SQL: SHOW COLUMNS FROM `jx_category` [ RunTime:0.0309s ]
SQL: SELECT * FROM `jx_category`  [ RunTime:0.0007s ]
INFO: [ view_parse ] --START--
INFO: [ template_filter ] --START--
INFO: Run Behavior\ContentReplaceBehavior [ RunTime:0.000173s ]
INFO: [ template_filter ] --END-- [ RunTime:0.000238s ]
NOTIC: [8] Undefined index: level D:\web\new_tpshop\App\Runtime\Cache\Admin\2d581302f585c48a2c4e59b4371bb019.php 第 123 行.
NOTIC: [8] Undefined index: level D:\web\new_tpshop\App\Runtime\Cache\Admin\2d581302f585c48a2c4e59b4371bb019.php 第 123 行.
NOTIC: [8] Undefined index: level D:\web\new_tpshop\App\Runtime\Cache\Admin\2d581302f585c48a2c4e59b4371bb019.php 第 123 行.
NOTIC: [8] Undefined index: level D:\web\new_tpshop\App\Runtime\Cache\Admin\2d581302f585c48a2c4e59b4371bb019.php 第 123 行.
NOTIC: [8] Undefined index: level D:\web\new_tpshop\App\Runtime\Cache\Admin\2d581302f585c48a2c4e59b4371bb019.php 第 123 行.
INFO: Run Behavior\ParseTemplateBehavior [ RunTime:0.016792s ]
INFO: [ view_parse ] --END-- [ RunTime:0.016882s ]
INFO: [ view_filter ] --START--
INFO: Run Behavior\WriteHtmlCacheBehavior [ RunTime:0.000660s ]
INFO: [ view_filter ] --END-- [ RunTime:0.000715s ]

[ 2017-10-05T21:51:06+08:00 ] 127.0.0.1 /Admin/index/index.html
INFO: [ app_init ] --START--
INFO: Run Behavior\BuildLiteBehavior [ RunTime:0.000025s ]
INFO: [ app_init ] --END-- [ RunTime:0.001540s ]
INFO: [ app_begin ] --START--
INFO: Run Behavior\ReadHtmlCacheBehavior [ RunTime:0.002001s ]
INFO: [ app_begin ] --END-- [ RunTime:0.002170s ]
INFO: [ view_parse ] --START--
INFO: [ template_filter ] --START--
INFO: Run Behavior\ContentReplaceBehavior [ RunTime:0.000063s ]
INFO: [ template_filter ] --END-- [ RunTime:0.000165s ]
INFO: Run Behavior\ParseTemplateBehavior [ RunTime:0.015065s ]
INFO: [ view_parse ] --END-- [ RunTime:0.015169s ]
INFO: [ view_filter ] --START--
INFO: Run Behavior\WriteHtmlCacheBehavior [ RunTime:0.000745s ]
INFO: [ view_filter ] --END-- [ RunTime:0.000823s ]
INFO: [ app_end ] --START--
INFO: Run Behavior\ShowPageTraceBehavior [ RunTime:0.001248s ]
INFO: [ app_end ] --END-- [ RunTime:0.001328s ]

[ 2017-10-05T21:51:06+08:00 ] 127.0.0.1 /Admin/Index/top.html
INFO: [ app_init ] --START--
INFO: Run Behavior\BuildLiteBehavior [ RunTime:0.000014s ]
INFO: [ app_init ] --END-- [ RunTime:0.000513s ]
INFO: [ app_begin ] --START--
INFO: Run Behavior\ReadHtmlCacheBehavior [ RunTime:0.000601s ]
INFO: [ app_begin ] --END-- [ RunTime:0.000656s ]
INFO: [ view_parse ] --START--
INFO: [ template_filter ] --START--
INFO: Run Behavior\ContentReplaceBehavior [ RunTime:0.000034s ]
INFO: [ template_filter ] --END-- [ RunTime:0.000065s ]
INFO: Run Behavior\ParseTemplateBehavior [ RunTime:0.005667s ]
INFO: [ view_parse ] --END-- [ RunTime:0.005706s ]
INFO: [ view_filter ] --START--
INFO: Run Behavior\WriteHtmlCacheBehavior [ RunTime:0.000215s ]
INFO: [ view_filter ] --END-- [ RunTime:0.000236s ]
INFO: [ app_end ] --START--
INFO: Run Behavior\ShowPageTraceBehavior [ RunTime:0.000350s ]
INFO: [ app_end ] --END-- [ RunTime:0.000374s ]

[ 2017-10-05T21:51:06+08:00 ] 127.0.0.1 /Admin/Index/menu.html
INFO: [ app_init ] --START--
INFO: Run Behavior\BuildLiteBehavior [ RunTime:0.000007s ]
INFO: [ app_init ] --END-- [ RunTime:0.000324s ]
INFO: [ app_begin ] --START--
INFO: Run Behavior\ReadHtmlCacheBehavior [ RunTime:0.000352s ]
INFO: [ app_begin ] --END-- [ RunTime:0.000383s ]
INFO: [ view_parse ] --START--
INFO: [ template_filter ] --START--
INFO: Run Behavior\ContentReplaceBehavior [ RunTime:0.000106s ]
INFO: [ template_filter ] --END-- [ RunTime:0.000206s ]
INFO: Run Behavior\ParseTemplateBehavior [ RunTime:0.011681s ]
INFO: [ view_parse ] --END-- [ RunTime:0.011732s ]
INFO: [ view_filter ] --START--
INFO: Run Behavior\WriteHtmlCacheBehavior [ RunTime:0.005883s ]
INFO: [ view_filter ] --END-- [ RunTime:0.005928s ]
INFO: [ app_end ] --START--
INFO: Run Behavior\ShowPageTraceBehavior [ RunTime:0.001144s ]
INFO: [ app_end ] --END-- [ RunTime:0.001216s ]

[ 2017-10-05T21:51:06+08:00 ] 127.0.0.1 /Admin/Index/main.html
INFO: [ app_init ] --START--
INFO: Run Behavior\BuildLiteBehavior [ RunTime:0.000009s ]
INFO: [ app_init ] --END-- [ RunTime:0.000365s ]
INFO: [ app_begin ] --START--
INFO: Run Behavior\ReadHtmlCacheBehavior [ RunTime:0.000504s ]
INFO: [ app_begin ] --END-- [ RunTime:0.000549s ]
INFO: [ view_parse ] --START--
INFO: [ template_filter ] --START--
INFO: Run Behavior\ContentReplaceBehavior [ RunTime:0.000050s ]
INFO: [ template_filter ] --END-- [ RunTime:0.000105s ]
INFO: Run Behavior\ParseTemplateBehavior [ RunTime:0.007128s ]
INFO: [ view_parse ] --END-- [ RunTime:0.007188s ]
INFO: [ view_filter ] --START--
INFO: Run Behavior\WriteHtmlCacheBehavior [ RunTime:0.000319s ]
INFO: [ view_filter ] --END-- [ RunTime:0.000353s ]
INFO: [ app_end ] --START--
INFO: Run Behavior\ShowPageTraceBehavior [ RunTime:0.000674s ]
INFO: [ app_end ] --END-- [ RunTime:0.000734s ]

[ 2017-10-05T21:51:07+08:00 ] 127.0.0.1 /admin/goods/goodsAdd.html
INFO: [ app_init ] --START--
INFO: Run Behavior\BuildLiteBehavior [ RunTime:0.000021s ]
INFO: [ app_init ] --END-- [ RunTime:0.000960s ]
INFO: [ app_begin ] --START--
INFO: Run Behavior\ReadHtmlCacheBehavior [ RunTime:0.001180s ]
INFO: [ app_begin ] --END-- [ RunTime:0.001276s ]
SQL: SHOW COLUMNS FROM `jx_type` [ RunTime:0.0339s ]
SQL: SELECT * FROM `jx_type`  [ RunTime:0.0018s ]
SQL: SHOW COLUMNS FROM `jx_category` [ RunTime:0.0380s ]
SQL: SELECT * FROM `jx_category`  [ RunTime:0.0009s ]
INFO: [ view_parse ] --START--
INFO: [ template_filter ] --START--
INFO: Run Behavior\ContentReplaceBehavior [ RunTime:0.000179s ]
INFO: [ template_filter ] --END-- [ RunTime:0.000265s ]
NOTIC: [8] Undefined index: level D:\web\new_tpshop\App\Runtime\Cache\Admin\2d581302f585c48a2c4e59b4371bb019.php 第 123 行.
NOTIC: [8] Undefined index: level D:\web\new_tpshop\App\Runtime\Cache\Admin\2d581302f585c48a2c4e59b4371bb019.php 第 123 行.
NOTIC: [8] Undefined index: level D:\web\new_tpshop\App\Runtime\Cache\Admin\2d581302f585c48a2c4e59b4371bb019.php 第 123 行.
NOTIC: [8] Undefined index: level D:\web\new_tpshop\App\Runtime\Cache\Admin\2d581302f585c48a2c4e59b4371bb019.php 第 123 行.
NOTIC: [8] Undefined index: level D:\web\new_tpshop\App\Runtime\Cache\Admin\2d581302f585c48a2c4e59b4371bb019.php 第 123 行.
INFO: Run Behavior\ParseTemplateBehavior [ RunTime:0.016890s ]
INFO: [ view_parse ] --END-- [ RunTime:0.016952s ]
INFO: [ view_filter ] --START--
INFO: Run Behavior\WriteHtmlCacheBehavior [ RunTime:0.000438s ]
INFO: [ view_filter ] --END-- [ RunTime:0.000481s ]

[ 2017-10-05T21:52:35+08:00 ] 127.0.0.1 /Admin/Goods/showAttr.html
INFO: [ app_init ] --START--
INFO: Run Behavior\BuildLiteBehavior [ RunTime:0.000035s ]
INFO: [ app_init ] --END-- [ RunTime:0.001773s ]
INFO: [ app_begin ] --START--
INFO: Run Behavior\ReadHtmlCacheBehavior [ RunTime:0.001565s ]
INFO: [ app_begin ] --END-- [ RunTime:0.001690s ]
SQL: SELECT * FROM `jx_attribute` WHERE `type_id` = 1  [ RunTime:0.0064s ]
INFO: [ view_parse ] --START--
INFO: [ template_filter ] --START--
INFO: Run Behavior\ContentReplaceBehavior [ RunTime:0.000070s ]
INFO: [ template_filter ] --END-- [ RunTime:0.000144s ]
INFO: Run Behavior\ParseTemplateBehavior [ RunTime:0.018380s ]
INFO: [ view_parse ] --END-- [ RunTime:0.018472s ]
INFO: [ view_filter ] --START--
INFO: Run Behavior\WriteHtmlCacheBehavior [ RunTime:0.000941s ]
INFO: [ view_filter ] --END-- [ RunTime:0.000999s ]
INFO: [ app_end ] --START--
INFO: Run Behavior\ShowPageTraceBehavior [ RunTime:0.001413s ]
INFO: [ app_end ] --END-- [ RunTime:0.001479s ]

[ 2017-10-05T21:52:37+08:00 ] 127.0.0.1 /Admin/Goods/showAttr.html
INFO: [ app_init ] --START--
INFO: Run Behavior\BuildLiteBehavior [ RunTime:0.000027s ]
INFO: [ app_init ] --END-- [ RunTime:0.001165s ]
INFO: [ app_begin ] --START--
INFO: Run Behavior\ReadHtmlCacheBehavior [ RunTime:0.002516s ]
INFO: [ app_begin ] --END-- [ RunTime:0.002704s ]
SQL: SELECT * FROM `jx_attribute` WHERE `type_id` = 5  [ RunTime:0.0009s ]
INFO: [ view_parse ] --START--
INFO: [ template_filter ] --START--
INFO: Run Behavior\ContentReplaceBehavior [ RunTime:0.000089s ]
INFO: [ template_filter ] --END-- [ RunTime:0.000170s ]
INFO: Run Behavior\ParseTemplateBehavior [ RunTime:0.016334s ]
INFO: [ view_parse ] --END-- [ RunTime:0.016449s ]
INFO: [ view_filter ] --START--
INFO: Run Behavior\WriteHtmlCacheBehavior [ RunTime:0.001123s ]
INFO: [ view_filter ] --END-- [ RunTime:0.001248s ]
INFO: [ app_end ] --START--
INFO: Run Behavior\ShowPageTraceBehavior [ RunTime:0.001814s ]
INFO: [ app_end ] --END-- [ RunTime:0.001908s ]

[ 2017-10-05T21:53:40+08:00 ] 127.0.0.1 /admin/goods/goodsAdd.html
INFO: [ app_init ] --START--
INFO: Run Behavior\BuildLiteBehavior [ RunTime:0.000020s ]
INFO: [ app_init ] --END-- [ RunTime:0.000855s ]
INFO: [ app_begin ] --START--
INFO: Run Behavior\ReadHtmlCacheBehavior [ RunTime:0.001081s ]
INFO: [ app_begin ] --END-- [ RunTime:0.001176s ]
NOTIC: [8] Undefined index: validate D:\web\new_tpshop\ThinkPHP\Library\Think\Model.class.php 第 1185 行.
NOTIC: [8] Undefined index: auto D:\web\new_tpshop\ThinkPHP\Library\Think\Model.class.php 第 1128 行.
NOTIC: [2] call_user_func() expects parameter 1 to be a valid callback, no array or string given D:\web\new_tpshop\ThinkPHP\Library\Think\Upload.class.php 第 170 行.
SQL: INSERT INTO `jx_goods` (`goods_name`,`goods_sn`,`cate_id`,`shop_price`,`is_sale`,`is_hot`,`market_price`,`type_id`,`goods_body`,`addtime`,`goods_img`,`goods_thumb`) VALUES ('综合测试1005','tpshop59d639639bea2','1','1234','1','1','2345','5','','1507211619','Uploads/2017-10-05/59d63963a06f4.jpg','Uploads/2017-10-05/thumb_59d63963a06f4.jpg') [ RunTime:0.0062s ]
SQL: SHOW COLUMNS FROM `jx_goods_cate` [ RunTime:0.0182s ]
SQL: INSERT INTO `jx_goods_cate` (`goods_id`,`cate_id`) VALUES ('60','6'),('60','7') [ RunTime:0.0045s ]
SQL: SHOW COLUMNS FROM `jx_goods_attr` [ RunTime:0.0196s ]
SQL: INSERT INTO `jx_goods_attr` (`goods_id`,`attr_id`,`attr_values`) VALUES ('60','7','骁龙810'),('60','8','5.5'),('60','8','4.4'),('60','9','白色'),('60','9','银色'),('60','10','5000'),('60','11','苹果(ios)'),('60','12','3GB'),('60','13','64'),('60','14','1280×720（HD）') [ RunTime:0.0048s ]
NOTIC: [2] call_user_func() expects parameter 1 to be a valid callback, no array or string given D:\web\new_tpshop\ThinkPHP\Library\Think\Upload.class.php 第 170 行.
NOTIC: [2] call_user_func() expects parameter 1 to be a valid callback, no array or string given D:\web\new_tpshop\ThinkPHP\Library\Think\Upload.class.php 第 170 行.
NOTIC: [2] call_user_func() expects parameter 1 to be a valid callback, no array or string given D:\web\new_tpshop\ThinkPHP\Library\Think\Upload.class.php 第 170 行.
SQL: SHOW COLUMNS FROM `jx_goods_img` [ RunTime:0.0089s ]
SQL: INSERT INTO `jx_goods_img` (`goods_id`,`goods_img`,`goods_thumb`) VALUES ('60','Uploads/2017-10-05/59d63963d4798.jpg','Uploads/2017-10-05/thumb_59d63963d4798.jpg'),('60','Uploads/2017-10-05/59d63963d7dd8.jpg','Uploads/2017-10-05/thumb_59d63963d7dd8.jpg'),('60','Uploads/2017-10-05/59d63963db756.jpg','Uploads/2017-10-05/thumb_59d63963db756.jpg') [ RunTime:0.0040s ]
INFO: [ view_parse ] --START--
INFO: [ template_filter ] --START--
INFO: Run Behavior\ContentReplaceBehavior [ RunTime:0.000025s ]
INFO: [ template_filter ] --END-- [ RunTime:0.000053s ]
INFO: Run Behavior\ParseTemplateBehavior [ RunTime:0.006106s ]
INFO: [ view_parse ] --END-- [ RunTime:0.006144s ]
INFO: [ view_filter ] --START--
INFO: Run Behavior\WriteHtmlCacheBehavior [ RunTime:0.000555s ]
INFO: [ view_filter ] --END-- [ RunTime:0.000577s ]
INFO: [ app_end ] --START--
INFO: Run Behavior\ShowPageTraceBehavior [ RunTime:0.000710s ]
INFO: [ app_end ] --END-- [ RunTime:0.000733s ]

[ 2017-10-05T21:53:41+08:00 ] 127.0.0.1 /Admin/Goods/goodsList.html
INFO: [ app_init ] --START--
INFO: Run Behavior\BuildLiteBehavior [ RunTime:0.000031s ]
INFO: [ app_init ] --END-- [ RunTime:0.001854s ]
INFO: [ app_begin ] --START--
INFO: Run Behavior\ReadHtmlCacheBehavior [ RunTime:0.002587s ]
INFO: [ app_begin ] --END-- [ RunTime:0.002721s ]
SQL: SHOW COLUMNS FROM `jx_category` [ RunTime:0.0225s ]
SQL: SELECT * FROM `jx_category`  [ RunTime:0.0005s ]
SQL: SELECT COUNT(*) AS tp_count FROM `jx_goods` WHERE ( isdel=1 ) LIMIT 1   [ RunTime:0.0005s ]
SQL: SELECT * FROM `jx_goods` WHERE ( isdel=1 ) LIMIT 0,5   [ RunTime:0.0009s ]
INFO: [ view_parse ] --START--
INFO: [ template_filter ] --START--
INFO: Run Behavior\ContentReplaceBehavior [ RunTime:0.000105s ]
INFO: [ template_filter ] --END-- [ RunTime:0.000164s ]
NOTIC: [8] Undefined index: cate_id D:\web\new_tpshop\App\Runtime\Cache\Admin\8fff98f1c85a99ba893b50f23831a1d9.php 第 29 行.
NOTIC: [8] Undefined index: cate_id D:\web\new_tpshop\App\Runtime\Cache\Admin\8fff98f1c85a99ba893b50f23831a1d9.php 第 29 行.
NOTIC: [8] Undefined index: cate_id D:\web\new_tpshop\App\Runtime\Cache\Admin\8fff98f1c85a99ba893b50f23831a1d9.php 第 29 行.
NOTIC: [8] Undefined index: cate_id D:\web\new_tpshop\App\Runtime\Cache\Admin\8fff98f1c85a99ba893b50f23831a1d9.php 第 29 行.
NOTIC: [8] Undefined index: cate_id D:\web\new_tpshop\App\Runtime\Cache\Admin\8fff98f1c85a99ba893b50f23831a1d9.php 第 29 行.
NOTIC: [8] Undefined index: cate_id D:\web\new_tpshop\App\Runtime\Cache\Admin\8fff98f1c85a99ba893b50f23831a1d9.php 第 29 行.
NOTIC: [8] Undefined index: intro_type D:\web\new_tpshop\App\Runtime\Cache\Admin\8fff98f1c85a99ba893b50f23831a1d9.php 第 35 行.
NOTIC: [8] Undefined index: intro_type D:\web\new_tpshop\App\Runtime\Cache\Admin\8fff98f1c85a99ba893b50f23831a1d9.php 第 36 行.
NOTIC: [8] Undefined index: intro_type D:\web\new_tpshop\App\Runtime\Cache\Admin\8fff98f1c85a99ba893b50f23831a1d9.php 第 37 行.
NOTIC: [8] Undefined index: is_sale D:\web\new_tpshop\App\Runtime\Cache\Admin\8fff98f1c85a99ba893b50f23831a1d9.php 第 42 行.
NOTIC: [8] Undefined index: is_sale D:\web\new_tpshop\App\Runtime\Cache\Admin\8fff98f1c85a99ba893b50f23831a1d9.php 第 43 行.
NOTIC: [8] Undefined index: keyword D:\web\new_tpshop\App\Runtime\Cache\Admin\8fff98f1c85a99ba893b50f23831a1d9.php 第 46 行.
INFO: Run Behavior\ParseTemplateBehavior [ RunTime:0.018361s ]
INFO: [ view_parse ] --END-- [ RunTime:0.018418s ]
INFO: [ view_filter ] --START--
INFO: Run Behavior\WriteHtmlCacheBehavior [ RunTime:0.001195s ]
INFO: [ view_filter ] --END-- [ RunTime:0.001246s ]
INFO: [ app_end ] --START--
INFO: Run Behavior\ShowPageTraceBehavior [ RunTime:0.001432s ]
INFO: [ app_end ] --END-- [ RunTime:0.001490s ]

[ 2017-10-05T21:53:50+08:00 ] 127.0.0.1 /Admin/Goods/goodsList/p/2.html
INFO: [ app_init ] --START--
INFO: Run Behavior\BuildLiteBehavior [ RunTime:0.000023s ]
INFO: [ app_init ] --END-- [ RunTime:0.001379s ]
INFO: [ app_begin ] --START--
INFO: Run Behavior\ReadHtmlCacheBehavior [ RunTime:0.002264s ]
INFO: [ app_begin ] --END-- [ RunTime:0.002379s ]
SQL: SHOW COLUMNS FROM `jx_category` [ RunTime:0.0109s ]
SQL: SELECT * FROM `jx_category`  [ RunTime:0.0003s ]
SQL: SELECT COUNT(*) AS tp_count FROM `jx_goods` WHERE ( isdel=1 ) LIMIT 1   [ RunTime:0.0003s ]
SQL: SELECT * FROM `jx_goods` WHERE ( isdel=1 ) LIMIT 5,5   [ RunTime:0.0005s ]
INFO: [ view_parse ] --START--
INFO: [ template_filter ] --START--
INFO: Run Behavior\ContentReplaceBehavior [ RunTime:0.000058s ]
INFO: [ template_filter ] --END-- [ RunTime:0.000091s ]
NOTIC: [8] Undefined index: cate_id D:\web\new_tpshop\App\Runtime\Cache\Admin\8fff98f1c85a99ba893b50f23831a1d9.php 第 29 行.
NOTIC: [8] Undefined index: cate_id D:\web\new_tpshop\App\Runtime\Cache\Admin\8fff98f1c85a99ba893b50f23831a1d9.php 第 29 行.
NOTIC: [8] Undefined index: cate_id D:\web\new_tpshop\App\Runtime\Cache\Admin\8fff98f1c85a99ba893b50f23831a1d9.php 第 29 行.
NOTIC: [8] Undefined index: cate_id D:\web\new_tpshop\App\Runtime\Cache\Admin\8fff98f1c85a99ba893b50f23831a1d9.php 第 29 行.
NOTIC: [8] Undefined index: cate_id D:\web\new_tpshop\App\Runtime\Cache\Admin\8fff98f1c85a99ba893b50f23831a1d9.php 第 29 行.
NOTIC: [8] Undefined index: cate_id D:\web\new_tpshop\App\Runtime\Cache\Admin\8fff98f1c85a99ba893b50f23831a1d9.php 第 29 行.
NOTIC: [8] Undefined index: intro_type D:\web\new_tpshop\App\Runtime\Cache\Admin\8fff98f1c85a99ba893b50f23831a1d9.php 第 35 行.
NOTIC: [8] Undefined index: intro_type D:\web\new_tpshop\App\Runtime\Cache\Admin\8fff98f1c85a99ba893b50f23831a1d9.php 第 36 行.
NOTIC: [8] Undefined index: intro_type D:\web\new_tpshop\App\Runtime\Cache\Admin\8fff98f1c85a99ba893b50f23831a1d9.php 第 37 行.
NOTIC: [8] Undefined index: is_sale D:\web\new_tpshop\App\Runtime\Cache\Admin\8fff98f1c85a99ba893b50f23831a1d9.php 第 42 行.
NOTIC: [8] Undefined index: is_sale D:\web\new_tpshop\App\Runtime\Cache\Admin\8fff98f1c85a99ba893b50f23831a1d9.php 第 43 行.
NOTIC: [8] Undefined index: keyword D:\web\new_tpshop\App\Runtime\Cache\Admin\8fff98f1c85a99ba893b50f23831a1d9.php 第 46 行.
INFO: Run Behavior\ParseTemplateBehavior [ RunTime:0.009931s ]
INFO: [ view_parse ] --END-- [ RunTime:0.009966s ]
INFO: [ view_filter ] --START--
INFO: Run Behavior\WriteHtmlCacheBehavior [ RunTime:0.000713s ]
INFO: [ view_filter ] --END-- [ RunTime:0.000742s ]
INFO: [ app_end ] --START--
INFO: Run Behavior\ShowPageTraceBehavior [ RunTime:0.000753s ]
INFO: [ app_end ] --END-- [ RunTime:0.000781s ]

