[ 2017-10-11T10:49:55+08:00 ] 192.168.101.1 /admin/goods/
INFO: [ app_init ] --START--
INFO: Run Behavior\BuildLiteBehavior [ RunTime:0.000017s ]
INFO: [ app_init ] --END-- [ RunTime:0.001616s ]
INFO: [ app_begin ] --START--
INFO: Run Behavior\ReadHtmlCacheBehavior [ RunTime:0.001170s ]
INFO: [ app_begin ] --END-- [ RunTime:0.001208s ]
INFO: [ view_parse ] --START--
INFO: [ template_filter ] --START--
INFO: Run Behavior\ContentReplaceBehavior [ RunTime:0.000023s ]
INFO: [ template_filter ] --END-- [ RunTime:0.000048s ]
INFO: Run Behavior\ParseTemplateBehavior [ RunTime:0.011675s ]
INFO: [ view_parse ] --END-- [ RunTime:0.011761s ]
INFO: [ view_filter ] --START--
INFO: Run Behavior\WriteHtmlCacheBehavior [ RunTime:0.000970s ]
INFO: [ view_filter ] --END-- [ RunTime:0.001014s ]

[ 2017-10-11T10:51:08+08:00 ] 192.168.101.1 /Admin/Login/login.html
INFO: [ app_init ] --START--
INFO: Run Behavior\BuildLiteBehavior [ RunTime:0.000016s ]
INFO: [ app_init ] --END-- [ RunTime:0.001125s ]
INFO: [ app_begin ] --START--
INFO: Run Behavior\ReadHtmlCacheBehavior [ RunTime:0.001810s ]
INFO: [ app_begin ] --END-- [ RunTime:0.001900s ]
SQL: SHOW COLUMNS FROM `jx_admin` [ RunTime:0.0312s ]
INFO: [ view_parse ] --START--
INFO: [ template_filter ] --START--
INFO: Run Behavior\ContentReplaceBehavior [ RunTime:0.000021s ]
INFO: [ template_filter ] --END-- [ RunTime:0.000045s ]
INFO: Run Behavior\ParseTemplateBehavior [ RunTime:0.009853s ]
INFO: [ view_parse ] --END-- [ RunTime:0.009882s ]
INFO: [ view_filter ] --START--
INFO: Run Behavior\WriteHtmlCacheBehavior [ RunTime:0.001020s ]
INFO: [ view_filter ] --END-- [ RunTime:0.001036s ]

[ 2017-10-11T10:51:11+08:00 ] 192.168.101.1 /Admin/Login/login.html
INFO: [ app_init ] --START--
INFO: Run Behavior\BuildLiteBehavior [ RunTime:0.000014s ]
INFO: [ app_init ] --END-- [ RunTime:0.000460s ]
INFO: [ app_begin ] --START--
INFO: Run Behavior\ReadHtmlCacheBehavior [ RunTime:0.003432s ]
INFO: [ app_begin ] --END-- [ RunTime:0.003521s ]
INFO: [ view_parse ] --START--
INFO: [ template_filter ] --START--
INFO: Run Behavior\ContentReplaceBehavior [ RunTime:0.000029s ]
INFO: [ template_filter ] --END-- [ RunTime:0.000060s ]
INFO: Run Behavior\ParseTemplateBehavior [ RunTime:0.012768s ]
INFO: [ view_parse ] --END-- [ RunTime:0.012821s ]
INFO: [ view_filter ] --START--
INFO: Run Behavior\WriteHtmlCacheBehavior [ RunTime:0.000817s ]
INFO: [ view_filter ] --END-- [ RunTime:0.000833s ]
INFO: [ app_end ] --START--
INFO: Run Behavior\ShowPageTraceBehavior [ RunTime:0.000584s ]
INFO: [ app_end ] --END-- [ RunTime:0.000596s ]

[ 2017-10-11T10:51:12+08:00 ] 192.168.101.1 /Admin/Login/verify.html?date=1507690272695
INFO: [ app_init ] --START--
INFO: Run Behavior\BuildLiteBehavior [ RunTime:0.000010s ]
INFO: [ app_init ] --END-- [ RunTime:0.000062s ]
INFO: [ app_begin ] --START--
INFO: Run Behavior\ReadHtmlCacheBehavior [ RunTime:0.000912s ]
INFO: [ app_begin ] --END-- [ RunTime:0.001021s ]
INFO: [ app_end ] --START--
INFO: Run Behavior\ShowPageTraceBehavior [ RunTime:0.000498s ]
INFO: [ app_end ] --END-- [ RunTime:0.000527s ]

[ 2017-10-11T10:51:17+08:00 ] 192.168.101.1 /Admin/Login/login.html
INFO: [ app_init ] --START--
INFO: Run Behavior\BuildLiteBehavior [ RunTime:0.000014s ]
INFO: [ app_init ] --END-- [ RunTime:0.001059s ]
INFO: [ app_begin ] --START--
INFO: Run Behavior\ReadHtmlCacheBehavior [ RunTime:0.001052s ]
INFO: [ app_begin ] --END-- [ RunTime:0.001081s ]
SQL: SHOW COLUMNS FROM `jx_admin` [ RunTime:0.0278s ]
SQL: SELECT * FROM `jx_admin` WHERE `username` = 'zhangxiaorui' LIMIT 1   [ RunTime:0.0271s ]
INFO: [ view_parse ] --START--
INFO: [ template_filter ] --START--
INFO: Run Behavior\ContentReplaceBehavior [ RunTime:0.000023s ]
INFO: [ template_filter ] --END-- [ RunTime:0.000047s ]
INFO: Run Behavior\ParseTemplateBehavior [ RunTime:0.010714s ]
INFO: [ view_parse ] --END-- [ RunTime:0.010756s ]
INFO: [ view_filter ] --START--
INFO: Run Behavior\WriteHtmlCacheBehavior [ RunTime:0.000959s ]
INFO: [ view_filter ] --END-- [ RunTime:0.000972s ]
INFO: [ app_end ] --START--
INFO: Run Behavior\ShowPageTraceBehavior [ RunTime:0.000922s ]
INFO: [ app_end ] --END-- [ RunTime:0.000935s ]

[ 2017-10-11T10:51:18+08:00 ] 192.168.101.1 /Admin/index/index.html
INFO: [ app_init ] --START--
INFO: Run Behavior\BuildLiteBehavior [ RunTime:0.000019s ]
INFO: [ app_init ] --END-- [ RunTime:0.000127s ]
INFO: [ app_begin ] --START--
INFO: Run Behavior\ReadHtmlCacheBehavior [ RunTime:0.000431s ]
INFO: [ app_begin ] --END-- [ RunTime:0.000522s ]
INFO: [ view_parse ] --START--
INFO: [ template_filter ] --START--
INFO: Run Behavior\ContentReplaceBehavior [ RunTime:0.000017s ]
INFO: [ template_filter ] --END-- [ RunTime:0.000040s ]
INFO: Run Behavior\ParseTemplateBehavior [ RunTime:0.007075s ]
INFO: [ view_parse ] --END-- [ RunTime:0.007104s ]
INFO: [ view_filter ] --START--
INFO: Run Behavior\WriteHtmlCacheBehavior [ RunTime:0.000574s ]
INFO: [ view_filter ] --END-- [ RunTime:0.000597s ]
INFO: [ app_end ] --START--
INFO: Run Behavior\ShowPageTraceBehavior [ RunTime:0.000418s ]
INFO: [ app_end ] --END-- [ RunTime:0.000438s ]

[ 2017-10-11T10:51:18+08:00 ] 192.168.101.1 /Admin/Index/menu.html
INFO: [ app_init ] --START--
INFO: Run Behavior\BuildLiteBehavior [ RunTime:0.000008s ]
INFO: [ app_init ] --END-- [ RunTime:0.000047s ]
INFO: [ app_begin ] --START--
INFO: Run Behavior\ReadHtmlCacheBehavior [ RunTime:0.000494s ]
INFO: [ app_begin ] --END-- [ RunTime:0.000524s ]
INFO: [ view_parse ] --START--
INFO: [ template_filter ] --START--
INFO: Run Behavior\ContentReplaceBehavior [ RunTime:0.000060s ]
INFO: [ template_filter ] --END-- [ RunTime:0.000095s ]
INFO: Run Behavior\ParseTemplateBehavior [ RunTime:0.015656s ]
INFO: [ view_parse ] --END-- [ RunTime:0.015707s ]
INFO: [ view_filter ] --START--
INFO: Run Behavior\WriteHtmlCacheBehavior [ RunTime:0.000914s ]
INFO: [ view_filter ] --END-- [ RunTime:0.000952s ]
INFO: [ app_end ] --START--
INFO: Run Behavior\ShowPageTraceBehavior [ RunTime:0.000724s ]
INFO: [ app_end ] --END-- [ RunTime:0.000762s ]

[ 2017-10-11T10:51:18+08:00 ] 192.168.101.1 /Admin/Index/top.html
INFO: [ app_init ] --START--
INFO: Run Behavior\BuildLiteBehavior [ RunTime:0.000008s ]
INFO: [ app_init ] --END-- [ RunTime:0.000038s ]
INFO: [ app_begin ] --START--
INFO: Run Behavior\ReadHtmlCacheBehavior [ RunTime:0.000962s ]
INFO: [ app_begin ] --END-- [ RunTime:0.001069s ]
INFO: [ view_parse ] --START--
INFO: [ template_filter ] --START--
INFO: Run Behavior\ContentReplaceBehavior [ RunTime:0.000035s ]
INFO: [ template_filter ] --END-- [ RunTime:0.000067s ]
INFO: Run Behavior\ParseTemplateBehavior [ RunTime:0.042594s ]
INFO: [ view_parse ] --END-- [ RunTime:0.042658s ]
INFO: [ view_filter ] --START--
INFO: Run Behavior\WriteHtmlCacheBehavior [ RunTime:0.000917s ]
INFO: [ view_filter ] --END-- [ RunTime:0.000948s ]
INFO: [ app_end ] --START--
INFO: Run Behavior\ShowPageTraceBehavior [ RunTime:0.000975s ]
INFO: [ app_end ] --END-- [ RunTime:0.001025s ]

[ 2017-10-11T10:51:18+08:00 ] 192.168.101.1 /Admin/Index/main.html
INFO: [ app_init ] --START--
INFO: Run Behavior\BuildLiteBehavior [ RunTime:0.000016s ]
INFO: [ app_init ] --END-- [ RunTime:0.000099s ]
INFO: [ app_begin ] --START--
INFO: Run Behavior\ReadHtmlCacheBehavior [ RunTime:0.002239s ]
INFO: [ app_begin ] --END-- [ RunTime:0.002295s ]
INFO: [ view_parse ] --START--
INFO: [ template_filter ] --START--
INFO: Run Behavior\ContentReplaceBehavior [ RunTime:0.000319s ]
INFO: [ template_filter ] --END-- [ RunTime:0.000391s ]
INFO: Run Behavior\ParseTemplateBehavior [ RunTime:0.024019s ]
INFO: [ view_parse ] --END-- [ RunTime:0.024077s ]
INFO: [ view_filter ] --START--
INFO: Run Behavior\WriteHtmlCacheBehavior [ RunTime:0.001441s ]
INFO: [ view_filter ] --END-- [ RunTime:0.001482s ]
INFO: [ app_end ] --START--
INFO: Run Behavior\ShowPageTraceBehavior [ RunTime:0.002201s ]
INFO: [ app_end ] --END-- [ RunTime:0.002246s ]

[ 2017-10-11T10:51:41+08:00 ] 192.168.101.1 /Admin/index/index.html
INFO: [ app_init ] --START--
INFO: Run Behavior\BuildLiteBehavior [ RunTime:0.000009s ]
INFO: [ app_init ] --END-- [ RunTime:0.000349s ]
INFO: [ app_begin ] --START--
INFO: Run Behavior\ReadHtmlCacheBehavior [ RunTime:0.000602s ]
INFO: [ app_begin ] --END-- [ RunTime:0.000669s ]
NOTIC: [8] Use of undefined constant AdminRole - assumed 'AdminRole' /usr/share/nginx/www/tpshop/App/Admin/Controller/CommonController.class.php 第 32 行.
SQL: SHOW COLUMNS FROM `jx_admin_role` [ RunTime:0.0278s ]
SQL: SELECT * FROM `jx_admin_role` WHERE `admin_id` = 1 LIMIT 1   [ RunTime:0.0267s ]
SQL: SHOW COLUMNS FROM `jx_rule` [ RunTime:0.0276s ]
SQL: SELECT * FROM `jx_rule`  [ RunTime:0.0280s ]
INFO: [ view_parse ] --START--
INFO: [ template_filter ] --START--
INFO: Run Behavior\ContentReplaceBehavior [ RunTime:0.000022s ]
INFO: [ template_filter ] --END-- [ RunTime:0.000136s ]
INFO: Run Behavior\ParseTemplateBehavior [ RunTime:0.007807s ]
INFO: [ view_parse ] --END-- [ RunTime:0.007837s ]
INFO: [ view_filter ] --START--
INFO: Run Behavior\WriteHtmlCacheBehavior [ RunTime:0.000651s ]
INFO: [ view_filter ] --END-- [ RunTime:0.000665s ]
INFO: [ app_end ] --START--
INFO: Run Behavior\ShowPageTraceBehavior [ RunTime:0.000585s ]
INFO: [ app_end ] --END-- [ RunTime:0.000597s ]

[ 2017-10-11T10:51:41+08:00 ] 192.168.101.1 /Admin/Index/top.html
INFO: [ app_init ] --START--
INFO: Run Behavior\BuildLiteBehavior [ RunTime:0.000012s ]
INFO: [ app_init ] --END-- [ RunTime:0.000070s ]
INFO: [ app_begin ] --START--
INFO: Run Behavior\ReadHtmlCacheBehavior [ RunTime:0.000412s ]
INFO: [ app_begin ] --END-- [ RunTime:0.000446s ]
INFO: [ view_parse ] --START--
INFO: [ template_filter ] --START--
INFO: Run Behavior\ContentReplaceBehavior [ RunTime:0.000031s ]
INFO: [ template_filter ] --END-- [ RunTime:0.000060s ]
INFO: Run Behavior\ParseTemplateBehavior [ RunTime:0.013025s ]
INFO: [ view_parse ] --END-- [ RunTime:0.013059s ]
INFO: [ view_filter ] --START--
INFO: Run Behavior\WriteHtmlCacheBehavior [ RunTime:0.000705s ]
INFO: [ view_filter ] --END-- [ RunTime:0.000735s ]
INFO: [ app_end ] --START--
INFO: Run Behavior\ShowPageTraceBehavior [ RunTime:0.000686s ]
INFO: [ app_end ] --END-- [ RunTime:0.000717s ]

[ 2017-10-11T10:51:41+08:00 ] 192.168.101.1 /Admin/Index/menu.html
INFO: [ app_init ] --START--
INFO: Run Behavior\BuildLiteBehavior [ RunTime:0.000009s ]
INFO: [ app_init ] --END-- [ RunTime:0.000053s ]
INFO: [ app_begin ] --START--
INFO: Run Behavior\ReadHtmlCacheBehavior [ RunTime:0.000681s ]
INFO: [ app_begin ] --END-- [ RunTime:0.000726s ]
INFO: [ view_parse ] --START--
INFO: [ template_filter ] --START--
INFO: Run Behavior\ContentReplaceBehavior [ RunTime:0.000051s ]
INFO: [ template_filter ] --END-- [ RunTime:0.000079s ]
INFO: Run Behavior\ParseTemplateBehavior [ RunTime:0.013487s ]
INFO: [ view_parse ] --END-- [ RunTime:0.013537s ]
INFO: [ view_filter ] --START--
INFO: Run Behavior\WriteHtmlCacheBehavior [ RunTime:0.000530s ]
INFO: [ view_filter ] --END-- [ RunTime:0.000557s ]
INFO: [ app_end ] --START--
INFO: Run Behavior\ShowPageTraceBehavior [ RunTime:0.000581s ]
INFO: [ app_end ] --END-- [ RunTime:0.000604s ]

[ 2017-10-11T10:51:41+08:00 ] 192.168.101.1 /Admin/Index/main.html
INFO: [ app_init ] --START--
INFO: Run Behavior\BuildLiteBehavior [ RunTime:0.000013s ]
INFO: [ app_init ] --END-- [ RunTime:0.000076s ]
INFO: [ app_begin ] --START--
INFO: Run Behavior\ReadHtmlCacheBehavior [ RunTime:0.000743s ]
INFO: [ app_begin ] --END-- [ RunTime:0.000787s ]
INFO: [ view_parse ] --START--
INFO: [ template_filter ] --START--
INFO: Run Behavior\ContentReplaceBehavior [ RunTime:0.000042s ]
INFO: [ template_filter ] --END-- [ RunTime:0.000108s ]
INFO: Run Behavior\ParseTemplateBehavior [ RunTime:0.011709s ]
INFO: [ view_parse ] --END-- [ RunTime:0.011757s ]
INFO: [ view_filter ] --START--
INFO: Run Behavior\WriteHtmlCacheBehavior [ RunTime:0.001321s ]
INFO: [ view_filter ] --END-- [ RunTime:0.001356s ]
INFO: [ app_end ] --START--
INFO: Run Behavior\ShowPageTraceBehavior [ RunTime:0.000651s ]
INFO: [ app_end ] --END-- [ RunTime:0.000677s ]

[ 2017-10-11T10:51:44+08:00 ] 192.168.101.1 /admin/goods/goodsAdd.html
INFO: [ app_init ] --START--
INFO: Run Behavior\BuildLiteBehavior [ RunTime:0.000008s ]
INFO: [ app_init ] --END-- [ RunTime:0.000297s ]
INFO: [ app_begin ] --START--
INFO: Run Behavior\ReadHtmlCacheBehavior [ RunTime:0.000644s ]
INFO: [ app_begin ] --END-- [ RunTime:0.000672s ]
SQL: SHOW COLUMNS FROM `jx_type` [ RunTime:0.0272s ]
SQL: SELECT * FROM `jx_type`  [ RunTime:0.0269s ]
SQL: SHOW COLUMNS FROM `jx_category` [ RunTime:0.0278s ]
SQL: SELECT * FROM `jx_category`  [ RunTime:0.0261s ]
INFO: [ view_parse ] --START--
INFO: [ template_filter ] --START--
INFO: Run Behavior\ContentReplaceBehavior [ RunTime:0.000049s ]
INFO: [ template_filter ] --END-- [ RunTime:0.000071s ]
NOTIC: [8] Undefined index: level /usr/share/nginx/www/tpshop/App/Runtime/Cache/Admin/2d581302f585c48a2c4e59b4371bb019.php 第 131 行.
NOTIC: [8] Undefined index: level /usr/share/nginx/www/tpshop/App/Runtime/Cache/Admin/2d581302f585c48a2c4e59b4371bb019.php 第 131 行.
NOTIC: [8] Undefined index: level /usr/share/nginx/www/tpshop/App/Runtime/Cache/Admin/2d581302f585c48a2c4e59b4371bb019.php 第 131 行.
INFO: Run Behavior\ParseTemplateBehavior [ RunTime:0.017415s ]
INFO: [ view_parse ] --END-- [ RunTime:0.017463s ]
INFO: [ view_filter ] --START--
INFO: Run Behavior\WriteHtmlCacheBehavior [ RunTime:0.001000s ]
INFO: [ view_filter ] --END-- [ RunTime:0.001012s ]

[ 2017-10-11T10:51:46+08:00 ] 192.168.101.1 /admin/goods/goodsList.html
INFO: [ app_init ] --START--
INFO: Run Behavior\BuildLiteBehavior [ RunTime:0.000019s ]
INFO: [ app_init ] --END-- [ RunTime:0.000140s ]
INFO: [ app_begin ] --START--
INFO: Run Behavior\ReadHtmlCacheBehavior [ RunTime:0.000306s ]
INFO: [ app_begin ] --END-- [ RunTime:0.000333s ]
SQL: SHOW COLUMNS FROM `jx_category` [ RunTime:0.0285s ]
SQL: SELECT * FROM `jx_category`  [ RunTime:0.0275s ]
SQL: SELECT COUNT(*) AS tp_count FROM `jx_goods` WHERE ( isdel=1 ) LIMIT 1   [ RunTime:0.0273s ]
SQL: SELECT * FROM `jx_goods` WHERE ( isdel=1 ) ORDER BY id desc LIMIT 0,5   [ RunTime:0.0280s ]
INFO: [ view_parse ] --START--
INFO: [ template_filter ] --START--
INFO: Run Behavior\ContentReplaceBehavior [ RunTime:0.000040s ]
INFO: [ template_filter ] --END-- [ RunTime:0.000063s ]
NOTIC: [8] Undefined index: cate_id /usr/share/nginx/www/tpshop/App/Runtime/Cache/Admin/8fff98f1c85a99ba893b50f23831a1d9.php 第 29 行.
NOTIC: [8] Undefined index: cate_id /usr/share/nginx/www/tpshop/App/Runtime/Cache/Admin/8fff98f1c85a99ba893b50f23831a1d9.php 第 29 行.
NOTIC: [8] Undefined index: cate_id /usr/share/nginx/www/tpshop/App/Runtime/Cache/Admin/8fff98f1c85a99ba893b50f23831a1d9.php 第 29 行.
NOTIC: [8] Undefined index: cate_id /usr/share/nginx/www/tpshop/App/Runtime/Cache/Admin/8fff98f1c85a99ba893b50f23831a1d9.php 第 29 行.
NOTIC: [8] Undefined index: cate_id /usr/share/nginx/www/tpshop/App/Runtime/Cache/Admin/8fff98f1c85a99ba893b50f23831a1d9.php 第 29 行.
NOTIC: [8] Undefined index: cate_id /usr/share/nginx/www/tpshop/App/Runtime/Cache/Admin/8fff98f1c85a99ba893b50f23831a1d9.php 第 29 行.
NOTIC: [8] Undefined index: cate_id /usr/share/nginx/www/tpshop/App/Runtime/Cache/Admin/8fff98f1c85a99ba893b50f23831a1d9.php 第 29 行.
NOTIC: [8] Undefined index: cate_id /usr/share/nginx/www/tpshop/App/Runtime/Cache/Admin/8fff98f1c85a99ba893b50f23831a1d9.php 第 29 行.
NOTIC: [8] Undefined index: cate_id /usr/share/nginx/www/tpshop/App/Runtime/Cache/Admin/8fff98f1c85a99ba893b50f23831a1d9.php 第 29 行.
NOTIC: [8] Undefined index: intro_type /usr/share/nginx/www/tpshop/App/Runtime/Cache/Admin/8fff98f1c85a99ba893b50f23831a1d9.php 第 35 行.
NOTIC: [8] Undefined index: intro_type /usr/share/nginx/www/tpshop/App/Runtime/Cache/Admin/8fff98f1c85a99ba893b50f23831a1d9.php 第 36 行.
NOTIC: [8] Undefined index: intro_type /usr/share/nginx/www/tpshop/App/Runtime/Cache/Admin/8fff98f1c85a99ba893b50f23831a1d9.php 第 37 行.
NOTIC: [8] Undefined index: is_sale /usr/share/nginx/www/tpshop/App/Runtime/Cache/Admin/8fff98f1c85a99ba893b50f23831a1d9.php 第 42 行.
NOTIC: [8] Undefined index: is_sale /usr/share/nginx/www/tpshop/App/Runtime/Cache/Admin/8fff98f1c85a99ba893b50f23831a1d9.php 第 43 行.
NOTIC: [8] Undefined index: keyword /usr/share/nginx/www/tpshop/App/Runtime/Cache/Admin/8fff98f1c85a99ba893b50f23831a1d9.php 第 46 行.
INFO: Run Behavior\ParseTemplateBehavior [ RunTime:0.010643s ]
INFO: [ view_parse ] --END-- [ RunTime:0.010669s ]
INFO: [ view_filter ] --START--
INFO: Run Behavior\WriteHtmlCacheBehavior [ RunTime:0.000299s ]
INFO: [ view_filter ] --END-- [ RunTime:0.000312s ]
INFO: [ app_end ] --START--
INFO: Run Behavior\ShowPageTraceBehavior [ RunTime:0.001158s ]
INFO: [ app_end ] --END-- [ RunTime:0.001180s ]

[ 2017-10-11T10:51:49+08:00 ] 192.168.101.1 /Admin/Goods/goodsEdit/goods_id/64.html
INFO: [ app_init ] --START--
INFO: Run Behavior\BuildLiteBehavior [ RunTime:0.000009s ]
INFO: [ app_init ] --END-- [ RunTime:0.000382s ]
INFO: [ app_begin ] --START--
INFO: Run Behavior\ReadHtmlCacheBehavior [ RunTime:0.000725s ]
INFO: [ app_begin ] --END-- [ RunTime:0.000745s ]
SQL: SELECT * FROM `jx_goods` WHERE `id` = 64 LIMIT 1   [ RunTime:0.0301s ]
SQL: SHOW COLUMNS FROM `jx_category` [ RunTime:0.0288s ]
SQL: SELECT * FROM `jx_category`  [ RunTime:0.0295s ]
SQL: SHOW COLUMNS FROM `jx_goods_cate` [ RunTime:0.0289s ]
SQL: SELECT * FROM `jx_goods_cate` WHERE ( goods_id=64 )  [ RunTime:0.0283s ]
SQL: SHOW COLUMNS FROM `jx_type` [ RunTime:0.0296s ]
SQL: SELECT * FROM `jx_type`  [ RunTime:0.0283s ]
SQL: SHOW COLUMNS FROM `jx_goods_attr` [ RunTime:0.0298s ]
SQL: SELECT ga.*,attr.attr_name,attr.attr_type,attr.attr_input_type,attr.attr_value FROM jx_goods_attr ga left join jx_attribute as attr on ga.attr_id=attr.id  WHERE ( ga.goods_id=64 )  [ RunTime:0.0287s ]
SQL: SHOW COLUMNS FROM `jx_goods_img` [ RunTime:0.0295s ]
SQL: SELECT `id`,`goods_thumb` FROM `jx_goods_img` WHERE `goods_id` = 64  [ RunTime:0.0281s ]
INFO: [ view_parse ] --START--
INFO: [ template_filter ] --START--
INFO: Run Behavior\ContentReplaceBehavior [ RunTime:0.000064s ]
INFO: [ template_filter ] --END-- [ RunTime:0.000085s ]
NOTIC: [8] Undefined index: statr /usr/share/nginx/www/tpshop/App/Runtime/Cache/Admin/7e1675bf92198b99d3eeca6daba8b520.php 第 79 行.
INFO: Run Behavior\ParseTemplateBehavior [ RunTime:0.017458s ]
INFO: [ view_parse ] --END-- [ RunTime:0.017489s ]
INFO: [ view_filter ] --START--
INFO: Run Behavior\WriteHtmlCacheBehavior [ RunTime:0.000726s ]
INFO: [ view_filter ] --END-- [ RunTime:0.000739s ]
INFO: [ app_end ] --START--
INFO: Run Behavior\ShowPageTraceBehavior [ RunTime:0.001047s ]
INFO: [ app_end ] --END-- [ RunTime:0.001065s ]

[ 2017-10-11T10:52:04+08:00 ] 192.168.101.1 /Admin/Goods/delGoodsImg.html
INFO: [ app_init ] --START--
INFO: Run Behavior\BuildLiteBehavior [ RunTime:0.000008s ]
INFO: [ app_init ] --END-- [ RunTime:0.000550s ]
INFO: [ app_begin ] --START--
INFO: Run Behavior\ReadHtmlCacheBehavior [ RunTime:0.000913s ]
INFO: [ app_begin ] --END-- [ RunTime:0.000941s ]
SQL: SHOW COLUMNS FROM `jx_goods_img` [ RunTime:0.0233s ]
SQL: SELECT * FROM `jx_goods_img` WHERE `id` = 22 LIMIT 1   [ RunTime:0.0226s ]
NOTIC: [2] unlink(Uploads/2017-10-10/59dcc641d5fba.jpg): No such file or directory /usr/share/nginx/www/tpshop/App/Admin/Controller/GoodsController.class.php 第 209 行.
NOTIC: [2] unlink(Uploads/2017-10-10/thumb_59dcc641d5fba.jpg): No such file or directory /usr/share/nginx/www/tpshop/App/Admin/Controller/GoodsController.class.php 第 210 行.
SQL: DELETE FROM `jx_goods_img` WHERE `id` = 22 [ RunTime:0.0323s ]

[ 2017-10-11T10:52:06+08:00 ] 192.168.101.1 /Admin/Goods/delGoodsImg.html
INFO: [ app_init ] --START--
INFO: Run Behavior\BuildLiteBehavior [ RunTime:0.000013s ]
INFO: [ app_init ] --END-- [ RunTime:0.000110s ]
INFO: [ app_begin ] --START--
INFO: Run Behavior\ReadHtmlCacheBehavior [ RunTime:0.001316s ]
INFO: [ app_begin ] --END-- [ RunTime:0.001341s ]
SQL: SHOW COLUMNS FROM `jx_goods_img` [ RunTime:0.0308s ]
SQL: SELECT * FROM `jx_goods_img` WHERE `id` = 21 LIMIT 1   [ RunTime:0.0303s ]
NOTIC: [2] unlink(Uploads/2017-10-10/59dcc641d25c5.jpg): No such file or directory /usr/share/nginx/www/tpshop/App/Admin/Controller/GoodsController.class.php 第 209 行.
NOTIC: [2] unlink(Uploads/2017-10-10/thumb_59dcc641d25c5.jpg): No such file or directory /usr/share/nginx/www/tpshop/App/Admin/Controller/GoodsController.class.php 第 210 行.
SQL: DELETE FROM `jx_goods_img` WHERE `id` = 21 [ RunTime:0.0397s ]

[ 2017-10-11T10:52:34+08:00 ] 192.168.101.1 /admin/goods/goodsList.html
INFO: [ app_init ] --START--
INFO: Run Behavior\BuildLiteBehavior [ RunTime:0.000010s ]
INFO: [ app_init ] --END-- [ RunTime:0.000455s ]
INFO: [ app_begin ] --START--
INFO: Run Behavior\ReadHtmlCacheBehavior [ RunTime:0.000699s ]
INFO: [ app_begin ] --END-- [ RunTime:0.000718s ]
ERR: SQLSTATE[HY000] [1044] Access denied for user 'study'@'%' to database 'newshop'

[ 2017-10-11T10:52:57+08:00 ] 192.168.101.1 /Admin/index/index.html
INFO: [ app_init ] --START--
INFO: Run Behavior\BuildLiteBehavior [ RunTime:0.000010s ]
INFO: [ app_init ] --END-- [ RunTime:0.000628s ]
INFO: [ app_begin ] --START--
INFO: Run Behavior\ReadHtmlCacheBehavior [ RunTime:0.000870s ]
INFO: [ app_begin ] --END-- [ RunTime:0.000888s ]
INFO: [ view_parse ] --START--
INFO: [ template_filter ] --START--
INFO: Run Behavior\ContentReplaceBehavior [ RunTime:0.000017s ]
INFO: [ template_filter ] --END-- [ RunTime:0.000041s ]
INFO: Run Behavior\ParseTemplateBehavior [ RunTime:0.009344s ]
INFO: [ view_parse ] --END-- [ RunTime:0.009368s ]
INFO: [ view_filter ] --START--
INFO: Run Behavior\WriteHtmlCacheBehavior [ RunTime:0.001090s ]
INFO: [ view_filter ] --END-- [ RunTime:0.001105s ]
INFO: [ app_end ] --START--
INFO: Run Behavior\ShowPageTraceBehavior [ RunTime:0.000710s ]
INFO: [ app_end ] --END-- [ RunTime:0.000723s ]

[ 2017-10-11T10:52:57+08:00 ] 192.168.101.1 /Admin/Index/top.html
INFO: [ app_init ] --START--
INFO: Run Behavior\BuildLiteBehavior [ RunTime:0.000008s ]
INFO: [ app_init ] --END-- [ RunTime:0.000050s ]
INFO: [ app_begin ] --START--
INFO: Run Behavior\ReadHtmlCacheBehavior [ RunTime:0.000974s ]
INFO: [ app_begin ] --END-- [ RunTime:0.001022s ]
INFO: [ view_parse ] --START--
INFO: [ template_filter ] --START--
INFO: Run Behavior\ContentReplaceBehavior [ RunTime:0.000035s ]
INFO: [ template_filter ] --END-- [ RunTime:0.000063s ]
INFO: Run Behavior\ParseTemplateBehavior [ RunTime:0.007391s ]
INFO: [ view_parse ] --END-- [ RunTime:0.007444s ]
INFO: [ view_filter ] --START--
INFO: Run Behavior\WriteHtmlCacheBehavior [ RunTime:0.000527s ]
INFO: [ view_filter ] --END-- [ RunTime:0.000550s ]
INFO: [ app_end ] --START--
INFO: Run Behavior\ShowPageTraceBehavior [ RunTime:0.000663s ]
INFO: [ app_end ] --END-- [ RunTime:0.000698s ]

[ 2017-10-11T10:52:57+08:00 ] 192.168.101.1 /Admin/Index/menu.html
INFO: [ app_init ] --START--
INFO: Run Behavior\BuildLiteBehavior [ RunTime:0.000009s ]
INFO: [ app_init ] --END-- [ RunTime:0.000055s ]
INFO: [ app_begin ] --START--
INFO: Run Behavior\ReadHtmlCacheBehavior [ RunTime:0.000908s ]
INFO: [ app_begin ] --END-- [ RunTime:0.000953s ]
INFO: [ view_parse ] --START--
INFO: [ template_filter ] --START--
INFO: Run Behavior\ContentReplaceBehavior [ RunTime:0.000056s ]
INFO: [ template_filter ] --END-- [ RunTime:0.000091s ]
INFO: Run Behavior\ParseTemplateBehavior [ RunTime:0.017005s ]
INFO: [ view_parse ] --END-- [ RunTime:0.017068s ]
INFO: [ view_filter ] --START--
INFO: Run Behavior\WriteHtmlCacheBehavior [ RunTime:0.000849s ]
INFO: [ view_filter ] --END-- [ RunTime:0.000873s ]
INFO: [ app_end ] --START--
INFO: Run Behavior\ShowPageTraceBehavior [ RunTime:0.000880s ]
INFO: [ app_end ] --END-- [ RunTime:0.000905s ]

[ 2017-10-11T10:52:57+08:00 ] 192.168.101.1 /Admin/Index/main.html
INFO: [ app_init ] --START--
INFO: Run Behavior\BuildLiteBehavior [ RunTime:0.000007s ]
INFO: [ app_init ] --END-- [ RunTime:0.000039s ]
INFO: [ app_begin ] --START--
INFO: Run Behavior\ReadHtmlCacheBehavior [ RunTime:0.000849s ]
INFO: [ app_begin ] --END-- [ RunTime:0.000936s ]
INFO: [ view_parse ] --START--
INFO: [ template_filter ] --START--
INFO: Run Behavior\ContentReplaceBehavior [ RunTime:0.000049s ]
INFO: [ template_filter ] --END-- [ RunTime:0.000101s ]
INFO: Run Behavior\ParseTemplateBehavior [ RunTime:0.012701s ]
INFO: [ view_parse ] --END-- [ RunTime:0.012748s ]
INFO: [ view_filter ] --START--
INFO: Run Behavior\WriteHtmlCacheBehavior [ RunTime:0.000582s ]
INFO: [ view_filter ] --END-- [ RunTime:0.000598s ]
INFO: [ app_end ] --START--
INFO: Run Behavior\ShowPageTraceBehavior [ RunTime:0.000685s ]
INFO: [ app_end ] --END-- [ RunTime:0.000706s ]

[ 2017-10-11T10:52:59+08:00 ] 192.168.101.1 /admin/goods/goodsList.html
INFO: [ app_init ] --START--
INFO: Run Behavior\BuildLiteBehavior [ RunTime:0.000007s ]
INFO: [ app_init ] --END-- [ RunTime:0.000040s ]
INFO: [ app_begin ] --START--
INFO: Run Behavior\ReadHtmlCacheBehavior [ RunTime:0.000387s ]
INFO: [ app_begin ] --END-- [ RunTime:0.000420s ]
SQL: SHOW COLUMNS FROM `jx_category` [ RunTime:0.0269s ]
SQL: SELECT * FROM `jx_category`  [ RunTime:0.0272s ]
SQL: SELECT COUNT(*) AS tp_count FROM `jx_goods` WHERE ( isdel=1 ) LIMIT 1   [ RunTime:0.0265s ]
SQL: SELECT * FROM `jx_goods` WHERE ( isdel=1 ) ORDER BY id desc LIMIT 0,5   [ RunTime:0.0268s ]
INFO: [ view_parse ] --START--
INFO: [ template_filter ] --START--
INFO: Run Behavior\ContentReplaceBehavior [ RunTime:0.000066s ]
INFO: [ template_filter ] --END-- [ RunTime:0.000090s ]
NOTIC: [8] Undefined index: cate_id /usr/share/nginx/www/tpshop/App/Runtime/Cache/Admin/8fff98f1c85a99ba893b50f23831a1d9.php 第 29 行.
NOTIC: [8] Undefined index: cate_id /usr/share/nginx/www/tpshop/App/Runtime/Cache/Admin/8fff98f1c85a99ba893b50f23831a1d9.php 第 29 行.
NOTIC: [8] Undefined index: cate_id /usr/share/nginx/www/tpshop/App/Runtime/Cache/Admin/8fff98f1c85a99ba893b50f23831a1d9.php 第 29 行.
NOTIC: [8] Undefined index: cate_id /usr/share/nginx/www/tpshop/App/Runtime/Cache/Admin/8fff98f1c85a99ba893b50f23831a1d9.php 第 29 行.
NOTIC: [8] Undefined index: cate_id /usr/share/nginx/www/tpshop/App/Runtime/Cache/Admin/8fff98f1c85a99ba893b50f23831a1d9.php 第 29 行.
NOTIC: [8] Undefined index: cate_id /usr/share/nginx/www/tpshop/App/Runtime/Cache/Admin/8fff98f1c85a99ba893b50f23831a1d9.php 第 29 行.
NOTIC: [8] Undefined index: cate_id /usr/share/nginx/www/tpshop/App/Runtime/Cache/Admin/8fff98f1c85a99ba893b50f23831a1d9.php 第 29 行.
NOTIC: [8] Undefined index: cate_id /usr/share/nginx/www/tpshop/App/Runtime/Cache/Admin/8fff98f1c85a99ba893b50f23831a1d9.php 第 29 行.
NOTIC: [8] Undefined index: cate_id /usr/share/nginx/www/tpshop/App/Runtime/Cache/Admin/8fff98f1c85a99ba893b50f23831a1d9.php 第 29 行.
NOTIC: [8] Undefined index: intro_type /usr/share/nginx/www/tpshop/App/Runtime/Cache/Admin/8fff98f1c85a99ba893b50f23831a1d9.php 第 35 行.
NOTIC: [8] Undefined index: intro_type /usr/share/nginx/www/tpshop/App/Runtime/Cache/Admin/8fff98f1c85a99ba893b50f23831a1d9.php 第 36 行.
NOTIC: [8] Undefined index: intro_type /usr/share/nginx/www/tpshop/App/Runtime/Cache/Admin/8fff98f1c85a99ba893b50f23831a1d9.php 第 37 行.
NOTIC: [8] Undefined index: is_sale /usr/share/nginx/www/tpshop/App/Runtime/Cache/Admin/8fff98f1c85a99ba893b50f23831a1d9.php 第 42 行.
NOTIC: [8] Undefined index: is_sale /usr/share/nginx/www/tpshop/App/Runtime/Cache/Admin/8fff98f1c85a99ba893b50f23831a1d9.php 第 43 行.
NOTIC: [8] Undefined index: keyword /usr/share/nginx/www/tpshop/App/Runtime/Cache/Admin/8fff98f1c85a99ba893b50f23831a1d9.php 第 46 行.
INFO: Run Behavior\ParseTemplateBehavior [ RunTime:0.014606s ]
INFO: [ view_parse ] --END-- [ RunTime:0.014634s ]
INFO: [ view_filter ] --START--
INFO: Run Behavior\WriteHtmlCacheBehavior [ RunTime:0.000545s ]
INFO: [ view_filter ] --END-- [ RunTime:0.000562s ]
INFO: [ app_end ] --START--
INFO: Run Behavior\ShowPageTraceBehavior [ RunTime:0.000465s ]
INFO: [ app_end ] --END-- [ RunTime:0.000485s ]

[ 2017-10-11T10:53:03+08:00 ] 192.168.101.1 /Admin/Goods/goodsEdit/goods_id/64.html
INFO: [ app_init ] --START--
INFO: Run Behavior\BuildLiteBehavior [ RunTime:0.000009s ]
INFO: [ app_init ] --END-- [ RunTime:0.000897s ]
INFO: [ app_begin ] --START--
INFO: Run Behavior\ReadHtmlCacheBehavior [ RunTime:0.000614s ]
INFO: [ app_begin ] --END-- [ RunTime:0.000638s ]
SQL: SELECT * FROM `jx_goods` WHERE `id` = 64 LIMIT 1   [ RunTime:0.0257s ]
SQL: SHOW COLUMNS FROM `jx_category` [ RunTime:0.0258s ]
SQL: SELECT * FROM `jx_category`  [ RunTime:0.0248s ]
SQL: SHOW COLUMNS FROM `jx_goods_cate` [ RunTime:0.0267s ]
SQL: SELECT * FROM `jx_goods_cate` WHERE ( goods_id=64 )  [ RunTime:0.0251s ]
SQL: SHOW COLUMNS FROM `jx_type` [ RunTime:0.0252s ]
SQL: SELECT * FROM `jx_type`  [ RunTime:0.0249s ]
SQL: SHOW COLUMNS FROM `jx_goods_attr` [ RunTime:0.0254s ]
SQL: SELECT ga.*,attr.attr_name,attr.attr_type,attr.attr_input_type,attr.attr_value FROM jx_goods_attr ga left join jx_attribute as attr on ga.attr_id=attr.id  WHERE ( ga.goods_id=64 )  [ RunTime:0.0261s ]
SQL: SHOW COLUMNS FROM `jx_goods_img` [ RunTime:0.0256s ]
SQL: SELECT `id`,`goods_thumb` FROM `jx_goods_img` WHERE `goods_id` = 64  [ RunTime:0.0261s ]
SQL: SHOW COLUMNS FROM `jx_member_level` [ RunTime:0.0252s ]
ERR: 1064:You have an error in your SQL syntax; check the manual that corresponds to your MySQL server version for the right syntax to use near 'as mp on ml.id=mp.level_id  WHERE ( mp.goods_id=64 )' at line 1
 [ SQL语句 ] : SELECT * FROM jx_member_level ml left join as mp on ml.id=mp.level_id  WHERE ( mp.goods_id=64 ) 
ERR: 1064:You have an error in your SQL syntax; check the manual that corresponds to your MySQL server version for the right syntax to use near 'as mp on ml.id=mp.level_id  WHERE ( mp.goods_id=64 )' at line 1
 [ SQL语句 ] : SELECT * FROM jx_member_level ml left join as mp on ml.id=mp.level_id  WHERE ( mp.goods_id=64 ) 

[ 2017-10-11T10:53:29+08:00 ] 192.168.101.1 /admin/goods/goodsList.html
INFO: [ app_init ] --START--
INFO: Run Behavior\BuildLiteBehavior [ RunTime:0.000009s ]
INFO: [ app_init ] --END-- [ RunTime:0.000483s ]
INFO: [ app_begin ] --START--
INFO: Run Behavior\ReadHtmlCacheBehavior [ RunTime:0.000726s ]
INFO: [ app_begin ] --END-- [ RunTime:0.000760s ]
SQL: SHOW COLUMNS FROM `jx_category` [ RunTime:0.0250s ]
SQL: SELECT * FROM `jx_category`  [ RunTime:0.0227s ]
SQL: SELECT COUNT(*) AS tp_count FROM `jx_goods` WHERE ( isdel=1 ) LIMIT 1   [ RunTime:0.0241s ]
SQL: SELECT * FROM `jx_goods` WHERE ( isdel=1 ) ORDER BY id desc LIMIT 0,5   [ RunTime:0.0236s ]
INFO: [ view_parse ] --START--
INFO: [ template_filter ] --START--
INFO: Run Behavior\ContentReplaceBehavior [ RunTime:0.000103s ]
INFO: [ template_filter ] --END-- [ RunTime:0.000138s ]
NOTIC: [8] Undefined index: cate_id /usr/share/nginx/www/tpshop/App/Runtime/Cache/Admin/8fff98f1c85a99ba893b50f23831a1d9.php 第 29 行.
NOTIC: [8] Undefined index: cate_id /usr/share/nginx/www/tpshop/App/Runtime/Cache/Admin/8fff98f1c85a99ba893b50f23831a1d9.php 第 29 行.
NOTIC: [8] Undefined index: cate_id /usr/share/nginx/www/tpshop/App/Runtime/Cache/Admin/8fff98f1c85a99ba893b50f23831a1d9.php 第 29 行.
NOTIC: [8] Undefined index: cate_id /usr/share/nginx/www/tpshop/App/Runtime/Cache/Admin/8fff98f1c85a99ba893b50f23831a1d9.php 第 29 行.
NOTIC: [8] Undefined index: cate_id /usr/share/nginx/www/tpshop/App/Runtime/Cache/Admin/8fff98f1c85a99ba893b50f23831a1d9.php 第 29 行.
NOTIC: [8] Undefined index: cate_id /usr/share/nginx/www/tpshop/App/Runtime/Cache/Admin/8fff98f1c85a99ba893b50f23831a1d9.php 第 29 行.
NOTIC: [8] Undefined index: cate_id /usr/share/nginx/www/tpshop/App/Runtime/Cache/Admin/8fff98f1c85a99ba893b50f23831a1d9.php 第 29 行.
NOTIC: [8] Undefined index: cate_id /usr/share/nginx/www/tpshop/App/Runtime/Cache/Admin/8fff98f1c85a99ba893b50f23831a1d9.php 第 29 行.
NOTIC: [8] Undefined index: cate_id /usr/share/nginx/www/tpshop/App/Runtime/Cache/Admin/8fff98f1c85a99ba893b50f23831a1d9.php 第 29 行.
NOTIC: [8] Undefined index: intro_type /usr/share/nginx/www/tpshop/App/Runtime/Cache/Admin/8fff98f1c85a99ba893b50f23831a1d9.php 第 35 行.
NOTIC: [8] Undefined index: intro_type /usr/share/nginx/www/tpshop/App/Runtime/Cache/Admin/8fff98f1c85a99ba893b50f23831a1d9.php 第 36 行.
NOTIC: [8] Undefined index: intro_type /usr/share/nginx/www/tpshop/App/Runtime/Cache/Admin/8fff98f1c85a99ba893b50f23831a1d9.php 第 37 行.
NOTIC: [8] Undefined index: is_sale /usr/share/nginx/www/tpshop/App/Runtime/Cache/Admin/8fff98f1c85a99ba893b50f23831a1d9.php 第 42 行.
NOTIC: [8] Undefined index: is_sale /usr/share/nginx/www/tpshop/App/Runtime/Cache/Admin/8fff98f1c85a99ba893b50f23831a1d9.php 第 43 行.
NOTIC: [8] Undefined index: keyword /usr/share/nginx/www/tpshop/App/Runtime/Cache/Admin/8fff98f1c85a99ba893b50f23831a1d9.php 第 46 行.
INFO: Run Behavior\ParseTemplateBehavior [ RunTime:0.012328s ]
INFO: [ view_parse ] --END-- [ RunTime:0.012355s ]
INFO: [ view_filter ] --START--
INFO: Run Behavior\WriteHtmlCacheBehavior [ RunTime:0.001174s ]
INFO: [ view_filter ] --END-- [ RunTime:0.001195s ]
INFO: [ app_end ] --START--
INFO: Run Behavior\ShowPageTraceBehavior [ RunTime:0.001006s ]
INFO: [ app_end ] --END-- [ RunTime:0.001031s ]

[ 2017-10-11T10:53:33+08:00 ] 192.168.101.1 /admin/goods/goodsAdd.html
INFO: [ app_init ] --START--
INFO: Run Behavior\BuildLiteBehavior [ RunTime:0.000010s ]
INFO: [ app_init ] --END-- [ RunTime:0.000421s ]
INFO: [ app_begin ] --START--
INFO: Run Behavior\ReadHtmlCacheBehavior [ RunTime:0.000694s ]
INFO: [ app_begin ] --END-- [ RunTime:0.000714s ]
SQL: SHOW COLUMNS FROM `jx_type` [ RunTime:0.0245s ]
SQL: SELECT * FROM `jx_type`  [ RunTime:0.0245s ]
SQL: SHOW COLUMNS FROM `jx_category` [ RunTime:0.0244s ]
SQL: SELECT * FROM `jx_category`  [ RunTime:0.0249s ]
SQL: SHOW COLUMNS FROM `jx_member_level` [ RunTime:0.0243s ]
SQL: SELECT * FROM `jx_member_level`  [ RunTime:0.0250s ]
INFO: [ view_parse ] --START--
INFO: [ template_filter ] --START--
INFO: Run Behavior\ContentReplaceBehavior [ RunTime:0.000053s ]
INFO: [ template_filter ] --END-- [ RunTime:0.000076s ]
NOTIC: [2] file_put_contents(../App/Runtime/Cache/Admin/2d581302f585c48a2c4e59b4371bb019.php): failed to open stream: Permission denied /usr/share/nginx/www/tpshop/ThinkPHP/Library/Think/Storage/Driver/File.class.php 第 47 行.
ERR: _STORAGE_WRITE_ERROR_:../App/Runtime/Cache/Admin/2d581302f585c48a2c4e59b4371bb019.php

[ 2017-10-11T10:53:42+08:00 ] 192.168.101.1 /admin/goods/goodsAdd.html
INFO: [ app_init ] --START--
INFO: Run Behavior\BuildLiteBehavior [ RunTime:0.000009s ]
INFO: [ app_init ] --END-- [ RunTime:0.000315s ]
INFO: [ app_begin ] --START--
INFO: Run Behavior\ReadHtmlCacheBehavior [ RunTime:0.000526s ]
INFO: [ app_begin ] --END-- [ RunTime:0.000541s ]
SQL: SHOW COLUMNS FROM `jx_type` [ RunTime:0.0277s ]
SQL: SELECT * FROM `jx_type`  [ RunTime:0.0278s ]
SQL: SHOW COLUMNS FROM `jx_category` [ RunTime:0.0269s ]
SQL: SELECT * FROM `jx_category`  [ RunTime:0.0283s ]
SQL: SHOW COLUMNS FROM `jx_member_level` [ RunTime:0.0281s ]
SQL: SELECT * FROM `jx_member_level`  [ RunTime:0.0281s ]
INFO: [ view_parse ] --START--
INFO: [ template_filter ] --START--
INFO: Run Behavior\ContentReplaceBehavior [ RunTime:0.000052s ]
INFO: [ template_filter ] --END-- [ RunTime:0.000073s ]
NOTIC: [8] Undefined index: level /usr/share/nginx/www/tpshop/App/Runtime/Cache/Admin/2d581302f585c48a2c4e59b4371bb019.php 第 132 行.
NOTIC: [8] Undefined index: level /usr/share/nginx/www/tpshop/App/Runtime/Cache/Admin/2d581302f585c48a2c4e59b4371bb019.php 第 132 行.
NOTIC: [8] Undefined index: level /usr/share/nginx/www/tpshop/App/Runtime/Cache/Admin/2d581302f585c48a2c4e59b4371bb019.php 第 132 行.
INFO: Run Behavior\ParseTemplateBehavior [ RunTime:0.014951s ]
INFO: [ view_parse ] --END-- [ RunTime:0.014981s ]
INFO: [ view_filter ] --START--
INFO: Run Behavior\WriteHtmlCacheBehavior [ RunTime:0.001007s ]
INFO: [ view_filter ] --END-- [ RunTime:0.001020s ]

[ 2017-10-11T10:54:57+08:00 ] 192.168.101.1 /admin/goods/goodsAdd.html
INFO: [ app_init ] --START--
INFO: Run Behavior\BuildLiteBehavior [ RunTime:0.000008s ]
INFO: [ app_init ] --END-- [ RunTime:0.000302s ]
INFO: [ app_begin ] --START--
INFO: Run Behavior\ReadHtmlCacheBehavior [ RunTime:0.000552s ]
INFO: [ app_begin ] --END-- [ RunTime:0.000567s ]
SQL: SHOW COLUMNS FROM `jx_type` [ RunTime:0.0266s ]
SQL: SELECT * FROM `jx_type`  [ RunTime:0.0274s ]
SQL: SHOW COLUMNS FROM `jx_category` [ RunTime:0.0267s ]
SQL: SELECT * FROM `jx_category`  [ RunTime:0.0276s ]
SQL: SHOW COLUMNS FROM `jx_member_level` [ RunTime:0.0276s ]
SQL: SELECT * FROM `jx_member_level`  [ RunTime:0.0268s ]
INFO: [ view_parse ] --START--
INFO: [ template_filter ] --START--
INFO: Run Behavior\ContentReplaceBehavior [ RunTime:0.000054s ]
INFO: [ template_filter ] --END-- [ RunTime:0.000079s ]
NOTIC: [8] Undefined index: level /usr/share/nginx/www/tpshop/App/Runtime/Cache/Admin/2d581302f585c48a2c4e59b4371bb019.php 第 132 行.
NOTIC: [8] Undefined index: level /usr/share/nginx/www/tpshop/App/Runtime/Cache/Admin/2d581302f585c48a2c4e59b4371bb019.php 第 132 行.
NOTIC: [8] Undefined index: level /usr/share/nginx/www/tpshop/App/Runtime/Cache/Admin/2d581302f585c48a2c4e59b4371bb019.php 第 132 行.
INFO: Run Behavior\ParseTemplateBehavior [ RunTime:0.022259s ]
INFO: [ view_parse ] --END-- [ RunTime:0.022284s ]
INFO: [ view_filter ] --START--
INFO: Run Behavior\WriteHtmlCacheBehavior [ RunTime:0.001007s ]
INFO: [ view_filter ] --END-- [ RunTime:0.001011s ]

[ 2017-10-11T10:55:18+08:00 ] 192.168.101.1 /admin/goods/goodsAdd.html
INFO: [ app_init ] --START--
INFO: Run Behavior\BuildLiteBehavior [ RunTime:0.000010s ]
INFO: [ app_init ] --END-- [ RunTime:0.000613s ]
INFO: [ app_begin ] --START--
INFO: Run Behavior\ReadHtmlCacheBehavior [ RunTime:0.000860s ]
INFO: [ app_begin ] --END-- [ RunTime:0.000876s ]
SQL: SHOW COLUMNS FROM `jx_type` [ RunTime:0.0244s ]
SQL: SELECT * FROM `jx_type`  [ RunTime:0.0269s ]
SQL: SHOW COLUMNS FROM `jx_category` [ RunTime:0.0252s ]
SQL: SELECT * FROM `jx_category`  [ RunTime:0.0245s ]
SQL: SHOW COLUMNS FROM `jx_member_level` [ RunTime:0.0250s ]
SQL: SELECT * FROM `jx_member_level`  [ RunTime:0.0249s ]
INFO: [ view_parse ] --START--
INFO: [ template_filter ] --START--
INFO: Run Behavior\ContentReplaceBehavior [ RunTime:0.000053s ]
INFO: [ template_filter ] --END-- [ RunTime:0.000074s ]
NOTIC: [8] Undefined index: level /usr/share/nginx/www/tpshop/App/Runtime/Cache/Admin/2d581302f585c48a2c4e59b4371bb019.php 第 132 行.
NOTIC: [8] Undefined index: level /usr/share/nginx/www/tpshop/App/Runtime/Cache/Admin/2d581302f585c48a2c4e59b4371bb019.php 第 132 行.
NOTIC: [8] Undefined index: level /usr/share/nginx/www/tpshop/App/Runtime/Cache/Admin/2d581302f585c48a2c4e59b4371bb019.php 第 132 行.
INFO: Run Behavior\ParseTemplateBehavior [ RunTime:0.019896s ]
INFO: [ view_parse ] --END-- [ RunTime:0.019920s ]
INFO: [ view_filter ] --START--
INFO: Run Behavior\WriteHtmlCacheBehavior [ RunTime:0.001446s ]
INFO: [ view_filter ] --END-- [ RunTime:0.001458s ]

[ 2017-10-11T10:55:35+08:00 ] 192.168.101.1 /admin/goods/goodsList.html
INFO: [ app_init ] --START--
INFO: Run Behavior\BuildLiteBehavior [ RunTime:0.000007s ]
INFO: [ app_init ] --END-- [ RunTime:0.000301s ]
INFO: [ app_begin ] --START--
INFO: Run Behavior\ReadHtmlCacheBehavior [ RunTime:0.000776s ]
INFO: [ app_begin ] --END-- [ RunTime:0.000801s ]
SQL: SHOW COLUMNS FROM `jx_category` [ RunTime:0.0273s ]
SQL: SELECT * FROM `jx_category`  [ RunTime:0.0268s ]
SQL: SELECT COUNT(*) AS tp_count FROM `jx_goods` WHERE ( isdel=1 ) LIMIT 1   [ RunTime:0.0260s ]
SQL: SELECT * FROM `jx_goods` WHERE ( isdel=1 ) ORDER BY id desc LIMIT 0,5   [ RunTime:0.0279s ]
INFO: [ view_parse ] --START--
INFO: [ template_filter ] --START--
INFO: Run Behavior\ContentReplaceBehavior [ RunTime:0.000042s ]
INFO: [ template_filter ] --END-- [ RunTime:0.000065s ]
NOTIC: [8] Undefined index: cate_id /usr/share/nginx/www/tpshop/App/Runtime/Cache/Admin/8fff98f1c85a99ba893b50f23831a1d9.php 第 29 行.
NOTIC: [8] Undefined index: cate_id /usr/share/nginx/www/tpshop/App/Runtime/Cache/Admin/8fff98f1c85a99ba893b50f23831a1d9.php 第 29 行.
NOTIC: [8] Undefined index: cate_id /usr/share/nginx/www/tpshop/App/Runtime/Cache/Admin/8fff98f1c85a99ba893b50f23831a1d9.php 第 29 行.
NOTIC: [8] Undefined index: cate_id /usr/share/nginx/www/tpshop/App/Runtime/Cache/Admin/8fff98f1c85a99ba893b50f23831a1d9.php 第 29 行.
NOTIC: [8] Undefined index: cate_id /usr/share/nginx/www/tpshop/App/Runtime/Cache/Admin/8fff98f1c85a99ba893b50f23831a1d9.php 第 29 行.
NOTIC: [8] Undefined index: cate_id /usr/share/nginx/www/tpshop/App/Runtime/Cache/Admin/8fff98f1c85a99ba893b50f23831a1d9.php 第 29 行.
NOTIC: [8] Undefined index: cate_id /usr/share/nginx/www/tpshop/App/Runtime/Cache/Admin/8fff98f1c85a99ba893b50f23831a1d9.php 第 29 行.
NOTIC: [8] Undefined index: cate_id /usr/share/nginx/www/tpshop/App/Runtime/Cache/Admin/8fff98f1c85a99ba893b50f23831a1d9.php 第 29 行.
NOTIC: [8] Undefined index: cate_id /usr/share/nginx/www/tpshop/App/Runtime/Cache/Admin/8fff98f1c85a99ba893b50f23831a1d9.php 第 29 行.
NOTIC: [8] Undefined index: intro_type /usr/share/nginx/www/tpshop/App/Runtime/Cache/Admin/8fff98f1c85a99ba893b50f23831a1d9.php 第 35 行.
NOTIC: [8] Undefined index: intro_type /usr/share/nginx/www/tpshop/App/Runtime/Cache/Admin/8fff98f1c85a99ba893b50f23831a1d9.php 第 36 行.
NOTIC: [8] Undefined index: intro_type /usr/share/nginx/www/tpshop/App/Runtime/Cache/Admin/8fff98f1c85a99ba893b50f23831a1d9.php 第 37 行.
NOTIC: [8] Undefined index: is_sale /usr/share/nginx/www/tpshop/App/Runtime/Cache/Admin/8fff98f1c85a99ba893b50f23831a1d9.php 第 42 行.
NOTIC: [8] Undefined index: is_sale /usr/share/nginx/www/tpshop/App/Runtime/Cache/Admin/8fff98f1c85a99ba893b50f23831a1d9.php 第 43 行.
NOTIC: [8] Undefined index: keyword /usr/share/nginx/www/tpshop/App/Runtime/Cache/Admin/8fff98f1c85a99ba893b50f23831a1d9.php 第 46 行.
INFO: Run Behavior\ParseTemplateBehavior [ RunTime:0.015737s ]
INFO: [ view_parse ] --END-- [ RunTime:0.015746s ]
INFO: [ view_filter ] --START--
INFO: Run Behavior\WriteHtmlCacheBehavior [ RunTime:0.000867s ]
INFO: [ view_filter ] --END-- [ RunTime:0.000881s ]
INFO: [ app_end ] --START--
INFO: Run Behavior\ShowPageTraceBehavior [ RunTime:0.001468s ]
INFO: [ app_end ] --END-- [ RunTime:0.001502s ]

[ 2017-10-11T10:55:36+08:00 ] 192.168.101.1 /admin/goods/goodsAdd.html
INFO: [ app_init ] --START--
INFO: Run Behavior\BuildLiteBehavior [ RunTime:0.000007s ]
INFO: [ app_init ] --END-- [ RunTime:0.000035s ]
INFO: [ app_begin ] --START--
INFO: Run Behavior\ReadHtmlCacheBehavior [ RunTime:0.000351s ]
INFO: [ app_begin ] --END-- [ RunTime:0.000373s ]
SQL: SHOW COLUMNS FROM `jx_type` [ RunTime:0.0238s ]
SQL: SELECT * FROM `jx_type`  [ RunTime:0.0255s ]
SQL: SHOW COLUMNS FROM `jx_category` [ RunTime:0.0237s ]
SQL: SELECT * FROM `jx_category`  [ RunTime:0.0237s ]
SQL: SHOW COLUMNS FROM `jx_member_level` [ RunTime:0.0237s ]
SQL: SELECT * FROM `jx_member_level`  [ RunTime:0.0235s ]
INFO: [ view_parse ] --START--
INFO: [ template_filter ] --START--
INFO: Run Behavior\ContentReplaceBehavior [ RunTime:0.000053s ]
INFO: [ template_filter ] --END-- [ RunTime:0.000073s ]
NOTIC: [8] Undefined index: level /usr/share/nginx/www/tpshop/App/Runtime/Cache/Admin/2d581302f585c48a2c4e59b4371bb019.php 第 132 行.
NOTIC: [8] Undefined index: level /usr/share/nginx/www/tpshop/App/Runtime/Cache/Admin/2d581302f585c48a2c4e59b4371bb019.php 第 132 行.
NOTIC: [8] Undefined index: level /usr/share/nginx/www/tpshop/App/Runtime/Cache/Admin/2d581302f585c48a2c4e59b4371bb019.php 第 132 行.
INFO: Run Behavior\ParseTemplateBehavior [ RunTime:0.014758s ]
INFO: [ view_parse ] --END-- [ RunTime:0.014786s ]
INFO: [ view_filter ] --START--
INFO: Run Behavior\WriteHtmlCacheBehavior [ RunTime:0.000380s ]
INFO: [ view_filter ] --END-- [ RunTime:0.000392s ]

[ 2017-10-11T10:57:20+08:00 ] 192.168.101.1 /admin/goods/goodsAdd.html
INFO: [ app_init ] --START--
INFO: Run Behavior\BuildLiteBehavior [ RunTime:0.000009s ]
INFO: [ app_init ] --END-- [ RunTime:0.000606s ]
INFO: [ app_begin ] --START--
INFO: Run Behavior\ReadHtmlCacheBehavior [ RunTime:0.001033s ]
INFO: [ app_begin ] --END-- [ RunTime:0.001056s ]
SQL: SHOW COLUMNS FROM `jx_type` [ RunTime:0.0234s ]
SQL: SELECT * FROM `jx_type`  [ RunTime:0.0229s ]
SQL: SHOW COLUMNS FROM `jx_category` [ RunTime:0.0240s ]
SQL: SELECT * FROM `jx_category`  [ RunTime:0.0230s ]
SQL: SHOW COLUMNS FROM `jx_member_level` [ RunTime:0.0234s ]
SQL: SELECT * FROM `jx_member_level`  [ RunTime:0.0238s ]
INFO: [ view_parse ] --START--
INFO: [ template_filter ] --START--
INFO: Run Behavior\ContentReplaceBehavior [ RunTime:0.000053s ]
INFO: [ template_filter ] --END-- [ RunTime:0.000074s ]
NOTIC: [8] Undefined index: level /usr/share/nginx/www/tpshop/App/Runtime/Cache/Admin/2d581302f585c48a2c4e59b4371bb019.php 第 132 行.
NOTIC: [8] Undefined index: level /usr/share/nginx/www/tpshop/App/Runtime/Cache/Admin/2d581302f585c48a2c4e59b4371bb019.php 第 132 行.
NOTIC: [8] Undefined index: level /usr/share/nginx/www/tpshop/App/Runtime/Cache/Admin/2d581302f585c48a2c4e59b4371bb019.php 第 132 行.
INFO: Run Behavior\ParseTemplateBehavior [ RunTime:0.015371s ]
INFO: [ view_parse ] --END-- [ RunTime:0.015400s ]
INFO: [ view_filter ] --START--
INFO: Run Behavior\WriteHtmlCacheBehavior [ RunTime:0.000799s ]
INFO: [ view_filter ] --END-- [ RunTime:0.000812s ]

[ 2017-10-11T10:58:14+08:00 ] 192.168.101.1 /admin/goods/goodsAdd.html
INFO: [ app_init ] --START--
INFO: Run Behavior\BuildLiteBehavior [ RunTime:0.000010s ]
INFO: [ app_init ] --END-- [ RunTime:0.000370s ]
INFO: [ app_begin ] --START--
INFO: Run Behavior\ReadHtmlCacheBehavior [ RunTime:0.000603s ]
INFO: [ app_begin ] --END-- [ RunTime:0.000624s ]
SQL: SHOW COLUMNS FROM `jx_type` [ RunTime:0.0309s ]
SQL: SELECT * FROM `jx_type`  [ RunTime:0.0302s ]
SQL: SHOW COLUMNS FROM `jx_category` [ RunTime:0.0303s ]
SQL: SELECT * FROM `jx_category`  [ RunTime:0.0293s ]
SQL: SHOW COLUMNS FROM `jx_member_level` [ RunTime:0.0316s ]
SQL: SELECT * FROM `jx_member_level` ORDER BY id  [ RunTime:0.0295s ]
INFO: [ view_parse ] --START--
INFO: [ template_filter ] --START--
INFO: Run Behavior\ContentReplaceBehavior [ RunTime:0.000052s ]
INFO: [ template_filter ] --END-- [ RunTime:0.000073s ]
NOTIC: [8] Undefined index: level /usr/share/nginx/www/tpshop/App/Runtime/Cache/Admin/2d581302f585c48a2c4e59b4371bb019.php 第 132 行.
NOTIC: [8] Undefined index: level /usr/share/nginx/www/tpshop/App/Runtime/Cache/Admin/2d581302f585c48a2c4e59b4371bb019.php 第 132 行.
NOTIC: [8] Undefined index: level /usr/share/nginx/www/tpshop/App/Runtime/Cache/Admin/2d581302f585c48a2c4e59b4371bb019.php 第 132 行.
INFO: Run Behavior\ParseTemplateBehavior [ RunTime:0.020705s ]
INFO: [ view_parse ] --END-- [ RunTime:0.020738s ]
INFO: [ view_filter ] --START--
INFO: Run Behavior\WriteHtmlCacheBehavior [ RunTime:0.001151s ]
INFO: [ view_filter ] --END-- [ RunTime:0.001171s ]

[ 2017-10-11T10:59:04+08:00 ] 192.168.101.1 /Admin/Goods/showAttr.html
INFO: [ app_init ] --START--
INFO: Run Behavior\BuildLiteBehavior [ RunTime:0.000015s ]
INFO: [ app_init ] --END-- [ RunTime:0.002181s ]
INFO: [ app_begin ] --START--
INFO: Run Behavior\ReadHtmlCacheBehavior [ RunTime:0.001618s ]
INFO: [ app_begin ] --END-- [ RunTime:0.001681s ]
SQL: SELECT * FROM `jx_attribute` WHERE `type_id` = 3  [ RunTime:0.0277s ]
INFO: [ view_parse ] --START--
INFO: [ template_filter ] --START--
INFO: Run Behavior\ContentReplaceBehavior [ RunTime:0.000020s ]
INFO: [ template_filter ] --END-- [ RunTime:0.000043s ]
INFO: Run Behavior\ParseTemplateBehavior [ RunTime:0.015120s ]
INFO: [ view_parse ] --END-- [ RunTime:0.015174s ]
INFO: [ view_filter ] --START--
INFO: Run Behavior\WriteHtmlCacheBehavior [ RunTime:0.000722s ]
INFO: [ view_filter ] --END-- [ RunTime:0.000736s ]
INFO: [ app_end ] --START--
INFO: Run Behavior\ShowPageTraceBehavior [ RunTime:0.001141s ]
INFO: [ app_end ] --END-- [ RunTime:0.001160s ]

[ 2017-10-11T10:59:54+08:00 ] 192.168.101.1 /admin/goods/goodsAdd.html
INFO: [ app_init ] --START--
INFO: Run Behavior\BuildLiteBehavior [ RunTime:0.000009s ]
INFO: [ app_init ] --END-- [ RunTime:0.000787s ]
INFO: [ app_begin ] --START--
INFO: Run Behavior\ReadHtmlCacheBehavior [ RunTime:0.000790s ]
INFO: [ app_begin ] --END-- [ RunTime:0.000807s ]
NOTIC: [8] Undefined index: validate /usr/share/nginx/www/tpshop/ThinkPHP/Library/Think/Model.class.php 第 1185 行.
NOTIC: [8] Undefined index: auto /usr/share/nginx/www/tpshop/ThinkPHP/Library/Think/Model.class.php 第 1128 行.
NOTIC: [2] call_user_func() expects parameter 1 to be a valid callback, no array or string given /usr/share/nginx/www/tpshop/ThinkPHP/Library/Think/Upload.class.php 第 170 行.
NOTIC: [2] move_uploaded_file(./Uploads/2017-10-11/59dd892a75a6b.jpeg): failed to open stream: Permission denied /usr/share/nginx/www/tpshop/ThinkPHP/Library/Think/Upload/Driver/Local.class.php 第 83 行.
NOTIC: [2] move_uploaded_file(): Unable to move '/tmp/phpPAUjmJ' to './Uploads/2017-10-11/59dd892a75a6b.jpeg' /usr/share/nginx/www/tpshop/ThinkPHP/Library/Think/Upload/Driver/Local.class.php 第 83 行.
ERR: 不存在的图像文件

[ 2017-10-11T11:00:17+08:00 ] 192.168.101.1 /Admin/Goods/showAttr.html
INFO: [ app_init ] --START--
INFO: Run Behavior\BuildLiteBehavior [ RunTime:0.000012s ]
INFO: [ app_init ] --END-- [ RunTime:0.000549s ]
INFO: [ app_begin ] --START--
INFO: Run Behavior\ReadHtmlCacheBehavior [ RunTime:0.002223s ]
INFO: [ app_begin ] --END-- [ RunTime:0.002295s ]
SQL: SELECT * FROM `jx_attribute` WHERE `type_id` = 4  [ RunTime:0.0275s ]
INFO: [ view_parse ] --START--
INFO: [ template_filter ] --START--
INFO: Run Behavior\ContentReplaceBehavior [ RunTime:0.000085s ]
INFO: [ template_filter ] --END-- [ RunTime:0.000201s ]
INFO: Run Behavior\ParseTemplateBehavior [ RunTime:0.021410s ]
INFO: [ view_parse ] --END-- [ RunTime:0.021460s ]
INFO: [ view_filter ] --START--
INFO: Run Behavior\WriteHtmlCacheBehavior [ RunTime:0.000890s ]
INFO: [ view_filter ] --END-- [ RunTime:0.000902s ]
INFO: [ app_end ] --START--
INFO: Run Behavior\ShowPageTraceBehavior [ RunTime:0.000864s ]
INFO: [ app_end ] --END-- [ RunTime:0.000876s ]

[ 2017-10-11T11:00:18+08:00 ] 192.168.101.1 /Admin/Goods/showAttr.html
INFO: [ app_init ] --START--
INFO: Run Behavior\BuildLiteBehavior [ RunTime:0.000012s ]
INFO: [ app_init ] --END-- [ RunTime:0.000069s ]
INFO: [ app_begin ] --START--
INFO: Run Behavior\ReadHtmlCacheBehavior [ RunTime:0.000505s ]
INFO: [ app_begin ] --END-- [ RunTime:0.000547s ]
SQL: SELECT * FROM `jx_attribute` WHERE `type_id` = 3  [ RunTime:0.0259s ]
INFO: [ view_parse ] --START--
INFO: [ template_filter ] --START--
INFO: Run Behavior\ContentReplaceBehavior [ RunTime:0.000034s ]
INFO: [ template_filter ] --END-- [ RunTime:0.000073s ]
INFO: Run Behavior\ParseTemplateBehavior [ RunTime:0.017172s ]
INFO: [ view_parse ] --END-- [ RunTime:0.017268s ]
INFO: [ view_filter ] --START--
INFO: Run Behavior\WriteHtmlCacheBehavior [ RunTime:0.001422s ]
INFO: [ view_filter ] --END-- [ RunTime:0.001442s ]
INFO: [ app_end ] --START--
INFO: Run Behavior\ShowPageTraceBehavior [ RunTime:0.001048s ]
INFO: [ app_end ] --END-- [ RunTime:0.001065s ]

[ 2017-10-11T11:01:20+08:00 ] 192.168.101.1 /admin/goods/goodsAdd.html
INFO: [ app_init ] --START--
INFO: Run Behavior\BuildLiteBehavior [ RunTime:0.000008s ]
INFO: [ app_init ] --END-- [ RunTime:0.000303s ]
INFO: [ app_begin ] --START--
INFO: Run Behavior\ReadHtmlCacheBehavior [ RunTime:0.000544s ]
INFO: [ app_begin ] --END-- [ RunTime:0.000560s ]
NOTIC: [8] Undefined index: validate /usr/share/nginx/www/tpshop/ThinkPHP/Library/Think/Model.class.php 第 1185 行.
NOTIC: [8] Undefined index: auto /usr/share/nginx/www/tpshop/ThinkPHP/Library/Think/Model.class.php 第 1128 行.
ERR: 1048:Column 'goods_img' cannot be null
 [ SQL语句 ] : INSERT INTO `jx_goods` (`goods_name`,`goods_sn`,`cate_id`,`shop_price`,`cx_price`,`start`,`end`,`is_sale`,`is_hot`,`is_new`,`market_price`,`type_id`,`addtime`,`goods_img`,`goods_thumb`) VALUES ('四川移动 成都移动流量不限量卡 1元购卡 月租98元 免费用三个月 电话卡享成都本地流量不限量 520分钟通话 上网卡 流量卡 手机卡','tpshop59dd89800d56b','5','2345','2340','','','1','1','1','34567','3','1507690880',NULL,NULL)
ERR: 1048:Column 'goods_img' cannot be null
 [ SQL语句 ] : INSERT INTO `jx_goods` (`goods_name`,`goods_sn`,`cate_id`,`shop_price`,`cx_price`,`start`,`end`,`is_sale`,`is_hot`,`is_new`,`market_price`,`type_id`,`addtime`,`goods_img`,`goods_thumb`) VALUES ('四川移动 成都移动流量不限量卡 1元购卡 月租98元 免费用三个月 电话卡享成都本地流量不限量 520分钟通话 上网卡 流量卡 手机卡','tpshop59dd89800d56b','5','2345','2340','','','1','1','1','34567','3','1507690880',NULL,NULL)

[ 2017-10-11T11:02:02+08:00 ] 192.168.101.1 /admin/goods/goodsAdd.html
INFO: [ app_init ] --START--
INFO: Run Behavior\BuildLiteBehavior [ RunTime:0.000007s ]
INFO: [ app_init ] --END-- [ RunTime:0.000554s ]
INFO: [ app_begin ] --START--
INFO: Run Behavior\ReadHtmlCacheBehavior [ RunTime:0.000775s ]
INFO: [ app_begin ] --END-- [ RunTime:0.000790s ]
NOTIC: [8] Undefined index: validate /usr/share/nginx/www/tpshop/ThinkPHP/Library/Think/Model.class.php 第 1185 行.
NOTIC: [8] Undefined index: auto /usr/share/nginx/www/tpshop/ThinkPHP/Library/Think/Model.class.php 第 1128 行.
ERR: 1048:Column 'goods_img' cannot be null
 [ SQL语句 ] : INSERT INTO `jx_goods` (`goods_name`,`goods_sn`,`cate_id`,`shop_price`,`cx_price`,`start`,`end`,`is_sale`,`is_hot`,`is_new`,`market_price`,`type_id`,`addtime`,`goods_img`,`goods_thumb`) VALUES ('四川移动 成都移动流量不限量卡 1元购卡 月租98元 免费用三个月 电话卡享成都本地流量不限量 520分钟通话 上网卡 流量卡 手机卡','tpshop59dd89aa9b1c7','5','2345','2340','1507564800','1508428800','1','1','1','34567','3','1507690922',NULL,NULL)
ERR: 1048:Column 'goods_img' cannot be null
 [ SQL语句 ] : INSERT INTO `jx_goods` (`goods_name`,`goods_sn`,`cate_id`,`shop_price`,`cx_price`,`start`,`end`,`is_sale`,`is_hot`,`is_new`,`market_price`,`type_id`,`addtime`,`goods_img`,`goods_thumb`) VALUES ('四川移动 成都移动流量不限量卡 1元购卡 月租98元 免费用三个月 电话卡享成都本地流量不限量 520分钟通话 上网卡 流量卡 手机卡','tpshop59dd89aa9b1c7','5','2345','2340','1507564800','1508428800','1','1','1','34567','3','1507690922',NULL,NULL)

[ 2017-10-11T11:03:33+08:00 ] 192.168.101.1 /admin/goods/goodsAdd.html
INFO: [ app_init ] --START--
INFO: Run Behavior\BuildLiteBehavior [ RunTime:0.000008s ]
INFO: [ app_init ] --END-- [ RunTime:0.000382s ]
INFO: [ app_begin ] --START--
INFO: Run Behavior\ReadHtmlCacheBehavior [ RunTime:0.000699s ]
INFO: [ app_begin ] --END-- [ RunTime:0.000717s ]
NOTIC: [8] Undefined index: validate /usr/share/nginx/www/tpshop/ThinkPHP/Library/Think/Model.class.php 第 1185 行.
NOTIC: [8] Undefined index: auto /usr/share/nginx/www/tpshop/ThinkPHP/Library/Think/Model.class.php 第 1128 行.
ERR: 1048:Column 'goods_img' cannot be null
 [ SQL语句 ] : INSERT INTO `jx_goods` (`goods_name`,`goods_sn`,`cate_id`,`shop_price`,`cx_price`,`start`,`end`,`is_sale`,`is_hot`,`is_new`,`market_price`,`type_id`,`goods_body`,`addtime`,`goods_img`,`goods_thumb`) VALUES ('四川移动 成都移动流量不限量卡 1元购卡 月租98元 免费用三个月 电话卡享成都本地流量不限量 520分钟通话 上网卡 流量卡 手机卡','tpshop59dd8a05b7039','5','2345','2340','1507564800','1508428800','1','1','1','34567','3','','1507691013',NULL,NULL)
ERR: 1048:Column 'goods_img' cannot be null
 [ SQL语句 ] : INSERT INTO `jx_goods` (`goods_name`,`goods_sn`,`cate_id`,`shop_price`,`cx_price`,`start`,`end`,`is_sale`,`is_hot`,`is_new`,`market_price`,`type_id`,`goods_body`,`addtime`,`goods_img`,`goods_thumb`) VALUES ('四川移动 成都移动流量不限量卡 1元购卡 月租98元 免费用三个月 电话卡享成都本地流量不限量 520分钟通话 上网卡 流量卡 手机卡','tpshop59dd8a05b7039','5','2345','2340','1507564800','1508428800','1','1','1','34567','3','','1507691013',NULL,NULL)

[ 2017-10-11T11:06:02+08:00 ] 192.168.101.1 /admin/goods/goodsList.html
INFO: [ app_init ] --START--
INFO: Run Behavior\BuildLiteBehavior [ RunTime:0.000008s ]
INFO: [ app_init ] --END-- [ RunTime:0.000640s ]
INFO: [ app_begin ] --START--
INFO: Run Behavior\ReadHtmlCacheBehavior [ RunTime:0.000866s ]
INFO: [ app_begin ] --END-- [ RunTime:0.000888s ]
SQL: SHOW COLUMNS FROM `jx_category` [ RunTime:0.0307s ]
SQL: SELECT * FROM `jx_category`  [ RunTime:0.0305s ]
SQL: SELECT COUNT(*) AS tp_count FROM `jx_goods` WHERE ( isdel=1 ) LIMIT 1   [ RunTime:0.0304s ]
SQL: SELECT * FROM `jx_goods` WHERE ( isdel=1 ) ORDER BY id desc LIMIT 0,5   [ RunTime:0.0304s ]
INFO: [ view_parse ] --START--
INFO: [ template_filter ] --START--
INFO: Run Behavior\ContentReplaceBehavior [ RunTime:0.000039s ]
INFO: [ template_filter ] --END-- [ RunTime:0.000061s ]
NOTIC: [8] Undefined index: cate_id /usr/share/nginx/www/tpshop/App/Runtime/Cache/Admin/8fff98f1c85a99ba893b50f23831a1d9.php 第 29 行.
NOTIC: [8] Undefined index: cate_id /usr/share/nginx/www/tpshop/App/Runtime/Cache/Admin/8fff98f1c85a99ba893b50f23831a1d9.php 第 29 行.
NOTIC: [8] Undefined index: cate_id /usr/share/nginx/www/tpshop/App/Runtime/Cache/Admin/8fff98f1c85a99ba893b50f23831a1d9.php 第 29 行.
NOTIC: [8] Undefined index: cate_id /usr/share/nginx/www/tpshop/App/Runtime/Cache/Admin/8fff98f1c85a99ba893b50f23831a1d9.php 第 29 行.
NOTIC: [8] Undefined index: cate_id /usr/share/nginx/www/tpshop/App/Runtime/Cache/Admin/8fff98f1c85a99ba893b50f23831a1d9.php 第 29 行.
NOTIC: [8] Undefined index: cate_id /usr/share/nginx/www/tpshop/App/Runtime/Cache/Admin/8fff98f1c85a99ba893b50f23831a1d9.php 第 29 行.
NOTIC: [8] Undefined index: cate_id /usr/share/nginx/www/tpshop/App/Runtime/Cache/Admin/8fff98f1c85a99ba893b50f23831a1d9.php 第 29 行.
NOTIC: [8] Undefined index: cate_id /usr/share/nginx/www/tpshop/App/Runtime/Cache/Admin/8fff98f1c85a99ba893b50f23831a1d9.php 第 29 行.
NOTIC: [8] Undefined index: cate_id /usr/share/nginx/www/tpshop/App/Runtime/Cache/Admin/8fff98f1c85a99ba893b50f23831a1d9.php 第 29 行.
NOTIC: [8] Undefined index: intro_type /usr/share/nginx/www/tpshop/App/Runtime/Cache/Admin/8fff98f1c85a99ba893b50f23831a1d9.php 第 35 行.
NOTIC: [8] Undefined index: intro_type /usr/share/nginx/www/tpshop/App/Runtime/Cache/Admin/8fff98f1c85a99ba893b50f23831a1d9.php 第 36 行.
NOTIC: [8] Undefined index: intro_type /usr/share/nginx/www/tpshop/App/Runtime/Cache/Admin/8fff98f1c85a99ba893b50f23831a1d9.php 第 37 行.
NOTIC: [8] Undefined index: is_sale /usr/share/nginx/www/tpshop/App/Runtime/Cache/Admin/8fff98f1c85a99ba893b50f23831a1d9.php 第 42 行.
NOTIC: [8] Undefined index: is_sale /usr/share/nginx/www/tpshop/App/Runtime/Cache/Admin/8fff98f1c85a99ba893b50f23831a1d9.php 第 43 行.
NOTIC: [8] Undefined index: keyword /usr/share/nginx/www/tpshop/App/Runtime/Cache/Admin/8fff98f1c85a99ba893b50f23831a1d9.php 第 46 行.
INFO: Run Behavior\ParseTemplateBehavior [ RunTime:0.023668s ]
INFO: [ view_parse ] --END-- [ RunTime:0.023694s ]
INFO: [ view_filter ] --START--
INFO: Run Behavior\WriteHtmlCacheBehavior [ RunTime:0.001688s ]
INFO: [ view_filter ] --END-- [ RunTime:0.001704s ]
INFO: [ app_end ] --START--
INFO: Run Behavior\ShowPageTraceBehavior [ RunTime:0.001118s ]
INFO: [ app_end ] --END-- [ RunTime:0.001139s ]

[ 2017-10-11T11:06:05+08:00 ] 192.168.101.1 /Admin/Goods/setNumber/goods_id/64.html
INFO: [ app_init ] --START--
INFO: Run Behavior\BuildLiteBehavior [ RunTime:0.000012s ]
INFO: [ app_init ] --END-- [ RunTime:0.000659s ]
INFO: [ app_begin ] --START--
INFO: Run Behavior\ReadHtmlCacheBehavior [ RunTime:0.000620s ]
INFO: [ app_begin ] --END-- [ RunTime:0.000641s ]
SQL: SHOW COLUMNS FROM `jx_goods_attr` [ RunTime:0.0345s ]
SQL: SELECT ga.*,attr.attr_name,attr.attr_type,attr.attr_value,attr.attr_input_type FROM jx_goods_attr ga left join jx_attribute  as attr on  ga.attr_id = attr.id  WHERE ( attr.attr_type =2 and ga.goods_id=64 )  [ RunTime:0.0330s ]
SQL: SHOW COLUMNS FROM `jx_goods_number` [ RunTime:0.0316s ]
SQL: SELECT * FROM `jx_goods_number` WHERE `goods_id` = 64  [ RunTime:0.0309s ]
INFO: [ view_parse ] --START--
INFO: [ template_filter ] --START--
INFO: Run Behavior\ContentReplaceBehavior [ RunTime:0.000032s ]
INFO: [ template_filter ] --END-- [ RunTime:0.000054s ]
INFO: Run Behavior\ParseTemplateBehavior [ RunTime:0.024854s ]
INFO: [ view_parse ] --END-- [ RunTime:0.024890s ]
INFO: [ view_filter ] --START--
INFO: Run Behavior\WriteHtmlCacheBehavior [ RunTime:0.001385s ]
INFO: [ view_filter ] --END-- [ RunTime:0.001424s ]
INFO: [ app_end ] --START--
INFO: Run Behavior\ShowPageTraceBehavior [ RunTime:0.001191s ]
INFO: [ app_end ] --END-- [ RunTime:0.001268s ]

[ 2017-10-11T11:06:08+08:00 ] 192.168.101.1 /Admin/Goods/setNumber/goods_id/64.html
INFO: [ app_init ] --START--
INFO: Run Behavior\BuildLiteBehavior [ RunTime:0.000012s ]
INFO: [ app_init ] --END-- [ RunTime:0.000758s ]
INFO: [ app_begin ] --START--
INFO: Run Behavior\ReadHtmlCacheBehavior [ RunTime:0.000552s ]
INFO: [ app_begin ] --END-- [ RunTime:0.000574s ]
SQL: SHOW COLUMNS FROM `jx_goods_number` [ RunTime:0.0263s ]
SQL: DELETE FROM `jx_goods_number` WHERE `goods_id` = 64 [ RunTime:0.0276s ]
SQL: INSERT INTO `jx_goods_number` (`goods_id`,`goods_attr_ids`,`goods_number`) VALUES ('64','194,196','0') [ RunTime:0.0265s ]
SQL: SHOW COLUMNS FROM `jx_goods` [ RunTime:0.0267s ]
SQL: UPDATE `jx_goods` SET `goods_number`='0' WHERE `id` = 64 [ RunTime:0.0801s ]
INFO: [ app_end ] --START--
INFO: Run Behavior\ShowPageTraceBehavior [ RunTime:0.002370s ]
INFO: [ app_end ] --END-- [ RunTime:0.002397s ]

[ 2017-10-11T11:06:11+08:00 ] 192.168.101.1 /admin/goods/goodsAdd.html
INFO: [ app_init ] --START--
INFO: Run Behavior\BuildLiteBehavior [ RunTime:0.000007s ]
INFO: [ app_init ] --END-- [ RunTime:0.000298s ]
INFO: [ app_begin ] --START--
INFO: Run Behavior\ReadHtmlCacheBehavior [ RunTime:0.000521s ]
INFO: [ app_begin ] --END-- [ RunTime:0.000535s ]
SQL: SHOW COLUMNS FROM `jx_type` [ RunTime:0.0290s ]
SQL: SELECT * FROM `jx_type`  [ RunTime:0.0274s ]
SQL: SHOW COLUMNS FROM `jx_category` [ RunTime:0.0282s ]
SQL: SELECT * FROM `jx_category`  [ RunTime:0.0270s ]
SQL: SHOW COLUMNS FROM `jx_member_level` [ RunTime:0.0291s ]
SQL: SELECT * FROM `jx_member_level` ORDER BY id  [ RunTime:0.0272s ]
INFO: [ view_parse ] --START--
INFO: [ template_filter ] --START--
INFO: Run Behavior\ContentReplaceBehavior [ RunTime:0.000054s ]
INFO: [ template_filter ] --END-- [ RunTime:0.000078s ]
NOTIC: [8] Undefined index: level /usr/share/nginx/www/tpshop/App/Runtime/Cache/Admin/2d581302f585c48a2c4e59b4371bb019.php 第 132 行.
NOTIC: [8] Undefined index: level /usr/share/nginx/www/tpshop/App/Runtime/Cache/Admin/2d581302f585c48a2c4e59b4371bb019.php 第 132 行.
NOTIC: [8] Undefined index: level /usr/share/nginx/www/tpshop/App/Runtime/Cache/Admin/2d581302f585c48a2c4e59b4371bb019.php 第 132 行.
INFO: Run Behavior\ParseTemplateBehavior [ RunTime:0.015872s ]
INFO: [ view_parse ] --END-- [ RunTime:0.015894s ]
INFO: [ view_filter ] --START--
INFO: Run Behavior\WriteHtmlCacheBehavior [ RunTime:0.001172s ]
INFO: [ view_filter ] --END-- [ RunTime:0.001197s ]

[ 2017-10-11T11:06:12+08:00 ] 192.168.101.1 /admin/goods/goodsList.html
INFO: [ app_init ] --START--
INFO: Run Behavior\BuildLiteBehavior [ RunTime:0.000019s ]
INFO: [ app_init ] --END-- [ RunTime:0.000234s ]
INFO: [ app_begin ] --START--
INFO: Run Behavior\ReadHtmlCacheBehavior [ RunTime:0.000595s ]
INFO: [ app_begin ] --END-- [ RunTime:0.000638s ]
SQL: SHOW COLUMNS FROM `jx_category` [ RunTime:0.0271s ]
SQL: SELECT * FROM `jx_category`  [ RunTime:0.0339s ]
SQL: SELECT COUNT(*) AS tp_count FROM `jx_goods` WHERE ( isdel=1 ) LIMIT 1   [ RunTime:0.0264s ]
SQL: SELECT * FROM `jx_goods` WHERE ( isdel=1 ) ORDER BY id desc LIMIT 0,5   [ RunTime:0.0272s ]
INFO: [ view_parse ] --START--
INFO: [ template_filter ] --START--
INFO: Run Behavior\ContentReplaceBehavior [ RunTime:0.000040s ]
INFO: [ template_filter ] --END-- [ RunTime:0.000062s ]
NOTIC: [8] Undefined index: cate_id /usr/share/nginx/www/tpshop/App/Runtime/Cache/Admin/8fff98f1c85a99ba893b50f23831a1d9.php 第 29 行.
NOTIC: [8] Undefined index: cate_id /usr/share/nginx/www/tpshop/App/Runtime/Cache/Admin/8fff98f1c85a99ba893b50f23831a1d9.php 第 29 行.
NOTIC: [8] Undefined index: cate_id /usr/share/nginx/www/tpshop/App/Runtime/Cache/Admin/8fff98f1c85a99ba893b50f23831a1d9.php 第 29 行.
NOTIC: [8] Undefined index: cate_id /usr/share/nginx/www/tpshop/App/Runtime/Cache/Admin/8fff98f1c85a99ba893b50f23831a1d9.php 第 29 行.
NOTIC: [8] Undefined index: cate_id /usr/share/nginx/www/tpshop/App/Runtime/Cache/Admin/8fff98f1c85a99ba893b50f23831a1d9.php 第 29 行.
NOTIC: [8] Undefined index: cate_id /usr/share/nginx/www/tpshop/App/Runtime/Cache/Admin/8fff98f1c85a99ba893b50f23831a1d9.php 第 29 行.
NOTIC: [8] Undefined index: cate_id /usr/share/nginx/www/tpshop/App/Runtime/Cache/Admin/8fff98f1c85a99ba893b50f23831a1d9.php 第 29 行.
NOTIC: [8] Undefined index: cate_id /usr/share/nginx/www/tpshop/App/Runtime/Cache/Admin/8fff98f1c85a99ba893b50f23831a1d9.php 第 29 行.
NOTIC: [8] Undefined index: cate_id /usr/share/nginx/www/tpshop/App/Runtime/Cache/Admin/8fff98f1c85a99ba893b50f23831a1d9.php 第 29 行.
NOTIC: [8] Undefined index: intro_type /usr/share/nginx/www/tpshop/App/Runtime/Cache/Admin/8fff98f1c85a99ba893b50f23831a1d9.php 第 35 行.
NOTIC: [8] Undefined index: intro_type /usr/share/nginx/www/tpshop/App/Runtime/Cache/Admin/8fff98f1c85a99ba893b50f23831a1d9.php 第 36 行.
NOTIC: [8] Undefined index: intro_type /usr/share/nginx/www/tpshop/App/Runtime/Cache/Admin/8fff98f1c85a99ba893b50f23831a1d9.php 第 37 行.
NOTIC: [8] Undefined index: is_sale /usr/share/nginx/www/tpshop/App/Runtime/Cache/Admin/8fff98f1c85a99ba893b50f23831a1d9.php 第 42 行.
NOTIC: [8] Undefined index: is_sale /usr/share/nginx/www/tpshop/App/Runtime/Cache/Admin/8fff98f1c85a99ba893b50f23831a1d9.php 第 43 行.
NOTIC: [8] Undefined index: keyword /usr/share/nginx/www/tpshop/App/Runtime/Cache/Admin/8fff98f1c85a99ba893b50f23831a1d9.php 第 46 行.
INFO: Run Behavior\ParseTemplateBehavior [ RunTime:0.020970s ]
INFO: [ view_parse ] --END-- [ RunTime:0.020985s ]
INFO: [ view_filter ] --START--
INFO: Run Behavior\WriteHtmlCacheBehavior [ RunTime:0.000830s ]
INFO: [ view_filter ] --END-- [ RunTime:0.000854s ]
INFO: [ app_end ] --START--
INFO: Run Behavior\ShowPageTraceBehavior [ RunTime:0.001341s ]
INFO: [ app_end ] --END-- [ RunTime:0.001389s ]

[ 2017-10-11T11:06:14+08:00 ] 192.168.101.1 /Admin/Goods/setNumber/goods_id/64.html
INFO: [ app_init ] --START--
INFO: Run Behavior\BuildLiteBehavior [ RunTime:0.000010s ]
INFO: [ app_init ] --END-- [ RunTime:0.000452s ]
INFO: [ app_begin ] --START--
INFO: Run Behavior\ReadHtmlCacheBehavior [ RunTime:0.000546s ]
INFO: [ app_begin ] --END-- [ RunTime:0.000568s ]
SQL: SHOW COLUMNS FROM `jx_goods_attr` [ RunTime:0.0309s ]
SQL: SELECT ga.*,attr.attr_name,attr.attr_type,attr.attr_value,attr.attr_input_type FROM jx_goods_attr ga left join jx_attribute  as attr on  ga.attr_id = attr.id  WHERE ( attr.attr_type =2 and ga.goods_id=64 )  [ RunTime:0.0311s ]
SQL: SHOW COLUMNS FROM `jx_goods_number` [ RunTime:0.0317s ]
SQL: SELECT * FROM `jx_goods_number` WHERE `goods_id` = 64  [ RunTime:0.0311s ]
INFO: [ view_parse ] --START--
INFO: [ template_filter ] --START--
INFO: Run Behavior\ContentReplaceBehavior [ RunTime:0.000031s ]
INFO: [ template_filter ] --END-- [ RunTime:0.000053s ]
INFO: Run Behavior\ParseTemplateBehavior [ RunTime:0.016732s ]
INFO: [ view_parse ] --END-- [ RunTime:0.016764s ]
INFO: [ view_filter ] --START--
INFO: Run Behavior\WriteHtmlCacheBehavior [ RunTime:0.000961s ]
INFO: [ view_filter ] --END-- [ RunTime:0.000974s ]
INFO: [ app_end ] --START--
INFO: Run Behavior\ShowPageTraceBehavior [ RunTime:0.000485s ]
INFO: [ app_end ] --END-- [ RunTime:0.000496s ]

[ 2017-10-11T11:06:40+08:00 ] 192.168.101.1 /Admin/Goods/setNumber/goods_id/64.html
INFO: [ app_init ] --START--
INFO: Run Behavior\BuildLiteBehavior [ RunTime:0.000008s ]
INFO: [ app_init ] --END-- [ RunTime:0.000324s ]
INFO: [ app_begin ] --START--
INFO: Run Behavior\ReadHtmlCacheBehavior [ RunTime:0.000582s ]
INFO: [ app_begin ] --END-- [ RunTime:0.000597s ]
SQL: SHOW COLUMNS FROM `jx_goods_number` [ RunTime:0.0272s ]
SQL: DELETE FROM `jx_goods_number` WHERE `goods_id` = 64 [ RunTime:0.0263s ]
SQL: INSERT INTO `jx_goods_number` (`goods_id`,`goods_attr_ids`,`goods_number`) VALUES ('64','194,197','1000'),('64','194,196','1000'),('64','195,196','1000'),('64','195,197','1000') [ RunTime:0.0270s ]
SQL: SHOW COLUMNS FROM `jx_goods` [ RunTime:0.0286s ]
SQL: UPDATE `jx_goods` SET `goods_number`='4000' WHERE `id` = 64 [ RunTime:0.0334s ]
INFO: [ view_parse ] --START--
INFO: [ template_filter ] --START--
INFO: Run Behavior\ContentReplaceBehavior [ RunTime:0.000022s ]
INFO: [ template_filter ] --END-- [ RunTime:0.000048s ]
INFO: Run Behavior\ParseTemplateBehavior [ RunTime:0.013872s ]
INFO: [ view_parse ] --END-- [ RunTime:0.013913s ]
INFO: [ view_filter ] --START--
INFO: Run Behavior\WriteHtmlCacheBehavior [ RunTime:0.001028s ]
INFO: [ view_filter ] --END-- [ RunTime:0.001041s ]
INFO: [ app_end ] --START--
INFO: Run Behavior\ShowPageTraceBehavior [ RunTime:0.000937s ]
INFO: [ app_end ] --END-- [ RunTime:0.000949s ]

[ 2017-10-11T11:06:41+08:00 ] 192.168.101.1 /Admin/Goods/goodsList.html
INFO: [ app_init ] --START--
INFO: Run Behavior\BuildLiteBehavior [ RunTime:0.000007s ]
INFO: [ app_init ] --END-- [ RunTime:0.000035s ]
INFO: [ app_begin ] --START--
INFO: Run Behavior\ReadHtmlCacheBehavior [ RunTime:0.000312s ]
INFO: [ app_begin ] --END-- [ RunTime:0.000328s ]
SQL: SHOW COLUMNS FROM `jx_category` [ RunTime:0.0284s ]
SQL: SELECT * FROM `jx_category`  [ RunTime:0.0283s ]
SQL: SELECT COUNT(*) AS tp_count FROM `jx_goods` WHERE ( isdel=1 ) LIMIT 1   [ RunTime:0.0280s ]
SQL: SELECT * FROM `jx_goods` WHERE ( isdel=1 ) ORDER BY id desc LIMIT 0,5   [ RunTime:0.0287s ]
INFO: [ view_parse ] --START--
INFO: [ template_filter ] --START--
INFO: Run Behavior\ContentReplaceBehavior [ RunTime:0.000040s ]
INFO: [ template_filter ] --END-- [ RunTime:0.000075s ]
NOTIC: [8] Undefined index: cate_id /usr/share/nginx/www/tpshop/App/Runtime/Cache/Admin/8fff98f1c85a99ba893b50f23831a1d9.php 第 29 行.
NOTIC: [8] Undefined index: cate_id /usr/share/nginx/www/tpshop/App/Runtime/Cache/Admin/8fff98f1c85a99ba893b50f23831a1d9.php 第 29 行.
NOTIC: [8] Undefined index: cate_id /usr/share/nginx/www/tpshop/App/Runtime/Cache/Admin/8fff98f1c85a99ba893b50f23831a1d9.php 第 29 行.
NOTIC: [8] Undefined index: cate_id /usr/share/nginx/www/tpshop/App/Runtime/Cache/Admin/8fff98f1c85a99ba893b50f23831a1d9.php 第 29 行.
NOTIC: [8] Undefined index: cate_id /usr/share/nginx/www/tpshop/App/Runtime/Cache/Admin/8fff98f1c85a99ba893b50f23831a1d9.php 第 29 行.
NOTIC: [8] Undefined index: cate_id /usr/share/nginx/www/tpshop/App/Runtime/Cache/Admin/8fff98f1c85a99ba893b50f23831a1d9.php 第 29 行.
NOTIC: [8] Undefined index: cate_id /usr/share/nginx/www/tpshop/App/Runtime/Cache/Admin/8fff98f1c85a99ba893b50f23831a1d9.php 第 29 行.
NOTIC: [8] Undefined index: cate_id /usr/share/nginx/www/tpshop/App/Runtime/Cache/Admin/8fff98f1c85a99ba893b50f23831a1d9.php 第 29 行.
NOTIC: [8] Undefined index: cate_id /usr/share/nginx/www/tpshop/App/Runtime/Cache/Admin/8fff98f1c85a99ba893b50f23831a1d9.php 第 29 行.
NOTIC: [8] Undefined index: intro_type /usr/share/nginx/www/tpshop/App/Runtime/Cache/Admin/8fff98f1c85a99ba893b50f23831a1d9.php 第 35 行.
NOTIC: [8] Undefined index: intro_type /usr/share/nginx/www/tpshop/App/Runtime/Cache/Admin/8fff98f1c85a99ba893b50f23831a1d9.php 第 36 行.
NOTIC: [8] Undefined index: intro_type /usr/share/nginx/www/tpshop/App/Runtime/Cache/Admin/8fff98f1c85a99ba893b50f23831a1d9.php 第 37 行.
NOTIC: [8] Undefined index: is_sale /usr/share/nginx/www/tpshop/App/Runtime/Cache/Admin/8fff98f1c85a99ba893b50f23831a1d9.php 第 42 行.
NOTIC: [8] Undefined index: is_sale /usr/share/nginx/www/tpshop/App/Runtime/Cache/Admin/8fff98f1c85a99ba893b50f23831a1d9.php 第 43 行.
NOTIC: [8] Undefined index: keyword /usr/share/nginx/www/tpshop/App/Runtime/Cache/Admin/8fff98f1c85a99ba893b50f23831a1d9.php 第 46 行.
INFO: Run Behavior\ParseTemplateBehavior [ RunTime:0.010081s ]
INFO: [ view_parse ] --END-- [ RunTime:0.010106s ]
INFO: [ view_filter ] --START--
INFO: Run Behavior\WriteHtmlCacheBehavior [ RunTime:0.000409s ]
INFO: [ view_filter ] --END-- [ RunTime:0.000423s ]
INFO: [ app_end ] --START--
INFO: Run Behavior\ShowPageTraceBehavior [ RunTime:0.000377s ]
INFO: [ app_end ] --END-- [ RunTime:0.000393s ]

[ 2017-10-11T11:34:42+08:00 ] 192.168.101.1 /Admin/index/index.html
INFO: [ app_init ] --START--
INFO: Run Behavior\BuildLiteBehavior [ RunTime:0.000014s ]
INFO: [ app_init ] --END-- [ RunTime:0.001900s ]
INFO: [ app_begin ] --START--
INFO: Run Behavior\ReadHtmlCacheBehavior [ RunTime:0.002450s ]
INFO: [ app_begin ] --END-- [ RunTime:0.002481s ]
INFO: [ view_parse ] --START--
INFO: [ template_filter ] --START--
INFO: Run Behavior\ContentReplaceBehavior [ RunTime:0.000024s ]
INFO: [ template_filter ] --END-- [ RunTime:0.000049s ]
INFO: Run Behavior\ParseTemplateBehavior [ RunTime:0.019094s ]
INFO: [ view_parse ] --END-- [ RunTime:0.019123s ]
INFO: [ view_filter ] --START--
INFO: Run Behavior\WriteHtmlCacheBehavior [ RunTime:0.002385s ]
INFO: [ view_filter ] --END-- [ RunTime:0.002412s ]
INFO: [ app_end ] --START--
INFO: Run Behavior\ShowPageTraceBehavior [ RunTime:0.003211s ]
INFO: [ app_end ] --END-- [ RunTime:0.003240s ]

[ 2017-10-11T11:34:42+08:00 ] 192.168.101.1 /Admin/Index/menu.html
INFO: [ app_init ] --START--
INFO: Run Behavior\BuildLiteBehavior [ RunTime:0.000009s ]
INFO: [ app_init ] --END-- [ RunTime:0.000053s ]
INFO: [ app_begin ] --START--
INFO: Run Behavior\ReadHtmlCacheBehavior [ RunTime:0.001047s ]
INFO: [ app_begin ] --END-- [ RunTime:0.001082s ]
INFO: [ view_parse ] --START--
INFO: [ template_filter ] --START--
INFO: Run Behavior\ContentReplaceBehavior [ RunTime:0.000048s ]
INFO: [ template_filter ] --END-- [ RunTime:0.000084s ]
INFO: Run Behavior\ParseTemplateBehavior [ RunTime:0.015652s ]
INFO: [ view_parse ] --END-- [ RunTime:0.015693s ]
INFO: [ view_filter ] --START--
INFO: Run Behavior\WriteHtmlCacheBehavior [ RunTime:0.000798s ]
INFO: [ view_filter ] --END-- [ RunTime:0.000825s ]
INFO: [ app_end ] --START--
INFO: Run Behavior\ShowPageTraceBehavior [ RunTime:0.000784s ]
INFO: [ app_end ] --END-- [ RunTime:0.000815s ]

[ 2017-10-11T11:34:42+08:00 ] 192.168.101.1 /Admin/Index/top.html
INFO: [ app_init ] --START--
INFO: Run Behavior\BuildLiteBehavior [ RunTime:0.000011s ]
INFO: [ app_init ] --END-- [ RunTime:0.000087s ]
INFO: [ app_begin ] --START--
INFO: Run Behavior\ReadHtmlCacheBehavior [ RunTime:0.001696s ]
INFO: [ app_begin ] --END-- [ RunTime:0.001813s ]
INFO: [ view_parse ] --START--
INFO: [ template_filter ] --START--
INFO: Run Behavior\ContentReplaceBehavior [ RunTime:0.000050s ]
INFO: [ template_filter ] --END-- [ RunTime:0.000091s ]
INFO: Run Behavior\ParseTemplateBehavior [ RunTime:0.019972s ]
INFO: [ view_parse ] --END-- [ RunTime:0.020007s ]
INFO: [ view_filter ] --START--
INFO: Run Behavior\WriteHtmlCacheBehavior [ RunTime:0.000782s ]
INFO: [ view_filter ] --END-- [ RunTime:0.000806s ]
INFO: [ app_end ] --START--
INFO: Run Behavior\ShowPageTraceBehavior [ RunTime:0.000796s ]
INFO: [ app_end ] --END-- [ RunTime:0.000821s ]

[ 2017-10-11T11:34:42+08:00 ] 192.168.101.1 /Admin/Index/main.html
INFO: [ app_init ] --START--
INFO: Run Behavior\BuildLiteBehavior [ RunTime:0.000008s ]
INFO: [ app_init ] --END-- [ RunTime:0.000048s ]
INFO: [ app_begin ] --START--
INFO: Run Behavior\ReadHtmlCacheBehavior [ RunTime:0.000811s ]
INFO: [ app_begin ] --END-- [ RunTime:0.000842s ]
INFO: [ view_parse ] --START--
INFO: [ template_filter ] --START--
INFO: Run Behavior\ContentReplaceBehavior [ RunTime:0.000036s ]
INFO: [ template_filter ] --END-- [ RunTime:0.000072s ]
INFO: Run Behavior\ParseTemplateBehavior [ RunTime:0.010179s ]
INFO: [ view_parse ] --END-- [ RunTime:0.010234s ]
INFO: [ view_filter ] --START--
INFO: Run Behavior\WriteHtmlCacheBehavior [ RunTime:0.000688s ]
INFO: [ view_filter ] --END-- [ RunTime:0.000720s ]
INFO: [ app_end ] --START--
INFO: Run Behavior\ShowPageTraceBehavior [ RunTime:0.000515s ]
INFO: [ app_end ] --END-- [ RunTime:0.000539s ]

[ 2017-10-11T12:50:21+08:00 ] 192.168.101.1 /admin/goods/goodsList.html
INFO: [ app_init ] --START--
INFO: Run Behavior\BuildLiteBehavior [ RunTime:0.000008s ]
INFO: [ app_init ] --END-- [ RunTime:0.000327s ]
INFO: [ app_begin ] --START--
INFO: Run Behavior\ReadHtmlCacheBehavior [ RunTime:0.001033s ]
INFO: [ app_begin ] --END-- [ RunTime:0.001061s ]
SQL: SHOW COLUMNS FROM `jx_category` [ RunTime:0.0281s ]
SQL: SELECT * FROM `jx_category`  [ RunTime:0.0279s ]
SQL: SELECT COUNT(*) AS tp_count FROM `jx_goods` WHERE ( isdel=1 ) LIMIT 1   [ RunTime:0.0274s ]
SQL: SELECT * FROM `jx_goods` WHERE ( isdel=1 ) ORDER BY id desc LIMIT 0,5   [ RunTime:0.0283s ]
INFO: [ view_parse ] --START--
INFO: [ template_filter ] --START--
INFO: Run Behavior\ContentReplaceBehavior [ RunTime:0.000038s ]
INFO: [ template_filter ] --END-- [ RunTime:0.000060s ]
NOTIC: [8] Undefined index: cate_id /usr/share/nginx/www/tpshop/App/Runtime/Cache/Admin/8fff98f1c85a99ba893b50f23831a1d9.php 第 29 行.
NOTIC: [8] Undefined index: cate_id /usr/share/nginx/www/tpshop/App/Runtime/Cache/Admin/8fff98f1c85a99ba893b50f23831a1d9.php 第 29 行.
NOTIC: [8] Undefined index: cate_id /usr/share/nginx/www/tpshop/App/Runtime/Cache/Admin/8fff98f1c85a99ba893b50f23831a1d9.php 第 29 行.
NOTIC: [8] Undefined index: cate_id /usr/share/nginx/www/tpshop/App/Runtime/Cache/Admin/8fff98f1c85a99ba893b50f23831a1d9.php 第 29 行.
NOTIC: [8] Undefined index: cate_id /usr/share/nginx/www/tpshop/App/Runtime/Cache/Admin/8fff98f1c85a99ba893b50f23831a1d9.php 第 29 行.
NOTIC: [8] Undefined index: cate_id /usr/share/nginx/www/tpshop/App/Runtime/Cache/Admin/8fff98f1c85a99ba893b50f23831a1d9.php 第 29 行.
NOTIC: [8] Undefined index: cate_id /usr/share/nginx/www/tpshop/App/Runtime/Cache/Admin/8fff98f1c85a99ba893b50f23831a1d9.php 第 29 行.
NOTIC: [8] Undefined index: cate_id /usr/share/nginx/www/tpshop/App/Runtime/Cache/Admin/8fff98f1c85a99ba893b50f23831a1d9.php 第 29 行.
NOTIC: [8] Undefined index: cate_id /usr/share/nginx/www/tpshop/App/Runtime/Cache/Admin/8fff98f1c85a99ba893b50f23831a1d9.php 第 29 行.
NOTIC: [8] Undefined index: intro_type /usr/share/nginx/www/tpshop/App/Runtime/Cache/Admin/8fff98f1c85a99ba893b50f23831a1d9.php 第 35 行.
NOTIC: [8] Undefined index: intro_type /usr/share/nginx/www/tpshop/App/Runtime/Cache/Admin/8fff98f1c85a99ba893b50f23831a1d9.php 第 36 行.
NOTIC: [8] Undefined index: intro_type /usr/share/nginx/www/tpshop/App/Runtime/Cache/Admin/8fff98f1c85a99ba893b50f23831a1d9.php 第 37 行.
NOTIC: [8] Undefined index: is_sale /usr/share/nginx/www/tpshop/App/Runtime/Cache/Admin/8fff98f1c85a99ba893b50f23831a1d9.php 第 42 行.
NOTIC: [8] Undefined index: is_sale /usr/share/nginx/www/tpshop/App/Runtime/Cache/Admin/8fff98f1c85a99ba893b50f23831a1d9.php 第 43 行.
NOTIC: [8] Undefined index: keyword /usr/share/nginx/www/tpshop/App/Runtime/Cache/Admin/8fff98f1c85a99ba893b50f23831a1d9.php 第 46 行.
INFO: Run Behavior\ParseTemplateBehavior [ RunTime:0.019767s ]
INFO: [ view_parse ] --END-- [ RunTime:0.019796s ]
INFO: [ view_filter ] --START--
INFO: Run Behavior\WriteHtmlCacheBehavior [ RunTime:0.000940s ]
INFO: [ view_filter ] --END-- [ RunTime:0.000951s ]
INFO: [ app_end ] --START--
INFO: Run Behavior\ShowPageTraceBehavior [ RunTime:0.000709s ]
INFO: [ app_end ] --END-- [ RunTime:0.000727s ]

[ 2017-10-11T12:50:22+08:00 ] 192.168.101.1 /admin/goods/goodsList.html
INFO: [ app_init ] --START--
INFO: Run Behavior\BuildLiteBehavior [ RunTime:0.000014s ]
INFO: [ app_init ] --END-- [ RunTime:0.000088s ]
INFO: [ app_begin ] --START--
INFO: Run Behavior\ReadHtmlCacheBehavior [ RunTime:0.000391s ]
INFO: [ app_begin ] --END-- [ RunTime:0.000419s ]
SQL: SHOW COLUMNS FROM `jx_category` [ RunTime:0.0243s ]
SQL: SELECT * FROM `jx_category`  [ RunTime:0.0245s ]
SQL: SELECT COUNT(*) AS tp_count FROM `jx_goods` WHERE ( isdel=1 ) LIMIT 1   [ RunTime:0.0242s ]
SQL: SELECT * FROM `jx_goods` WHERE ( isdel=1 ) ORDER BY id desc LIMIT 0,5   [ RunTime:0.0247s ]
INFO: [ view_parse ] --START--
INFO: [ template_filter ] --START--
INFO: Run Behavior\ContentReplaceBehavior [ RunTime:0.000039s ]
INFO: [ template_filter ] --END-- [ RunTime:0.000060s ]
NOTIC: [8] Undefined index: cate_id /usr/share/nginx/www/tpshop/App/Runtime/Cache/Admin/8fff98f1c85a99ba893b50f23831a1d9.php 第 29 行.
NOTIC: [8] Undefined index: cate_id /usr/share/nginx/www/tpshop/App/Runtime/Cache/Admin/8fff98f1c85a99ba893b50f23831a1d9.php 第 29 行.
NOTIC: [8] Undefined index: cate_id /usr/share/nginx/www/tpshop/App/Runtime/Cache/Admin/8fff98f1c85a99ba893b50f23831a1d9.php 第 29 行.
NOTIC: [8] Undefined index: cate_id /usr/share/nginx/www/tpshop/App/Runtime/Cache/Admin/8fff98f1c85a99ba893b50f23831a1d9.php 第 29 行.
NOTIC: [8] Undefined index: cate_id /usr/share/nginx/www/tpshop/App/Runtime/Cache/Admin/8fff98f1c85a99ba893b50f23831a1d9.php 第 29 行.
NOTIC: [8] Undefined index: cate_id /usr/share/nginx/www/tpshop/App/Runtime/Cache/Admin/8fff98f1c85a99ba893b50f23831a1d9.php 第 29 行.
NOTIC: [8] Undefined index: cate_id /usr/share/nginx/www/tpshop/App/Runtime/Cache/Admin/8fff98f1c85a99ba893b50f23831a1d9.php 第 29 行.
NOTIC: [8] Undefined index: cate_id /usr/share/nginx/www/tpshop/App/Runtime/Cache/Admin/8fff98f1c85a99ba893b50f23831a1d9.php 第 29 行.
NOTIC: [8] Undefined index: cate_id /usr/share/nginx/www/tpshop/App/Runtime/Cache/Admin/8fff98f1c85a99ba893b50f23831a1d9.php 第 29 行.
NOTIC: [8] Undefined index: intro_type /usr/share/nginx/www/tpshop/App/Runtime/Cache/Admin/8fff98f1c85a99ba893b50f23831a1d9.php 第 35 行.
NOTIC: [8] Undefined index: intro_type /usr/share/nginx/www/tpshop/App/Runtime/Cache/Admin/8fff98f1c85a99ba893b50f23831a1d9.php 第 36 行.
NOTIC: [8] Undefined index: intro_type /usr/share/nginx/www/tpshop/App/Runtime/Cache/Admin/8fff98f1c85a99ba893b50f23831a1d9.php 第 37 行.
NOTIC: [8] Undefined index: is_sale /usr/share/nginx/www/tpshop/App/Runtime/Cache/Admin/8fff98f1c85a99ba893b50f23831a1d9.php 第 42 行.
NOTIC: [8] Undefined index: is_sale /usr/share/nginx/www/tpshop/App/Runtime/Cache/Admin/8fff98f1c85a99ba893b50f23831a1d9.php 第 43 行.
NOTIC: [8] Undefined index: keyword /usr/share/nginx/www/tpshop/App/Runtime/Cache/Admin/8fff98f1c85a99ba893b50f23831a1d9.php 第 46 行.
INFO: Run Behavior\ParseTemplateBehavior [ RunTime:0.015244s ]
INFO: [ view_parse ] --END-- [ RunTime:0.015270s ]
INFO: [ view_filter ] --START--
INFO: Run Behavior\WriteHtmlCacheBehavior [ RunTime:0.000361s ]
INFO: [ view_filter ] --END-- [ RunTime:0.000376s ]
INFO: [ app_end ] --START--
INFO: Run Behavior\ShowPageTraceBehavior [ RunTime:0.000336s ]
INFO: [ app_end ] --END-- [ RunTime:0.000351s ]

[ 2017-10-11T12:50:24+08:00 ] 192.168.101.1 /Admin/Goods/setNumber/goods_id/63.html
INFO: [ app_init ] --START--
INFO: Run Behavior\BuildLiteBehavior [ RunTime:0.000011s ]
INFO: [ app_init ] --END-- [ RunTime:0.000425s ]
INFO: [ app_begin ] --START--
INFO: Run Behavior\ReadHtmlCacheBehavior [ RunTime:0.000525s ]
INFO: [ app_begin ] --END-- [ RunTime:0.000532s ]
SQL: SHOW COLUMNS FROM `jx_goods_attr` [ RunTime:0.0311s ]
SQL: SELECT ga.*,attr.attr_name,attr.attr_type,attr.attr_value,attr.attr_input_type FROM jx_goods_attr ga left join jx_attribute  as attr on  ga.attr_id = attr.id  WHERE ( attr.attr_type =2 and ga.goods_id=63 )  [ RunTime:0.0315s ]
SQL: SHOW COLUMNS FROM `jx_goods_number` [ RunTime:0.0314s ]
SQL: SELECT * FROM `jx_goods_number` WHERE `goods_id` = 63  [ RunTime:0.0295s ]
INFO: [ view_parse ] --START--
INFO: [ template_filter ] --START--
INFO: Run Behavior\ContentReplaceBehavior [ RunTime:0.000061s ]
INFO: [ template_filter ] --END-- [ RunTime:0.000086s ]
INFO: Run Behavior\ParseTemplateBehavior [ RunTime:0.023265s ]
INFO: [ view_parse ] --END-- [ RunTime:0.023301s ]
INFO: [ view_filter ] --START--
INFO: Run Behavior\WriteHtmlCacheBehavior [ RunTime:0.001062s ]
INFO: [ view_filter ] --END-- [ RunTime:0.001076s ]
INFO: [ app_end ] --START--
INFO: Run Behavior\ShowPageTraceBehavior [ RunTime:0.001378s ]
INFO: [ app_end ] --END-- [ RunTime:0.001391s ]

[ 2017-10-11T12:50:50+08:00 ] 192.168.101.1 /Admin/Goods/setNumber/goods_id/63.html
INFO: [ app_init ] --START--
INFO: Run Behavior\BuildLiteBehavior [ RunTime:0.000008s ]
INFO: [ app_init ] --END-- [ RunTime:0.000386s ]
INFO: [ app_begin ] --START--
INFO: Run Behavior\ReadHtmlCacheBehavior [ RunTime:0.000616s ]
INFO: [ app_begin ] --END-- [ RunTime:0.000637s ]
SQL: SHOW COLUMNS FROM `jx_goods_number` [ RunTime:0.0281s ]
SQL: DELETE FROM `jx_goods_number` WHERE `goods_id` = 63 [ RunTime:0.0272s ]
SQL: INSERT INTO `jx_goods_number` (`goods_id`,`goods_attr_ids`,`goods_number`) VALUES ('63','188,190','1000'),('63','188,191','1000'),('63','189,191','1000'),('63','189,190','1000'),('63','188,190','0') [ RunTime:0.0277s ]
SQL: SHOW COLUMNS FROM `jx_goods` [ RunTime:0.0290s ]
SQL: UPDATE `jx_goods` SET `goods_number`='4000' WHERE `id` = 63 [ RunTime:0.0358s ]
INFO: [ view_parse ] --START--
INFO: [ template_filter ] --START--
INFO: Run Behavior\ContentReplaceBehavior [ RunTime:0.000021s ]
INFO: [ template_filter ] --END-- [ RunTime:0.000042s ]
INFO: Run Behavior\ParseTemplateBehavior [ RunTime:0.014352s ]
INFO: [ view_parse ] --END-- [ RunTime:0.014385s ]
INFO: [ view_filter ] --START--
INFO: Run Behavior\WriteHtmlCacheBehavior [ RunTime:0.001120s ]
INFO: [ view_filter ] --END-- [ RunTime:0.001140s ]
INFO: [ app_end ] --START--
INFO: Run Behavior\ShowPageTraceBehavior [ RunTime:0.002056s ]
INFO: [ app_end ] --END-- [ RunTime:0.002101s ]

[ 2017-10-11T12:50:51+08:00 ] 192.168.101.1 /Admin/Goods/goodsList.html
INFO: [ app_init ] --START--
INFO: Run Behavior\BuildLiteBehavior [ RunTime:0.000008s ]
INFO: [ app_init ] --END-- [ RunTime:0.000039s ]
INFO: [ app_begin ] --START--
INFO: Run Behavior\ReadHtmlCacheBehavior [ RunTime:0.000303s ]
INFO: [ app_begin ] --END-- [ RunTime:0.000319s ]
SQL: SHOW COLUMNS FROM `jx_category` [ RunTime:0.0245s ]
SQL: SELECT * FROM `jx_category`  [ RunTime:0.0241s ]
SQL: SELECT COUNT(*) AS tp_count FROM `jx_goods` WHERE ( isdel=1 ) LIMIT 1   [ RunTime:0.0254s ]
SQL: SELECT * FROM `jx_goods` WHERE ( isdel=1 ) ORDER BY id desc LIMIT 0,5   [ RunTime:0.0252s ]
INFO: [ view_parse ] --START--
INFO: [ template_filter ] --START--
INFO: Run Behavior\ContentReplaceBehavior [ RunTime:0.000038s ]
INFO: [ template_filter ] --END-- [ RunTime:0.000059s ]
NOTIC: [8] Undefined index: cate_id /usr/share/nginx/www/tpshop/App/Runtime/Cache/Admin/8fff98f1c85a99ba893b50f23831a1d9.php 第 29 行.
NOTIC: [8] Undefined index: cate_id /usr/share/nginx/www/tpshop/App/Runtime/Cache/Admin/8fff98f1c85a99ba893b50f23831a1d9.php 第 29 行.
NOTIC: [8] Undefined index: cate_id /usr/share/nginx/www/tpshop/App/Runtime/Cache/Admin/8fff98f1c85a99ba893b50f23831a1d9.php 第 29 行.
NOTIC: [8] Undefined index: cate_id /usr/share/nginx/www/tpshop/App/Runtime/Cache/Admin/8fff98f1c85a99ba893b50f23831a1d9.php 第 29 行.
NOTIC: [8] Undefined index: cate_id /usr/share/nginx/www/tpshop/App/Runtime/Cache/Admin/8fff98f1c85a99ba893b50f23831a1d9.php 第 29 行.
NOTIC: [8] Undefined index: cate_id /usr/share/nginx/www/tpshop/App/Runtime/Cache/Admin/8fff98f1c85a99ba893b50f23831a1d9.php 第 29 行.
NOTIC: [8] Undefined index: cate_id /usr/share/nginx/www/tpshop/App/Runtime/Cache/Admin/8fff98f1c85a99ba893b50f23831a1d9.php 第 29 行.
NOTIC: [8] Undefined index: cate_id /usr/share/nginx/www/tpshop/App/Runtime/Cache/Admin/8fff98f1c85a99ba893b50f23831a1d9.php 第 29 行.
NOTIC: [8] Undefined index: cate_id /usr/share/nginx/www/tpshop/App/Runtime/Cache/Admin/8fff98f1c85a99ba893b50f23831a1d9.php 第 29 行.
NOTIC: [8] Undefined index: intro_type /usr/share/nginx/www/tpshop/App/Runtime/Cache/Admin/8fff98f1c85a99ba893b50f23831a1d9.php 第 35 行.
NOTIC: [8] Undefined index: intro_type /usr/share/nginx/www/tpshop/App/Runtime/Cache/Admin/8fff98f1c85a99ba893b50f23831a1d9.php 第 36 行.
NOTIC: [8] Undefined index: intro_type /usr/share/nginx/www/tpshop/App/Runtime/Cache/Admin/8fff98f1c85a99ba893b50f23831a1d9.php 第 37 行.
NOTIC: [8] Undefined index: is_sale /usr/share/nginx/www/tpshop/App/Runtime/Cache/Admin/8fff98f1c85a99ba893b50f23831a1d9.php 第 42 行.
NOTIC: [8] Undefined index: is_sale /usr/share/nginx/www/tpshop/App/Runtime/Cache/Admin/8fff98f1c85a99ba893b50f23831a1d9.php 第 43 行.
NOTIC: [8] Undefined index: keyword /usr/share/nginx/www/tpshop/App/Runtime/Cache/Admin/8fff98f1c85a99ba893b50f23831a1d9.php 第 46 行.
INFO: Run Behavior\ParseTemplateBehavior [ RunTime:0.011265s ]
INFO: [ view_parse ] --END-- [ RunTime:0.011289s ]
INFO: [ view_filter ] --START--
INFO: Run Behavior\WriteHtmlCacheBehavior [ RunTime:0.000542s ]
INFO: [ view_filter ] --END-- [ RunTime:0.000556s ]
INFO: [ app_end ] --START--
INFO: Run Behavior\ShowPageTraceBehavior [ RunTime:0.000443s ]
INFO: [ app_end ] --END-- [ RunTime:0.000459s ]

