[ 2017-10-15T09:42:25+08:00 ] 127.0.0.1 /api/api/getlogin
INFO: [ app_init ] --START--
INFO: Run Behavior\BuildLiteBehavior [ RunTime:0.000010s ]
INFO: [ app_init ] --END-- [ RunTime:0.001026s ]
INFO: [ app_begin ] --START--
INFO: Run Behavior\ReadHtmlCacheBehavior [ RunTime:0.000699s ]
INFO: [ app_begin ] --END-- [ RunTime:0.000769s ]
ERR: 无法加载控制器:Api

[ 2017-10-15T09:42:35+08:00 ] 127.0.0.1 /api/api/getLogin
INFO: [ app_init ] --START--
INFO: Run Behavior\BuildLiteBehavior [ RunTime:0.000007s ]
INFO: [ app_init ] --END-- [ RunTime:0.000250s ]
INFO: [ app_begin ] --START--
INFO: Run Behavior\ReadHtmlCacheBehavior [ RunTime:0.000566s ]
INFO: [ app_begin ] --END-- [ RunTime:0.000617s ]
ERR: 无法加载控制器:Api

[ 2017-10-15T09:42:40+08:00 ] 127.0.0.1 /api/Api/getLogin
INFO: [ app_init ] --START--
INFO: Run Behavior\BuildLiteBehavior [ RunTime:0.000012s ]
INFO: [ app_init ] --END-- [ RunTime:0.000483s ]
INFO: [ app_begin ] --START--
INFO: Run Behavior\ReadHtmlCacheBehavior [ RunTime:0.000992s ]
INFO: [ app_begin ] --END-- [ RunTime:0.001098s ]
ERR: 无法加载控制器:Api

[ 2017-10-15T09:42:45+08:00 ] 127.0.0.1 /Api/Api/getLogin
INFO: [ app_init ] --START--
INFO: Run Behavior\BuildLiteBehavior [ RunTime:0.000013s ]
INFO: [ app_init ] --END-- [ RunTime:0.000480s ]
INFO: [ app_begin ] --START--
INFO: Run Behavior\ReadHtmlCacheBehavior [ RunTime:0.000560s ]
INFO: [ app_begin ] --END-- [ RunTime:0.000616s ]
ERR: 无法加载控制器:Api

[ 2017-10-15T09:43:00+08:00 ] 127.0.0.1 /Api/Api/apiLogin
INFO: [ app_init ] --START--
INFO: Run Behavior\BuildLiteBehavior [ RunTime:0.000016s ]
INFO: [ app_init ] --END-- [ RunTime:0.000695s ]
INFO: [ app_begin ] --START--
INFO: Run Behavior\ReadHtmlCacheBehavior [ RunTime:0.000759s ]
INFO: [ app_begin ] --END-- [ RunTime:0.000891s ]
ERR: 无法加载控制器:Api

[ 2017-10-15T09:43:37+08:00 ] 127.0.0.1 /api/api
INFO: [ app_init ] --START--
INFO: Run Behavior\BuildLiteBehavior [ RunTime:0.000014s ]
INFO: [ app_init ] --END-- [ RunTime:0.000573s ]
INFO: [ app_begin ] --START--
INFO: Run Behavior\ReadHtmlCacheBehavior [ RunTime:0.000765s ]
INFO: [ app_begin ] --END-- [ RunTime:0.000838s ]
ERR: 无法加载控制器:Api

[ 2017-10-15T09:44:48+08:00 ] 127.0.0.1 /api/api
INFO: [ app_init ] --START--
INFO: Run Behavior\BuildLiteBehavior [ RunTime:0.000013s ]
INFO: [ app_init ] --END-- [ RunTime:0.000596s ]
INFO: [ app_begin ] --START--
INFO: Run Behavior\ReadHtmlCacheBehavior [ RunTime:0.001563s ]
INFO: [ app_begin ] --END-- [ RunTime:0.001719s ]
SQL: SHOW COLUMNS FROM `jx_category` [ RunTime:0.0171s ]
SQL: SELECT * FROM `jx_category`  [ RunTime:0.0003s ]
ERR: 非法操作:index

[ 2017-10-15T09:44:54+08:00 ] 127.0.0.1 /api/api/apilogin
INFO: [ app_init ] --START--
INFO: Run Behavior\BuildLiteBehavior [ RunTime:0.000013s ]
INFO: [ app_init ] --END-- [ RunTime:0.000516s ]
INFO: [ app_begin ] --START--
INFO: Run Behavior\ReadHtmlCacheBehavior [ RunTime:0.000576s ]
INFO: [ app_begin ] --END-- [ RunTime:0.000625s ]
SQL: SHOW COLUMNS FROM `jx_category` [ RunTime:0.0128s ]
SQL: SELECT * FROM `jx_category`  [ RunTime:0.0005s ]

[ 2017-10-15T09:51:06+08:00 ] 192.168.33.48 /api/api/apilogin
INFO: [ app_init ] --START--
INFO: Run Behavior\BuildLiteBehavior [ RunTime:0.000007s ]
INFO: [ app_init ] --END-- [ RunTime:0.000256s ]
INFO: [ app_begin ] --START--
INFO: Run Behavior\ReadHtmlCacheBehavior [ RunTime:0.000298s ]
INFO: [ app_begin ] --END-- [ RunTime:0.000326s ]
SQL: SHOW COLUMNS FROM `jx_category` [ RunTime:0.0116s ]
SQL: SELECT * FROM `jx_category`  [ RunTime:0.0003s ]

[ 2017-10-15T09:51:42+08:00 ] 192.168.33.48 /api/api/apilogin
INFO: [ app_init ] --START--
INFO: Run Behavior\BuildLiteBehavior [ RunTime:0.000011s ]
INFO: [ app_init ] --END-- [ RunTime:0.000358s ]
INFO: [ app_begin ] --START--
INFO: Run Behavior\ReadHtmlCacheBehavior [ RunTime:0.000440s ]
INFO: [ app_begin ] --END-- [ RunTime:0.000492s ]
SQL: SHOW COLUMNS FROM `jx_category` [ RunTime:0.0085s ]
SQL: SELECT * FROM `jx_category`  [ RunTime:0.0003s ]
NOTIC: [8] Undefined offset: 3 D:\web\new_tpshop\App\Common\Common\function.php 第 169 行.

[ 2017-10-15T09:51:55+08:00 ] 192.168.33.48 /api/api/apilogin
INFO: [ app_init ] --START--
INFO: Run Behavior\BuildLiteBehavior [ RunTime:0.000010s ]
INFO: [ app_init ] --END-- [ RunTime:0.000435s ]
INFO: [ app_begin ] --START--
INFO: Run Behavior\ReadHtmlCacheBehavior [ RunTime:0.000522s ]
INFO: [ app_begin ] --END-- [ RunTime:0.000561s ]
SQL: SHOW COLUMNS FROM `jx_category` [ RunTime:0.0095s ]
SQL: SELECT * FROM `jx_category`  [ RunTime:0.0003s ]
NOTIC: [8] Undefined offset: 3 D:\web\new_tpshop\App\Common\Common\function.php 第 169 行.

[ 2017-10-15T09:52:08+08:00 ] 192.168.33.48 /api/api/apilogin
INFO: [ app_init ] --START--
INFO: Run Behavior\BuildLiteBehavior [ RunTime:0.000020s ]
INFO: [ app_init ] --END-- [ RunTime:0.000273s ]
INFO: [ app_begin ] --START--
INFO: Run Behavior\ReadHtmlCacheBehavior [ RunTime:0.000667s ]
INFO: [ app_begin ] --END-- [ RunTime:0.000735s ]
SQL: SHOW COLUMNS FROM `jx_category` [ RunTime:0.0082s ]
SQL: SELECT * FROM `jx_category`  [ RunTime:0.0002s ]
NOTIC: [8] Undefined offset: 3 D:\web\new_tpshop\App\Common\Common\function.php 第 169 行.

[ 2017-10-15T09:52:21+08:00 ] 192.168.33.48 /api/api/apilogin
INFO: [ app_init ] --START--
INFO: Run Behavior\BuildLiteBehavior [ RunTime:0.000008s ]
INFO: [ app_init ] --END-- [ RunTime:0.000245s ]
INFO: [ app_begin ] --START--
INFO: Run Behavior\ReadHtmlCacheBehavior [ RunTime:0.000308s ]
INFO: [ app_begin ] --END-- [ RunTime:0.000336s ]
SQL: SHOW COLUMNS FROM `jx_category` [ RunTime:0.0092s ]
SQL: SELECT * FROM `jx_category`  [ RunTime:0.0004s ]
NOTIC: [8] Undefined offset: 3 D:\web\new_tpshop\App\Common\Common\function.php 第 169 行.

[ 2017-10-15T09:52:39+08:00 ] 127.0.0.1 /api/api/apilogin
INFO: [ app_init ] --START--
INFO: Run Behavior\BuildLiteBehavior [ RunTime:0.000017s ]
INFO: [ app_init ] --END-- [ RunTime:0.000636s ]
INFO: [ app_begin ] --START--
INFO: Run Behavior\ReadHtmlCacheBehavior [ RunTime:0.000555s ]
INFO: [ app_begin ] --END-- [ RunTime:0.000606s ]
SQL: SHOW COLUMNS FROM `jx_category` [ RunTime:0.0143s ]
SQL: SELECT * FROM `jx_category`  [ RunTime:0.0004s ]

[ 2017-10-15T09:52:41+08:00 ] 127.0.0.1 /api/api/apilogin
INFO: [ app_init ] --START--
INFO: Run Behavior\BuildLiteBehavior [ RunTime:0.000014s ]
INFO: [ app_init ] --END-- [ RunTime:0.000546s ]
INFO: [ app_begin ] --START--
INFO: Run Behavior\ReadHtmlCacheBehavior [ RunTime:0.001446s ]
INFO: [ app_begin ] --END-- [ RunTime:0.001541s ]
SQL: SHOW COLUMNS FROM `jx_category` [ RunTime:0.0230s ]
SQL: SELECT * FROM `jx_category`  [ RunTime:0.0007s ]

[ 2017-10-15T09:52:44+08:00 ] 192.168.33.48 /api/api/apilogin
INFO: [ app_init ] --START--
INFO: Run Behavior\BuildLiteBehavior [ RunTime:0.000022s ]
INFO: [ app_init ] --END-- [ RunTime:0.000957s ]
INFO: [ app_begin ] --START--
INFO: Run Behavior\ReadHtmlCacheBehavior [ RunTime:0.001063s ]
INFO: [ app_begin ] --END-- [ RunTime:0.001159s ]
SQL: SHOW COLUMNS FROM `jx_category` [ RunTime:0.0207s ]
SQL: SELECT * FROM `jx_category`  [ RunTime:0.0006s ]

[ 2017-10-15T09:52:45+08:00 ] 192.168.33.48 /api/api/apilogin
INFO: [ app_init ] --START--
INFO: Run Behavior\BuildLiteBehavior [ RunTime:0.000018s ]
INFO: [ app_init ] --END-- [ RunTime:0.000745s ]
INFO: [ app_begin ] --START--
INFO: Run Behavior\ReadHtmlCacheBehavior [ RunTime:0.001487s ]
INFO: [ app_begin ] --END-- [ RunTime:0.001599s ]
SQL: SHOW COLUMNS FROM `jx_category` [ RunTime:0.0172s ]
SQL: SELECT * FROM `jx_category`  [ RunTime:0.0006s ]

[ 2017-10-15T09:52:45+08:00 ] 192.168.33.48 /api/api/apilogin
INFO: [ app_init ] --START--
INFO: Run Behavior\BuildLiteBehavior [ RunTime:0.000017s ]
INFO: [ app_init ] --END-- [ RunTime:0.000731s ]
INFO: [ app_begin ] --START--
INFO: Run Behavior\ReadHtmlCacheBehavior [ RunTime:0.000888s ]
INFO: [ app_begin ] --END-- [ RunTime:0.000964s ]
SQL: SHOW COLUMNS FROM `jx_category` [ RunTime:0.0190s ]
SQL: SELECT * FROM `jx_category`  [ RunTime:0.0007s ]

[ 2017-10-15T09:52:45+08:00 ] 192.168.33.48 /api/api/apilogin
INFO: [ app_init ] --START--
INFO: Run Behavior\BuildLiteBehavior [ RunTime:0.000014s ]
INFO: [ app_init ] --END-- [ RunTime:0.000584s ]
INFO: [ app_begin ] --START--
INFO: Run Behavior\ReadHtmlCacheBehavior [ RunTime:0.000704s ]
INFO: [ app_begin ] --END-- [ RunTime:0.000764s ]
SQL: SHOW COLUMNS FROM `jx_category` [ RunTime:0.0167s ]
SQL: SELECT * FROM `jx_category`  [ RunTime:0.0006s ]

[ 2017-10-15T09:52:45+08:00 ] 192.168.33.48 /api/api/apilogin
INFO: [ app_init ] --START--
INFO: Run Behavior\BuildLiteBehavior [ RunTime:0.000011s ]
INFO: [ app_init ] --END-- [ RunTime:0.000437s ]
INFO: [ app_begin ] --START--
INFO: Run Behavior\ReadHtmlCacheBehavior [ RunTime:0.000552s ]
INFO: [ app_begin ] --END-- [ RunTime:0.000603s ]
SQL: SHOW COLUMNS FROM `jx_category` [ RunTime:0.0163s ]
SQL: SELECT * FROM `jx_category`  [ RunTime:0.0005s ]

[ 2017-10-15T09:52:45+08:00 ] 192.168.33.48 /api/api/apilogin
INFO: [ app_init ] --START--
INFO: Run Behavior\BuildLiteBehavior [ RunTime:0.000014s ]
INFO: [ app_init ] --END-- [ RunTime:0.000663s ]
INFO: [ app_begin ] --START--
INFO: Run Behavior\ReadHtmlCacheBehavior [ RunTime:0.000673s ]
INFO: [ app_begin ] --END-- [ RunTime:0.000735s ]
SQL: SHOW COLUMNS FROM `jx_category` [ RunTime:0.0140s ]
SQL: SELECT * FROM `jx_category`  [ RunTime:0.0007s ]

[ 2017-10-15T09:52:45+08:00 ] 192.168.33.48 /api/api/apilogin
INFO: [ app_init ] --START--
INFO: Run Behavior\BuildLiteBehavior [ RunTime:0.000012s ]
INFO: [ app_init ] --END-- [ RunTime:0.000415s ]
INFO: [ app_begin ] --START--
INFO: Run Behavior\ReadHtmlCacheBehavior [ RunTime:0.000621s ]
INFO: [ app_begin ] --END-- [ RunTime:0.000682s ]
SQL: SHOW COLUMNS FROM `jx_category` [ RunTime:0.0168s ]
SQL: SELECT * FROM `jx_category`  [ RunTime:0.0005s ]

[ 2017-10-15T09:52:46+08:00 ] 192.168.33.48 /api/api/apilogin
INFO: [ app_init ] --START--
INFO: Run Behavior\BuildLiteBehavior [ RunTime:0.000012s ]
INFO: [ app_init ] --END-- [ RunTime:0.000459s ]
INFO: [ app_begin ] --START--
INFO: Run Behavior\ReadHtmlCacheBehavior [ RunTime:0.000578s ]
INFO: [ app_begin ] --END-- [ RunTime:0.000639s ]
SQL: SHOW COLUMNS FROM `jx_category` [ RunTime:0.0141s ]
SQL: SELECT * FROM `jx_category`  [ RunTime:0.0005s ]

[ 2017-10-15T09:52:46+08:00 ] 192.168.33.48 /api/api/apilogin
INFO: [ app_init ] --START--
INFO: Run Behavior\BuildLiteBehavior [ RunTime:0.000008s ]
INFO: [ app_init ] --END-- [ RunTime:0.000262s ]
INFO: [ app_begin ] --START--
INFO: Run Behavior\ReadHtmlCacheBehavior [ RunTime:0.000363s ]
INFO: [ app_begin ] --END-- [ RunTime:0.000398s ]
SQL: SHOW COLUMNS FROM `jx_category` [ RunTime:0.0086s ]
SQL: SELECT * FROM `jx_category`  [ RunTime:0.0003s ]

[ 2017-10-15T09:52:46+08:00 ] 192.168.33.48 /api/api/apilogin
INFO: [ app_init ] --START--
INFO: Run Behavior\BuildLiteBehavior [ RunTime:0.000014s ]
INFO: [ app_init ] --END-- [ RunTime:0.000472s ]
INFO: [ app_begin ] --START--
INFO: Run Behavior\ReadHtmlCacheBehavior [ RunTime:0.000611s ]
INFO: [ app_begin ] --END-- [ RunTime:0.000679s ]
SQL: SHOW COLUMNS FROM `jx_category` [ RunTime:0.0104s ]
SQL: SELECT * FROM `jx_category`  [ RunTime:0.0005s ]

[ 2017-10-15T09:52:46+08:00 ] 192.168.33.48 /api/api/apilogin
INFO: [ app_init ] --START--
INFO: Run Behavior\BuildLiteBehavior [ RunTime:0.000016s ]
INFO: [ app_init ] --END-- [ RunTime:0.000486s ]
INFO: [ app_begin ] --START--
INFO: Run Behavior\ReadHtmlCacheBehavior [ RunTime:0.000382s ]
INFO: [ app_begin ] --END-- [ RunTime:0.000417s ]
SQL: SHOW COLUMNS FROM `jx_category` [ RunTime:0.0098s ]
SQL: SELECT * FROM `jx_category`  [ RunTime:0.0004s ]

[ 2017-10-15T09:52:46+08:00 ] 192.168.33.48 /api/api/apilogin
INFO: [ app_init ] --START--
INFO: Run Behavior\BuildLiteBehavior [ RunTime:0.000011s ]
INFO: [ app_init ] --END-- [ RunTime:0.000328s ]
INFO: [ app_begin ] --START--
INFO: Run Behavior\ReadHtmlCacheBehavior [ RunTime:0.000316s ]
INFO: [ app_begin ] --END-- [ RunTime:0.000345s ]
SQL: SHOW COLUMNS FROM `jx_category` [ RunTime:0.0091s ]
SQL: SELECT * FROM `jx_category`  [ RunTime:0.0004s ]

[ 2017-10-15T09:52:46+08:00 ] 192.168.33.48 /api/api/apilogin
INFO: [ app_init ] --START--
INFO: Run Behavior\BuildLiteBehavior [ RunTime:0.000010s ]
INFO: [ app_init ] --END-- [ RunTime:0.000391s ]
INFO: [ app_begin ] --START--
INFO: Run Behavior\ReadHtmlCacheBehavior [ RunTime:0.000509s ]
INFO: [ app_begin ] --END-- [ RunTime:0.000555s ]
SQL: SHOW COLUMNS FROM `jx_category` [ RunTime:0.0127s ]
SQL: SELECT * FROM `jx_category`  [ RunTime:0.0004s ]

[ 2017-10-15T09:52:47+08:00 ] 192.168.33.48 /api/api/apilogin
INFO: [ app_init ] --START--
INFO: Run Behavior\BuildLiteBehavior [ RunTime:0.000014s ]
INFO: [ app_init ] --END-- [ RunTime:0.000342s ]
INFO: [ app_begin ] --START--
INFO: Run Behavior\ReadHtmlCacheBehavior [ RunTime:0.000648s ]
INFO: [ app_begin ] --END-- [ RunTime:0.000717s ]
SQL: SHOW COLUMNS FROM `jx_category` [ RunTime:0.0151s ]
SQL: SELECT * FROM `jx_category`  [ RunTime:0.0006s ]

[ 2017-10-15T09:52:47+08:00 ] 192.168.33.48 /api/api/apilogin
INFO: [ app_init ] --START--
INFO: Run Behavior\BuildLiteBehavior [ RunTime:0.000013s ]
INFO: [ app_init ] --END-- [ RunTime:0.000409s ]
INFO: [ app_begin ] --START--
INFO: Run Behavior\ReadHtmlCacheBehavior [ RunTime:0.000485s ]
INFO: [ app_begin ] --END-- [ RunTime:0.000530s ]
SQL: SHOW COLUMNS FROM `jx_category` [ RunTime:0.0129s ]
SQL: SELECT * FROM `jx_category`  [ RunTime:0.0003s ]

[ 2017-10-15T09:52:47+08:00 ] 192.168.33.48 /api/api/apilogin
INFO: [ app_init ] --START--
INFO: Run Behavior\BuildLiteBehavior [ RunTime:0.000010s ]
INFO: [ app_init ] --END-- [ RunTime:0.000398s ]
INFO: [ app_begin ] --START--
INFO: Run Behavior\ReadHtmlCacheBehavior [ RunTime:0.000470s ]
INFO: [ app_begin ] --END-- [ RunTime:0.000513s ]
SQL: SHOW COLUMNS FROM `jx_category` [ RunTime:0.0112s ]
SQL: SELECT * FROM `jx_category`  [ RunTime:0.0004s ]

[ 2017-10-15T09:52:47+08:00 ] 192.168.33.48 /api/api/apilogin
INFO: [ app_init ] --START--
INFO: Run Behavior\BuildLiteBehavior [ RunTime:0.000012s ]
INFO: [ app_init ] --END-- [ RunTime:0.000488s ]
INFO: [ app_begin ] --START--
INFO: Run Behavior\ReadHtmlCacheBehavior [ RunTime:0.000469s ]
INFO: [ app_begin ] --END-- [ RunTime:0.000510s ]
SQL: SHOW COLUMNS FROM `jx_category` [ RunTime:0.0130s ]
SQL: SELECT * FROM `jx_category`  [ RunTime:0.0004s ]

[ 2017-10-15T09:52:55+08:00 ] 192.168.33.48 /api/api/apilogin
INFO: [ app_init ] --START--
INFO: Run Behavior\BuildLiteBehavior [ RunTime:0.000008s ]
INFO: [ app_init ] --END-- [ RunTime:0.000269s ]
INFO: [ app_begin ] --START--
INFO: Run Behavior\ReadHtmlCacheBehavior [ RunTime:0.000355s ]
INFO: [ app_begin ] --END-- [ RunTime:0.000388s ]
SQL: SHOW COLUMNS FROM `jx_category` [ RunTime:0.0091s ]
SQL: SELECT * FROM `jx_category`  [ RunTime:0.0003s ]

[ 2017-10-15T09:52:57+08:00 ] 192.168.33.48 /api/api/apilogin
INFO: [ app_init ] --START--
INFO: Run Behavior\BuildLiteBehavior [ RunTime:0.000009s ]
INFO: [ app_init ] --END-- [ RunTime:0.000319s ]
INFO: [ app_begin ] --START--
INFO: Run Behavior\ReadHtmlCacheBehavior [ RunTime:0.000404s ]
INFO: [ app_begin ] --END-- [ RunTime:0.000439s ]
SQL: SHOW COLUMNS FROM `jx_category` [ RunTime:0.0117s ]
SQL: SELECT * FROM `jx_category`  [ RunTime:0.0004s ]

[ 2017-10-15T09:52:57+08:00 ] 192.168.33.48 /api/api/apilogin
INFO: [ app_init ] --START--
INFO: Run Behavior\BuildLiteBehavior [ RunTime:0.000009s ]
INFO: [ app_init ] --END-- [ RunTime:0.000324s ]
INFO: [ app_begin ] --START--
INFO: Run Behavior\ReadHtmlCacheBehavior [ RunTime:0.000396s ]
INFO: [ app_begin ] --END-- [ RunTime:0.000429s ]
SQL: SHOW COLUMNS FROM `jx_category` [ RunTime:0.0121s ]
SQL: SELECT * FROM `jx_category`  [ RunTime:0.0003s ]

[ 2017-10-15T09:56:35+08:00 ] 127.0.0.1 /Api/Api/apiLogin
INFO: [ app_init ] --START--
INFO: Run Behavior\BuildLiteBehavior [ RunTime:0.000012s ]
INFO: [ app_init ] --END-- [ RunTime:0.000499s ]
INFO: [ app_begin ] --START--
INFO: Run Behavior\ReadHtmlCacheBehavior [ RunTime:0.001296s ]
INFO: [ app_begin ] --END-- [ RunTime:0.001450s ]
SQL: SHOW COLUMNS FROM `jx_category` [ RunTime:0.0093s ]
SQL: SELECT * FROM `jx_category`  [ RunTime:0.0003s ]

[ 2017-10-15T11:36:20+08:00 ] 127.0.0.1 /api/api/apiLogin
INFO: [ app_init ] --START--
INFO: Run Behavior\BuildLiteBehavior [ RunTime:0.000012s ]
INFO: [ app_init ] --END-- [ RunTime:0.000590s ]
INFO: [ app_begin ] --START--
INFO: Run Behavior\ReadHtmlCacheBehavior [ RunTime:0.000678s ]
INFO: [ app_begin ] --END-- [ RunTime:0.000731s ]
SQL: SHOW COLUMNS FROM `jx_category` [ RunTime:0.0170s ]
SQL: SELECT * FROM `jx_category`  [ RunTime:0.0009s ]

[ 2017-10-15T11:37:29+08:00 ] 127.0.0.1 /api/api/apiLogin
INFO: [ app_init ] --START--
INFO: Run Behavior\BuildLiteBehavior [ RunTime:0.000027s ]
INFO: [ app_init ] --END-- [ RunTime:0.000371s ]
INFO: [ app_begin ] --START--
INFO: Run Behavior\ReadHtmlCacheBehavior [ RunTime:0.000532s ]
INFO: [ app_begin ] --END-- [ RunTime:0.000718s ]
SQL: SHOW COLUMNS FROM `jx_category` [ RunTime:0.0079s ]
SQL: SELECT * FROM `jx_category`  [ RunTime:0.0004s ]

[ 2017-10-15T11:38:38+08:00 ] 127.0.0.1 /api/api/apiLogin
INFO: [ app_init ] --START--
INFO: Run Behavior\BuildLiteBehavior [ RunTime:0.000012s ]
INFO: [ app_init ] --END-- [ RunTime:0.000544s ]
INFO: [ app_begin ] --START--
INFO: Run Behavior\ReadHtmlCacheBehavior [ RunTime:0.000535s ]
INFO: [ app_begin ] --END-- [ RunTime:0.000584s ]
SQL: SHOW COLUMNS FROM `jx_category` [ RunTime:0.0115s ]
SQL: SELECT * FROM `jx_category`  [ RunTime:0.0008s ]

[ 2017-10-15T11:39:14+08:00 ] 192.168.33.54 /api/api/apiLogin
INFO: [ app_init ] --START--
INFO: Run Behavior\BuildLiteBehavior [ RunTime:0.000011s ]
INFO: [ app_init ] --END-- [ RunTime:0.000366s ]
INFO: [ app_begin ] --START--
INFO: Run Behavior\ReadHtmlCacheBehavior [ RunTime:0.000436s ]
INFO: [ app_begin ] --END-- [ RunTime:0.000479s ]
SQL: SHOW COLUMNS FROM `jx_category` [ RunTime:0.0066s ]
SQL: SELECT * FROM `jx_category`  [ RunTime:0.0003s ]

[ 2017-10-15T11:39:31+08:00 ] 127.0.0.1 /api/api/apiLogin
INFO: [ app_init ] --START--
INFO: Run Behavior\BuildLiteBehavior [ RunTime:0.000014s ]
INFO: [ app_init ] --END-- [ RunTime:0.000533s ]
INFO: [ app_begin ] --START--
INFO: Run Behavior\ReadHtmlCacheBehavior [ RunTime:0.000517s ]
INFO: [ app_begin ] --END-- [ RunTime:0.000572s ]
SQL: SHOW COLUMNS FROM `jx_category` [ RunTime:0.0122s ]
SQL: SELECT * FROM `jx_category`  [ RunTime:0.0005s ]
SQL: SHOW COLUMNS FROM `jx_user` [ RunTime:0.0120s ]
SQL: SELECT * FROM `jx_user` WHERE `username` = 'zhangxiaorui' LIMIT 1   [ RunTime:0.0005s ]

[ 2017-10-15T11:39:50+08:00 ] 127.0.0.1 /api/api/apiLogin
INFO: [ app_init ] --START--
INFO: Run Behavior\BuildLiteBehavior [ RunTime:0.000016s ]
INFO: [ app_init ] --END-- [ RunTime:0.000871s ]
INFO: [ app_begin ] --START--
INFO: Run Behavior\ReadHtmlCacheBehavior [ RunTime:0.000724s ]
INFO: [ app_begin ] --END-- [ RunTime:0.000787s ]
SQL: SHOW COLUMNS FROM `jx_category` [ RunTime:0.0469s ]
SQL: SELECT * FROM `jx_category`  [ RunTime:0.0003s ]
SQL: SHOW COLUMNS FROM `jx_user` [ RunTime:0.0111s ]
SQL: SELECT * FROM `jx_user` WHERE `username` = 'zhangxiaorui' LIMIT 1   [ RunTime:0.0003s ]

[ 2017-10-15T11:41:03+08:00 ] 127.0.0.1 /api/api/apiLogin
INFO: [ app_init ] --START--
INFO: Run Behavior\BuildLiteBehavior [ RunTime:0.000010s ]
INFO: [ app_init ] --END-- [ RunTime:0.000440s ]
INFO: [ app_begin ] --START--
INFO: Run Behavior\ReadHtmlCacheBehavior [ RunTime:0.000545s ]
INFO: [ app_begin ] --END-- [ RunTime:0.000597s ]
SQL: SHOW COLUMNS FROM `jx_category` [ RunTime:0.0097s ]
SQL: SELECT * FROM `jx_category`  [ RunTime:0.0003s ]
SQL: SHOW COLUMNS FROM `jx_user` [ RunTime:0.0118s ]
SQL: SELECT * FROM `jx_user` WHERE `username` = 'zhangxiaorui' LIMIT 1   [ RunTime:0.0006s ]

[ 2017-10-15T11:42:24+08:00 ] 127.0.0.1 /api/api/apiLogin
INFO: [ app_init ] --START--
INFO: Run Behavior\BuildLiteBehavior [ RunTime:0.000014s ]
INFO: [ app_init ] --END-- [ RunTime:0.000579s ]
INFO: [ app_begin ] --START--
INFO: Run Behavior\ReadHtmlCacheBehavior [ RunTime:0.000621s ]
INFO: [ app_begin ] --END-- [ RunTime:0.000678s ]
SQL: SHOW COLUMNS FROM `jx_category` [ RunTime:0.0115s ]
SQL: SELECT * FROM `jx_category`  [ RunTime:0.0004s ]

[ 2017-10-15T11:43:01+08:00 ] 127.0.0.1 /api/api/apiLogin
INFO: [ app_init ] --START--
INFO: Run Behavior\BuildLiteBehavior [ RunTime:0.000016s ]
INFO: [ app_init ] --END-- [ RunTime:0.000551s ]
INFO: [ app_begin ] --START--
INFO: Run Behavior\ReadHtmlCacheBehavior [ RunTime:0.000502s ]
INFO: [ app_begin ] --END-- [ RunTime:0.000552s ]
SQL: SHOW COLUMNS FROM `jx_category` [ RunTime:0.0192s ]
SQL: SELECT * FROM `jx_category`  [ RunTime:0.0004s ]

[ 2017-10-15T11:43:07+08:00 ] 127.0.0.1 /api/api/apiLogin
INFO: [ app_init ] --START--
INFO: Run Behavior\BuildLiteBehavior [ RunTime:0.000011s ]
INFO: [ app_init ] --END-- [ RunTime:0.000457s ]
INFO: [ app_begin ] --START--
INFO: Run Behavior\ReadHtmlCacheBehavior [ RunTime:0.000547s ]
INFO: [ app_begin ] --END-- [ RunTime:0.000596s ]
SQL: SHOW COLUMNS FROM `jx_category` [ RunTime:0.0078s ]
SQL: SELECT * FROM `jx_category`  [ RunTime:0.0003s ]

[ 2017-10-15T11:43:15+08:00 ] 127.0.0.1 /api/api/apiLogin
INFO: [ app_init ] --START--
INFO: Run Behavior\BuildLiteBehavior [ RunTime:0.000016s ]
INFO: [ app_init ] --END-- [ RunTime:0.000567s ]
INFO: [ app_begin ] --START--
INFO: Run Behavior\ReadHtmlCacheBehavior [ RunTime:0.000679s ]
INFO: [ app_begin ] --END-- [ RunTime:0.000740s ]
SQL: SHOW COLUMNS FROM `jx_category` [ RunTime:0.0116s ]
SQL: SELECT * FROM `jx_category`  [ RunTime:0.0004s ]

[ 2017-10-15T11:43:46+08:00 ] 127.0.0.1 /api/api/apiLogin?password=zhangxiaorui&username=zhangxiaorui
INFO: [ app_init ] --START--
INFO: Run Behavior\BuildLiteBehavior [ RunTime:0.000013s ]
INFO: [ app_init ] --END-- [ RunTime:0.000433s ]
INFO: [ app_begin ] --START--
INFO: Run Behavior\ReadHtmlCacheBehavior [ RunTime:0.000542s ]
INFO: [ app_begin ] --END-- [ RunTime:0.000595s ]
SQL: SHOW COLUMNS FROM `jx_category` [ RunTime:0.0121s ]
SQL: SELECT * FROM `jx_category`  [ RunTime:0.0004s ]
SQL: SHOW COLUMNS FROM `jx_user` [ RunTime:0.0114s ]
SQL: SELECT * FROM `jx_user` WHERE `username` = 'zhangxiaorui' LIMIT 1   [ RunTime:0.0005s ]

[ 2017-10-15T11:44:01+08:00 ] 127.0.0.1 /api/api/apiLogin?password=zhangxiaorui&username=zhangxiaorui1
INFO: [ app_init ] --START--
INFO: Run Behavior\BuildLiteBehavior [ RunTime:0.000009s ]
INFO: [ app_init ] --END-- [ RunTime:0.000390s ]
INFO: [ app_begin ] --START--
INFO: Run Behavior\ReadHtmlCacheBehavior [ RunTime:0.000493s ]
INFO: [ app_begin ] --END-- [ RunTime:0.000541s ]
SQL: SHOW COLUMNS FROM `jx_category` [ RunTime:0.0117s ]
SQL: SELECT * FROM `jx_category`  [ RunTime:0.0004s ]
SQL: SHOW COLUMNS FROM `jx_user` [ RunTime:0.0106s ]
SQL: SELECT * FROM `jx_user` WHERE `username` = 'zhangxiaorui1' LIMIT 1   [ RunTime:0.0005s ]

